[0.762s] Invoking command in '/home/rsa2021/comp3431-team-neo/starter_code/build/zbar_ros_interfaces': CMAKE_PREFIX_PATH=${CMAKE_PREFIX_PATH}:/opt/ros/foxy /usr/bin/cmake --build /home/rsa2021/comp3431-team-neo/starter_code/build/zbar_ros_interfaces -- -j3 -l3
[4.731s] [  3%] Built target zbar_ros_interfaces__cpp
[5.109s] [ 12%] Built target zbar_ros_interfaces__rosidl_generator_c
[5.471s] [ 22%] Built target zbar_ros_interfaces__rosidl_typesupport_fastrtps_cpp
[5.815s] [ 32%] Built target zbar_ros_interfaces__rosidl_typesupport_introspection_cpp
[6.187s] [ 41%] Built target zbar_ros_interfaces__rosidl_typesupport_introspection_c
[6.758s] [ 51%] Built target zbar_ros_interfaces__rosidl_typesupport_c
[7.223s] [ 61%] Built target zbar_ros_interfaces__rosidl_typesupport_fastrtps_c
[8.299s] [ 70%] Built target zbar_ros_interfaces__rosidl_typesupport_cpp
[8.604s] [ 70%] Built target zbar_ros_interfaces
[8.833s] [ 74%] Built target zbar_ros_interfaces__py
[9.061s] [ 80%] Built target zbar_ros_interfaces__python
[9.235s] [ 87%] Built target zbar_ros_interfaces__rosidl_typesupport_introspection_c__pyext
[9.507s] [ 93%] Built target zbar_ros_interfaces__rosidl_typesupport_c__pyext
[9.816s] [100%] Built target zbar_ros_interfaces__rosidl_typesupport_fastrtps_c__pyext
[9.892s] Invoked command in '/home/rsa2021/comp3431-team-neo/starter_code/build/zbar_ros_interfaces' returned '0': CMAKE_PREFIX_PATH=${CMAKE_PREFIX_PATH}:/opt/ros/foxy /usr/bin/cmake --build /home/rsa2021/comp3431-team-neo/starter_code/build/zbar_ros_interfaces -- -j3 -l3
[10.520s] Invoking command in '/home/rsa2021/comp3431-team-neo/starter_code/build/zbar_ros_interfaces': CMAKE_PREFIX_PATH=${CMAKE_PREFIX_PATH}:/opt/ros/foxy /usr/bin/cmake --install /home/rsa2021/comp3431-team-neo/starter_code/build/zbar_ros_interfaces
[10.597s] -- Install configuration: ""
[10.601s] -- Up-to-date: /home/rsa2021/comp3431-team-neo/starter_code/install/zbar_ros_interfaces/share/ament_index/resource_index/rosidl_interfaces/zbar_ros_interfaces
[10.602s] -- Up-to-date: /home/rsa2021/comp3431-team-neo/starter_code/install/zbar_ros_interfaces/include/zbar_ros_interfaces
[10.602s] -- Up-to-date: /home/rsa2021/comp3431-team-neo/starter_code/install/zbar_ros_interfaces/include/zbar_ros_interfaces/msg
[10.602s] -- Up-to-date: /home/rsa2021/comp3431-team-neo/starter_code/install/zbar_ros_interfaces/include/zbar_ros_interfaces/msg/symbol.h
[10.602s] -- Up-to-date: /home/rsa2021/comp3431-team-neo/starter_code/install/zbar_ros_interfaces/include/zbar_ros_interfaces/msg/detail
[10.602s] -- Up-to-date: /home/rsa2021/comp3431-team-neo/starter_code/install/zbar_ros_interfaces/include/zbar_ros_interfaces/msg/detail/symbol__struct.h
[10.611s] -- Up-to-date: /home/rsa2021/comp3431-team-neo/starter_code/install/zbar_ros_interfaces/include/zbar_ros_interfaces/msg/detail/symbol__functions.c
[10.612s] -- Up-to-date: /home/rsa2021/comp3431-team-neo/starter_code/install/zbar_ros_interfaces/include/zbar_ros_interfaces/msg/detail/symbol__type_support.h
[10.612s] -- Up-to-date: /home/rsa2021/comp3431-team-neo/starter_code/install/zbar_ros_interfaces/include/zbar_ros_interfaces/msg/detail/symbol__functions.h
[10.612s] -- Up-to-date: /home/rsa2021/comp3431-team-neo/starter_code/install/zbar_ros_interfaces/include/zbar_ros_interfaces/msg/rosidl_generator_c__visibility_control.h
[10.613s] -- Up-to-date: /home/rsa2021/comp3431-team-neo/starter_code/install/zbar_ros_interfaces/share/zbar_ros_interfaces/environment/library_path.sh
[10.613s] -- Up-to-date: /home/rsa2021/comp3431-team-neo/starter_code/install/zbar_ros_interfaces/share/zbar_ros_interfaces/environment/library_path.dsv
[10.629s] -- Up-to-date: /home/rsa2021/comp3431-team-neo/starter_code/install/zbar_ros_interfaces/lib/libzbar_ros_interfaces__rosidl_generator_c.so
[10.630s] -- Up-to-date: /home/rsa2021/comp3431-team-neo/starter_code/install/zbar_ros_interfaces/include/zbar_ros_interfaces
[10.631s] -- Up-to-date: /home/rsa2021/comp3431-team-neo/starter_code/install/zbar_ros_interfaces/include/zbar_ros_interfaces/msg
[10.631s] -- Up-to-date: /home/rsa2021/comp3431-team-neo/starter_code/install/zbar_ros_interfaces/include/zbar_ros_interfaces/msg/detail
[10.632s] -- Up-to-date: /home/rsa2021/comp3431-team-neo/starter_code/install/zbar_ros_interfaces/include/zbar_ros_interfaces/msg/detail/symbol__rosidl_typesupport_fastrtps_c.h
[10.632s] -- Up-to-date: /home/rsa2021/comp3431-team-neo/starter_code/install/zbar_ros_interfaces/include/zbar_ros_interfaces/msg/rosidl_typesupport_fastrtps_c__visibility_control.h
[10.636s] -- Up-to-date: /home/rsa2021/comp3431-team-neo/starter_code/install/zbar_ros_interfaces/lib/libzbar_ros_interfaces__rosidl_typesupport_fastrtps_c.so
[10.651s] -- Up-to-date: /home/rsa2021/comp3431-team-neo/starter_code/install/zbar_ros_interfaces/include/zbar_ros_interfaces
[10.652s] -- Up-to-date: /home/rsa2021/comp3431-team-neo/starter_code/install/zbar_ros_interfaces/include/zbar_ros_interfaces/msg
[10.652s] -- Up-to-date: /home/rsa2021/comp3431-team-neo/starter_code/install/zbar_ros_interfaces/include/zbar_ros_interfaces/msg/rosidl_typesupport_fastrtps_cpp__visibility_control.h
[10.652s] -- Up-to-date: /home/rsa2021/comp3431-team-neo/starter_code/install/zbar_ros_interfaces/include/zbar_ros_interfaces/msg/detail
[10.659s] -- Up-to-date: /home/rsa2021/comp3431-team-neo/starter_code/install/zbar_ros_interfaces/include/zbar_ros_interfaces/msg/detail/dds_fastrtps
[10.659s] -- Up-to-date: /home/rsa2021/comp3431-team-neo/starter_code/install/zbar_ros_interfaces/include/zbar_ros_interfaces/msg/detail/symbol__rosidl_typesupport_fastrtps_cpp.hpp
[10.659s] -- Up-to-date: /home/rsa2021/comp3431-team-neo/starter_code/install/zbar_ros_interfaces/lib/libzbar_ros_interfaces__rosidl_typesupport_fastrtps_cpp.so
[10.660s] -- Up-to-date: /home/rsa2021/comp3431-team-neo/starter_code/install/zbar_ros_interfaces/include/zbar_ros_interfaces
[10.665s] -- Up-to-date: /home/rsa2021/comp3431-team-neo/starter_code/install/zbar_ros_interfaces/include/zbar_ros_interfaces/msg
[10.665s] -- Up-to-date: /home/rsa2021/comp3431-team-neo/starter_code/install/zbar_ros_interfaces/include/zbar_ros_interfaces/msg/detail
[10.666s] -- Up-to-date: /home/rsa2021/comp3431-team-neo/starter_code/install/zbar_ros_interfaces/include/zbar_ros_interfaces/msg/detail/symbol__rosidl_typesupport_introspection_c.h
[10.666s] -- Up-to-date: /home/rsa2021/comp3431-team-neo/starter_code/install/zbar_ros_interfaces/include/zbar_ros_interfaces/msg/detail/symbol__type_support.c
[10.667s] -- Up-to-date: /home/rsa2021/comp3431-team-neo/starter_code/install/zbar_ros_interfaces/include/zbar_ros_interfaces/msg/rosidl_typesupport_introspection_c__visibility_control.h
[10.667s] -- Up-to-date: /home/rsa2021/comp3431-team-neo/starter_code/install/zbar_ros_interfaces/lib/libzbar_ros_interfaces__rosidl_typesupport_introspection_c.so
[10.670s] -- Up-to-date: /home/rsa2021/comp3431-team-neo/starter_code/install/zbar_ros_interfaces/lib/libzbar_ros_interfaces__rosidl_typesupport_c.so
[10.672s] -- Up-to-date: /home/rsa2021/comp3431-team-neo/starter_code/install/zbar_ros_interfaces/include/zbar_ros_interfaces
[10.672s] -- Up-to-date: /home/rsa2021/comp3431-team-neo/starter_code/install/zbar_ros_interfaces/include/zbar_ros_interfaces/msg
[10.677s] -- Up-to-date: /home/rsa2021/comp3431-team-neo/starter_code/install/zbar_ros_interfaces/include/zbar_ros_interfaces/msg/symbol.hpp
[10.680s] -- Up-to-date: /home/rsa2021/comp3431-team-neo/starter_code/install/zbar_ros_interfaces/include/zbar_ros_interfaces/msg/detail
[10.683s] -- Up-to-date: /home/rsa2021/comp3431-team-neo/starter_code/install/zbar_ros_interfaces/include/zbar_ros_interfaces/msg/detail/symbol__traits.hpp
[10.683s] -- Up-to-date: /home/rsa2021/comp3431-team-neo/starter_code/install/zbar_ros_interfaces/include/zbar_ros_interfaces/msg/detail/symbol__builder.hpp
[10.684s] -- Up-to-date: /home/rsa2021/comp3431-team-neo/starter_code/install/zbar_ros_interfaces/include/zbar_ros_interfaces/msg/detail/symbol__struct.hpp
[10.685s] -- Up-to-date: /home/rsa2021/comp3431-team-neo/starter_code/install/zbar_ros_interfaces/include/zbar_ros_interfaces
[10.685s] -- Up-to-date: /home/rsa2021/comp3431-team-neo/starter_code/install/zbar_ros_interfaces/include/zbar_ros_interfaces/msg
[10.701s] -- Up-to-date: /home/rsa2021/comp3431-team-neo/starter_code/install/zbar_ros_interfaces/include/zbar_ros_interfaces/msg/detail
[10.701s] -- Up-to-date: /home/rsa2021/comp3431-team-neo/starter_code/install/zbar_ros_interfaces/include/zbar_ros_interfaces/msg/detail/symbol__type_support.cpp
[10.701s] -- Up-to-date: /home/rsa2021/comp3431-team-neo/starter_code/install/zbar_ros_interfaces/include/zbar_ros_interfaces/msg/detail/symbol__rosidl_typesupport_introspection_cpp.hpp
[10.702s] -- Up-to-date: /home/rsa2021/comp3431-team-neo/starter_code/install/zbar_ros_interfaces/lib/libzbar_ros_interfaces__rosidl_typesupport_introspection_cpp.so
[10.715s] -- Up-to-date: /home/rsa2021/comp3431-team-neo/starter_code/install/zbar_ros_interfaces/lib/libzbar_ros_interfaces__rosidl_typesupport_cpp.so
[10.719s] -- Up-to-date: /home/rsa2021/comp3431-team-neo/starter_code/install/zbar_ros_interfaces/share/zbar_ros_interfaces/environment/pythonpath.sh
[10.719s] -- Up-to-date: /home/rsa2021/comp3431-team-neo/starter_code/install/zbar_ros_interfaces/share/zbar_ros_interfaces/environment/pythonpath.dsv
[10.720s] -- Up-to-date: /home/rsa2021/comp3431-team-neo/starter_code/install/zbar_ros_interfaces/lib/python3.8/site-packages/zbar_ros_interfaces/__init__.py
[11.055s] -- Up-to-date: /home/rsa2021/comp3431-team-neo/starter_code/install/zbar_ros_interfaces/lib/python3.8/site-packages/zbar_ros_interfaces/msg
[11.057s] -- Up-to-date: /home/rsa2021/comp3431-team-neo/starter_code/install/zbar_ros_interfaces/lib/python3.8/site-packages/zbar_ros_interfaces/msg/__init__.py
[11.059s] -- Up-to-date: /home/rsa2021/comp3431-team-neo/starter_code/install/zbar_ros_interfaces/lib/python3.8/site-packages/zbar_ros_interfaces/msg/_symbol.py
[11.059s] -- Up-to-date: /home/rsa2021/comp3431-team-neo/starter_code/install/zbar_ros_interfaces/lib/python3.8/site-packages/zbar_ros_interfaces/msg/_symbol_s.c
[11.067s] -- Up-to-date: /home/rsa2021/comp3431-team-neo/starter_code/install/zbar_ros_interfaces/lib/python3.8/site-packages/zbar_ros_interfaces/zbar_ros_interfaces_s__rosidl_typesupport_fastrtps_c.cpython-38-x86_64-linux-gnu.so
[11.077s] -- Up-to-date: /home/rsa2021/comp3431-team-neo/starter_code/install/zbar_ros_interfaces/lib/python3.8/site-packages/zbar_ros_interfaces/zbar_ros_interfaces_s__rosidl_typesupport_introspection_c.cpython-38-x86_64-linux-gnu.so
[11.085s] -- Up-to-date: /home/rsa2021/comp3431-team-neo/starter_code/install/zbar_ros_interfaces/lib/python3.8/site-packages/zbar_ros_interfaces/zbar_ros_interfaces_s__rosidl_typesupport_c.cpython-38-x86_64-linux-gnu.so
[11.091s] -- Up-to-date: /home/rsa2021/comp3431-team-neo/starter_code/install/zbar_ros_interfaces/lib/libzbar_ros_interfaces__python.so
[11.095s] -- Up-to-date: /home/rsa2021/comp3431-team-neo/starter_code/install/zbar_ros_interfaces/share/zbar_ros_interfaces/msg/Symbol.idl
[11.096s] -- Up-to-date: /home/rsa2021/comp3431-team-neo/starter_code/install/zbar_ros_interfaces/share/zbar_ros_interfaces/msg/Symbol.msg
[11.096s] -- Up-to-date: /home/rsa2021/comp3431-team-neo/starter_code/install/zbar_ros_interfaces/share/ament_index/resource_index/package_run_dependencies/zbar_ros_interfaces
[11.097s] -- Up-to-date: /home/rsa2021/comp3431-team-neo/starter_code/install/zbar_ros_interfaces/share/ament_index/resource_index/parent_prefix_path/zbar_ros_interfaces
[11.098s] -- Up-to-date: /home/rsa2021/comp3431-team-neo/starter_code/install/zbar_ros_interfaces/share/zbar_ros_interfaces/environment/ament_prefix_path.sh
[11.098s] -- Up-to-date: /home/rsa2021/comp3431-team-neo/starter_code/install/zbar_ros_interfaces/share/zbar_ros_interfaces/environment/ament_prefix_path.dsv
[11.098s] -- Up-to-date: /home/rsa2021/comp3431-team-neo/starter_code/install/zbar_ros_interfaces/share/zbar_ros_interfaces/environment/path.sh
[11.098s] -- Up-to-date: /home/rsa2021/comp3431-team-neo/starter_code/install/zbar_ros_interfaces/share/zbar_ros_interfaces/environment/path.dsv
[11.098s] -- Up-to-date: /home/rsa2021/comp3431-team-neo/starter_code/install/zbar_ros_interfaces/share/zbar_ros_interfaces/local_setup.bash
[11.099s] -- Up-to-date: /home/rsa2021/comp3431-team-neo/starter_code/install/zbar_ros_interfaces/share/zbar_ros_interfaces/local_setup.sh
[11.099s] -- Up-to-date: /home/rsa2021/comp3431-team-neo/starter_code/install/zbar_ros_interfaces/share/zbar_ros_interfaces/local_setup.zsh
[11.103s] -- Up-to-date: /home/rsa2021/comp3431-team-neo/starter_code/install/zbar_ros_interfaces/share/zbar_ros_interfaces/local_setup.dsv
[11.104s] -- Installing: /home/rsa2021/comp3431-team-neo/starter_code/install/zbar_ros_interfaces/share/zbar_ros_interfaces/package.dsv
[11.105s] -- Up-to-date: /home/rsa2021/comp3431-team-neo/starter_code/install/zbar_ros_interfaces/share/ament_index/resource_index/packages/zbar_ros_interfaces
[11.119s] -- Up-to-date: /home/rsa2021/comp3431-team-neo/starter_code/install/zbar_ros_interfaces/share/zbar_ros_interfaces/cmake/zbar_ros_interfaces__rosidl_generator_cExport.cmake
[11.123s] -- Up-to-date: /home/rsa2021/comp3431-team-neo/starter_code/install/zbar_ros_interfaces/share/zbar_ros_interfaces/cmake/zbar_ros_interfaces__rosidl_generator_cExport-noconfig.cmake
[11.135s] -- Up-to-date: /home/rsa2021/comp3431-team-neo/starter_code/install/zbar_ros_interfaces/share/zbar_ros_interfaces/cmake/zbar_ros_interfaces__rosidl_typesupport_introspection_cExport.cmake
[11.135s] -- Up-to-date: /home/rsa2021/comp3431-team-neo/starter_code/install/zbar_ros_interfaces/share/zbar_ros_interfaces/cmake/zbar_ros_interfaces__rosidl_typesupport_introspection_cExport-noconfig.cmake
[11.138s] -- Up-to-date: /home/rsa2021/comp3431-team-neo/starter_code/install/zbar_ros_interfaces/share/zbar_ros_interfaces/cmake/zbar_ros_interfaces__rosidl_typesupport_cExport.cmake
[11.139s] -- Up-to-date: /home/rsa2021/comp3431-team-neo/starter_code/install/zbar_ros_interfaces/share/zbar_ros_interfaces/cmake/zbar_ros_interfaces__rosidl_typesupport_cExport-noconfig.cmake
[11.139s] -- Up-to-date: /home/rsa2021/comp3431-team-neo/starter_code/install/zbar_ros_interfaces/share/zbar_ros_interfaces/cmake/zbar_ros_interfaces__rosidl_generator_cppExport.cmake
[11.141s] -- Up-to-date: /home/rsa2021/comp3431-team-neo/starter_code/install/zbar_ros_interfaces/share/zbar_ros_interfaces/cmake/zbar_ros_interfaces__rosidl_typesupport_introspection_cppExport.cmake
[11.141s] -- Up-to-date: /home/rsa2021/comp3431-team-neo/starter_code/install/zbar_ros_interfaces/share/zbar_ros_interfaces/cmake/zbar_ros_interfaces__rosidl_typesupport_introspection_cppExport-noconfig.cmake
[11.148s] -- Up-to-date: /home/rsa2021/comp3431-team-neo/starter_code/install/zbar_ros_interfaces/share/zbar_ros_interfaces/cmake/zbar_ros_interfaces__rosidl_typesupport_cppExport.cmake
[11.149s] -- Up-to-date: /home/rsa2021/comp3431-team-neo/starter_code/install/zbar_ros_interfaces/share/zbar_ros_interfaces/cmake/zbar_ros_interfaces__rosidl_typesupport_cppExport-noconfig.cmake
[11.149s] -- Up-to-date: /home/rsa2021/comp3431-team-neo/starter_code/install/zbar_ros_interfaces/share/zbar_ros_interfaces/cmake/rosidl_cmake-extras.cmake
[11.149s] -- Up-to-date: /home/rsa2021/comp3431-team-neo/starter_code/install/zbar_ros_interfaces/share/zbar_ros_interfaces/cmake/ament_cmake_export_dependencies-extras.cmake
[11.149s] -- Up-to-date: /home/rsa2021/comp3431-team-neo/starter_code/install/zbar_ros_interfaces/share/zbar_ros_interfaces/cmake/ament_cmake_export_libraries-extras.cmake
[11.149s] -- Up-to-date: /home/rsa2021/comp3431-team-neo/starter_code/install/zbar_ros_interfaces/share/zbar_ros_interfaces/cmake/ament_cmake_export_targets-extras.cmake
[11.149s] -- Up-to-date: /home/rsa2021/comp3431-team-neo/starter_code/install/zbar_ros_interfaces/share/zbar_ros_interfaces/cmake/ament_cmake_export_include_directories-extras.cmake
[11.150s] -- Up-to-date: /home/rsa2021/comp3431-team-neo/starter_code/install/zbar_ros_interfaces/share/zbar_ros_interfaces/cmake/rosidl_cmake_export_typesupport_libraries-extras.cmake
[11.150s] -- Up-to-date: /home/rsa2021/comp3431-team-neo/starter_code/install/zbar_ros_interfaces/share/zbar_ros_interfaces/cmake/rosidl_cmake_export_typesupport_targets-extras.cmake
[11.150s] -- Up-to-date: /home/rsa2021/comp3431-team-neo/starter_code/install/zbar_ros_interfaces/share/zbar_ros_interfaces/cmake/zbar_ros_interfacesConfig.cmake
[11.150s] -- Up-to-date: /home/rsa2021/comp3431-team-neo/starter_code/install/zbar_ros_interfaces/share/zbar_ros_interfaces/cmake/zbar_ros_interfacesConfig-version.cmake
[11.150s] -- Up-to-date: /home/rsa2021/comp3431-team-neo/starter_code/install/zbar_ros_interfaces/share/zbar_ros_interfaces/package.xml
[11.194s] Invoked command in '/home/rsa2021/comp3431-team-neo/starter_code/build/zbar_ros_interfaces' returned '0': CMAKE_PREFIX_PATH=${CMAKE_PREFIX_PATH}:/opt/ros/foxy /usr/bin/cmake --install /home/rsa2021/comp3431-team-neo/starter_code/build/zbar_ros_interfaces
