[0.652s] Invoking command in '/home/rsa2021/comp3431-team-neo/starter_code/build/comp3431_starter': CMAKE_PREFIX_PATH=${CMAKE_PREFIX_PATH}:/opt/ros/foxy /usr/bin/cmake --build /home/rsa2021/comp3431-team-neo/starter_code/build/comp3431_starter -- -j3 -l3
[4.879s] [100%] Built target wallFollower
[5.073s] Invoked command in '/home/rsa2021/comp3431-team-neo/starter_code/build/comp3431_starter' returned '0': CMAKE_PREFIX_PATH=${CMAKE_PREFIX_PATH}:/opt/ros/foxy /usr/bin/cmake --build /home/rsa2021/comp3431-team-neo/starter_code/build/comp3431_starter -- -j3 -l3
[5.886s] Invoking command in '/home/rsa2021/comp3431-team-neo/starter_code/build/comp3431_starter': CMAKE_PREFIX_PATH=${CMAKE_PREFIX_PATH}:/opt/ros/foxy /usr/bin/cmake --install /home/rsa2021/comp3431-team-neo/starter_code/build/comp3431_starter
[6.114s] -- Install configuration: ""
[6.129s] -- Execute custom install script
[6.150s] -- Up-to-date symlink: /home/rsa2021/comp3431-team-neo/starter_code/install/comp3431_starter/share/ament_index/resource_index/package_run_dependencies/comp3431_starter
[6.158s] -- Up-to-date symlink: /home/rsa2021/comp3431-team-neo/starter_code/install/comp3431_starter/share/ament_index/resource_index/parent_prefix_path/comp3431_starter
[6.190s] -- Up-to-date symlink: /home/rsa2021/comp3431-team-neo/starter_code/install/comp3431_starter/share/comp3431_starter/environment/ament_prefix_path.sh
[6.369s] -- Up-to-date symlink: /home/rsa2021/comp3431-team-neo/starter_code/install/comp3431_starter/share/comp3431_starter/environment/ament_prefix_path.dsv
[6.369s] -- Up-to-date symlink: /home/rsa2021/comp3431-team-neo/starter_code/install/comp3431_starter/share/comp3431_starter/environment/path.sh
[6.370s] -- Up-to-date symlink: /home/rsa2021/comp3431-team-neo/starter_code/install/comp3431_starter/share/comp3431_starter/environment/path.dsv
[6.370s] -- Up-to-date symlink: /home/rsa2021/comp3431-team-neo/starter_code/install/comp3431_starter/share/comp3431_starter/local_setup.bash
[6.371s] -- Up-to-date symlink: /home/rsa2021/comp3431-team-neo/starter_code/install/comp3431_starter/share/comp3431_starter/local_setup.sh
[6.372s] -- Up-to-date symlink: /home/rsa2021/comp3431-team-neo/starter_code/install/comp3431_starter/share/comp3431_starter/local_setup.zsh
[6.372s] -- Up-to-date symlink: /home/rsa2021/comp3431-team-neo/starter_code/install/comp3431_starter/share/comp3431_starter/local_setup.dsv
[6.373s] -- Symlinking: /home/rsa2021/comp3431-team-neo/starter_code/install/comp3431_starter/share/comp3431_starter/package.dsv
[6.396s] -- Up-to-date symlink: /home/rsa2021/comp3431-team-neo/starter_code/install/comp3431_starter/share/ament_index/resource_index/packages/comp3431_starter
[6.397s] -- Up-to-date symlink: /home/rsa2021/comp3431-team-neo/starter_code/install/comp3431_starter/share/comp3431_starter/cmake/comp3431_starterConfig.cmake
[6.397s] -- Up-to-date symlink: /home/rsa2021/comp3431-team-neo/starter_code/install/comp3431_starter/share/comp3431_starter/cmake/comp3431_starterConfig-version.cmake
[6.404s] -- Up-to-date symlink: /home/rsa2021/comp3431-team-neo/starter_code/install/comp3431_starter/share/comp3431_starter/package.xml
[6.423s] -- Up-to-date symlink: /home/rsa2021/comp3431-team-neo/starter_code/install/comp3431_starter/lib/comp3431_starter/wallFollower
[6.612s] Invoked command in '/home/rsa2021/comp3431-team-neo/starter_code/build/comp3431_starter' returned '0': CMAKE_PREFIX_PATH=${CMAKE_PREFIX_PATH}:/opt/ros/foxy /usr/bin/cmake --install /home/rsa2021/comp3431-team-neo/starter_code/build/comp3431_starter
