[2.654s] DEBUG:colcon:Command line arguments: ['/usr/bin/colcon', 'build']
[2.656s] DEBUG:colcon:Parsed command line arguments: Namespace(ament_cmake_args=None, base_paths=['.'], build_base='build', catkin_cmake_args=None, catkin_skip_building_tests=False, cmake_args=None, cmake_clean_cache=False, cmake_clean_first=False, cmake_force_configure=False, cmake_target=None, cmake_target_skip_unavailable=False, continue_on_error=False, event_handlers=None, executor='parallel', ignore_user_meta=False, install_base='install', log_base=None, log_level=None, main=<bound method BuildVerb.main of <colcon_core.verb.build.BuildVerb object at 0x7f4d369759d0>>, merge_install=False, metas=['./colcon.meta'], packages_above=None, packages_above_and_dependencies=None, packages_above_depth=None, packages_end=None, packages_ignore=None, packages_ignore_regex=None, packages_select=None, packages_select_build_failed=False, packages_select_by_dep=None, packages_select_regex=None, packages_select_test_failures=False, packages_skip=None, packages_skip_build_finished=False, packages_skip_by_dep=None, packages_skip_regex=None, packages_skip_test_passed=False, packages_skip_up_to=None, packages_start=None, packages_up_to=None, packages_up_to_regex=None, parallel_workers=3, paths=None, symlink_install=False, test_result_base=None, verb_extension=<colcon_core.verb.build.BuildVerb object at 0x7f4d369759d0>, verb_name='build', verb_parser=<colcon_defaults.argument_parser.defaults.DefaultArgumentsDecorator object at 0x7f4d36975f40>)
[2.706s] Level 1:colcon.colcon_core.package_discovery:discover_packages(colcon_meta) check parameters
[2.706s] Level 1:colcon.colcon_core.package_discovery:discover_packages(recursive) check parameters
[2.706s] Level 1:colcon.colcon_core.package_discovery:discover_packages(ignore) check parameters
[2.707s] Level 1:colcon.colcon_core.package_discovery:discover_packages(path) check parameters
[2.707s] Level 1:colcon.colcon_core.package_discovery:discover_packages(colcon_meta) discover
[2.707s] Level 1:colcon.colcon_core.package_discovery:discover_packages(recursive) discover
[2.711s] INFO:colcon.colcon_core.package_discovery:Crawling recursively for packages in '/home/rsa2021/comp3431-team-neo/image_pipeline/image_publisher'
[2.712s] Level 1:colcon.colcon_core.package_identification:_identify(.) by extensions ['ignore', 'ignore_ament_install']
[2.714s] Level 1:colcon.colcon_core.package_identification:_identify(.) by extension 'ignore'
[2.714s] Level 1:colcon.colcon_core.package_identification:_identify(.) by extension 'ignore_ament_install'
[2.715s] Level 1:colcon.colcon_core.package_identification:_identify(.) by extensions ['colcon_pkg']
[2.715s] Level 1:colcon.colcon_core.package_identification:_identify(.) by extension 'colcon_pkg'
[2.715s] Level 1:colcon.colcon_core.package_identification:_identify(.) by extensions ['colcon_meta']
[2.715s] Level 1:colcon.colcon_core.package_identification:_identify(.) by extension 'colcon_meta'
[2.716s] Level 1:colcon.colcon_core.package_identification:_identify(.) by extensions ['ros']
[2.716s] Level 1:colcon.colcon_core.package_identification:_identify(.) by extension 'ros'
[2.977s] DEBUG:colcon.colcon_core.package_identification:Package '.' with type 'ros.ament_cmake' and name 'image_publisher'
[2.977s] Level 1:colcon.colcon_core.package_discovery:discover_packages(recursive) using defaults
[2.977s] Level 1:colcon.colcon_core.package_discovery:discover_packages(ignore) discover
[2.977s] Level 1:colcon.colcon_core.package_discovery:discover_packages(ignore) using defaults
[2.977s] Level 1:colcon.colcon_core.package_discovery:discover_packages(path) discover
[2.978s] Level 1:colcon.colcon_core.package_discovery:discover_packages(path) using defaults
[3.165s] Level 5:colcon.colcon_core.verb:set package 'image_publisher' build argument 'cmake_args' from command line to 'None'
[3.169s] Level 5:colcon.colcon_core.verb:set package 'image_publisher' build argument 'cmake_target' from command line to 'None'
[3.169s] Level 5:colcon.colcon_core.verb:set package 'image_publisher' build argument 'cmake_target_skip_unavailable' from command line to 'False'
[3.169s] Level 5:colcon.colcon_core.verb:set package 'image_publisher' build argument 'cmake_clean_cache' from command line to 'False'
[3.169s] Level 5:colcon.colcon_core.verb:set package 'image_publisher' build argument 'cmake_clean_first' from command line to 'False'
[3.169s] Level 5:colcon.colcon_core.verb:set package 'image_publisher' build argument 'cmake_force_configure' from command line to 'False'
[3.169s] Level 5:colcon.colcon_core.verb:set package 'image_publisher' build argument 'ament_cmake_args' from command line to 'None'
[3.169s] Level 5:colcon.colcon_core.verb:set package 'image_publisher' build argument 'catkin_cmake_args' from command line to 'None'
[3.169s] Level 5:colcon.colcon_core.verb:set package 'image_publisher' build argument 'catkin_skip_building_tests' from command line to 'False'
[3.169s] DEBUG:colcon.colcon_core.verb:Building package 'image_publisher' with the following arguments: {'ament_cmake_args': None, 'build_base': '/home/rsa2021/comp3431-team-neo/image_pipeline/image_publisher/build/image_publisher', 'catkin_cmake_args': None, 'catkin_skip_building_tests': False, 'cmake_args': None, 'cmake_clean_cache': False, 'cmake_clean_first': False, 'cmake_force_configure': False, 'cmake_target': None, 'cmake_target_skip_unavailable': False, 'install_base': '/home/rsa2021/comp3431-team-neo/image_pipeline/image_publisher/install/image_publisher', 'merge_install': False, 'path': '/home/rsa2021/comp3431-team-neo/image_pipeline/image_publisher', 'symlink_install': False, 'test_result_base': None}
[3.170s] INFO:colcon.colcon_core.executor:Executing jobs using 'parallel' executor
[3.175s] DEBUG:colcon.colcon_parallel_executor.executor.parallel:run_until_complete
[3.176s] INFO:colcon.colcon_ros.task.ament_cmake.build:Building ROS package in '/home/rsa2021/comp3431-team-neo/image_pipeline/image_publisher' with build type 'ament_cmake'
[3.176s] INFO:colcon.colcon_cmake.task.cmake.build:Building CMake package in '/home/rsa2021/comp3431-team-neo/image_pipeline/image_publisher'
[3.205s] INFO:colcon.colcon_core.plugin_system:Skipping extension 'colcon_core.shell.bat': Not used on non-Windows systems
[3.206s] INFO:colcon.colcon_core.shell:Skip shell extension 'powershell' for command environment: Not usable outside of PowerShell
[3.206s] DEBUG:colcon.colcon_core.shell:Skip shell extension 'dsv' for command environment
[3.245s] DEBUG:colcon.colcon_core.shell:Ignoring prefix path '/opt/ros/foxy'
[3.369s] DEBUG:colcon.colcon_core.event_handler.log_command:Invoking command in '/home/rsa2021/comp3431-team-neo/image_pipeline/image_publisher/build/image_publisher': CMAKE_PREFIX_PATH=${CMAKE_PREFIX_PATH}:/opt/ros/foxy /usr/bin/cmake --build /home/rsa2021/comp3431-team-neo/image_pipeline/image_publisher/build/image_publisher -- -j3 -l3
[66.805s] DEBUG:colcon.colcon_core.event_handler.log_command:Invoked command in '/home/rsa2021/comp3431-team-neo/image_pipeline/image_publisher/build/image_publisher' returned '0': CMAKE_PREFIX_PATH=${CMAKE_PREFIX_PATH}:/opt/ros/foxy /usr/bin/cmake --build /home/rsa2021/comp3431-team-neo/image_pipeline/image_publisher/build/image_publisher -- -j3 -l3
[67.380s] DEBUG:colcon.colcon_core.event_handler.log_command:Invoking command in '/home/rsa2021/comp3431-team-neo/image_pipeline/image_publisher/build/image_publisher': CMAKE_PREFIX_PATH=${CMAKE_PREFIX_PATH}:/opt/ros/foxy /usr/bin/cmake --install /home/rsa2021/comp3431-team-neo/image_pipeline/image_publisher/build/image_publisher
[67.621s] Level 1:colcon.colcon_core.environment:create_environment_scripts_only(image_publisher)
[67.624s] DEBUG:colcon.colcon_core.event_handler.log_command:Invoked command in '/home/rsa2021/comp3431-team-neo/image_pipeline/image_publisher/build/image_publisher' returned '0': CMAKE_PREFIX_PATH=${CMAKE_PREFIX_PATH}:/opt/ros/foxy /usr/bin/cmake --install /home/rsa2021/comp3431-team-neo/image_pipeline/image_publisher/build/image_publisher
[67.902s] Level 1:colcon.colcon_core.environment:checking '/home/rsa2021/comp3431-team-neo/image_pipeline/image_publisher/install/image_publisher' for CMake module files
[67.908s] Level 1:colcon.colcon_core.environment:checking '/home/rsa2021/comp3431-team-neo/image_pipeline/image_publisher/install/image_publisher' for CMake config files
[67.917s] Level 1:colcon.colcon_core.shell:create_environment_hook('image_publisher', 'cmake_prefix_path')
[67.928s] INFO:colcon.colcon_core.shell:Creating environment hook '/home/rsa2021/comp3431-team-neo/image_pipeline/image_publisher/install/image_publisher/share/image_publisher/hook/cmake_prefix_path.ps1'
[67.983s] INFO:colcon.colcon_core.shell:Creating environment descriptor '/home/rsa2021/comp3431-team-neo/image_pipeline/image_publisher/install/image_publisher/share/image_publisher/hook/cmake_prefix_path.dsv'
[67.994s] INFO:colcon.colcon_core.shell:Creating environment hook '/home/rsa2021/comp3431-team-neo/image_pipeline/image_publisher/install/image_publisher/share/image_publisher/hook/cmake_prefix_path.sh'
[68.015s] Level 1:colcon.colcon_core.environment:checking '/home/rsa2021/comp3431-team-neo/image_pipeline/image_publisher/install/image_publisher/lib'
[68.018s] Level 1:colcon.colcon_core.shell:create_environment_hook('image_publisher', 'ld_library_path_lib')
[68.024s] INFO:colcon.colcon_core.shell:Creating environment hook '/home/rsa2021/comp3431-team-neo/image_pipeline/image_publisher/install/image_publisher/share/image_publisher/hook/ld_library_path_lib.ps1'
[68.025s] INFO:colcon.colcon_core.shell:Creating environment descriptor '/home/rsa2021/comp3431-team-neo/image_pipeline/image_publisher/install/image_publisher/share/image_publisher/hook/ld_library_path_lib.dsv'
[68.026s] INFO:colcon.colcon_core.shell:Creating environment hook '/home/rsa2021/comp3431-team-neo/image_pipeline/image_publisher/install/image_publisher/share/image_publisher/hook/ld_library_path_lib.sh'
[68.028s] Level 1:colcon.colcon_core.environment:checking '/home/rsa2021/comp3431-team-neo/image_pipeline/image_publisher/install/image_publisher/bin'
[68.028s] Level 1:colcon.colcon_core.environment:checking '/home/rsa2021/comp3431-team-neo/image_pipeline/image_publisher/install/image_publisher/lib/pkgconfig/image_publisher.pc'
[68.032s] Level 1:colcon.colcon_core.environment:checking '/home/rsa2021/comp3431-team-neo/image_pipeline/image_publisher/install/image_publisher/lib/python3.8/site-packages'
[68.034s] INFO:colcon.colcon_core.shell:Creating package script '/home/rsa2021/comp3431-team-neo/image_pipeline/image_publisher/install/image_publisher/share/image_publisher/package.ps1'
[68.045s] INFO:colcon.colcon_core.shell:Creating package descriptor '/home/rsa2021/comp3431-team-neo/image_pipeline/image_publisher/install/image_publisher/share/image_publisher/package.dsv'
[68.048s] INFO:colcon.colcon_core.shell:Creating package script '/home/rsa2021/comp3431-team-neo/image_pipeline/image_publisher/install/image_publisher/share/image_publisher/package.sh'
[68.055s] INFO:colcon.colcon_core.shell:Creating package script '/home/rsa2021/comp3431-team-neo/image_pipeline/image_publisher/install/image_publisher/share/image_publisher/package.bash'
[68.062s] INFO:colcon.colcon_core.shell:Creating package script '/home/rsa2021/comp3431-team-neo/image_pipeline/image_publisher/install/image_publisher/share/image_publisher/package.zsh'
[68.066s] Level 1:colcon.colcon_core.environment:create_file_with_runtime_dependencies(/home/rsa2021/comp3431-team-neo/image_pipeline/image_publisher/install/image_publisher/share/colcon-core/packages/image_publisher)
[68.270s] Level 1:colcon.colcon_core.environment:create_environment_scripts_only(image_publisher)
[68.274s] Level 1:colcon.colcon_core.environment:checking '/home/rsa2021/comp3431-team-neo/image_pipeline/image_publisher/install/image_publisher' for CMake module files
[68.281s] Level 1:colcon.colcon_core.environment:checking '/home/rsa2021/comp3431-team-neo/image_pipeline/image_publisher/install/image_publisher' for CMake config files
[68.282s] Level 1:colcon.colcon_core.shell:create_environment_hook('image_publisher', 'cmake_prefix_path')
[68.722s] INFO:colcon.colcon_core.shell:Creating environment hook '/home/rsa2021/comp3431-team-neo/image_pipeline/image_publisher/install/image_publisher/share/image_publisher/hook/cmake_prefix_path.ps1'
[68.723s] INFO:colcon.colcon_core.shell:Creating environment descriptor '/home/rsa2021/comp3431-team-neo/image_pipeline/image_publisher/install/image_publisher/share/image_publisher/hook/cmake_prefix_path.dsv'
[68.724s] INFO:colcon.colcon_core.shell:Creating environment hook '/home/rsa2021/comp3431-team-neo/image_pipeline/image_publisher/install/image_publisher/share/image_publisher/hook/cmake_prefix_path.sh'
[68.725s] Level 1:colcon.colcon_core.environment:checking '/home/rsa2021/comp3431-team-neo/image_pipeline/image_publisher/install/image_publisher/lib'
[68.725s] Level 1:colcon.colcon_core.shell:create_environment_hook('image_publisher', 'ld_library_path_lib')
[68.726s] INFO:colcon.colcon_core.shell:Creating environment hook '/home/rsa2021/comp3431-team-neo/image_pipeline/image_publisher/install/image_publisher/share/image_publisher/hook/ld_library_path_lib.ps1'
[68.727s] INFO:colcon.colcon_core.shell:Creating environment descriptor '/home/rsa2021/comp3431-team-neo/image_pipeline/image_publisher/install/image_publisher/share/image_publisher/hook/ld_library_path_lib.dsv'
[68.728s] INFO:colcon.colcon_core.shell:Creating environment hook '/home/rsa2021/comp3431-team-neo/image_pipeline/image_publisher/install/image_publisher/share/image_publisher/hook/ld_library_path_lib.sh'
[68.729s] Level 1:colcon.colcon_core.environment:checking '/home/rsa2021/comp3431-team-neo/image_pipeline/image_publisher/install/image_publisher/bin'
[68.729s] Level 1:colcon.colcon_core.environment:checking '/home/rsa2021/comp3431-team-neo/image_pipeline/image_publisher/install/image_publisher/lib/pkgconfig/image_publisher.pc'
[68.730s] Level 1:colcon.colcon_core.environment:checking '/home/rsa2021/comp3431-team-neo/image_pipeline/image_publisher/install/image_publisher/lib/python3.8/site-packages'
[68.730s] INFO:colcon.colcon_core.shell:Creating package script '/home/rsa2021/comp3431-team-neo/image_pipeline/image_publisher/install/image_publisher/share/image_publisher/package.ps1'
[68.736s] INFO:colcon.colcon_core.shell:Creating package descriptor '/home/rsa2021/comp3431-team-neo/image_pipeline/image_publisher/install/image_publisher/share/image_publisher/package.dsv'
[68.737s] INFO:colcon.colcon_core.shell:Creating package script '/home/rsa2021/comp3431-team-neo/image_pipeline/image_publisher/install/image_publisher/share/image_publisher/package.sh'
[68.739s] INFO:colcon.colcon_core.shell:Creating package script '/home/rsa2021/comp3431-team-neo/image_pipeline/image_publisher/install/image_publisher/share/image_publisher/package.bash'
[68.740s] INFO:colcon.colcon_core.shell:Creating package script '/home/rsa2021/comp3431-team-neo/image_pipeline/image_publisher/install/image_publisher/share/image_publisher/package.zsh'
[68.741s] Level 1:colcon.colcon_core.environment:create_file_with_runtime_dependencies(/home/rsa2021/comp3431-team-neo/image_pipeline/image_publisher/install/image_publisher/share/colcon-core/packages/image_publisher)
[68.748s] DEBUG:colcon.colcon_parallel_executor.executor.parallel:closing loop
[68.754s] DEBUG:colcon.colcon_parallel_executor.executor.parallel:loop closed
[68.755s] DEBUG:colcon.colcon_parallel_executor.executor.parallel:run_until_complete finished with '0'
[68.755s] DEBUG:colcon.colcon_core.event_reactor:joining thread
[68.896s] INFO:colcon.colcon_core.plugin_system:Skipping extension 'colcon_notification.desktop_notification.terminal_notifier': Not used on non-Darwin systems
[68.896s] INFO:colcon.colcon_core.plugin_system:Skipping extension 'colcon_notification.desktop_notification.win32': Not used on non-Windows systems
[68.897s] INFO:colcon.colcon_notification.desktop_notification:Sending desktop notification using 'notify2'
[69.764s] DEBUG:colcon.colcon_core.event_reactor:joined thread
[69.769s] INFO:colcon.colcon_core.shell:Creating prefix script '/home/rsa2021/comp3431-team-neo/image_pipeline/image_publisher/install/local_setup.ps1'
[69.779s] INFO:colcon.colcon_core.shell:Creating prefix util module '/home/rsa2021/comp3431-team-neo/image_pipeline/image_publisher/install/_local_setup_util_ps1.py'
[69.787s] INFO:colcon.colcon_core.shell:Creating prefix chain script '/home/rsa2021/comp3431-team-neo/image_pipeline/image_publisher/install/setup.ps1'
[69.827s] INFO:colcon.colcon_core.shell:Creating prefix script '/home/rsa2021/comp3431-team-neo/image_pipeline/image_publisher/install/local_setup.sh'
[69.831s] INFO:colcon.colcon_core.shell:Creating prefix util module '/home/rsa2021/comp3431-team-neo/image_pipeline/image_publisher/install/_local_setup_util_sh.py'
[69.833s] INFO:colcon.colcon_core.shell:Creating prefix chain script '/home/rsa2021/comp3431-team-neo/image_pipeline/image_publisher/install/setup.sh'
[69.864s] INFO:colcon.colcon_core.shell:Creating prefix script '/home/rsa2021/comp3431-team-neo/image_pipeline/image_publisher/install/local_setup.bash'
[69.869s] INFO:colcon.colcon_core.shell:Creating prefix chain script '/home/rsa2021/comp3431-team-neo/image_pipeline/image_publisher/install/setup.bash'
[69.880s] INFO:colcon.colcon_core.shell:Creating prefix script '/home/rsa2021/comp3431-team-neo/image_pipeline/image_publisher/install/local_setup.zsh'
[69.892s] INFO:colcon.colcon_core.shell:Creating prefix chain script '/home/rsa2021/comp3431-team-neo/image_pipeline/image_publisher/install/setup.zsh'
