[0.213s] Invoking command in '/home/rsa2021/comp3431-team-neo/starter_code/build/zbar_ros': CMAKE_PREFIX_PATH=/home/rsa2021/comp3431-team-neo/starter_code/install/zbar_ros_interfaces:/home/rsa2021/comp3431-team-neo/starter_code/install/zbar_ros:/home/rsa2021/comp3431-team-neo/starter_code/install/point_pubsub:/home/rsa2021/comp3431-team-neo/starter_code/install/comp3431_starter:/opt/ros/foxy /usr/bin/cmake --build /home/rsa2021/comp3431-team-neo/starter_code/build/zbar_ros -- -j3 -l3
[0.682s] [35m[1mScanning dependencies of target barcode_reader_node[0m
[0.863s] [ 25%] [32mBuilding CXX object CMakeFiles/barcode_reader_node.dir/src/barcode_reader_node.cpp.o[0m
[172.090s] [ 50%] [32m[1mLinking CXX static library libbarcode_reader_node.a[0m
[175.468s] [ 50%] Built target barcode_reader_node
[175.978s] [ 75%] [32m[1mLinking CXX executable barcode_reader[0m
[181.091s] [100%] Built target barcode_reader
[181.598s] Invoked command in '/home/rsa2021/comp3431-team-neo/starter_code/build/zbar_ros' returned '0': CMAKE_PREFIX_PATH=/home/rsa2021/comp3431-team-neo/starter_code/install/zbar_ros_interfaces:/home/rsa2021/comp3431-team-neo/starter_code/install/zbar_ros:/home/rsa2021/comp3431-team-neo/starter_code/install/point_pubsub:/home/rsa2021/comp3431-team-neo/starter_code/install/comp3431_starter:/opt/ros/foxy /usr/bin/cmake --build /home/rsa2021/comp3431-team-neo/starter_code/build/zbar_ros -- -j3 -l3
[182.103s] Invoking command in '/home/rsa2021/comp3431-team-neo/starter_code/build/zbar_ros': CMAKE_PREFIX_PATH=/home/rsa2021/comp3431-team-neo/starter_code/install/zbar_ros_interfaces:/home/rsa2021/comp3431-team-neo/starter_code/install/zbar_ros:/home/rsa2021/comp3431-team-neo/starter_code/install/point_pubsub:/home/rsa2021/comp3431-team-neo/starter_code/install/comp3431_starter:/opt/ros/foxy /usr/bin/cmake --install /home/rsa2021/comp3431-team-neo/starter_code/build/zbar_ros
[182.189s] -- Install configuration: ""
[182.197s] -- Installing: /home/rsa2021/comp3431-team-neo/starter_code/install/zbar_ros/lib/zbar_ros/barcode_reader
[182.205s] -- Set runtime path of "/home/rsa2021/comp3431-team-neo/starter_code/install/zbar_ros/lib/zbar_ros/barcode_reader" to ""
[182.206s] -- Up-to-date: /home/rsa2021/comp3431-team-neo/starter_code/install/zbar_ros/include/
[182.206s] -- Up-to-date: /home/rsa2021/comp3431-team-neo/starter_code/install/zbar_ros/include//zbar_ros
[182.207s] -- Up-to-date: /home/rsa2021/comp3431-team-neo/starter_code/install/zbar_ros/include//zbar_ros/barcode_reader_node.hpp
[182.207s] -- Installing: /home/rsa2021/comp3431-team-neo/starter_code/install/zbar_ros/lib/libbarcode_reader_node.a
[182.273s] -- Up-to-date: /home/rsa2021/comp3431-team-neo/starter_code/install/zbar_ros/share/ament_index/resource_index/package_run_dependencies/zbar_ros
[182.277s] -- Up-to-date: /home/rsa2021/comp3431-team-neo/starter_code/install/zbar_ros/share/ament_index/resource_index/parent_prefix_path/zbar_ros
[182.286s] -- Up-to-date: /home/rsa2021/comp3431-team-neo/starter_code/install/zbar_ros/share/zbar_ros/environment/ament_prefix_path.sh
[182.287s] -- Up-to-date: /home/rsa2021/comp3431-team-neo/starter_code/install/zbar_ros/share/zbar_ros/environment/ament_prefix_path.dsv
[182.287s] -- Up-to-date: /home/rsa2021/comp3431-team-neo/starter_code/install/zbar_ros/share/zbar_ros/environment/path.sh
[182.287s] -- Up-to-date: /home/rsa2021/comp3431-team-neo/starter_code/install/zbar_ros/share/zbar_ros/environment/path.dsv
[182.288s] -- Up-to-date: /home/rsa2021/comp3431-team-neo/starter_code/install/zbar_ros/share/zbar_ros/local_setup.bash
[182.289s] -- Up-to-date: /home/rsa2021/comp3431-team-neo/starter_code/install/zbar_ros/share/zbar_ros/local_setup.sh
[182.289s] -- Up-to-date: /home/rsa2021/comp3431-team-neo/starter_code/install/zbar_ros/share/zbar_ros/local_setup.zsh
[182.289s] -- Up-to-date: /home/rsa2021/comp3431-team-neo/starter_code/install/zbar_ros/share/zbar_ros/local_setup.dsv
[182.289s] -- Installing: /home/rsa2021/comp3431-team-neo/starter_code/install/zbar_ros/share/zbar_ros/package.dsv
[182.294s] -- Up-to-date: /home/rsa2021/comp3431-team-neo/starter_code/install/zbar_ros/share/ament_index/resource_index/packages/zbar_ros
[182.295s] -- Up-to-date: /home/rsa2021/comp3431-team-neo/starter_code/install/zbar_ros/share/zbar_ros/cmake/zbar_rosConfig.cmake
[182.295s] -- Up-to-date: /home/rsa2021/comp3431-team-neo/starter_code/install/zbar_ros/share/zbar_ros/cmake/zbar_rosConfig-version.cmake
[182.295s] -- Up-to-date: /home/rsa2021/comp3431-team-neo/starter_code/install/zbar_ros/share/zbar_ros/package.xml
[182.307s] Invoked command in '/home/rsa2021/comp3431-team-neo/starter_code/build/zbar_ros' returned '0': CMAKE_PREFIX_PATH=/home/rsa2021/comp3431-team-neo/starter_code/install/zbar_ros_interfaces:/home/rsa2021/comp3431-team-neo/starter_code/install/zbar_ros:/home/rsa2021/comp3431-team-neo/starter_code/install/point_pubsub:/home/rsa2021/comp3431-team-neo/starter_code/install/comp3431_starter:/opt/ros/foxy /usr/bin/cmake --install /home/rsa2021/comp3431-team-neo/starter_code/build/zbar_ros
