[1.653s] DEBUG:colcon:Command line arguments: ['/usr/bin/colcon', 'build', '--packages-select', 'point_pubsub']
[1.653s] DEBUG:colcon:Parsed command line arguments: Namespace(ament_cmake_args=None, base_paths=['.'], build_base='build', catkin_cmake_args=None, catkin_skip_building_tests=False, cmake_args=None, cmake_clean_cache=False, cmake_clean_first=False, cmake_force_configure=False, cmake_target=None, cmake_target_skip_unavailable=False, continue_on_error=False, event_handlers=None, executor='parallel', ignore_user_meta=False, install_base='install', log_base=None, log_level=None, main=<bound method BuildVerb.main of <colcon_core.verb.build.BuildVerb object at 0x7fc98bf07be0>>, merge_install=False, metas=['./colcon.meta'], packages_above=None, packages_above_and_dependencies=None, packages_above_depth=None, packages_end=None, packages_ignore=None, packages_ignore_regex=None, packages_select=['point_pubsub'], packages_select_build_failed=False, packages_select_by_dep=None, packages_select_regex=None, packages_select_test_failures=False, packages_skip=None, packages_skip_build_finished=False, packages_skip_by_dep=None, packages_skip_regex=None, packages_skip_test_passed=False, packages_skip_up_to=None, packages_start=None, packages_up_to=None, packages_up_to_regex=None, parallel_workers=3, paths=None, symlink_install=False, test_result_base=None, verb_extension=<colcon_core.verb.build.BuildVerb object at 0x7fc98bf07be0>, verb_name='build', verb_parser=<colcon_defaults.argument_parser.defaults.DefaultArgumentsDecorator object at 0x7fc98bf17190>)
[1.686s] Level 1:colcon.colcon_core.package_discovery:discover_packages(colcon_meta) check parameters
[1.686s] Level 1:colcon.colcon_core.package_discovery:discover_packages(recursive) check parameters
[1.687s] Level 1:colcon.colcon_core.package_discovery:discover_packages(ignore) check parameters
[1.687s] Level 1:colcon.colcon_core.package_discovery:discover_packages(path) check parameters
[1.687s] Level 1:colcon.colcon_core.package_discovery:discover_packages(colcon_meta) discover
[1.687s] Level 1:colcon.colcon_core.package_discovery:discover_packages(recursive) discover
[1.687s] INFO:colcon.colcon_core.package_discovery:Crawling recursively for packages in '/home/rsa2021/comp3431-team-neo/starter_code'
[1.688s] Level 1:colcon.colcon_core.package_identification:_identify(.) by extensions ['ignore', 'ignore_ament_install']
[1.688s] Level 1:colcon.colcon_core.package_identification:_identify(.) by extension 'ignore'
[1.688s] Level 1:colcon.colcon_core.package_identification:_identify(.) by extension 'ignore_ament_install'
[1.688s] Level 1:colcon.colcon_core.package_identification:_identify(.) by extensions ['colcon_pkg']
[1.688s] Level 1:colcon.colcon_core.package_identification:_identify(.) by extension 'colcon_pkg'
[1.688s] Level 1:colcon.colcon_core.package_identification:_identify(.) by extensions ['colcon_meta']
[1.688s] Level 1:colcon.colcon_core.package_identification:_identify(.) by extension 'colcon_meta'
[1.689s] Level 1:colcon.colcon_core.package_identification:_identify(.) by extensions ['ros']
[1.689s] Level 1:colcon.colcon_core.package_identification:_identify(.) by extension 'ros'
[1.752s] Level 1:colcon.colcon_core.package_identification:_identify(.) by extensions ['cmake', 'python']
[1.752s] Level 1:colcon.colcon_core.package_identification:_identify(.) by extension 'cmake'
[1.752s] Level 1:colcon.colcon_core.package_identification:_identify(.) by extension 'python'
[1.753s] Level 1:colcon.colcon_core.package_identification:_identify(.) by extensions ['python_setup_py']
[1.753s] Level 1:colcon.colcon_core.package_identification:_identify(.) by extension 'python_setup_py'
[1.753s] Level 1:colcon.colcon_core.package_identification:_identify(build) by extensions ['ignore', 'ignore_ament_install']
[1.753s] Level 1:colcon.colcon_core.package_identification:_identify(build) by extension 'ignore'
[1.753s] Level 1:colcon.colcon_core.package_identification:_identify(build) ignored
[1.754s] Level 1:colcon.colcon_core.package_identification:_identify(install) by extensions ['ignore', 'ignore_ament_install']
[1.754s] Level 1:colcon.colcon_core.package_identification:_identify(install) by extension 'ignore'
[1.754s] Level 1:colcon.colcon_core.package_identification:_identify(install) ignored
[1.755s] Level 1:colcon.colcon_core.package_identification:_identify(log) by extensions ['ignore', 'ignore_ament_install']
[1.755s] Level 1:colcon.colcon_core.package_identification:_identify(log) by extension 'ignore'
[1.755s] Level 1:colcon.colcon_core.package_identification:_identify(log) ignored
[1.755s] Level 1:colcon.colcon_core.package_identification:_identify(src) by extensions ['ignore', 'ignore_ament_install']
[1.755s] Level 1:colcon.colcon_core.package_identification:_identify(src) by extension 'ignore'
[1.755s] Level 1:colcon.colcon_core.package_identification:_identify(src) by extension 'ignore_ament_install'
[1.755s] Level 1:colcon.colcon_core.package_identification:_identify(src) by extensions ['colcon_pkg']
[1.755s] Level 1:colcon.colcon_core.package_identification:_identify(src) by extension 'colcon_pkg'
[1.756s] Level 1:colcon.colcon_core.package_identification:_identify(src) by extensions ['colcon_meta']
[1.756s] Level 1:colcon.colcon_core.package_identification:_identify(src) by extension 'colcon_meta'
[1.756s] Level 1:colcon.colcon_core.package_identification:_identify(src) by extensions ['ros']
[1.756s] Level 1:colcon.colcon_core.package_identification:_identify(src) by extension 'ros'
[1.756s] Level 1:colcon.colcon_core.package_identification:_identify(src) by extensions ['cmake', 'python']
[1.756s] Level 1:colcon.colcon_core.package_identification:_identify(src) by extension 'cmake'
[1.756s] Level 1:colcon.colcon_core.package_identification:_identify(src) by extension 'python'
[1.756s] Level 1:colcon.colcon_core.package_identification:_identify(src) by extensions ['python_setup_py']
[1.756s] Level 1:colcon.colcon_core.package_identification:_identify(src) by extension 'python_setup_py'
[1.757s] Level 1:colcon.colcon_core.package_identification:_identify(src/comp3431-rsa) by extensions ['ignore', 'ignore_ament_install']
[1.757s] Level 1:colcon.colcon_core.package_identification:_identify(src/comp3431-rsa) by extension 'ignore'
[1.757s] Level 1:colcon.colcon_core.package_identification:_identify(src/comp3431-rsa) by extension 'ignore_ament_install'
[1.757s] Level 1:colcon.colcon_core.package_identification:_identify(src/comp3431-rsa) by extensions ['colcon_pkg']
[1.757s] Level 1:colcon.colcon_core.package_identification:_identify(src/comp3431-rsa) by extension 'colcon_pkg'
[1.757s] Level 1:colcon.colcon_core.package_identification:_identify(src/comp3431-rsa) by extensions ['colcon_meta']
[1.757s] Level 1:colcon.colcon_core.package_identification:_identify(src/comp3431-rsa) by extension 'colcon_meta'
[1.757s] Level 1:colcon.colcon_core.package_identification:_identify(src/comp3431-rsa) by extensions ['ros']
[1.757s] Level 1:colcon.colcon_core.package_identification:_identify(src/comp3431-rsa) by extension 'ros'
[1.758s] Level 1:colcon.colcon_core.package_identification:_identify(src/comp3431-rsa) by extensions ['cmake', 'python']
[1.758s] Level 1:colcon.colcon_core.package_identification:_identify(src/comp3431-rsa) by extension 'cmake'
[1.759s] Level 1:colcon.colcon_core.package_identification:_identify(src/comp3431-rsa) by extension 'python'
[1.760s] Level 1:colcon.colcon_core.package_identification:_identify(src/comp3431-rsa) by extensions ['python_setup_py']
[1.760s] Level 1:colcon.colcon_core.package_identification:_identify(src/comp3431-rsa) by extension 'python_setup_py'
[1.760s] Level 1:colcon.colcon_core.package_identification:_identify(src/comp3431-rsa/comp3431_starter) by extensions ['ignore', 'ignore_ament_install']
[1.761s] Level 1:colcon.colcon_core.package_identification:_identify(src/comp3431-rsa/comp3431_starter) by extension 'ignore'
[1.761s] Level 1:colcon.colcon_core.package_identification:_identify(src/comp3431-rsa/comp3431_starter) by extension 'ignore_ament_install'
[1.761s] Level 1:colcon.colcon_core.package_identification:_identify(src/comp3431-rsa/comp3431_starter) by extensions ['colcon_pkg']
[1.761s] Level 1:colcon.colcon_core.package_identification:_identify(src/comp3431-rsa/comp3431_starter) by extension 'colcon_pkg'
[1.761s] Level 1:colcon.colcon_core.package_identification:_identify(src/comp3431-rsa/comp3431_starter) by extensions ['colcon_meta']
[1.761s] Level 1:colcon.colcon_core.package_identification:_identify(src/comp3431-rsa/comp3431_starter) by extension 'colcon_meta'
[1.761s] Level 1:colcon.colcon_core.package_identification:_identify(src/comp3431-rsa/comp3431_starter) by extensions ['ros']
[1.761s] Level 1:colcon.colcon_core.package_identification:_identify(src/comp3431-rsa/comp3431_starter) by extension 'ros'
[1.777s] DEBUG:colcon.colcon_core.package_identification:Package 'src/comp3431-rsa/comp3431_starter' with type 'ros.ament_cmake' and name 'comp3431_starter'
[1.778s] Level 1:colcon.colcon_core.package_identification:_identify(src/comp3431-rsa/point_pubsub) by extensions ['ignore', 'ignore_ament_install']
[1.778s] Level 1:colcon.colcon_core.package_identification:_identify(src/comp3431-rsa/point_pubsub) by extension 'ignore'
[1.778s] Level 1:colcon.colcon_core.package_identification:_identify(src/comp3431-rsa/point_pubsub) by extension 'ignore_ament_install'
[1.778s] Level 1:colcon.colcon_core.package_identification:_identify(src/comp3431-rsa/point_pubsub) by extensions ['colcon_pkg']
[1.778s] Level 1:colcon.colcon_core.package_identification:_identify(src/comp3431-rsa/point_pubsub) by extension 'colcon_pkg'
[1.779s] Level 1:colcon.colcon_core.package_identification:_identify(src/comp3431-rsa/point_pubsub) by extensions ['colcon_meta']
[1.779s] Level 1:colcon.colcon_core.package_identification:_identify(src/comp3431-rsa/point_pubsub) by extension 'colcon_meta'
[1.780s] Level 1:colcon.colcon_core.package_identification:_identify(src/comp3431-rsa/point_pubsub) by extensions ['ros']
[1.781s] Level 1:colcon.colcon_core.package_identification:_identify(src/comp3431-rsa/point_pubsub) by extension 'ros'
[1.788s] DEBUG:colcon.colcon_core.package_identification:Package 'src/comp3431-rsa/point_pubsub' with type 'ros.ament_cmake' and name 'point_pubsub'
[1.788s] Level 1:colcon.colcon_core.package_discovery:discover_packages(recursive) using defaults
[1.788s] Level 1:colcon.colcon_core.package_discovery:discover_packages(ignore) discover
[1.788s] Level 1:colcon.colcon_core.package_discovery:discover_packages(ignore) using defaults
[1.788s] Level 1:colcon.colcon_core.package_discovery:discover_packages(path) discover
[1.788s] Level 1:colcon.colcon_core.package_discovery:discover_packages(path) using defaults
[1.871s] INFO:colcon.colcon_core.package_selection:Skipping not selected package 'comp3431_starter' in 'src/comp3431-rsa/comp3431_starter'
[1.883s] Level 5:colcon.colcon_core.verb:set package 'point_pubsub' build argument 'cmake_args' from command line to 'None'
[1.883s] Level 5:colcon.colcon_core.verb:set package 'point_pubsub' build argument 'cmake_target' from command line to 'None'
[1.883s] Level 5:colcon.colcon_core.verb:set package 'point_pubsub' build argument 'cmake_target_skip_unavailable' from command line to 'False'
[1.883s] Level 5:colcon.colcon_core.verb:set package 'point_pubsub' build argument 'cmake_clean_cache' from command line to 'False'
[1.883s] Level 5:colcon.colcon_core.verb:set package 'point_pubsub' build argument 'cmake_clean_first' from command line to 'False'
[1.883s] Level 5:colcon.colcon_core.verb:set package 'point_pubsub' build argument 'cmake_force_configure' from command line to 'False'
[1.883s] Level 5:colcon.colcon_core.verb:set package 'point_pubsub' build argument 'ament_cmake_args' from command line to 'None'
[1.883s] Level 5:colcon.colcon_core.verb:set package 'point_pubsub' build argument 'catkin_cmake_args' from command line to 'None'
[1.883s] Level 5:colcon.colcon_core.verb:set package 'point_pubsub' build argument 'catkin_skip_building_tests' from command line to 'False'
[1.883s] DEBUG:colcon.colcon_core.verb:Building package 'point_pubsub' with the following arguments: {'ament_cmake_args': None, 'build_base': '/home/rsa2021/comp3431-team-neo/starter_code/build/point_pubsub', 'catkin_cmake_args': None, 'catkin_skip_building_tests': False, 'cmake_args': None, 'cmake_clean_cache': False, 'cmake_clean_first': False, 'cmake_force_configure': False, 'cmake_target': None, 'cmake_target_skip_unavailable': False, 'install_base': '/home/rsa2021/comp3431-team-neo/starter_code/install/point_pubsub', 'merge_install': False, 'path': '/home/rsa2021/comp3431-team-neo/starter_code/src/comp3431-rsa/point_pubsub', 'symlink_install': False, 'test_result_base': None}
[1.884s] INFO:colcon.colcon_core.executor:Executing jobs using 'parallel' executor
[1.891s] DEBUG:colcon.colcon_parallel_executor.executor.parallel:run_until_complete
[1.892s] INFO:colcon.colcon_ros.task.ament_cmake.build:Building ROS package in '/home/rsa2021/comp3431-team-neo/starter_code/src/comp3431-rsa/point_pubsub' with build type 'ament_cmake'
[1.893s] INFO:colcon.colcon_cmake.task.cmake.build:Building CMake package in '/home/rsa2021/comp3431-team-neo/starter_code/src/comp3431-rsa/point_pubsub'
[1.921s] INFO:colcon.colcon_core.plugin_system:Skipping extension 'colcon_core.shell.bat': Not used on non-Windows systems
[1.922s] INFO:colcon.colcon_core.shell:Skip shell extension 'powershell' for command environment: Not usable outside of PowerShell
[1.922s] DEBUG:colcon.colcon_core.shell:Skip shell extension 'dsv' for command environment
[1.940s] DEBUG:colcon.colcon_core.shell:Ignoring prefix path '/opt/ros/foxy'
[1.988s] DEBUG:colcon.colcon_core.event_handler.log_command:Invoking command in '/home/rsa2021/comp3431-team-neo/starter_code/build/point_pubsub': CMAKE_PREFIX_PATH=${CMAKE_PREFIX_PATH}:/opt/ros/foxy /usr/bin/cmake --build /home/rsa2021/comp3431-team-neo/starter_code/build/point_pubsub -- -j3 -l3
[25.659s] DEBUG:colcon.colcon_core.event_handler.log_command:Invoked command in '/home/rsa2021/comp3431-team-neo/starter_code/build/point_pubsub' returned '0': CMAKE_PREFIX_PATH=${CMAKE_PREFIX_PATH}:/opt/ros/foxy /usr/bin/cmake --build /home/rsa2021/comp3431-team-neo/starter_code/build/point_pubsub -- -j3 -l3
[26.056s] DEBUG:colcon.colcon_core.event_handler.log_command:Invoking command in '/home/rsa2021/comp3431-team-neo/starter_code/build/point_pubsub': CMAKE_PREFIX_PATH=${CMAKE_PREFIX_PATH}:/opt/ros/foxy /usr/bin/cmake --install /home/rsa2021/comp3431-team-neo/starter_code/build/point_pubsub
[26.202s] Level 1:colcon.colcon_core.environment:create_environment_scripts_only(point_pubsub)
[26.211s] DEBUG:colcon.colcon_core.event_handler.log_command:Invoked command in '/home/rsa2021/comp3431-team-neo/starter_code/build/point_pubsub' returned '0': CMAKE_PREFIX_PATH=${CMAKE_PREFIX_PATH}:/opt/ros/foxy /usr/bin/cmake --install /home/rsa2021/comp3431-team-neo/starter_code/build/point_pubsub
[26.266s] Level 1:colcon.colcon_core.environment:checking '/home/rsa2021/comp3431-team-neo/starter_code/install/point_pubsub' for CMake module files
[26.267s] Level 1:colcon.colcon_core.environment:checking '/home/rsa2021/comp3431-team-neo/starter_code/install/point_pubsub' for CMake config files
[26.268s] Level 1:colcon.colcon_core.shell:create_environment_hook('point_pubsub', 'cmake_prefix_path')
[26.282s] INFO:colcon.colcon_core.shell:Creating environment hook '/home/rsa2021/comp3431-team-neo/starter_code/install/point_pubsub/share/point_pubsub/hook/cmake_prefix_path.ps1'
[26.299s] INFO:colcon.colcon_core.shell:Creating environment descriptor '/home/rsa2021/comp3431-team-neo/starter_code/install/point_pubsub/share/point_pubsub/hook/cmake_prefix_path.dsv'
[26.309s] INFO:colcon.colcon_core.shell:Creating environment hook '/home/rsa2021/comp3431-team-neo/starter_code/install/point_pubsub/share/point_pubsub/hook/cmake_prefix_path.sh'
[26.314s] Level 1:colcon.colcon_core.environment:checking '/home/rsa2021/comp3431-team-neo/starter_code/install/point_pubsub/lib'
[26.316s] Level 1:colcon.colcon_core.environment:checking '/home/rsa2021/comp3431-team-neo/starter_code/install/point_pubsub/bin'
[26.317s] Level 1:colcon.colcon_core.environment:checking '/home/rsa2021/comp3431-team-neo/starter_code/install/point_pubsub/lib/pkgconfig/point_pubsub.pc'
[26.318s] Level 1:colcon.colcon_core.environment:checking '/home/rsa2021/comp3431-team-neo/starter_code/install/point_pubsub/lib/python3.8/site-packages'
[26.321s] INFO:colcon.colcon_core.shell:Creating package script '/home/rsa2021/comp3431-team-neo/starter_code/install/point_pubsub/share/point_pubsub/package.ps1'
[26.328s] INFO:colcon.colcon_core.shell:Creating package descriptor '/home/rsa2021/comp3431-team-neo/starter_code/install/point_pubsub/share/point_pubsub/package.dsv'
[26.333s] INFO:colcon.colcon_core.shell:Creating package script '/home/rsa2021/comp3431-team-neo/starter_code/install/point_pubsub/share/point_pubsub/package.sh'
[26.339s] INFO:colcon.colcon_core.shell:Creating package script '/home/rsa2021/comp3431-team-neo/starter_code/install/point_pubsub/share/point_pubsub/package.bash'
[26.348s] INFO:colcon.colcon_core.shell:Creating package script '/home/rsa2021/comp3431-team-neo/starter_code/install/point_pubsub/share/point_pubsub/package.zsh'
[26.368s] Level 1:colcon.colcon_core.environment:create_file_with_runtime_dependencies(/home/rsa2021/comp3431-team-neo/starter_code/install/point_pubsub/share/colcon-core/packages/point_pubsub)
[26.525s] Level 1:colcon.colcon_core.environment:create_environment_scripts_only(point_pubsub)
[26.527s] Level 1:colcon.colcon_core.environment:checking '/home/rsa2021/comp3431-team-neo/starter_code/install/point_pubsub' for CMake module files
[26.528s] Level 1:colcon.colcon_core.environment:checking '/home/rsa2021/comp3431-team-neo/starter_code/install/point_pubsub' for CMake config files
[26.528s] Level 1:colcon.colcon_core.shell:create_environment_hook('point_pubsub', 'cmake_prefix_path')
[26.529s] INFO:colcon.colcon_core.shell:Creating environment hook '/home/rsa2021/comp3431-team-neo/starter_code/install/point_pubsub/share/point_pubsub/hook/cmake_prefix_path.ps1'
[26.532s] INFO:colcon.colcon_core.shell:Creating environment descriptor '/home/rsa2021/comp3431-team-neo/starter_code/install/point_pubsub/share/point_pubsub/hook/cmake_prefix_path.dsv'
[26.539s] INFO:colcon.colcon_core.shell:Creating environment hook '/home/rsa2021/comp3431-team-neo/starter_code/install/point_pubsub/share/point_pubsub/hook/cmake_prefix_path.sh'
[26.541s] Level 1:colcon.colcon_core.environment:checking '/home/rsa2021/comp3431-team-neo/starter_code/install/point_pubsub/lib'
[26.541s] Level 1:colcon.colcon_core.environment:checking '/home/rsa2021/comp3431-team-neo/starter_code/install/point_pubsub/bin'
[26.542s] Level 1:colcon.colcon_core.environment:checking '/home/rsa2021/comp3431-team-neo/starter_code/install/point_pubsub/lib/pkgconfig/point_pubsub.pc'
[26.542s] Level 1:colcon.colcon_core.environment:checking '/home/rsa2021/comp3431-team-neo/starter_code/install/point_pubsub/lib/python3.8/site-packages'
[26.544s] INFO:colcon.colcon_core.shell:Creating package script '/home/rsa2021/comp3431-team-neo/starter_code/install/point_pubsub/share/point_pubsub/package.ps1'
[26.558s] INFO:colcon.colcon_core.shell:Creating package descriptor '/home/rsa2021/comp3431-team-neo/starter_code/install/point_pubsub/share/point_pubsub/package.dsv'
[26.563s] INFO:colcon.colcon_core.shell:Creating package script '/home/rsa2021/comp3431-team-neo/starter_code/install/point_pubsub/share/point_pubsub/package.sh'
[26.566s] INFO:colcon.colcon_core.shell:Creating package script '/home/rsa2021/comp3431-team-neo/starter_code/install/point_pubsub/share/point_pubsub/package.bash'
[26.569s] INFO:colcon.colcon_core.shell:Creating package script '/home/rsa2021/comp3431-team-neo/starter_code/install/point_pubsub/share/point_pubsub/package.zsh'
[26.574s] Level 1:colcon.colcon_core.environment:create_file_with_runtime_dependencies(/home/rsa2021/comp3431-team-neo/starter_code/install/point_pubsub/share/colcon-core/packages/point_pubsub)
[26.577s] DEBUG:colcon.colcon_parallel_executor.executor.parallel:closing loop
[26.578s] DEBUG:colcon.colcon_parallel_executor.executor.parallel:loop closed
[26.578s] DEBUG:colcon.colcon_parallel_executor.executor.parallel:run_until_complete finished with '0'
[26.579s] DEBUG:colcon.colcon_core.event_reactor:joining thread
[26.678s] INFO:colcon.colcon_core.plugin_system:Skipping extension 'colcon_notification.desktop_notification.terminal_notifier': Not used on non-Darwin systems
[26.679s] INFO:colcon.colcon_core.plugin_system:Skipping extension 'colcon_notification.desktop_notification.win32': Not used on non-Windows systems
[26.679s] INFO:colcon.colcon_notification.desktop_notification:Sending desktop notification using 'notify2'
[26.915s] DEBUG:colcon.colcon_core.event_reactor:joined thread
[26.917s] INFO:colcon.colcon_core.shell:Creating prefix script '/home/rsa2021/comp3431-team-neo/starter_code/install/local_setup.ps1'
[26.927s] INFO:colcon.colcon_core.shell:Creating prefix util module '/home/rsa2021/comp3431-team-neo/starter_code/install/_local_setup_util_ps1.py'
[26.933s] INFO:colcon.colcon_core.shell:Creating prefix chain script '/home/rsa2021/comp3431-team-neo/starter_code/install/setup.ps1'
[26.956s] INFO:colcon.colcon_core.shell:Creating prefix script '/home/rsa2021/comp3431-team-neo/starter_code/install/local_setup.sh'
[26.958s] INFO:colcon.colcon_core.shell:Creating prefix util module '/home/rsa2021/comp3431-team-neo/starter_code/install/_local_setup_util_sh.py'
[26.960s] INFO:colcon.colcon_core.shell:Creating prefix chain script '/home/rsa2021/comp3431-team-neo/starter_code/install/setup.sh'
[26.978s] INFO:colcon.colcon_core.shell:Creating prefix script '/home/rsa2021/comp3431-team-neo/starter_code/install/local_setup.bash'
[26.983s] INFO:colcon.colcon_core.shell:Creating prefix chain script '/home/rsa2021/comp3431-team-neo/starter_code/install/setup.bash'
[26.994s] INFO:colcon.colcon_core.shell:Creating prefix script '/home/rsa2021/comp3431-team-neo/starter_code/install/local_setup.zsh'
[26.995s] INFO:colcon.colcon_core.shell:Creating prefix chain script '/home/rsa2021/comp3431-team-neo/starter_code/install/setup.zsh'
