[0.051s] Invoking command in '/home/rsa2021/comp3431-team-neo/starter_code/build/point_pubsub': CMAKE_PREFIX_PATH=${CMAKE_PREFIX_PATH}:/opt/ros/foxy /usr/bin/cmake --build /home/rsa2021/comp3431-team-neo/starter_code/build/point_pubsub -- -j3 -l3
[0.904s] [35m[1mScanning dependencies of target point_tf[0m
[1.201s] [ 50%] [32mBuilding CXX object CMakeFiles/point_tf.dir/src/publisher_member_function.cpp.o[0m
[54.095s] [100%] [32m[1mLinking CXX executable point_tf[0m
[55.986s] [100%] Built target point_tf
[56.071s] Invoked command in '/home/rsa2021/comp3431-team-neo/starter_code/build/point_pubsub' returned '0': CMAKE_PREFIX_PATH=${CMAKE_PREFIX_PATH}:/opt/ros/foxy /usr/bin/cmake --build /home/rsa2021/comp3431-team-neo/starter_code/build/point_pubsub -- -j3 -l3
[56.341s] Invoking command in '/home/rsa2021/comp3431-team-neo/starter_code/build/point_pubsub': CMAKE_PREFIX_PATH=${CMAKE_PREFIX_PATH}:/opt/ros/foxy /usr/bin/cmake --install /home/rsa2021/comp3431-team-neo/starter_code/build/point_pubsub
[56.403s] -- Install configuration: ""
[56.409s] -- Installing: /home/rsa2021/comp3431-team-neo/starter_code/install/point_pubsub/lib/point_pubsub/point_tf
[56.432s] -- Set runtime path of "/home/rsa2021/comp3431-team-neo/starter_code/install/point_pubsub/lib/point_pubsub/point_tf" to ""
[56.438s] -- Up-to-date: /home/rsa2021/comp3431-team-neo/starter_code/install/point_pubsub/share/ament_index/resource_index/package_run_dependencies/point_pubsub
[56.438s] -- Up-to-date: /home/rsa2021/comp3431-team-neo/starter_code/install/point_pubsub/share/ament_index/resource_index/parent_prefix_path/point_pubsub
[56.442s] -- Up-to-date: /home/rsa2021/comp3431-team-neo/starter_code/install/point_pubsub/share/point_pubsub/environment/ament_prefix_path.sh
[56.443s] -- Up-to-date: /home/rsa2021/comp3431-team-neo/starter_code/install/point_pubsub/share/point_pubsub/environment/ament_prefix_path.dsv
[56.443s] -- Up-to-date: /home/rsa2021/comp3431-team-neo/starter_code/install/point_pubsub/share/point_pubsub/environment/path.sh
[56.444s] -- Up-to-date: /home/rsa2021/comp3431-team-neo/starter_code/install/point_pubsub/share/point_pubsub/environment/path.dsv
[56.444s] -- Up-to-date: /home/rsa2021/comp3431-team-neo/starter_code/install/point_pubsub/share/point_pubsub/local_setup.bash
[56.444s] -- Up-to-date: /home/rsa2021/comp3431-team-neo/starter_code/install/point_pubsub/share/point_pubsub/local_setup.sh
[56.444s] -- Up-to-date: /home/rsa2021/comp3431-team-neo/starter_code/install/point_pubsub/share/point_pubsub/local_setup.zsh
[56.444s] -- Up-to-date: /home/rsa2021/comp3431-team-neo/starter_code/install/point_pubsub/share/point_pubsub/local_setup.dsv
[56.445s] -- Installing: /home/rsa2021/comp3431-team-neo/starter_code/install/point_pubsub/share/point_pubsub/package.dsv
[56.446s] -- Up-to-date: /home/rsa2021/comp3431-team-neo/starter_code/install/point_pubsub/share/ament_index/resource_index/packages/point_pubsub
[56.448s] -- Up-to-date: /home/rsa2021/comp3431-team-neo/starter_code/install/point_pubsub/share/point_pubsub/cmake/point_pubsubConfig.cmake
[56.449s] -- Up-to-date: /home/rsa2021/comp3431-team-neo/starter_code/install/point_pubsub/share/point_pubsub/cmake/point_pubsubConfig-version.cmake
[56.450s] -- Up-to-date: /home/rsa2021/comp3431-team-neo/starter_code/install/point_pubsub/share/point_pubsub/package.xml
[56.469s] Invoked command in '/home/rsa2021/comp3431-team-neo/starter_code/build/point_pubsub' returned '0': CMAKE_PREFIX_PATH=${CMAKE_PREFIX_PATH}:/opt/ros/foxy /usr/bin/cmake --install /home/rsa2021/comp3431-team-neo/starter_code/build/point_pubsub
