[0.274s] Invoking command in '/home/rsa2021/comp3431-team-neo/starter_code/build/comp3431_starter': CMAKE_PREFIX_PATH=/opt/ros/foxy /usr/bin/cmake /home/rsa2021/comp3431-team-neo/starter_code/src/comp3431-rsa/comp3431_starter -DAMENT_CMAKE_SYMLINK_INSTALL=1 -DCMAKE_INSTALL_PREFIX=/home/rsa2021/comp3431-team-neo/starter_code/install/comp3431_starter
[3.349s] -- The C compiler identification is GNU 9.3.0
[5.139s] -- The CXX compiler identification is GNU 9.3.0
[5.228s] -- Check for working C compiler: /usr/bin/cc
[5.905s] -- Check for working C compiler: /usr/bin/cc -- works
[5.910s] -- Detecting C compiler ABI info
[6.412s] -- Detecting C compiler ABI info - done
[6.518s] -- Detecting C compile features
[6.518s] -- Detecting C compile features - done
[6.538s] -- Check for working CXX compiler: /usr/bin/c++
[7.169s] -- Check for working CXX compiler: /usr/bin/c++ -- works
[7.171s] -- Detecting CXX compiler ABI info
[7.901s] -- Detecting CXX compiler ABI info - done
[7.947s] -- Detecting CXX compile features
[7.951s] -- Detecting CXX compile features - done
[8.023s] -- Found ament_cmake: 0.9.8 (/opt/ros/foxy/share/ament_cmake/cmake)
[8.198s] -- Found PythonInterp: /usr/bin/python3 (found suitable version "3.8.10", minimum required is "3") 
[8.199s] -- Using PYTHON_EXECUTABLE: /usr/bin/python3
[9.480s] -- Override CMake install command with custom implementation using symlinks instead of copying resources
[9.854s] -- Found rclcpp: 2.3.1 (/opt/ros/foxy/share/rclcpp/cmake)
[10.412s] -- Using all available rosidl_typesupport_c: rosidl_typesupport_fastrtps_c;rosidl_typesupport_introspection_c
[10.539s] -- Found rosidl_adapter: 1.2.1 (/opt/ros/foxy/share/rosidl_adapter/cmake)
[11.621s] -- Found OpenSSL: /usr/lib/x86_64-linux-gnu/libcrypto.so (found version "1.1.1f")  
[11.867s] -- Found FastRTPS: /opt/ros/foxy/include  
[12.437s] -- Using all available rosidl_typesupport_cpp: rosidl_typesupport_fastrtps_cpp;rosidl_typesupport_introspection_cpp
[13.003s] -- Found rmw_implementation_cmake: 1.0.3 (/opt/ros/foxy/share/rmw_implementation_cmake/cmake)
[13.029s] -- Using RMW implementation 'rmw_fastrtps_cpp' as default
[13.043s] -- Looking for pthread.h
[13.780s] -- Looking for pthread.h - found
[13.781s] -- Performing Test CMAKE_HAVE_LIBC_PTHREAD
[14.309s] -- Performing Test CMAKE_HAVE_LIBC_PTHREAD - Failed
[14.314s] -- Looking for pthread_create in pthreads
[14.741s] -- Looking for pthread_create in pthreads - not found
[14.742s] -- Looking for pthread_create in pthread
[15.198s] -- Looking for pthread_create in pthread - found
[15.210s] -- Found Threads: TRUE  
[16.341s] -- Found geometry_msgs: 2.0.4 (/opt/ros/foxy/share/geometry_msgs/cmake)
[16.628s] -- Found sensor_msgs: 2.0.4 (/opt/ros/foxy/share/sensor_msgs/cmake)
[17.139s] -- Found tf2_ros: 0.13.10 (/opt/ros/foxy/share/tf2_ros/cmake)
[19.725s] -- Found ament_lint_auto: 0.9.6 (/opt/ros/foxy/share/ament_lint_auto/cmake)
[20.494s] -- Added test 'copyright' to check source files copyright and LICENSE
[20.497s] -- Added test 'cppcheck' to perform static code analysis on C / C++ code
[20.497s] -- Configured cppcheck include dirs: 
[20.497s] -- Configured cppcheck exclude dirs and/or files: 
[20.504s] -- Added test 'cpplint' to check C / C++ code against the Google style
[20.507s] -- Configured cpplint exclude dirs and/or files: 
[20.510s] -- Added test 'lint_cmake' to check CMake code style
[20.516s] -- Added test 'uncrustify' to check C / C++ code style
[20.517s] -- Configured uncrustify additional arguments: 
[20.525s] -- Added test 'xmllint' to check XML markup files
[20.581s] -- Configuring done
[20.710s] -- Generating done
[20.739s] -- Build files have been written to: /home/rsa2021/comp3431-team-neo/starter_code/build/comp3431_starter
[20.906s] Invoked command in '/home/rsa2021/comp3431-team-neo/starter_code/build/comp3431_starter' returned '0': CMAKE_PREFIX_PATH=/opt/ros/foxy /usr/bin/cmake /home/rsa2021/comp3431-team-neo/starter_code/src/comp3431-rsa/comp3431_starter -DAMENT_CMAKE_SYMLINK_INSTALL=1 -DCMAKE_INSTALL_PREFIX=/home/rsa2021/comp3431-team-neo/starter_code/install/comp3431_starter
[20.920s] Invoking command in '/home/rsa2021/comp3431-team-neo/starter_code/build/comp3431_starter': CMAKE_PREFIX_PATH=/opt/ros/foxy /usr/bin/cmake --build /home/rsa2021/comp3431-team-neo/starter_code/build/comp3431_starter -- -j3 -l3
[21.276s] [35m[1mScanning dependencies of target wallFollower[0m
[22.442s] [ 66%] [32mBuilding CXX object CMakeFiles/wallFollower.dir/src/wall_follower.cpp.o[0m
[22.443s] [ 66%] [32mBuilding CXX object CMakeFiles/wallFollower.dir/src/wall_follower_node.cpp.o[0m
[88.696s] [100%] [32m[1mLinking CXX executable wallFollower[0m
[92.544s] [100%] Built target wallFollower
[92.639s] Invoked command in '/home/rsa2021/comp3431-team-neo/starter_code/build/comp3431_starter' returned '0': CMAKE_PREFIX_PATH=/opt/ros/foxy /usr/bin/cmake --build /home/rsa2021/comp3431-team-neo/starter_code/build/comp3431_starter -- -j3 -l3
[92.945s] Invoking command in '/home/rsa2021/comp3431-team-neo/starter_code/build/comp3431_starter': CMAKE_PREFIX_PATH=/opt/ros/foxy /usr/bin/cmake --install /home/rsa2021/comp3431-team-neo/starter_code/build/comp3431_starter
[92.999s] -- Install configuration: ""
[93.002s] -- Execute custom install script
[93.006s] -- Symlinking: /home/rsa2021/comp3431-team-neo/starter_code/install/comp3431_starter/share/ament_index/resource_index/package_run_dependencies/comp3431_starter
[93.052s] -- Symlinking: /home/rsa2021/comp3431-team-neo/starter_code/install/comp3431_starter/share/ament_index/resource_index/parent_prefix_path/comp3431_starter
[93.138s] -- Symlinking: /home/rsa2021/comp3431-team-neo/starter_code/install/comp3431_starter/share/comp3431_starter/environment/ament_prefix_path.sh
[93.246s] -- Symlinking: /home/rsa2021/comp3431-team-neo/starter_code/install/comp3431_starter/share/comp3431_starter/environment/ament_prefix_path.dsv
[93.349s] -- Symlinking: /home/rsa2021/comp3431-team-neo/starter_code/install/comp3431_starter/share/comp3431_starter/environment/path.sh
[93.451s] -- Symlinking: /home/rsa2021/comp3431-team-neo/starter_code/install/comp3431_starter/share/comp3431_starter/environment/path.dsv
[93.504s] -- Symlinking: /home/rsa2021/comp3431-team-neo/starter_code/install/comp3431_starter/share/comp3431_starter/local_setup.bash
[93.558s] -- Symlinking: /home/rsa2021/comp3431-team-neo/starter_code/install/comp3431_starter/share/comp3431_starter/local_setup.sh
[93.659s] -- Symlinking: /home/rsa2021/comp3431-team-neo/starter_code/install/comp3431_starter/share/comp3431_starter/local_setup.zsh
[93.773s] -- Symlinking: /home/rsa2021/comp3431-team-neo/starter_code/install/comp3431_starter/share/comp3431_starter/local_setup.dsv
[93.894s] -- Symlinking: /home/rsa2021/comp3431-team-neo/starter_code/install/comp3431_starter/share/comp3431_starter/package.dsv
[93.990s] -- Symlinking: /home/rsa2021/comp3431-team-neo/starter_code/install/comp3431_starter/share/ament_index/resource_index/packages/comp3431_starter
[94.075s] -- Symlinking: /home/rsa2021/comp3431-team-neo/starter_code/install/comp3431_starter/share/comp3431_starter/cmake/comp3431_starterConfig.cmake
[94.149s] -- Symlinking: /home/rsa2021/comp3431-team-neo/starter_code/install/comp3431_starter/share/comp3431_starter/cmake/comp3431_starterConfig-version.cmake
[94.298s] -- Symlinking: /home/rsa2021/comp3431-team-neo/starter_code/install/comp3431_starter/share/comp3431_starter/package.xml
[94.375s] -- Symlinking: /home/rsa2021/comp3431-team-neo/starter_code/install/comp3431_starter/lib/comp3431_starter/wallFollower
[94.505s] Invoked command in '/home/rsa2021/comp3431-team-neo/starter_code/build/comp3431_starter' returned '0': CMAKE_PREFIX_PATH=/opt/ros/foxy /usr/bin/cmake --install /home/rsa2021/comp3431-team-neo/starter_code/build/comp3431_starter
