[0.630s] Invoking command in '/home/rsa2021/comp3431-team-neo/starter_code/build/point_pubsub': CMAKE_PREFIX_PATH=${CMAKE_PREFIX_PATH}:/opt/ros/foxy /usr/bin/cmake --build /home/rsa2021/comp3431-team-neo/starter_code/build/point_pubsub -- -j3 -l3
[5.123s] [100%] Built target point_tf
[5.409s] Invoked command in '/home/rsa2021/comp3431-team-neo/starter_code/build/point_pubsub' returned '0': CMAKE_PREFIX_PATH=${CMAKE_PREFIX_PATH}:/opt/ros/foxy /usr/bin/cmake --build /home/rsa2021/comp3431-team-neo/starter_code/build/point_pubsub -- -j3 -l3
[5.907s] Invoking command in '/home/rsa2021/comp3431-team-neo/starter_code/build/point_pubsub': CMAKE_PREFIX_PATH=${CMAKE_PREFIX_PATH}:/opt/ros/foxy /usr/bin/cmake --install /home/rsa2021/comp3431-team-neo/starter_code/build/point_pubsub
[6.043s] -- Install configuration: ""
[6.066s] -- Up-to-date: /home/rsa2021/comp3431-team-neo/starter_code/install/point_pubsub/lib/point_pubsub/point_tf
[6.132s] -- Up-to-date: /home/rsa2021/comp3431-team-neo/starter_code/install/point_pubsub/share/ament_index/resource_index/package_run_dependencies/point_pubsub
[6.132s] -- Up-to-date: /home/rsa2021/comp3431-team-neo/starter_code/install/point_pubsub/share/ament_index/resource_index/parent_prefix_path/point_pubsub
[6.132s] -- Up-to-date: /home/rsa2021/comp3431-team-neo/starter_code/install/point_pubsub/share/point_pubsub/environment/ament_prefix_path.sh
[6.132s] -- Up-to-date: /home/rsa2021/comp3431-team-neo/starter_code/install/point_pubsub/share/point_pubsub/environment/ament_prefix_path.dsv
[6.132s] -- Up-to-date: /home/rsa2021/comp3431-team-neo/starter_code/install/point_pubsub/share/point_pubsub/environment/path.sh
[6.132s] -- Up-to-date: /home/rsa2021/comp3431-team-neo/starter_code/install/point_pubsub/share/point_pubsub/environment/path.dsv
[6.133s] -- Up-to-date: /home/rsa2021/comp3431-team-neo/starter_code/install/point_pubsub/share/point_pubsub/local_setup.bash
[6.133s] -- Up-to-date: /home/rsa2021/comp3431-team-neo/starter_code/install/point_pubsub/share/point_pubsub/local_setup.sh
[6.133s] -- Up-to-date: /home/rsa2021/comp3431-team-neo/starter_code/install/point_pubsub/share/point_pubsub/local_setup.zsh
[6.133s] -- Up-to-date: /home/rsa2021/comp3431-team-neo/starter_code/install/point_pubsub/share/point_pubsub/local_setup.dsv
[6.140s] -- Installing: /home/rsa2021/comp3431-team-neo/starter_code/install/point_pubsub/share/point_pubsub/package.dsv
[6.144s] -- Up-to-date: /home/rsa2021/comp3431-team-neo/starter_code/install/point_pubsub/share/ament_index/resource_index/packages/point_pubsub
[6.151s] -- Up-to-date: /home/rsa2021/comp3431-team-neo/starter_code/install/point_pubsub/share/point_pubsub/cmake/point_pubsubConfig.cmake
[6.152s] -- Up-to-date: /home/rsa2021/comp3431-team-neo/starter_code/install/point_pubsub/share/point_pubsub/cmake/point_pubsubConfig-version.cmake
[6.157s] -- Up-to-date: /home/rsa2021/comp3431-team-neo/starter_code/install/point_pubsub/share/point_pubsub/package.xml
[6.173s] Invoked command in '/home/rsa2021/comp3431-team-neo/starter_code/build/point_pubsub' returned '0': CMAKE_PREFIX_PATH=${CMAKE_PREFIX_PATH}:/opt/ros/foxy /usr/bin/cmake --install /home/rsa2021/comp3431-team-neo/starter_code/build/point_pubsub
