Performing C SOURCE FILE Test CMAKE_HAVE_LIBC_PTHREAD failed with the following output:
Change Dir: /home/rsa2021/comp3431-team-neo/starter_code/build/comp3431_starter/CMakeFiles/CMakeTmp

Run Build Command(s):/usr/bin/make cmTC_1afee/fast && /usr/bin/make -f CMakeFiles/cmTC_1afee.dir/build.make CMakeFiles/cmTC_1afee.dir/build
make[1]: Entering directory '/home/rsa2021/comp3431-team-neo/starter_code/build/comp3431_starter/CMakeFiles/CMakeTmp'
Building C object CMakeFiles/cmTC_1afee.dir/src.c.o
/usr/bin/cc   -DCMAKE_HAVE_LIBC_PTHREAD   -o CMakeFiles/cmTC_1afee.dir/src.c.o   -c /home/rsa2021/comp3431-team-neo/starter_code/build/comp3431_starter/CMakeFiles/CMakeTmp/src.c
Linking C executable cmTC_1afee
/usr/bin/cmake -E cmake_link_script CMakeFiles/cmTC_1afee.dir/link.txt --verbose=1
/usr/bin/cc  -DCMAKE_HAVE_LIBC_PTHREAD    CMakeFiles/cmTC_1afee.dir/src.c.o  -o cmTC_1afee 
/usr/bin/ld: CMakeFiles/cmTC_1afee.dir/src.c.o: in function `main':
src.c:(.text+0x46): undefined reference to `pthread_create'
/usr/bin/ld: src.c:(.text+0x52): undefined reference to `pthread_detach'
/usr/bin/ld: src.c:(.text+0x63): undefined reference to `pthread_join'
collect2: error: ld returned 1 exit status
make[1]: *** [CMakeFiles/cmTC_1afee.dir/build.make:87: cmTC_1afee] Error 1
make[1]: Leaving directory '/home/rsa2021/comp3431-team-neo/starter_code/build/comp3431_starter/CMakeFiles/CMakeTmp'
make: *** [Makefile:121: cmTC_1afee/fast] Error 2


Source file was:
#include <pthread.h>

void* test_func(void* data)
{
  return data;
}

int main(void)
{
  pthread_t thread;
  pthread_create(&thread, NULL, test_func, NULL);
  pthread_detach(thread);
  pthread_join(thread, NULL);
  pthread_atfork(NULL, NULL, NULL);
  pthread_exit(NULL);

  return 0;
}

Determining if the function pthread_create exists in the pthreads failed with the following output:
Change Dir: /home/rsa2021/comp3431-team-neo/starter_code/build/comp3431_starter/CMakeFiles/CMakeTmp

Run Build Command(s):/usr/bin/make cmTC_7907f/fast && /usr/bin/make -f CMakeFiles/cmTC_7907f.dir/build.make CMakeFiles/cmTC_7907f.dir/build
make[1]: Entering directory '/home/rsa2021/comp3431-team-neo/starter_code/build/comp3431_starter/CMakeFiles/CMakeTmp'
Building C object CMakeFiles/cmTC_7907f.dir/CheckFunctionExists.c.o
/usr/bin/cc   -DCHECK_FUNCTION_EXISTS=pthread_create   -o CMakeFiles/cmTC_7907f.dir/CheckFunctionExists.c.o   -c /usr/share/cmake-3.16/Modules/CheckFunctionExists.c
Linking C executable cmTC_7907f
/usr/bin/cmake -E cmake_link_script CMakeFiles/cmTC_7907f.dir/link.txt --verbose=1
/usr/bin/cc  -DCHECK_FUNCTION_EXISTS=pthread_create    CMakeFiles/cmTC_7907f.dir/CheckFunctionExists.c.o  -o cmTC_7907f  -lpthreads 
/usr/bin/ld: cannot find -lpthreads
collect2: error: ld returned 1 exit status
make[1]: *** [CMakeFiles/cmTC_7907f.dir/build.make:87: cmTC_7907f] Error 1
make[1]: Leaving directory '/home/rsa2021/comp3431-team-neo/starter_code/build/comp3431_starter/CMakeFiles/CMakeTmp'
make: *** [Makefile:121: cmTC_7907f/fast] Error 2



