-- The C compiler identification is GNU 9.3.0
-- The CXX compiler identification is GNU 9.3.0
-- Check for working C compiler: /usr/bin/cc
-- Check for working C compiler: /usr/bin/cc -- works
-- Detecting C compiler ABI info
-- Detecting C compiler ABI info - done
-- Detecting C compile features
-- Detecting C compile features - done
-- Check for working CXX compiler: /usr/bin/c++
-- Check for working CXX compiler: /usr/bin/c++ -- works
-- Detecting CXX compiler ABI info
-- Detecting CXX compiler ABI info - done
-- Detecting CXX compile features
-- Detecting CXX compile features - done
-- Found ament_cmake: 0.9.8 (/opt/ros/foxy/share/ament_cmake/cmake)
-- Found PythonInterp: /usr/bin/python3 (found suitable version "3.8.10", minimum required is "3") 
-- Using PYTHON_EXECUTABLE: /usr/bin/python3
-- Found rclcpp: 2.3.1 (/opt/ros/foxy/share/rclcpp/cmake)
-- Using all available rosidl_typesupport_c: rosidl_typesupport_fastrtps_c;rosidl_typesupport_introspection_c
-- Found rosidl_adapter: 1.2.1 (/opt/ros/foxy/share/rosidl_adapter/cmake)
-- Found OpenSSL: /usr/lib/x86_64-linux-gnu/libcrypto.so (found version "1.1.1f")  
-- Found FastRTPS: /opt/ros/foxy/include  
-- Using all available rosidl_typesupport_cpp: rosidl_typesupport_fastrtps_cpp;rosidl_typesupport_introspection_cpp
-- Found rmw_implementation_cmake: 1.0.3 (/opt/ros/foxy/share/rmw_implementation_cmake/cmake)
-- Using RMW implementation 'rmw_fastrtps_cpp' as default
-- Looking for pthread.h
-- Looking for pthread.h - found
-- Performing Test CMAKE_HAVE_LIBC_PTHREAD
-- Performing Test CMAKE_HAVE_LIBC_PTHREAD - Failed
-- Looking for pthread_create in pthreads
-- Looking for pthread_create in pthreads - not found
-- Looking for pthread_create in pthread
-- Looking for pthread_create in pthread - found
-- Found Threads: TRUE  
-- Found visualization_msgs: 2.0.4 (/opt/ros/foxy/share/visualization_msgs/cmake)
-- Found ament_lint_auto: 0.9.6 (/opt/ros/foxy/share/ament_lint_auto/cmake)
-- Added test 'copyright' to check source files copyright and LICENSE
-- Added test 'cppcheck' to perform static code analysis on C / C++ code
-- Configured cppcheck include dirs: 
-- Configured cppcheck exclude dirs and/or files: 
-- Added test 'cpplint' to check C / C++ code against the Google style
-- Configured cpplint exclude dirs and/or files: 
-- Added test 'lint_cmake' to check CMake code style
-- Added test 'uncrustify' to check C / C++ code style
-- Configured uncrustify additional arguments: 
-- Added test 'xmllint' to check XML markup files
-- Configuring done
-- Generating done
-- Build files have been written to: /home/rsa2021/comp3431-team-neo/starter_code/build/point_pubsub
[35m[1mScanning dependencies of target point_tf[0m
[ 50%] [32mBuilding CXX object CMakeFiles/point_tf.dir/src/publisher_member_function.cpp.o[0m
[100%] [32m[1mLinking CXX executable point_tf[0m
[100%] Built target point_tf
-- Install configuration: ""
-- Installing: /home/rsa2021/comp3431-team-neo/starter_code/install/point_pubsub/share/ament_index/resource_index/package_run_dependencies/point_pubsub
-- Installing: /home/rsa2021/comp3431-team-neo/starter_code/install/point_pubsub/share/ament_index/resource_index/parent_prefix_path/point_pubsub
-- Up-to-date: /home/rsa2021/comp3431-team-neo/starter_code/install/point_pubsub/share/point_pubsub/environment/ament_prefix_path.sh
-- Installing: /home/rsa2021/comp3431-team-neo/starter_code/install/point_pubsub/share/point_pubsub/environment/ament_prefix_path.dsv
-- Up-to-date: /home/rsa2021/comp3431-team-neo/starter_code/install/point_pubsub/share/point_pubsub/environment/path.sh
-- Installing: /home/rsa2021/comp3431-team-neo/starter_code/install/point_pubsub/share/point_pubsub/environment/path.dsv
-- Installing: /home/rsa2021/comp3431-team-neo/starter_code/install/point_pubsub/share/point_pubsub/local_setup.bash
-- Installing: /home/rsa2021/comp3431-team-neo/starter_code/install/point_pubsub/share/point_pubsub/local_setup.sh
-- Installing: /home/rsa2021/comp3431-team-neo/starter_code/install/point_pubsub/share/point_pubsub/local_setup.zsh
-- Installing: /home/rsa2021/comp3431-team-neo/starter_code/install/point_pubsub/share/point_pubsub/local_setup.dsv
-- Installing: /home/rsa2021/comp3431-team-neo/starter_code/install/point_pubsub/share/point_pubsub/package.dsv
-- Installing: /home/rsa2021/comp3431-team-neo/starter_code/install/point_pubsub/share/ament_index/resource_index/packages/point_pubsub
-- Installing: /home/rsa2021/comp3431-team-neo/starter_code/install/point_pubsub/share/point_pubsub/cmake/point_pubsubConfig.cmake
-- Installing: /home/rsa2021/comp3431-team-neo/starter_code/install/point_pubsub/share/point_pubsub/cmake/point_pubsubConfig-version.cmake
-- Up-to-date: /home/rsa2021/comp3431-team-neo/starter_code/install/point_pubsub/share/point_pubsub/package.xml
