[0.051s] Invoking command in '/home/rsa2021/comp3431-team-neo/starter_code/build/point_pubsub': CMAKE_PREFIX_PATH=${CMAKE_PREFIX_PATH}:/opt/ros/foxy /usr/bin/cmake /home/rsa2021/comp3431-team-neo/starter_code/src/comp3431-rsa/point_pubsub -DCMAKE_INSTALL_PREFIX=/home/rsa2021/comp3431-team-neo/starter_code/install/point_pubsub
[1.045s] -- The C compiler identification is GNU 9.3.0
[1.799s] -- The CXX compiler identification is GNU 9.3.0
[1.821s] -- Check for working C compiler: /usr/bin/cc
[2.132s] -- Check for working C compiler: /usr/bin/cc -- works
[2.137s] -- Detecting C compiler ABI info
[2.403s] -- Detecting C compiler ABI info - done
[2.440s] -- Detecting C compile features
[2.440s] -- Detecting C compile features - done
[2.451s] -- Check for working CXX compiler: /usr/bin/c++
[2.667s] -- Check for working CXX compiler: /usr/bin/c++ -- works
[2.670s] -- Detecting CXX compiler ABI info
[2.980s] -- Detecting CXX compiler ABI info - done
[3.001s] -- Detecting CXX compile features
[3.002s] -- Detecting CXX compile features - done
[3.009s] -- Found ament_cmake: 0.9.8 (/opt/ros/foxy/share/ament_cmake/cmake)
[3.119s] -- Found PythonInterp: /usr/bin/python3 (found suitable version "3.8.10", minimum required is "3") 
[3.120s] -- Using PYTHON_EXECUTABLE: /usr/bin/python3
[3.720s] -- Found rclcpp: 2.3.1 (/opt/ros/foxy/share/rclcpp/cmake)
[3.831s] -- Using all available rosidl_typesupport_c: rosidl_typesupport_fastrtps_c;rosidl_typesupport_introspection_c
[3.849s] -- Found rosidl_adapter: 1.2.1 (/opt/ros/foxy/share/rosidl_adapter/cmake)
[4.143s] -- Found OpenSSL: /usr/lib/x86_64-linux-gnu/libcrypto.so (found version "1.1.1f")  
[4.240s] -- Found FastRTPS: /opt/ros/foxy/include  
[4.458s] -- Using all available rosidl_typesupport_cpp: rosidl_typesupport_fastrtps_cpp;rosidl_typesupport_introspection_cpp
[4.608s] -- Found rmw_implementation_cmake: 1.0.3 (/opt/ros/foxy/share/rmw_implementation_cmake/cmake)
[4.611s] -- Using RMW implementation 'rmw_fastrtps_cpp' as default
[4.613s] -- Looking for pthread.h
[4.862s] -- Looking for pthread.h - found
[4.862s] -- Performing Test CMAKE_HAVE_LIBC_PTHREAD
[5.129s] -- Performing Test CMAKE_HAVE_LIBC_PTHREAD - Failed
[5.130s] -- Looking for pthread_create in pthreads
[5.323s] -- Looking for pthread_create in pthreads - not found
[5.323s] -- Looking for pthread_create in pthread
[5.557s] -- Looking for pthread_create in pthread - found
[5.557s] -- Found Threads: TRUE  
[5.972s] -- Found visualization_msgs: 2.0.4 (/opt/ros/foxy/share/visualization_msgs/cmake)
[6.329s] -- Found ament_lint_auto: 0.9.6 (/opt/ros/foxy/share/ament_lint_auto/cmake)
[6.584s] -- Added test 'copyright' to check source files copyright and LICENSE
[6.587s] -- Added test 'cppcheck' to perform static code analysis on C / C++ code
[6.587s] -- Configured cppcheck include dirs: 
[6.587s] -- Configured cppcheck exclude dirs and/or files: 
[6.590s] -- Added test 'cpplint' to check C / C++ code against the Google style
[6.591s] -- Configured cpplint exclude dirs and/or files: 
[6.592s] -- Added test 'lint_cmake' to check CMake code style
[6.594s] -- Added test 'uncrustify' to check C / C++ code style
[6.594s] -- Configured uncrustify additional arguments: 
[6.595s] -- Added test 'xmllint' to check XML markup files
[6.607s] -- Configuring done
[6.650s] -- Generating done
[6.654s] -- Build files have been written to: /home/rsa2021/comp3431-team-neo/starter_code/build/point_pubsub
[6.672s] Invoked command in '/home/rsa2021/comp3431-team-neo/starter_code/build/point_pubsub' returned '0': CMAKE_PREFIX_PATH=${CMAKE_PREFIX_PATH}:/opt/ros/foxy /usr/bin/cmake /home/rsa2021/comp3431-team-neo/starter_code/src/comp3431-rsa/point_pubsub -DCMAKE_INSTALL_PREFIX=/home/rsa2021/comp3431-team-neo/starter_code/install/point_pubsub
[6.675s] Invoking command in '/home/rsa2021/comp3431-team-neo/starter_code/build/point_pubsub': CMAKE_PREFIX_PATH=${CMAKE_PREFIX_PATH}:/opt/ros/foxy /usr/bin/cmake --build /home/rsa2021/comp3431-team-neo/starter_code/build/point_pubsub -- -j3 -l3
[6.840s] [35m[1mScanning dependencies of target point_tf[0m
[7.075s] [ 50%] [32mBuilding CXX object CMakeFiles/point_tf.dir/src/publisher_member_function.cpp.o[0m
[30.768s] [100%] [32m[1mLinking CXX executable point_tf[0m
[31.530s] [100%] Built target point_tf
[31.570s] Invoked command in '/home/rsa2021/comp3431-team-neo/starter_code/build/point_pubsub' returned '0': CMAKE_PREFIX_PATH=${CMAKE_PREFIX_PATH}:/opt/ros/foxy /usr/bin/cmake --build /home/rsa2021/comp3431-team-neo/starter_code/build/point_pubsub -- -j3 -l3
[31.707s] Invoking command in '/home/rsa2021/comp3431-team-neo/starter_code/build/point_pubsub': CMAKE_PREFIX_PATH=${CMAKE_PREFIX_PATH}:/opt/ros/foxy /usr/bin/cmake --install /home/rsa2021/comp3431-team-neo/starter_code/build/point_pubsub
[31.761s] -- Install configuration: ""
[31.778s] -- Installing: /home/rsa2021/comp3431-team-neo/starter_code/install/point_pubsub/share/ament_index/resource_index/package_run_dependencies/point_pubsub
[31.782s] -- Installing: /home/rsa2021/comp3431-team-neo/starter_code/install/point_pubsub/share/ament_index/resource_index/parent_prefix_path/point_pubsub
[31.784s] -- Up-to-date: /home/rsa2021/comp3431-team-neo/starter_code/install/point_pubsub/share/point_pubsub/environment/ament_prefix_path.sh
[31.784s] -- Installing: /home/rsa2021/comp3431-team-neo/starter_code/install/point_pubsub/share/point_pubsub/environment/ament_prefix_path.dsv
[31.785s] -- Up-to-date: /home/rsa2021/comp3431-team-neo/starter_code/install/point_pubsub/share/point_pubsub/environment/path.sh
[31.785s] -- Installing: /home/rsa2021/comp3431-team-neo/starter_code/install/point_pubsub/share/point_pubsub/environment/path.dsv
[31.785s] -- Installing: /home/rsa2021/comp3431-team-neo/starter_code/install/point_pubsub/share/point_pubsub/local_setup.bash
[31.786s] -- Installing: /home/rsa2021/comp3431-team-neo/starter_code/install/point_pubsub/share/point_pubsub/local_setup.sh
[31.787s] -- Installing: /home/rsa2021/comp3431-team-neo/starter_code/install/point_pubsub/share/point_pubsub/local_setup.zsh
[31.788s] -- Installing: /home/rsa2021/comp3431-team-neo/starter_code/install/point_pubsub/share/point_pubsub/local_setup.dsv
[31.788s] -- Installing: /home/rsa2021/comp3431-team-neo/starter_code/install/point_pubsub/share/point_pubsub/package.dsv
[31.788s] -- Installing: /home/rsa2021/comp3431-team-neo/starter_code/install/point_pubsub/share/ament_index/resource_index/packages/point_pubsub
[31.788s] -- Installing: /home/rsa2021/comp3431-team-neo/starter_code/install/point_pubsub/share/point_pubsub/cmake/point_pubsubConfig.cmake
[31.789s] -- Installing: /home/rsa2021/comp3431-team-neo/starter_code/install/point_pubsub/share/point_pubsub/cmake/point_pubsubConfig-version.cmake
[31.790s] -- Up-to-date: /home/rsa2021/comp3431-team-neo/starter_code/install/point_pubsub/share/point_pubsub/package.xml
[31.795s] Invoked command in '/home/rsa2021/comp3431-team-neo/starter_code/build/point_pubsub' returned '0': CMAKE_PREFIX_PATH=${CMAKE_PREFIX_PATH}:/opt/ros/foxy /usr/bin/cmake --install /home/rsa2021/comp3431-team-neo/starter_code/build/point_pubsub
