[0.113s] Invoking command in '/home/rsa2021/comp3431-team-neo/starter_code/build/point_pubsub': CMAKE_PREFIX_PATH=${CMAKE_PREFIX_PATH}:/opt/ros/foxy /usr/bin/cmake --build /home/rsa2021/comp3431-team-neo/starter_code/build/point_pubsub -- -j3 -l3
[0.979s] [35m[1mScanning dependencies of target point_tf[0m
[1.104s] [ 50%] [32mBuilding CXX object CMakeFiles/point_tf.dir/src/publisher_member_function.cpp.o[0m
[14.529s] In file included from [01m[K/usr/include/c++/9/ext/alloc_traits.h:36[m[K,
[14.529s]                  from [01m[K/usr/include/c++/9/bits/stl_construct.h:61[m[K,
[14.530s]                  from [01m[K/usr/include/c++/9/memory:64[m[K,
[14.530s]                  from [01m[K/home/rsa2021/comp3431-team-neo/starter_code/src/comp3431-rsa/point_pubsub/src/publisher_member_function.cpp:2[m[K:
[14.530s] /usr/include/c++/9/bits/alloc_traits.h: In instantiation of ‘[01m[Kstruct std::allocator_traits<std::allocator<geometry_msgs::msg::PointStamped_<std::allocator<void> >&> >[m[K’:
[14.531s] [01m[K/opt/ros/foxy/include/rclcpp/message_memory_strategy.hpp:47:9:[m[K   required from ‘[01m[Kclass rclcpp::message_memory_strategy::MessageMemoryStrategy<geometry_msgs::msg::PointStamped_<std::allocator<void> >&, std::allocator<void> >[m[K’
[14.531s] [01m[K/opt/ros/foxy/include/rclcpp/node_impl.hpp:91:1:[m[K   required by substitution of ‘[01m[Ktemplate<class MessageT, class CallbackT, class AllocatorT, class CallbackMessageT, class SubscriptionT, class MessageMemoryStrategyT> std::shared_ptr<SubscriptionT> rclcpp::Node::create_subscription(const string&, const rclcpp::QoS&, CallbackT&&, const rclcpp::SubscriptionOptionsWithAllocator<AllocatorT>&, typename MessageMemoryStrategyT::SharedPtr) [with MessageT = geometry_msgs::msg::PointStamped_<std::allocator<void> >; CallbackT = std::_Bind<visualization_msgs::msg::Marker_<std::allocator<void> > (PointTf::*(PointTf*, std::_Placeholder<1>))(geometry_msgs::msg::PointStamped_<std::allocator<void> >&)>; AllocatorT = std::allocator<void>; CallbackMessageT = geometry_msgs::msg::PointStamped_<std::allocator<void> >&; SubscriptionT = rclcpp::Subscription<geometry_msgs::msg::PointStamped_<std::allocator<void> >&, std::allocator<void>, rclcpp::message_memory_strategy::MessageMemoryStrategy<geometry_msgs::msg::PointStamped_<std::allocator<void> >&, std::allocator<void> > >; MessageMemoryStrategyT = rclcpp::message_memory_strategy::MessageMemoryStrategy<geometry_msgs::msg::PointStamped_<std::allocator<void> >&, std::allocator<void> >][m[K’
[14.531s] [01m[K/home/rsa2021/comp3431-team-neo/starter_code/src/comp3431-rsa/point_pubsub/src/publisher_member_function.cpp:30:62:[m[K   required from here
[14.531s] [01m[K/usr/include/c++/9/bits/alloc_traits.h:400:13:[m[K [01;31m[Kerror: [m[Kforming pointer to reference type ‘[01m[Kgeometry_msgs::msg::PointStamped_<std::allocator<void> >&[m[K’
[14.531s]   400 |       using [01;31m[Kpointer[m[K = _Tp*;
[14.532s]       |             [01;31m[K^~~~~~~[m[K
[14.532s] [01m[K/usr/include/c++/9/bits/alloc_traits.h:403:13:[m[K [01;31m[Kerror: [m[Kforming pointer to reference type ‘[01m[Kgeometry_msgs::msg::PointStamped_<std::allocator<void> >&[m[K’
[14.532s]   403 |       using [01;31m[Kconst_pointer[m[K = const _Tp*;
[14.532s]       |             [01;31m[K^~~~~~~~~~~~~[m[K
[14.768s] In file included from [01m[K/usr/include/c++/9/memory:80[m[K,
[14.768s]                  from [01m[K/home/rsa2021/comp3431-team-neo/starter_code/src/comp3431-rsa/point_pubsub/src/publisher_member_function.cpp:2[m[K:
[14.768s] /usr/include/c++/9/bits/unique_ptr.h: In instantiation of ‘[01m[Kstruct std::default_delete<geometry_msgs::msg::PointStamped_<std::allocator<void> >&>[m[K’:
[14.769s] [01m[K/opt/ros/foxy/include/rclcpp/message_memory_strategy.hpp:119:18:[m[K   required from ‘[01m[Kclass rclcpp::message_memory_strategy::MessageMemoryStrategy<geometry_msgs::msg::PointStamped_<std::allocator<void> >&, std::allocator<void> >[m[K’
[14.772s] [01m[K/opt/ros/foxy/include/rclcpp/node_impl.hpp:91:1:[m[K   required by substitution of ‘[01m[Ktemplate<class MessageT, class CallbackT, class AllocatorT, class CallbackMessageT, class SubscriptionT, class MessageMemoryStrategyT> std::shared_ptr<SubscriptionT> rclcpp::Node::create_subscription(const string&, const rclcpp::QoS&, CallbackT&&, const rclcpp::SubscriptionOptionsWithAllocator<AllocatorT>&, typename MessageMemoryStrategyT::SharedPtr) [with MessageT = geometry_msgs::msg::PointStamped_<std::allocator<void> >; CallbackT = std::_Bind<visualization_msgs::msg::Marker_<std::allocator<void> > (PointTf::*(PointTf*, std::_Placeholder<1>))(geometry_msgs::msg::PointStamped_<std::allocator<void> >&)>; AllocatorT = std::allocator<void>; CallbackMessageT = geometry_msgs::msg::PointStamped_<std::allocator<void> >&; SubscriptionT = rclcpp::Subscription<geometry_msgs::msg::PointStamped_<std::allocator<void> >&, std::allocator<void>, rclcpp::message_memory_strategy::MessageMemoryStrategy<geometry_msgs::msg::PointStamped_<std::allocator<void> >&, std::allocator<void> > >; MessageMemoryStrategyT = rclcpp::message_memory_strategy::MessageMemoryStrategy<geometry_msgs::msg::PointStamped_<std::allocator<void> >&, std::allocator<void> >][m[K’
[14.773s] [01m[K/home/rsa2021/comp3431-team-neo/starter_code/src/comp3431-rsa/point_pubsub/src/publisher_member_function.cpp:30:62:[m[K   required from here
[14.774s] [01m[K/usr/include/c++/9/bits/unique_ptr.h:71:9:[m[K [01;31m[Kerror: [m[Kforming pointer to reference type ‘[01m[Kgeometry_msgs::msg::PointStamped_<std::allocator<void> >&[m[K’
[14.774s]    71 |         [01;31m[Kdefault_delete[m[K(const default_delete<_Up>&) noexcept { }
[14.774s]       |         [01;31m[K^~~~~~~~~~~~~~[m[K
[14.779s] [01m[K/usr/include/c++/9/bits/unique_ptr.h:75:7:[m[K [01;31m[Kerror: [m[Kforming pointer to reference type ‘[01m[Kgeometry_msgs::msg::PointStamped_<std::allocator<void> >&[m[K’
[14.779s]    75 |       [01;31m[Koperator[m[K()(_Tp* __ptr) const
[14.779s]       |       [01;31m[K^~~~~~~~[m[K
[14.899s] In file included from [01m[K/opt/ros/foxy/include/rclcpp/subscription_base.hpp:29[m[K,
[14.899s]                  from [01m[K/opt/ros/foxy/include/rclcpp/callback_group.hpp:26[m[K,
[14.899s]                  from [01m[K/opt/ros/foxy/include/rclcpp/any_executable.hpp:20[m[K,
[14.899s]                  from [01m[K/opt/ros/foxy/include/rclcpp/memory_strategy.hpp:24[m[K,
[14.900s]                  from [01m[K/opt/ros/foxy/include/rclcpp/memory_strategies.hpp:18[m[K,
[14.900s]                  from [01m[K/opt/ros/foxy/include/rclcpp/executor_options.hpp:20[m[K,
[14.900s]                  from [01m[K/opt/ros/foxy/include/rclcpp/executor.hpp:33[m[K,
[14.900s]                  from [01m[K/opt/ros/foxy/include/rclcpp/executors/multi_threaded_executor.hpp:25[m[K,
[14.901s]                  from [01m[K/opt/ros/foxy/include/rclcpp/executors.hpp:21[m[K,
[14.901s]                  from [01m[K/opt/ros/foxy/include/rclcpp/rclcpp.hpp:146[m[K,
[14.901s]                  from [01m[K/home/rsa2021/comp3431-team-neo/starter_code/src/comp3431-rsa/point_pubsub/src/publisher_member_function.cpp:4[m[K:
[14.901s] /opt/ros/foxy/include/rclcpp/any_subscription_callback.hpp: In instantiation of ‘[01m[Kclass rclcpp::AnySubscriptionCallback<geometry_msgs::msg::PointStamped_<std::allocator<void> >&, std::allocator<void> >[m[K’:
[14.902s] [01m[K/opt/ros/foxy/include/rclcpp/subscription.hpp:327:57:[m[K   required from ‘[01m[Kclass rclcpp::Subscription<geometry_msgs::msg::PointStamped_<std::allocator<void> >&, std::allocator<void>, rclcpp::message_memory_strategy::MessageMemoryStrategy<geometry_msgs::msg::PointStamped_<std::allocator<void> >&, std::allocator<void> > >[m[K’
[14.903s] [01m[K/usr/include/c++/9/type_traits:1320:45:[m[K   required by substitution of ‘[01m[Ktemplate<class _From1, class _To1, class> static std::true_type std::__is_convertible_helper<rclcpp::Subscription<geometry_msgs::msg::PointStamped_<std::allocator<void> >&, std::allocator<void>, rclcpp::message_memory_strategy::MessageMemoryStrategy<geometry_msgs::msg::PointStamped_<std::allocator<void> >&, std::allocator<void> > >*, rclcpp::Publisher<geometry_msgs::msg::PointStamped_<std::allocator<void> > >*, false>::__test<_From1, _To1, <template-parameter-1-3> >(int) [with _From1 = rclcpp::Subscription<geometry_msgs::msg::PointStamped_<std::allocator<void> >&, std::allocator<void>, rclcpp::message_memory_strategy::MessageMemoryStrategy<geometry_msgs::msg::PointStamped_<std::allocator<void> >&, std::allocator<void> > >*; _To1 = rclcpp::Publisher<geometry_msgs::msg::PointStamped_<std::allocator<void> > >*; <template-parameter-1-3> = <missing>][m[K’
[14.903s] [01m[K/usr/include/c++/9/type_traits:1329:42:[m[K   required from ‘[01m[Kstruct std::__is_convertible_helper<rclcpp::Subscription<geometry_msgs::msg::PointStamped_<std::allocator<void> >&, std::allocator<void>, rclcpp::message_memory_strategy::MessageMemoryStrategy<geometry_msgs::msg::PointStamped_<std::allocator<void> >&, std::allocator<void> > >*, rclcpp::Publisher<geometry_msgs::msg::PointStamped_<std::allocator<void> > >*, false>[m[K’
[14.904s] [01m[K/usr/include/c++/9/type_traits:1335:12:[m[K   required from ‘[01m[Kstruct std::is_convertible<rclcpp::Subscription<geometry_msgs::msg::PointStamped_<std::allocator<void> >&, std::allocator<void>, rclcpp::message_memory_strategy::MessageMemoryStrategy<geometry_msgs::msg::PointStamped_<std::allocator<void> >&, std::allocator<void> > >*, rclcpp::Publisher<geometry_msgs::msg::PointStamped_<std::allocator<void> > >*>[m[K’
[14.904s] [01m[K/usr/include/c++/9/bits/shared_ptr_base.h:927:12:[m[K   [ skipping 2 instantiation contexts, use -ftemplate-backtrace-limit=0 to disable ]
[14.904s] [01m[K/usr/include/c++/9/bits/shared_ptr_base.h:1099:8:[m[K   required by substitution of ‘[01m[Ktemplate<class _Tp, __gnu_cxx::_Lock_policy _Lp> template<class _Yp> using _Assignable = std::__shared_ptr<_Tp, _Lp>::_Compatible<_Yp, std::__shared_ptr<_Tp, _Lp>&> [with _Yp = rclcpp::Subscription<geometry_msgs::msg::PointStamped_<std::allocator<void> >&, std::allocator<void>, rclcpp::message_memory_strategy::MessageMemoryStrategy<geometry_msgs::msg::PointStamped_<std::allocator<void> >&, std::allocator<void> > >; _Tp = rclcpp::Publisher<geometry_msgs::msg::PointStamped_<std::allocator<void> > >; __gnu_cxx::_Lock_policy _Lp = __gnu_cxx::_S_atomic][m[K’
[14.909s] [01m[K/usr/include/c++/9/bits/shared_ptr_base.h:1271:2:[m[K   required by substitution of ‘[01m[Ktemplate<class _Yp> std::__shared_ptr<rclcpp::Publisher<geometry_msgs::msg::PointStamped_<std::allocator<void> > >, __gnu_cxx::_S_atomic>::_Assignable<_Yp> std::__shared_ptr<rclcpp::Publisher<geometry_msgs::msg::PointStamped_<std::allocator<void> > >, __gnu_cxx::_S_atomic>::operator=<_Yp>(std::__shared_ptr<_Tp>&&) [with _Yp = rclcpp::Subscription<geometry_msgs::msg::PointStamped_<std::allocator<void> >&, std::allocator<void>, rclcpp::message_memory_strategy::MessageMemoryStrategy<geometry_msgs::msg::PointStamped_<std::allocator<void> >&, std::allocator<void> > >][m[K’
[14.909s] [01m[K/usr/include/c++/9/type_traits:1017:12:[m[K   required from ‘[01m[Kstruct std::is_assignable<std::__shared_ptr<rclcpp::Publisher<geometry_msgs::msg::PointStamped_<std::allocator<void> > >, __gnu_cxx::_S_atomic>&, std::shared_ptr<rclcpp::Subscription<geometry_msgs::msg::PointStamped_<std::allocator<void> >&, std::allocator<void>, rclcpp::message_memory_strategy::MessageMemoryStrategy<geometry_msgs::msg::PointStamped_<std::allocator<void> >&, std::allocator<void> > > > >[m[K’
[14.909s] [01m[K/usr/include/c++/9/bits/shared_ptr.h:111:8:[m[K   required by substitution of ‘[01m[Ktemplate<class _Tp> template<class _Arg> using _Assignable = typename std::enable_if<std::is_assignable<std::__shared_ptr<_Tp>&, _Arg>::value, std::shared_ptr<_Tp>&>::type [with _Arg = std::shared_ptr<rclcpp::Subscription<geometry_msgs::msg::PointStamped_<std::allocator<void> >&, std::allocator<void>, rclcpp::message_memory_strategy::MessageMemoryStrategy<geometry_msgs::msg::PointStamped_<std::allocator<void> >&, std::allocator<void> > > >; _Tp = rclcpp::Publisher<geometry_msgs::msg::PointStamped_<std::allocator<void> > >][m[K’
[14.909s] [01m[K/usr/include/c++/9/bits/shared_ptr.h:341:2:[m[K   required by substitution of ‘[01m[Ktemplate<class _Yp> std::shared_ptr<rclcpp::Publisher<geometry_msgs::msg::PointStamped_<std::allocator<void> > > >::_Assignable<std::shared_ptr<_Tp> > std::shared_ptr<rclcpp::Publisher<geometry_msgs::msg::PointStamped_<std::allocator<void> > > >::operator=<_Yp>(std::shared_ptr<_Tp>&&) [with _Yp = rclcpp::Subscription<geometry_msgs::msg::PointStamped_<std::allocator<void> >&, std::allocator<void>, rclcpp::message_memory_strategy::MessageMemoryStrategy<geometry_msgs::msg::PointStamped_<std::allocator<void> >&, std::allocator<void> > >][m[K’
[14.910s] [01m[K/home/rsa2021/comp3431-team-neo/starter_code/src/comp3431-rsa/point_pubsub/src/publisher_member_function.cpp:30:62:[m[K   required from here
[14.918s] [01m[K/opt/ros/foxy/include/rclcpp/any_subscription_callback.hpp:111:8:[m[K [01;31m[Kerror: [m[K‘[01m[Ktemplate<class CallbackT, typename std::enable_if<rclcpp::function_traits::same_arguments<CallbackT, std::function<void(std::shared_ptr<geometry_msgs::msg::PointStamped_<std::allocator<void> >&>)> >::value, void>::type* <anonymous> > void rclcpp::AnySubscriptionCallback<MessageT, Alloc>::set(CallbackT) [with CallbackT = CallbackT; typename std::enable_if<rclcpp::function_traits::same_arguments<CallbackT, std::function<void(std::shared_ptr<const _Tp>)> >::value>::type* <anonymous> = <enumerator>; MessageT = geometry_msgs::msg::PointStamped_<std::allocator<void> >&; Alloc = std::allocator<void>][m[K’ cannot be overloaded with ‘[01m[Ktemplate<class CallbackT, typename std::enable_if<rclcpp::function_traits::same_arguments<CallbackT, std::function<void(std::shared_ptr<geometry_msgs::msg::PointStamped_<std::allocator<void> >&>)> >::value, void>::type* <anonymous> > void rclcpp::AnySubscriptionCallback<MessageT, Alloc>::set(CallbackT) [with CallbackT = CallbackT; typename std::enable_if<rclcpp::function_traits::same_arguments<CallbackT, std::function<void(std::shared_ptr<_Tp>)> >::value>::type* <anonymous> = <enumerator>; MessageT = geometry_msgs::msg::PointStamped_<std::allocator<void> >&; Alloc = std::allocator<void>][m[K’
[14.919s]   111 |   void [01;31m[Kset[m[K(CallbackT callback)
[14.919s]       |        [01;31m[K^~~[m[K
[14.919s] [01m[K/opt/ros/foxy/include/rclcpp/any_subscription_callback.hpp:83:8:[m[K [01;36m[Knote: [m[Kprevious declaration ‘[01m[Ktemplate<class CallbackT, typename std::enable_if<rclcpp::function_traits::same_arguments<CallbackT, std::function<void(std::shared_ptr<geometry_msgs::msg::PointStamped_<std::allocator<void> >&>)> >::value, void>::type* <anonymous> > void rclcpp::AnySubscriptionCallback<MessageT, Alloc>::set(CallbackT) [with CallbackT = CallbackT; typename std::enable_if<rclcpp::function_traits::same_arguments<CallbackT, std::function<void(std::shared_ptr<_Tp>)> >::value>::type* <anonymous> = <enumerator>; MessageT = geometry_msgs::msg::PointStamped_<std::allocator<void> >&; Alloc = std::allocator<void>][m[K’
[14.919s]    83 |   void [01;36m[Kset[m[K(CallbackT callback)
[14.919s]       |        [01;36m[K^~~[m[K
[14.922s] [01m[K/opt/ros/foxy/include/rclcpp/any_subscription_callback.hpp:125:8:[m[K [01;31m[Kerror: [m[K‘[01m[Ktemplate<class CallbackT, typename std::enable_if<rclcpp::function_traits::same_arguments<CallbackT, std::function<void(std::shared_ptr<geometry_msgs::msg::PointStamped_<std::allocator<void> >&>, const rclcpp::MessageInfo&)> >::value, void>::type* <anonymous> > void rclcpp::AnySubscriptionCallback<MessageT, Alloc>::set(CallbackT) [with CallbackT = CallbackT; typename std::enable_if<rclcpp::function_traits::same_arguments<CallbackT, std::function<void(std::shared_ptr<const _Tp>, const rclcpp::MessageInfo&)> >::value>::type* <anonymous> = <enumerator>; MessageT = geometry_msgs::msg::PointStamped_<std::allocator<void> >&; Alloc = std::allocator<void>][m[K’ cannot be overloaded with ‘[01m[Ktemplate<class CallbackT, typename std::enable_if<rclcpp::function_traits::same_arguments<CallbackT, std::function<void(std::shared_ptr<geometry_msgs::msg::PointStamped_<std::allocator<void> >&>, const rclcpp::MessageInfo&)> >::value, void>::type* <anonymous> > void rclcpp::AnySubscriptionCallback<MessageT, Alloc>::set(CallbackT) [with CallbackT = CallbackT; typename std::enable_if<rclcpp::function_traits::same_arguments<CallbackT, std::function<void(std::shared_ptr<_Tp>, const rclcpp::MessageInfo&)> >::value>::type* <anonymous> = <enumerator>; MessageT = geometry_msgs::msg::PointStamped_<std::allocator<void> >&; Alloc = std::allocator<void>][m[K’
[14.923s]   125 |   void [01;31m[Kset[m[K(CallbackT callback)
[14.923s]       |        [01;31m[K^~~[m[K
[14.923s] [01m[K/opt/ros/foxy/include/rclcpp/any_subscription_callback.hpp:97:8:[m[K [01;36m[Knote: [m[Kprevious declaration ‘[01m[Ktemplate<class CallbackT, typename std::enable_if<rclcpp::function_traits::same_arguments<CallbackT, std::function<void(std::shared_ptr<geometry_msgs::msg::PointStamped_<std::allocator<void> >&>, const rclcpp::MessageInfo&)> >::value, void>::type* <anonymous> > void rclcpp::AnySubscriptionCallback<MessageT, Alloc>::set(CallbackT) [with CallbackT = CallbackT; typename std::enable_if<rclcpp::function_traits::same_arguments<CallbackT, std::function<void(std::shared_ptr<_Tp>, const rclcpp::MessageInfo&)> >::value>::type* <anonymous> = <enumerator>; MessageT = geometry_msgs::msg::PointStamped_<std::allocator<void> >&; Alloc = std::allocator<void>][m[K’
[14.923s]    97 |   void [01;36m[Kset[m[K(CallbackT callback)
[14.923s]       |        [01;36m[K^~~[m[K
[14.925s] [01m[K/home/rsa2021/comp3431-team-neo/starter_code/src/comp3431-rsa/point_pubsub/src/publisher_member_function.cpp:[m[K In constructor ‘[01m[KPointTf::PointTf()[m[K’:
[14.925s] [01m[K/home/rsa2021/comp3431-team-neo/starter_code/src/comp3431-rsa/point_pubsub/src/publisher_member_function.cpp:30:62:[m[K [01;31m[Kerror: [m[Kno match for ‘[01m[Koperator=[m[K’ (operand types are ‘[01m[Krclcpp::Publisher<geometry_msgs::msg::PointStamped_<std::allocator<void> > >::SharedPtr[m[K’ {aka ‘[01m[Kstd::shared_ptr<rclcpp::Publisher<geometry_msgs::msg::PointStamped_<std::allocator<void> > > >[m[K’} and ‘[01m[Kstd::shared_ptr<rclcpp::Subscription<geometry_msgs::msg::PointStamped_<std::allocator<void> >&, std::allocator<void>, rclcpp::message_memory_strategy::MessageMemoryStrategy<geometry_msgs::msg::PointStamped_<std::allocator<void> >&, std::allocator<void> > > >[m[K’)
[14.925s]    30 |       "testPoint", 10, std::bind(&PointTf::convert, this, _1)[01;31m[K)[m[K;
[14.925s]       |                                                              [01;31m[K^[m[K
[14.929s] In file included from [01m[K/usr/include/c++/9/memory:81[m[K,
[14.929s]                  from [01m[K/home/rsa2021/comp3431-team-neo/starter_code/src/comp3431-rsa/point_pubsub/src/publisher_member_function.cpp:2[m[K:
[14.929s] [01m[K/usr/include/c++/9/bits/shared_ptr.h:309:19:[m[K [01;36m[Knote: [m[Kcandidate: ‘[01m[Kstd::shared_ptr<_Tp>& std::shared_ptr<_Tp>::operator=(const std::shared_ptr<_Tp>&) [with _Tp = rclcpp::Publisher<geometry_msgs::msg::PointStamped_<std::allocator<void> > >][m[K’
[14.929s]   309 |       shared_ptr& [01;36m[Koperator[m[K=(const shared_ptr&) noexcept = default;
[14.930s]       |                   [01;36m[K^~~~~~~~[m[K
[14.930s] [01m[K/usr/include/c++/9/bits/shared_ptr.h:309:29:[m[K [01;36m[Knote: [m[K  no known conversion for argument 1 from ‘[01m[Kstd::shared_ptr<rclcpp::Subscription<geometry_msgs::msg::PointStamped_<std::allocator<void> >&, std::allocator<void>, rclcpp::message_memory_strategy::MessageMemoryStrategy<geometry_msgs::msg::PointStamped_<std::allocator<void> >&, std::allocator<void> > > >[m[K’ to ‘[01m[Kconst std::shared_ptr<rclcpp::Publisher<geometry_msgs::msg::PointStamped_<std::allocator<void> > > >&[m[K’
[14.930s]   309 |       shared_ptr& operator=([01;36m[Kconst shared_ptr&[m[K) noexcept = default;
[14.931s]       |                             [01;36m[K^~~~~~~~~~~~~~~~~[m[K
[14.931s] [01m[K/usr/include/c++/9/bits/shared_ptr.h:313:2:[m[K [01;36m[Knote: [m[Kcandidate: ‘[01m[Ktemplate<class _Yp> std::shared_ptr<_Tp>::_Assignable<const std::shared_ptr<_Yp>&> std::shared_ptr<_Tp>::operator=(const std::shared_ptr<_Yp>&) [with _Yp = _Yp; _Tp = rclcpp::Publisher<geometry_msgs::msg::PointStamped_<std::allocator<void> > >][m[K’
[14.931s]   313 |  [01;36m[Koperator[m[K=(const shared_ptr<_Yp>& __r) noexcept
[14.931s]       |  [01;36m[K^~~~~~~~[m[K
[14.932s] [01m[K/usr/include/c++/9/bits/shared_ptr.h:313:2:[m[K [01;36m[Knote: [m[K  template argument deduction/substitution failed:
[14.932s] /usr/include/c++/9/bits/shared_ptr.h: In substitution of ‘[01m[Ktemplate<class _Tp> template<class _Arg> using _Assignable = typename std::enable_if<std::is_assignable<std::__shared_ptr<_Tp>&, _Arg>::value, std::shared_ptr<_Tp>&>::type [with _Arg = const std::shared_ptr<rclcpp::Subscription<geometry_msgs::msg::PointStamped_<std::allocator<void> >&, std::allocator<void>, rclcpp::message_memory_strategy::MessageMemoryStrategy<geometry_msgs::msg::PointStamped_<std::allocator<void> >&, std::allocator<void> > > >&; _Tp = rclcpp::Publisher<geometry_msgs::msg::PointStamped_<std::allocator<void> > >][m[K’:
[14.932s] [01m[K/usr/include/c++/9/bits/shared_ptr.h:313:2:[m[K   required by substitution of ‘[01m[Ktemplate<class _Yp> std::shared_ptr<rclcpp::Publisher<geometry_msgs::msg::PointStamped_<std::allocator<void> > > >::_Assignable<const std::shared_ptr<_Tp>&> std::shared_ptr<rclcpp::Publisher<geometry_msgs::msg::PointStamped_<std::allocator<void> > > >::operator=<_Yp>(const std::shared_ptr<_Tp>&) [with _Yp = rclcpp::Subscription<geometry_msgs::msg::PointStamped_<std::allocator<void> >&, std::allocator<void>, rclcpp::message_memory_strategy::MessageMemoryStrategy<geometry_msgs::msg::PointStamped_<std::allocator<void> >&, std::allocator<void> > >][m[K’
[14.932s] [01m[K/home/rsa2021/comp3431-team-neo/starter_code/src/comp3431-rsa/point_pubsub/src/publisher_member_function.cpp:30:62:[m[K   required from here
[14.933s] [01m[K/usr/include/c++/9/bits/shared_ptr.h:111:8:[m[K [01;31m[Kerror: [m[Kno type named ‘[01m[Ktype[m[K’ in ‘[01m[Kstruct std::enable_if<false, std::shared_ptr<rclcpp::Publisher<geometry_msgs::msg::PointStamped_<std::allocator<void> > > >&>[m[K’
[14.933s]   111 |  using [01;31m[K_Assignable[m[K = typename enable_if<
[14.933s]       |        [01;31m[K^~~~~~~~~~~[m[K
[14.933s] [01m[K/usr/include/c++/9/bits/shared_ptr.h:324:2:[m[K [01;36m[Knote: [m[Kcandidate: ‘[01m[Ktemplate<class _Yp> std::shared_ptr<_Tp>::_Assignable<std::auto_ptr<_Up> > std::shared_ptr<_Tp>::operator=(std::auto_ptr<_Up>&&) [with _Yp = _Yp; _Tp = rclcpp::Publisher<geometry_msgs::msg::PointStamped_<std::allocator<void> > >][m[K’
[14.933s]   324 |  [01;36m[Koperator[m[K=(auto_ptr<_Yp>&& __r)
[14.933s]       |  [01;36m[K^~~~~~~~[m[K
[14.933s] [01m[K/usr/include/c++/9/bits/shared_ptr.h:324:2:[m[K [01;36m[Knote: [m[K  template argument deduction/substitution failed:
[14.933s] [01m[K/home/rsa2021/comp3431-team-neo/starter_code/src/comp3431-rsa/point_pubsub/src/publisher_member_function.cpp:30:62:[m[K [01;36m[Knote: [m[K  ‘[01m[Kstd::shared_ptr<rclcpp::Subscription<geometry_msgs::msg::PointStamped_<std::allocator<void> >&, std::allocator<void>, rclcpp::message_memory_strategy::MessageMemoryStrategy<geometry_msgs::msg::PointStamped_<std::allocator<void> >&, std::allocator<void> > > >[m[K’ is not derived from ‘[01m[Kstd::auto_ptr<_Up>[m[K’
[14.933s]    30 |       "testPoint", 10, std::bind(&PointTf::convert, this, _1)[01;36m[K)[m[K;
[14.933s]       |                                                              [01;36m[K^[m[K
[14.934s] In file included from [01m[K/usr/include/c++/9/memory:81[m[K,
[14.934s]                  from [01m[K/home/rsa2021/comp3431-team-neo/starter_code/src/comp3431-rsa/point_pubsub/src/publisher_member_function.cpp:2[m[K:
[14.943s] [01m[K/usr/include/c++/9/bits/shared_ptr.h:333:7:[m[K [01;36m[Knote: [m[Kcandidate: ‘[01m[Kstd::shared_ptr<_Tp>& std::shared_ptr<_Tp>::operator=(std::shared_ptr<_Tp>&&) [with _Tp = rclcpp::Publisher<geometry_msgs::msg::PointStamped_<std::allocator<void> > >][m[K’
[14.943s]   333 |       [01;36m[Koperator[m[K=(shared_ptr&& __r) noexcept
[14.943s]       |       [01;36m[K^~~~~~~~[m[K
[14.943s] [01m[K/usr/include/c++/9/bits/shared_ptr.h:333:30:[m[K [01;36m[Knote: [m[K  no known conversion for argument 1 from ‘[01m[Kstd::shared_ptr<rclcpp::Subscription<geometry_msgs::msg::PointStamped_<std::allocator<void> >&, std::allocator<void>, rclcpp::message_memory_strategy::MessageMemoryStrategy<geometry_msgs::msg::PointStamped_<std::allocator<void> >&, std::allocator<void> > > >[m[K’ to ‘[01m[Kstd::shared_ptr<rclcpp::Publisher<geometry_msgs::msg::PointStamped_<std::allocator<void> > > >&&[m[K’
[14.943s]   333 |       operator=([01;36m[Kshared_ptr&& __r[m[K) noexcept
[14.943s]       |                 [01;36m[K~~~~~~~~~~~~~^~~[m[K
[14.944s] [01m[K/usr/include/c++/9/bits/shared_ptr.h:341:2:[m[K [01;36m[Knote: [m[Kcandidate: ‘[01m[Ktemplate<class _Yp> std::shared_ptr<_Tp>::_Assignable<std::shared_ptr<_Yp> > std::shared_ptr<_Tp>::operator=(std::shared_ptr<_Yp>&&) [with _Yp = _Yp; _Tp = rclcpp::Publisher<geometry_msgs::msg::PointStamped_<std::allocator<void> > >][m[K’
[14.944s]   341 |  [01;36m[Koperator[m[K=(shared_ptr<_Yp>&& __r) noexcept
[14.944s]       |  [01;36m[K^~~~~~~~[m[K
[14.945s] [01m[K/usr/include/c++/9/bits/shared_ptr.h:341:2:[m[K [01;36m[Knote: [m[K  substitution of deduced template arguments resulted in errors seen above
[14.945s] [01m[K/usr/include/c++/9/bits/shared_ptr.h:349:2:[m[K [01;36m[Knote: [m[Kcandidate: ‘[01m[Ktemplate<class _Yp, class _Del> std::shared_ptr<_Tp>::_Assignable<std::unique_ptr<_Up, _Ep> > std::shared_ptr<_Tp>::operator=(std::unique_ptr<_Up, _Ep>&&) [with _Yp = _Yp; _Del = _Del; _Tp = rclcpp::Publisher<geometry_msgs::msg::PointStamped_<std::allocator<void> > >][m[K’
[14.945s]   349 |  [01;36m[Koperator[m[K=(unique_ptr<_Yp, _Del>&& __r)
[14.945s]       |  [01;36m[K^~~~~~~~[m[K
[14.945s] [01m[K/usr/include/c++/9/bits/shared_ptr.h:349:2:[m[K [01;36m[Knote: [m[K  template argument deduction/substitution failed:
[14.945s] [01m[K/home/rsa2021/comp3431-team-neo/starter_code/src/comp3431-rsa/point_pubsub/src/publisher_member_function.cpp:30:62:[m[K [01;36m[Knote: [m[K  ‘[01m[Kstd::shared_ptr<rclcpp::Subscription<geometry_msgs::msg::PointStamped_<std::allocator<void> >&, std::allocator<void>, rclcpp::message_memory_strategy::MessageMemoryStrategy<geometry_msgs::msg::PointStamped_<std::allocator<void> >&, std::allocator<void> > > >[m[K’ is not derived from ‘[01m[Kstd::unique_ptr<_Tp, _Dp>[m[K’
[14.946s]    30 |       "testPoint", 10, std::bind(&PointTf::convert, this, _1)[01;36m[K)[m[K;
[14.946s]       |                                                              [01;36m[K^[m[K
[17.373s] In file included from [01m[K/opt/ros/foxy/include/rclcpp/node_interfaces/node_topics_interface.hpp:32[m[K,
[17.374s]                  from [01m[K/opt/ros/foxy/include/rclcpp/node.hpp:55[m[K,
[17.374s]                  from [01m[K/opt/ros/foxy/include/rclcpp/executors/single_threaded_executor.hpp:28[m[K,
[17.374s]                  from [01m[K/opt/ros/foxy/include/rclcpp/executors.hpp:22[m[K,
[17.374s]                  from [01m[K/opt/ros/foxy/include/rclcpp/rclcpp.hpp:146[m[K,
[17.374s]                  from [01m[K/home/rsa2021/comp3431-team-neo/starter_code/src/comp3431-rsa/point_pubsub/src/publisher_member_function.cpp:4[m[K:
[17.375s] /opt/ros/foxy/include/rclcpp/subscription_factory.hpp: In instantiation of ‘[01m[Krclcpp::SubscriptionFactory rclcpp::create_subscription_factory(CallbackT&&, const rclcpp::SubscriptionOptionsWithAllocator<AllocatorT>&, typename MessageMemoryStrategyT::SharedPtr, std::shared_ptr<rclcpp::topic_statistics::SubscriptionTopicStatistics<CallbackMessageT> >) [with MessageT = geometry_msgs::msg::PointStamped_<std::allocator<void> >; CallbackT = std::_Bind<visualization_msgs::msg::Marker_<std::allocator<void> > (PointTf::*(PointTf*, std::_Placeholder<1>))(geometry_msgs::msg::PointStamped_<std::allocator<void> >&)>; AllocatorT = std::allocator<void>; CallbackMessageT = geometry_msgs::msg::PointStamped_<std::allocator<void> >&; SubscriptionT = rclcpp::Subscription<geometry_msgs::msg::PointStamped_<std::allocator<void> >&, std::allocator<void>, rclcpp::message_memory_strategy::MessageMemoryStrategy<geometry_msgs::msg::PointStamped_<std::allocator<void> >&, std::allocator<void> > >; MessageMemoryStrategyT = rclcpp::message_memory_strategy::MessageMemoryStrategy<geometry_msgs::msg::PointStamped_<std::allocator<void> >&, std::allocator<void> >; typename MessageMemoryStrategyT::SharedPtr = std::shared_ptr<rclcpp::message_memory_strategy::MessageMemoryStrategy<geometry_msgs::msg::PointStamped_<std::allocator<void> >&, std::allocator<void> > >][m[K’:
[17.375s] [01m[K/opt/ros/foxy/include/rclcpp/create_subscription.hpp:144:63:[m[K   required from ‘[01m[Kstd::shared_ptr<SubscriptionT> rclcpp::create_subscription(NodeT&&, const string&, const rclcpp::QoS&, CallbackT&&, const rclcpp::SubscriptionOptionsWithAllocator<AllocatorT>&, typename MessageMemoryStrategyT::SharedPtr) [with MessageT = geometry_msgs::msg::PointStamped_<std::allocator<void> >; CallbackT = std::_Bind<visualization_msgs::msg::Marker_<std::allocator<void> > (PointTf::*(PointTf*, std::_Placeholder<1>))(geometry_msgs::msg::PointStamped_<std::allocator<void> >&)>; AllocatorT = std::allocator<void>; CallbackMessageT = geometry_msgs::msg::PointStamped_<std::allocator<void> >&; SubscriptionT = rclcpp::Subscription<geometry_msgs::msg::PointStamped_<std::allocator<void> >&, std::allocator<void>, rclcpp::message_memory_strategy::MessageMemoryStrategy<geometry_msgs::msg::PointStamped_<std::allocator<void> >&, std::allocator<void> > >; MessageMemoryStrategyT = rclcpp::message_memory_strategy::MessageMemoryStrategy<geometry_msgs::msg::PointStamped_<std::allocator<void> >&, std::allocator<void> >; NodeT = rclcpp::Node&; std::string = std::__cxx11::basic_string<char>; typename MessageMemoryStrategyT::SharedPtr = std::shared_ptr<rclcpp::message_memory_strategy::MessageMemoryStrategy<geometry_msgs::msg::PointStamped_<std::allocator<void> >&, std::allocator<void> > >][m[K’
[17.375s] [01m[K/opt/ros/foxy/include/rclcpp/node_impl.hpp:98:47:[m[K   required from ‘[01m[Kstd::shared_ptr<SubscriptionT> rclcpp::Node::create_subscription(const string&, const rclcpp::QoS&, CallbackT&&, const rclcpp::SubscriptionOptionsWithAllocator<AllocatorT>&, typename MessageMemoryStrategyT::SharedPtr) [with MessageT = geometry_msgs::msg::PointStamped_<std::allocator<void> >; CallbackT = std::_Bind<visualization_msgs::msg::Marker_<std::allocator<void> > (PointTf::*(PointTf*, std::_Placeholder<1>))(geometry_msgs::msg::PointStamped_<std::allocator<void> >&)>; AllocatorT = std::allocator<void>; CallbackMessageT = geometry_msgs::msg::PointStamped_<std::allocator<void> >&; SubscriptionT = rclcpp::Subscription<geometry_msgs::msg::PointStamped_<std::allocator<void> >&, std::allocator<void>, rclcpp::message_memory_strategy::MessageMemoryStrategy<geometry_msgs::msg::PointStamped_<std::allocator<void> >&, std::allocator<void> > >; MessageMemoryStrategyT = rclcpp::message_memory_strategy::MessageMemoryStrategy<geometry_msgs::msg::PointStamped_<std::allocator<void> >&, std::allocator<void> >; std::string = std::__cxx11::basic_string<char>; typename MessageMemoryStrategyT::SharedPtr = std::shared_ptr<rclcpp::message_memory_strategy::MessageMemoryStrategy<geometry_msgs::msg::PointStamped_<std::allocator<void> >&, std::allocator<void> > >][m[K’
[17.375s] [01m[K/home/rsa2021/comp3431-team-neo/starter_code/src/comp3431-rsa/point_pubsub/src/publisher_member_function.cpp:30:62:[m[K   required from here
[17.375s] [01m[K/opt/ros/foxy/include/rclcpp/subscription_factory.hpp:97:3:[m[K [01;31m[Kerror: [m[Kno matching function for call to ‘[01m[Krclcpp::AnySubscriptionCallback<geometry_msgs::msg::PointStamped_<std::allocator<void> >&, std::allocator<void> >::set(std::_Bind<visualization_msgs::msg::Marker_<std::allocator<void> > (PointTf::*(PointTf*, std::_Placeholder<1>))(geometry_msgs::msg::PointStamped_<std::allocator<void> >&)>)[m[K’
[17.376s]    97 |   [01;31m[Kany_subscription_callback[m[K.set(std::forward<CallbackT>(callback));
[17.376s]       |   [01;31m[K^~~~~~~~~~~~~~~~~~~~~~~~~[m[K
[17.378s] In file included from [01m[K/opt/ros/foxy/include/rclcpp/subscription_base.hpp:29[m[K,
[17.378s]                  from [01m[K/opt/ros/foxy/include/rclcpp/callback_group.hpp:26[m[K,
[17.378s]                  from [01m[K/opt/ros/foxy/include/rclcpp/any_executable.hpp:20[m[K,
[17.378s]                  from [01m[K/opt/ros/foxy/include/rclcpp/memory_strategy.hpp:24[m[K,
[17.379s]                  from [01m[K/opt/ros/foxy/include/rclcpp/memory_strategies.hpp:18[m[K,
[17.382s]                  from [01m[K/opt/ros/foxy/include/rclcpp/executor_options.hpp:20[m[K,
[17.382s]                  from [01m[K/opt/ros/foxy/include/rclcpp/executor.hpp:33[m[K,
[17.383s]                  from [01m[K/opt/ros/foxy/include/rclcpp/executors/multi_threaded_executor.hpp:25[m[K,
[17.383s]                  from [01m[K/opt/ros/foxy/include/rclcpp/executors.hpp:21[m[K,
[17.383s]                  from [01m[K/opt/ros/foxy/include/rclcpp/rclcpp.hpp:146[m[K,
[17.383s]                  from [01m[K/home/rsa2021/comp3431-team-neo/starter_code/src/comp3431-rsa/point_pubsub/src/publisher_member_function.cpp:4[m[K:
[17.383s] [01m[K/opt/ros/foxy/include/rclcpp/any_subscription_callback.hpp:83:8:[m[K [01;36m[Knote: [m[Kcandidate: ‘[01m[Ktemplate<class CallbackT, typename std::enable_if<rclcpp::function_traits::same_arguments<CallbackT, std::function<void(std::shared_ptr<geometry_msgs::msg::PointStamped_<std::allocator<void> >&>)> >::value, void>::type* <anonymous> > void rclcpp::AnySubscriptionCallback<MessageT, Alloc>::set(CallbackT) [with CallbackT = CallbackT; typename std::enable_if<rclcpp::function_traits::same_arguments<CallbackT, std::function<void(std::shared_ptr<_Tp>)> >::value>::type* <anonymous> = <enumerator>; MessageT = geometry_msgs::msg::PointStamped_<std::allocator<void> >&; Alloc = std::allocator<void>][m[K’
[17.383s]    83 |   void [01;36m[Kset[m[K(CallbackT callback)
[17.383s]       |        [01;36m[K^~~[m[K
[17.384s] [01m[K/opt/ros/foxy/include/rclcpp/any_subscription_callback.hpp:83:8:[m[K [01;36m[Knote: [m[K  template argument deduction/substitution failed:
[17.384s] [01m[K/opt/ros/foxy/include/rclcpp/any_subscription_callback.hpp:81:17:[m[K [01;31m[Kerror: [m[Kno type named ‘[01m[Ktype[m[K’ in ‘[01m[Kstruct std::enable_if<false, void>[m[K’
[17.384s]    81 |     >::type * = [01;31m[Knullptr[m[K
[17.384s]       |                 [01;31m[K^~~~~~~[m[K
[17.386s] [01m[K/opt/ros/foxy/include/rclcpp/any_subscription_callback.hpp:97:8:[m[K [01;36m[Knote: [m[Kcandidate: ‘[01m[Ktemplate<class CallbackT, typename std::enable_if<rclcpp::function_traits::same_arguments<CallbackT, std::function<void(std::shared_ptr<geometry_msgs::msg::PointStamped_<std::allocator<void> >&>, const rclcpp::MessageInfo&)> >::value, void>::type* <anonymous> > void rclcpp::AnySubscriptionCallback<MessageT, Alloc>::set(CallbackT) [with CallbackT = CallbackT; typename std::enable_if<rclcpp::function_traits::same_arguments<CallbackT, std::function<void(std::shared_ptr<_Tp>, const rclcpp::MessageInfo&)> >::value>::type* <anonymous> = <enumerator>; MessageT = geometry_msgs::msg::PointStamped_<std::allocator<void> >&; Alloc = std::allocator<void>][m[K’
[17.387s]    97 |   void [01;36m[Kset[m[K(CallbackT callback)
[17.387s]       |        [01;36m[K^~~[m[K
[17.387s] [01m[K/opt/ros/foxy/include/rclcpp/any_subscription_callback.hpp:97:8:[m[K [01;36m[Knote: [m[K  template argument deduction/substitution failed:
[17.387s] [01m[K/opt/ros/foxy/include/rclcpp/any_subscription_callback.hpp:95:17:[m[K [01;31m[Kerror: [m[Kno type named ‘[01m[Ktype[m[K’ in ‘[01m[Kstruct std::enable_if<false, void>[m[K’
[17.387s]    95 |     >::type * = [01;31m[Knullptr[m[K
[17.387s]       |                 [01;31m[K^~~~~~~[m[K
[17.390s] [01m[K/opt/ros/foxy/include/rclcpp/any_subscription_callback.hpp:139:8:[m[K [01;36m[Knote: [m[Kcandidate: ‘[01m[Ktemplate<class CallbackT, typename std::enable_if<rclcpp::function_traits::same_arguments<CallbackT, std::function<void(std::unique_ptr<geometry_msgs::msg::PointStamped_<std::allocator<void> >&, std::default_delete<geometry_msgs::msg::PointStamped_<std::allocator<void> >&> >)> >::value, void>::type* <anonymous> > void rclcpp::AnySubscriptionCallback<MessageT, Alloc>::set(CallbackT) [with CallbackT = CallbackT; typename std::enable_if<rclcpp::function_traits::same_arguments<CallbackT, std::function<void(std::unique_ptr<MessageT, typename std::conditional<std::is_same<typename std::allocator_traits<typename std::allocator_traits<_Alloc>::rebind_traits<MessageT>::allocator_type>::rebind_alloc<MessageT>, typename std::allocator<void>::rebind<_Tp1>::other>::value, std::default_delete<_Tp>, rclcpp::allocator::AllocatorDeleter<typename std::allocator_traits<_Alloc>::rebind_traits<MessageT>::allocator_type> >::type>)> >::value>::type* <anonymous> = <enumerator>; MessageT = geometry_msgs::msg::PointStamped_<std::allocator<void> >&; Alloc = std::allocator<void>][m[K’
[17.391s]   139 |   void [01;36m[Kset[m[K(CallbackT callback)
[17.391s]       |        [01;36m[K^~~[m[K
[17.391s] [01m[K/opt/ros/foxy/include/rclcpp/any_subscription_callback.hpp:139:8:[m[K [01;36m[Knote: [m[K  template argument deduction/substitution failed:
[17.391s] [01m[K/opt/ros/foxy/include/rclcpp/any_subscription_callback.hpp:137:17:[m[K [01;31m[Kerror: [m[Kno type named ‘[01m[Ktype[m[K’ in ‘[01m[Kstruct std::enable_if<false, void>[m[K’
[17.402s]   137 |     >::type * = [01;31m[Knullptr[m[K
[17.403s]       |                 [01;31m[K^~~~~~~[m[K
[17.408s] [01m[K/opt/ros/foxy/include/rclcpp/any_subscription_callback.hpp:153:8:[m[K [01;36m[Knote: [m[Kcandidate: ‘[01m[Ktemplate<class CallbackT, typename std::enable_if<rclcpp::function_traits::same_arguments<CallbackT, std::function<void(std::unique_ptr<geometry_msgs::msg::PointStamped_<std::allocator<void> >&, std::default_delete<geometry_msgs::msg::PointStamped_<std::allocator<void> >&> >, const rclcpp::MessageInfo&)> >::value, void>::type* <anonymous> > void rclcpp::AnySubscriptionCallback<MessageT, Alloc>::set(CallbackT) [with CallbackT = CallbackT; typename std::enable_if<rclcpp::function_traits::same_arguments<CallbackT, std::function<void(std::unique_ptr<MessageT, typename std::conditional<std::is_same<typename std::allocator_traits<typename std::allocator_traits<_Alloc>::rebind_traits<MessageT>::allocator_type>::rebind_alloc<MessageT>, typename std::allocator<void>::rebind<_Tp1>::other>::value, std::default_delete<_Tp>, rclcpp::allocator::AllocatorDeleter<typename std::allocator_traits<_Alloc>::rebind_traits<MessageT>::allocator_type> >::type>, const rclcpp::MessageInfo&)> >::value>::type* <anonymous> = <enumerator>; MessageT = geometry_msgs::msg::PointStamped_<std::allocator<void> >&; Alloc = std::allocator<void>][m[K’
[17.409s]   153 |   void [01;36m[Kset[m[K(CallbackT callback)
[17.424s]       |        [01;36m[K^~~[m[K
[17.424s] [01m[K/opt/ros/foxy/include/rclcpp/any_subscription_callback.hpp:153:8:[m[K [01;36m[Knote: [m[K  template argument deduction/substitution failed:
[17.425s] [01m[K/opt/ros/foxy/include/rclcpp/any_subscription_callback.hpp:151:17:[m[K [01;31m[Kerror: [m[Kno type named ‘[01m[Ktype[m[K’ in ‘[01m[Kstruct std::enable_if<false, void>[m[K’
[17.425s]   151 |     >::type * = [01;31m[Knullptr[m[K
[17.426s]       |                 [01;31m[K^~~~~~~[m[K
[20.765s] In file included from [01m[K/usr/include/x86_64-linux-gnu/c++/9/bits/c++allocator.h:33[m[K,
[20.765s]                  from [01m[K/usr/include/c++/9/bits/allocator.h:46[m[K,
[20.765s]                  from [01m[K/usr/include/c++/9/memory:63[m[K,
[20.765s]                  from [01m[K/home/rsa2021/comp3431-team-neo/starter_code/src/comp3431-rsa/point_pubsub/src/publisher_member_function.cpp:2[m[K:
[20.766s] /usr/include/c++/9/ext/new_allocator.h: In instantiation of ‘[01m[Kclass __gnu_cxx::new_allocator<geometry_msgs::msg::PointStamped_<std::allocator<void> >&>[m[K’:
[20.766s] [01m[K/usr/include/c++/9/bits/allocator.h:112:11:[m[K   required from ‘[01m[Kclass std::allocator<geometry_msgs::msg::PointStamped_<std::allocator<void> >&>[m[K’
[20.766s] [01m[K/usr/include/c++/9/bits/shared_ptr_base.h:1365:63:[m[K   required by substitution of ‘[01m[Ktemplate<class _Yp> struct std::__shared_ptr<std::allocator<geometry_msgs::msg::PointStamped_<std::allocator<void> >&>, __gnu_cxx::_S_atomic>::__has_esft_base<_Yp, std::__void_t<decltype (__enable_shared_from_this_base(declval<const std::__shared_count<__gnu_cxx::_S_atomic>&>(), declval<_Yp*>()))> > [with _Yp = std::allocator<geometry_msgs::msg::PointStamped_<std::allocator<void> >&>][m[K’
[20.766s] [01m[K/usr/include/c++/9/bits/shared_ptr_base.h:1387:21:[m[K   required by substitution of ‘[01m[Ktemplate<class _Yp, class _Yp2> typename std::enable_if<(! std::__shared_ptr<std::allocator<geometry_msgs::msg::PointStamped_<std::allocator<void> >&>, __gnu_cxx::_S_atomic>::__has_esft_base<_Yp2, void>::value), void>::type std::__shared_ptr<std::allocator<geometry_msgs::msg::PointStamped_<std::allocator<void> >&>, __gnu_cxx::_S_atomic>::_M_enable_shared_from_this_with<_Yp, _Yp2>(_Yp*) [with _Yp = std::allocator<geometry_msgs::msg::PointStamped_<std::allocator<void> >&>; _Yp2 = std::allocator<geometry_msgs::msg::PointStamped_<std::allocator<void> >&>][m[K’
[20.766s] [01m[K/usr/include/c++/9/bits/shared_ptr_base.h:1345:4:[m[K   required from ‘[01m[Kstd::__shared_ptr<_Tp, _Lp>::__shared_ptr(std::_Sp_alloc_shared_tag<_Tp>, _Args&& ...) [with _Alloc = std::allocator<std::allocator<geometry_msgs::msg::PointStamped_<std::allocator<void> >&> >; _Args = {std::allocator<void>&}; _Tp = std::allocator<geometry_msgs::msg::PointStamped_<std::allocator<void> >&>; __gnu_cxx::_Lock_policy _Lp = __gnu_cxx::_S_atomic][m[K’
[20.766s] [01m[K/usr/include/c++/9/bits/shared_ptr.h:359:59:[m[K   [ skipping 2 instantiation contexts, use -ftemplate-backtrace-limit=0 to disable ]
[20.766s] [01m[K/usr/include/c++/9/bits/shared_ptr.h:717:39:[m[K   required from ‘[01m[Kstd::shared_ptr<_Tp> std::make_shared(_Args&& ...) [with _Tp = std::allocator<geometry_msgs::msg::PointStamped_<std::allocator<void> >&>; _Args = {std::allocator<void>&}][m[K’
[20.766s] [01m[K/opt/ros/foxy/include/rclcpp/any_subscription_callback.hpp:68:56:[m[K   required from ‘[01m[Krclcpp::AnySubscriptionCallback<MessageT, Alloc>::AnySubscriptionCallback(std::shared_ptr<_Tp>) [with MessageT = geometry_msgs::msg::PointStamped_<std::allocator<void> >&; Alloc = std::allocator<void>][m[K’
[20.767s] [01m[K/opt/ros/foxy/include/rclcpp/subscription_factory.hpp:96:57:[m[K   required from ‘[01m[Krclcpp::SubscriptionFactory rclcpp::create_subscription_factory(CallbackT&&, const rclcpp::SubscriptionOptionsWithAllocator<AllocatorT>&, typename MessageMemoryStrategyT::SharedPtr, std::shared_ptr<rclcpp::topic_statistics::SubscriptionTopicStatistics<CallbackMessageT> >) [with MessageT = geometry_msgs::msg::PointStamped_<std::allocator<void> >; CallbackT = std::_Bind<visualization_msgs::msg::Marker_<std::allocator<void> > (PointTf::*(PointTf*, std::_Placeholder<1>))(geometry_msgs::msg::PointStamped_<std::allocator<void> >&)>; AllocatorT = std::allocator<void>; CallbackMessageT = geometry_msgs::msg::PointStamped_<std::allocator<void> >&; SubscriptionT = rclcpp::Subscription<geometry_msgs::msg::PointStamped_<std::allocator<void> >&, std::allocator<void>, rclcpp::message_memory_strategy::MessageMemoryStrategy<geometry_msgs::msg::PointStamped_<std::allocator<void> >&, std::allocator<void> > >; MessageMemoryStrategyT = rclcpp::message_memory_strategy::MessageMemoryStrategy<geometry_msgs::msg::PointStamped_<std::allocator<void> >&, std::allocator<void> >; typename MessageMemoryStrategyT::SharedPtr = std::shared_ptr<rclcpp::message_memory_strategy::MessageMemoryStrategy<geometry_msgs::msg::PointStamped_<std::allocator<void> >&, std::allocator<void> > >][m[K’
[20.767s] [01m[K/opt/ros/foxy/include/rclcpp/create_subscription.hpp:144:63:[m[K   required from ‘[01m[Kstd::shared_ptr<SubscriptionT> rclcpp::create_subscription(NodeT&&, const string&, const rclcpp::QoS&, CallbackT&&, const rclcpp::SubscriptionOptionsWithAllocator<AllocatorT>&, typename MessageMemoryStrategyT::SharedPtr) [with MessageT = geometry_msgs::msg::PointStamped_<std::allocator<void> >; CallbackT = std::_Bind<visualization_msgs::msg::Marker_<std::allocator<void> > (PointTf::*(PointTf*, std::_Placeholder<1>))(geometry_msgs::msg::PointStamped_<std::allocator<void> >&)>; AllocatorT = std::allocator<void>; CallbackMessageT = geometry_msgs::msg::PointStamped_<std::allocator<void> >&; SubscriptionT = rclcpp::Subscription<geometry_msgs::msg::PointStamped_<std::allocator<void> >&, std::allocator<void>, rclcpp::message_memory_strategy::MessageMemoryStrategy<geometry_msgs::msg::PointStamped_<std::allocator<void> >&, std::allocator<void> > >; MessageMemoryStrategyT = rclcpp::message_memory_strategy::MessageMemoryStrategy<geometry_msgs::msg::PointStamped_<std::allocator<void> >&, std::allocator<void> >; NodeT = rclcpp::Node&; std::string = std::__cxx11::basic_string<char>; typename MessageMemoryStrategyT::SharedPtr = std::shared_ptr<rclcpp::message_memory_strategy::MessageMemoryStrategy<geometry_msgs::msg::PointStamped_<std::allocator<void> >&, std::allocator<void> > >][m[K’
[20.767s] [01m[K/opt/ros/foxy/include/rclcpp/node_impl.hpp:98:47:[m[K   required from ‘[01m[Kstd::shared_ptr<SubscriptionT> rclcpp::Node::create_subscription(const string&, const rclcpp::QoS&, CallbackT&&, const rclcpp::SubscriptionOptionsWithAllocator<AllocatorT>&, typename MessageMemoryStrategyT::SharedPtr) [with MessageT = geometry_msgs::msg::PointStamped_<std::allocator<void> >; CallbackT = std::_Bind<visualization_msgs::msg::Marker_<std::allocator<void> > (PointTf::*(PointTf*, std::_Placeholder<1>))(geometry_msgs::msg::PointStamped_<std::allocator<void> >&)>; AllocatorT = std::allocator<void>; CallbackMessageT = geometry_msgs::msg::PointStamped_<std::allocator<void> >&; SubscriptionT = rclcpp::Subscription<geometry_msgs::msg::PointStamped_<std::allocator<void> >&, std::allocator<void>, rclcpp::message_memory_strategy::MessageMemoryStrategy<geometry_msgs::msg::PointStamped_<std::allocator<void> >&, std::allocator<void> > >; MessageMemoryStrategyT = rclcpp::message_memory_strategy::MessageMemoryStrategy<geometry_msgs::msg::PointStamped_<std::allocator<void> >&, std::allocator<void> >; std::string = std::__cxx11::basic_string<char>; typename MessageMemoryStrategyT::SharedPtr = std::shared_ptr<rclcpp::message_memory_strategy::MessageMemoryStrategy<geometry_msgs::msg::PointStamped_<std::allocator<void> >&, std::allocator<void> > >][m[K’
[20.767s] [01m[K/home/rsa2021/comp3431-team-neo/starter_code/src/comp3431-rsa/point_pubsub/src/publisher_member_function.cpp:30:62:[m[K   required from here
[20.767s] [01m[K/usr/include/c++/9/ext/new_allocator.h:63:26:[m[K [01;31m[Kerror: [m[Kforming pointer to reference type ‘[01m[Kgeometry_msgs::msg::PointStamped_<std::allocator<void> >&[m[K’
[20.767s]    63 |       typedef _Tp*       [01;31m[Kpointer[m[K;
[20.767s]       |                          [01;31m[K^~~~~~~[m[K
[20.767s] [01m[K/usr/include/c++/9/ext/new_allocator.h:64:26:[m[K [01;31m[Kerror: [m[Kforming pointer to reference type ‘[01m[Kgeometry_msgs::msg::PointStamped_<std::allocator<void> >&[m[K’
[20.768s]    64 |       typedef const _Tp* [01;31m[Kconst_pointer[m[K;
[20.768s]       |                          [01;31m[K^~~~~~~~~~~~~[m[K
[20.768s] In file included from [01m[K/usr/include/c++/9/memory:63[m[K,
[20.768s]                  from [01m[K/home/rsa2021/comp3431-team-neo/starter_code/src/comp3431-rsa/point_pubsub/src/publisher_member_function.cpp:2[m[K:
[20.768s] /usr/include/c++/9/bits/allocator.h: In instantiation of ‘[01m[Kclass std::allocator<geometry_msgs::msg::PointStamped_<std::allocator<void> >&>[m[K’:
[20.768s] [01m[K/usr/include/c++/9/bits/shared_ptr_base.h:1365:63:[m[K   required by substitution of ‘[01m[Ktemplate<class _Yp> struct std::__shared_ptr<std::allocator<geometry_msgs::msg::PointStamped_<std::allocator<void> >&>, __gnu_cxx::_S_atomic>::__has_esft_base<_Yp, std::__void_t<decltype (__enable_shared_from_this_base(declval<const std::__shared_count<__gnu_cxx::_S_atomic>&>(), declval<_Yp*>()))> > [with _Yp = std::allocator<geometry_msgs::msg::PointStamped_<std::allocator<void> >&>][m[K’
[20.769s] [01m[K/usr/include/c++/9/bits/shared_ptr_base.h:1387:21:[m[K   required by substitution of ‘[01m[Ktemplate<class _Yp, class _Yp2> typename std::enable_if<(! std::__shared_ptr<std::allocator<geometry_msgs::msg::PointStamped_<std::allocator<void> >&>, __gnu_cxx::_S_atomic>::__has_esft_base<_Yp2, void>::value), void>::type std::__shared_ptr<std::allocator<geometry_msgs::msg::PointStamped_<std::allocator<void> >&>, __gnu_cxx::_S_atomic>::_M_enable_shared_from_this_with<_Yp, _Yp2>(_Yp*) [with _Yp = std::allocator<geometry_msgs::msg::PointStamped_<std::allocator<void> >&>; _Yp2 = std::allocator<geometry_msgs::msg::PointStamped_<std::allocator<void> >&>][m[K’
[20.769s] [01m[K/usr/include/c++/9/bits/shared_ptr_base.h:1345:4:[m[K   required from ‘[01m[Kstd::__shared_ptr<_Tp, _Lp>::__shared_ptr(std::_Sp_alloc_shared_tag<_Tp>, _Args&& ...) [with _Alloc = std::allocator<std::allocator<geometry_msgs::msg::PointStamped_<std::allocator<void> >&> >; _Args = {std::allocator<void>&}; _Tp = std::allocator<geometry_msgs::msg::PointStamped_<std::allocator<void> >&>; __gnu_cxx::_Lock_policy _Lp = __gnu_cxx::_S_atomic][m[K’
[20.769s] [01m[K/usr/include/c++/9/bits/shared_ptr.h:359:59:[m[K   required from ‘[01m[Kstd::shared_ptr<_Tp>::shared_ptr(std::_Sp_alloc_shared_tag<_Tp>, _Args&& ...) [with _Alloc = std::allocator<std::allocator<geometry_msgs::msg::PointStamped_<std::allocator<void> >&> >; _Args = {std::allocator<void>&}; _Tp = std::allocator<geometry_msgs::msg::PointStamped_<std::allocator<void> >&>][m[K’
[20.769s] [01m[K/usr/include/c++/9/bits/shared_ptr.h:701:14:[m[K   required from ‘[01m[Kstd::shared_ptr<_Tp> std::allocate_shared(const _Alloc&, _Args&& ...) [with _Tp = std::allocator<geometry_msgs::msg::PointStamped_<std::allocator<void> >&>; _Alloc = std::allocator<std::allocator<geometry_msgs::msg::PointStamped_<std::allocator<void> >&> >; _Args = {std::allocator<void>&}][m[K’
[20.769s] [01m[K/usr/include/c++/9/bits/shared_ptr.h:717:39:[m[K   required from ‘[01m[Kstd::shared_ptr<_Tp> std::make_shared(_Args&& ...) [with _Tp = std::allocator<geometry_msgs::msg::PointStamped_<std::allocator<void> >&>; _Args = {std::allocator<void>&}][m[K’
[20.770s] [01m[K/opt/ros/foxy/include/rclcpp/any_subscription_callback.hpp:68:56:[m[K   required from ‘[01m[Krclcpp::AnySubscriptionCallback<MessageT, Alloc>::AnySubscriptionCallback(std::shared_ptr<_Tp>) [with MessageT = geometry_msgs::msg::PointStamped_<std::allocator<void> >&; Alloc = std::allocator<void>][m[K’
[20.770s] [01m[K/opt/ros/foxy/include/rclcpp/subscription_factory.hpp:96:57:[m[K   required from ‘[01m[Krclcpp::SubscriptionFactory rclcpp::create_subscription_factory(CallbackT&&, const rclcpp::SubscriptionOptionsWithAllocator<AllocatorT>&, typename MessageMemoryStrategyT::SharedPtr, std::shared_ptr<rclcpp::topic_statistics::SubscriptionTopicStatistics<CallbackMessageT> >) [with MessageT = geometry_msgs::msg::PointStamped_<std::allocator<void> >; CallbackT = std::_Bind<visualization_msgs::msg::Marker_<std::allocator<void> > (PointTf::*(PointTf*, std::_Placeholder<1>))(geometry_msgs::msg::PointStamped_<std::allocator<void> >&)>; AllocatorT = std::allocator<void>; CallbackMessageT = geometry_msgs::msg::PointStamped_<std::allocator<void> >&; SubscriptionT = rclcpp::Subscription<geometry_msgs::msg::PointStamped_<std::allocator<void> >&, std::allocator<void>, rclcpp::message_memory_strategy::MessageMemoryStrategy<geometry_msgs::msg::PointStamped_<std::allocator<void> >&, std::allocator<void> > >; MessageMemoryStrategyT = rclcpp::message_memory_strategy::MessageMemoryStrategy<geometry_msgs::msg::PointStamped_<std::allocator<void> >&, std::allocator<void> >; typename MessageMemoryStrategyT::SharedPtr = std::shared_ptr<rclcpp::message_memory_strategy::MessageMemoryStrategy<geometry_msgs::msg::PointStamped_<std::allocator<void> >&, std::allocator<void> > >][m[K’
[20.782s] [01m[K/opt/ros/foxy/include/rclcpp/create_subscription.hpp:144:63:[m[K   required from ‘[01m[Kstd::shared_ptr<SubscriptionT> rclcpp::create_subscription(NodeT&&, const string&, const rclcpp::QoS&, CallbackT&&, const rclcpp::SubscriptionOptionsWithAllocator<AllocatorT>&, typename MessageMemoryStrategyT::SharedPtr) [with MessageT = geometry_msgs::msg::PointStamped_<std::allocator<void> >; CallbackT = std::_Bind<visualization_msgs::msg::Marker_<std::allocator<void> > (PointTf::*(PointTf*, std::_Placeholder<1>))(geometry_msgs::msg::PointStamped_<std::allocator<void> >&)>; AllocatorT = std::allocator<void>; CallbackMessageT = geometry_msgs::msg::PointStamped_<std::allocator<void> >&; SubscriptionT = rclcpp::Subscription<geometry_msgs::msg::PointStamped_<std::allocator<void> >&, std::allocator<void>, rclcpp::message_memory_strategy::MessageMemoryStrategy<geometry_msgs::msg::PointStamped_<std::allocator<void> >&, std::allocator<void> > >; MessageMemoryStrategyT = rclcpp::message_memory_strategy::MessageMemoryStrategy<geometry_msgs::msg::PointStamped_<std::allocator<void> >&, std::allocator<void> >; NodeT = rclcpp::Node&; std::string = std::__cxx11::basic_string<char>; typename MessageMemoryStrategyT::SharedPtr = std::shared_ptr<rclcpp::message_memory_strategy::MessageMemoryStrategy<geometry_msgs::msg::PointStamped_<std::allocator<void> >&, std::allocator<void> > >][m[K’
[20.794s] [01m[K/opt/ros/foxy/include/rclcpp/node_impl.hpp:98:47:[m[K   required from ‘[01m[Kstd::shared_ptr<SubscriptionT> rclcpp::Node::create_subscription(const string&, const rclcpp::QoS&, CallbackT&&, const rclcpp::SubscriptionOptionsWithAllocator<AllocatorT>&, typename MessageMemoryStrategyT::SharedPtr) [with MessageT = geometry_msgs::msg::PointStamped_<std::allocator<void> >; CallbackT = std::_Bind<visualization_msgs::msg::Marker_<std::allocator<void> > (PointTf::*(PointTf*, std::_Placeholder<1>))(geometry_msgs::msg::PointStamped_<std::allocator<void> >&)>; AllocatorT = std::allocator<void>; CallbackMessageT = geometry_msgs::msg::PointStamped_<std::allocator<void> >&; SubscriptionT = rclcpp::Subscription<geometry_msgs::msg::PointStamped_<std::allocator<void> >&, std::allocator<void>, rclcpp::message_memory_strategy::MessageMemoryStrategy<geometry_msgs::msg::PointStamped_<std::allocator<void> >&, std::allocator<void> > >; MessageMemoryStrategyT = rclcpp::message_memory_strategy::MessageMemoryStrategy<geometry_msgs::msg::PointStamped_<std::allocator<void> >&, std::allocator<void> >; std::string = std::__cxx11::basic_string<char>; typename MessageMemoryStrategyT::SharedPtr = std::shared_ptr<rclcpp::message_memory_strategy::MessageMemoryStrategy<geometry_msgs::msg::PointStamped_<std::allocator<void> >&, std::allocator<void> > >][m[K’
[20.795s] [01m[K/home/rsa2021/comp3431-team-neo/starter_code/src/comp3431-rsa/point_pubsub/src/publisher_member_function.cpp:30:62:[m[K   required from here
[20.795s] [01m[K/usr/include/c++/9/bits/allocator.h:117:26:[m[K [01;31m[Kerror: [m[Kforming pointer to reference type ‘[01m[Kgeometry_msgs::msg::PointStamped_<std::allocator<void> >&[m[K’
[20.795s]   117 |       typedef _Tp*       [01;31m[Kpointer[m[K;
[20.796s]       |                          [01;31m[K^~~~~~~[m[K
[20.796s] [01m[K/usr/include/c++/9/bits/allocator.h:118:26:[m[K [01;31m[Kerror: [m[Kforming pointer to reference type ‘[01m[Kgeometry_msgs::msg::PointStamped_<std::allocator<void> >&[m[K’
[20.796s]   118 |       typedef const _Tp* [01;31m[Kconst_pointer[m[K;
[20.796s]       |                          [01;31m[K^~~~~~~~~~~~~[m[K
[21.888s] In file included from [01m[K/usr/include/c++/9/bits/shared_ptr.h:52[m[K,
[21.889s]                  from [01m[K/usr/include/c++/9/memory:81[m[K,
[21.889s]                  from [01m[K/home/rsa2021/comp3431-team-neo/starter_code/src/comp3431-rsa/point_pubsub/src/publisher_member_function.cpp:2[m[K:
[21.889s] /usr/include/c++/9/bits/shared_ptr_base.h: In instantiation of ‘[01m[Kclass std::__shared_ptr_access<geometry_msgs::msg::PointStamped_<std::allocator<void> >&, __gnu_cxx::_S_atomic, false, false>[m[K’:
[21.889s] [01m[K/usr/include/c++/9/bits/shared_ptr_base.h:1080:11:[m[K   required from ‘[01m[Kclass std::__shared_ptr<geometry_msgs::msg::PointStamped_<std::allocator<void> >&, __gnu_cxx::_S_atomic>[m[K’
[21.889s] [01m[K/opt/ros/foxy/include/rclcpp/message_memory_strategy.hpp:85:37:[m[K   recursively required from ‘[01m[Kstd::shared_ptr<_Tp> rclcpp::message_memory_strategy::MessageMemoryStrategy<MessageT, Alloc>::borrow_message() [with MessageT = geometry_msgs::msg::PointStamped_<std::allocator<void> >&; Alloc = std::allocator<void>][m[K’
[21.890s] [01m[K/opt/ros/foxy/include/rclcpp/message_memory_strategy.hpp:85:37:[m[K   required from here
[21.891s] [01m[K/usr/include/c++/9/bits/shared_ptr_base.h:1012:7:[m[K [01;31m[Kerror: [m[Kforming pointer to reference type ‘[01m[Kstd::__shared_ptr_access<geometry_msgs::msg::PointStamped_<std::allocator<void> >&, __gnu_cxx::_S_atomic, false, false>::element_type[m[K’ {aka ‘[01m[Kgeometry_msgs::msg::PointStamped_<std::allocator<void> >&[m[K’}
[21.891s]  1012 |       [01;31m[Koperator[m[K->() const noexcept
[21.891s]       |       [01;31m[K^~~~~~~~[m[K
[21.892s] [01m[K/usr/include/c++/9/bits/shared_ptr_base.h:1020:7:[m[K [01;31m[Kerror: [m[Kforming pointer to reference type ‘[01m[Kstd::__shared_ptr_access<geometry_msgs::msg::PointStamped_<std::allocator<void> >&, __gnu_cxx::_S_atomic, false, false>::element_type[m[K’ {aka ‘[01m[Kgeometry_msgs::msg::PointStamped_<std::allocator<void> >&[m[K’}
[21.892s]  1020 |       [01;31m[K_M_get[m[K() const noexcept
[21.892s]       |       [01;31m[K^~~~~~[m[K
[21.892s] /usr/include/c++/9/bits/shared_ptr_base.h: In instantiation of ‘[01m[Kclass std::__shared_ptr<geometry_msgs::msg::PointStamped_<std::allocator<void> >&, __gnu_cxx::_S_atomic>[m[K’:
[21.892s] [01m[K/opt/ros/foxy/include/rclcpp/message_memory_strategy.hpp:85:37:[m[K   recursively required from ‘[01m[Kstd::shared_ptr<_Tp> rclcpp::message_memory_strategy::MessageMemoryStrategy<MessageT, Alloc>::borrow_message() [with MessageT = geometry_msgs::msg::PointStamped_<std::allocator<void> >&; Alloc = std::allocator<void>][m[K’
[21.892s] [01m[K/opt/ros/foxy/include/rclcpp/message_memory_strategy.hpp:85:37:[m[K   required from here
[21.893s] [01m[K/usr/include/c++/9/bits/shared_ptr_base.h:1094:8:[m[K [01;31m[Kerror: [m[Kforming pointer to reference type ‘[01m[Kgeometry_msgs::msg::PointStamped_<std::allocator<void> >&[m[K’
[21.893s]  1094 |  using [01;31m[K_Compatible[m[K = typename
[21.893s]       |        [01;31m[K^~~~~~~~~~~[m[K
[21.893s] [01m[K/usr/include/c++/9/bits/shared_ptr_base.h:1104:8:[m[K [01;31m[Kerror: [m[Kforming pointer to reference type ‘[01m[Kgeometry_msgs::msg::PointStamped_<std::allocator<void> >&[m[K’
[21.895s]  1104 |  using [01;31m[K_UniqCompatible[m[K = typename enable_if<__and_<
[21.895s]       |        [01;31m[K^~~~~~~~~~~~~~~[m[K
[21.895s] [01m[K/usr/include/c++/9/bits/shared_ptr_base.h:1162:2:[m[K [01;31m[Kerror: [m[Kforming pointer to reference type ‘[01m[Kstd::__shared_ptr<geometry_msgs::msg::PointStamped_<std::allocator<void> >&, __gnu_cxx::_S_atomic>::element_type[m[K’ {aka ‘[01m[Kgeometry_msgs::msg::PointStamped_<std::allocator<void> >&[m[K’}
[21.896s]  1162 |  [01;31m[K__shared_ptr[m[K(const __shared_ptr<_Yp, _Lp>& __r,
[21.896s]       |  [01;31m[K^~~~~~~~~~~~[m[K
[21.896s] /usr/include/c++/9/bits/shared_ptr_base.h: In substitution of ‘[01m[Ktemplate<class _Tp, __gnu_cxx::_Lock_policy _Lp> template<class _Yp, class _Res> using _Compatible = typename std::enable_if<std::__sp_compatible_with<_Yp*, _Tp*>::value, _Res>::type [with _Yp = _Yp; _Res = void; _Tp = geometry_msgs::msg::PointStamped_<std::allocator<void> >&; __gnu_cxx::_Lock_policy _Lp = __gnu_cxx::_S_atomic][m[K’:
[21.896s] [01m[K/usr/include/c++/9/bits/shared_ptr_base.h:1172:2:[m[K   required from ‘[01m[Kclass std::__shared_ptr<geometry_msgs::msg::PointStamped_<std::allocator<void> >&, __gnu_cxx::_S_atomic>[m[K’
[21.896s] [01m[K/opt/ros/foxy/include/rclcpp/message_memory_strategy.hpp:85:37:[m[K   recursively required from ‘[01m[Kstd::shared_ptr<_Tp> rclcpp::message_memory_strategy::MessageMemoryStrategy<MessageT, Alloc>::borrow_message() [with MessageT = geometry_msgs::msg::PointStamped_<std::allocator<void> >&; Alloc = std::allocator<void>][m[K’
[21.897s] [01m[K/opt/ros/foxy/include/rclcpp/message_memory_strategy.hpp:85:37:[m[K   required from here
[21.897s] [01m[K/usr/include/c++/9/bits/shared_ptr_base.h:1094:8:[m[K [01;31m[Kerror: [m[Kforming pointer to reference type ‘[01m[Kgeometry_msgs::msg::PointStamped_<std::allocator<void> >&[m[K’
[21.897s]  1094 |  using [01;31m[K_Compatible[m[K = typename
[21.897s]       |        [01;31m[K^~~~~~~~~~~[m[K
[21.897s] /usr/include/c++/9/bits/shared_ptr_base.h: In substitution of ‘[01m[Ktemplate<class _Tp, __gnu_cxx::_Lock_policy _Lp> template<class _Yp, class _Del, class _Res, class _Ptr> using _UniqCompatible = typename std::enable_if<std::__and_<std::__sp_compatible_with<_Yp*, _Tp*>, std::is_convertible<_Ptr, typename std::remove_extent<_Up>::type*> >::value, _Res>::type [with _Yp = _Yp; _Del = _Del; _Res = void; _Ptr = typename std::unique_ptr<_Tp, _Dp>::pointer; _Tp = geometry_msgs::msg::PointStamped_<std::allocator<void> >&; __gnu_cxx::_Lock_policy _Lp = __gnu_cxx::_S_atomic][m[K’:
[21.906s] [01m[K/usr/include/c++/9/bits/shared_ptr_base.h:1203:2:[m[K   required from ‘[01m[Kclass std::__shared_ptr<geometry_msgs::msg::PointStamped_<std::allocator<void> >&, __gnu_cxx::_S_atomic>[m[K’
[21.907s] [01m[K/opt/ros/foxy/include/rclcpp/message_memory_strategy.hpp:85:37:[m[K   recursively required from ‘[01m[Kstd::shared_ptr<_Tp> rclcpp::message_memory_strategy::MessageMemoryStrategy<MessageT, Alloc>::borrow_message() [with MessageT = geometry_msgs::msg::PointStamped_<std::allocator<void> >&; Alloc = std::allocator<void>][m[K’
[21.907s] [01m[K/opt/ros/foxy/include/rclcpp/message_memory_strategy.hpp:85:37:[m[K   required from here
[21.907s] [01m[K/usr/include/c++/9/bits/shared_ptr_base.h:1104:8:[m[K [01;31m[Kerror: [m[Kforming pointer to reference type ‘[01m[Kgeometry_msgs::msg::PointStamped_<std::allocator<void> >&[m[K’
[21.907s]  1104 |  using [01;31m[K_UniqCompatible[m[K = typename enable_if<__and_<
[21.908s]       |        [01;31m[K^~~~~~~~~~~~~~~[m[K
[21.908s] /usr/include/c++/9/bits/shared_ptr_base.h: In instantiation of ‘[01m[Kclass std::__shared_ptr<geometry_msgs::msg::PointStamped_<std::allocator<void> >&, __gnu_cxx::_S_atomic>[m[K’:
[21.908s] [01m[K/opt/ros/foxy/include/rclcpp/message_memory_strategy.hpp:85:37:[m[K   recursively required from ‘[01m[Kstd::shared_ptr<_Tp> rclcpp::message_memory_strategy::MessageMemoryStrategy<MessageT, Alloc>::borrow_message() [with MessageT = geometry_msgs::msg::PointStamped_<std::allocator<void> >&; Alloc = std::allocator<void>][m[K’
[21.909s] [01m[K/opt/ros/foxy/include/rclcpp/message_memory_strategy.hpp:85:37:[m[K   required from here
[21.909s] [01m[K/usr/include/c++/9/bits/shared_ptr_base.h:1219:2:[m[K [01;31m[Kerror: [m[Kforming pointer to reference type ‘[01m[Kgeometry_msgs::msg::PointStamped_<std::allocator<void> >&[m[K’
[21.909s]  1219 |  [01;31m[K__shared_ptr[m[K(unique_ptr<_Tp1, _Del>&& __r, __sp_array_delete)
[21.909s]       |  [01;31m[K^~~~~~~~~~~~[m[K
[21.909s] [01m[K/usr/include/c++/9/bits/shared_ptr_base.h:1309:7:[m[K [01;31m[Kerror: [m[Kforming pointer to reference type ‘[01m[Kstd::__shared_ptr<geometry_msgs::msg::PointStamped_<std::allocator<void> >&, __gnu_cxx::_S_atomic>::element_type[m[K’ {aka ‘[01m[Kgeometry_msgs::msg::PointStamped_<std::allocator<void> >&[m[K’}
[21.909s]  1309 |       [01;31m[Kget[m[K() const noexcept
[21.910s]       |       [01;31m[K^~~[m[K
[21.922s] [01m[K/usr/include/c++/9/bits/shared_ptr_base.h:1404:24:[m[K [01;31m[Kerror: [m[Kforming pointer to reference type ‘[01m[Kstd::__shared_ptr<geometry_msgs::msg::PointStamped_<std::allocator<void> >&, __gnu_cxx::_S_atomic>::element_type[m[K’ {aka ‘[01m[Kgeometry_msgs::msg::PointStamped_<std::allocator<void> >&[m[K’}
[21.924s]  1404 |       element_type*    [01;31m[K_M_ptr[m[K;         // Contained pointer.
[21.924s]       |                        [01;31m[K^~~~~~[m[K
[21.924s] In file included from [01m[K/usr/include/c++/9/memory:81[m[K,
[21.924s]                  from [01m[K/home/rsa2021/comp3431-team-neo/starter_code/src/comp3431-rsa/point_pubsub/src/publisher_member_function.cpp:2[m[K:
[21.924s] /usr/include/c++/9/bits/shared_ptr.h: In instantiation of ‘[01m[Kclass std::shared_ptr<geometry_msgs::msg::PointStamped_<std::allocator<void> >&>[m[K’:
[21.924s] [01m[K/opt/ros/foxy/include/rclcpp/message_memory_strategy.hpp:85:37:[m[K   recursively required from ‘[01m[Kstd::shared_ptr<_Tp> rclcpp::message_memory_strategy::MessageMemoryStrategy<MessageT, Alloc>::borrow_message() [with MessageT = geometry_msgs::msg::PointStamped_<std::allocator<void> >&; Alloc = std::allocator<void>][m[K’
[21.925s] [01m[K/opt/ros/foxy/include/rclcpp/message_memory_strategy.hpp:85:37:[m[K   required from here
[21.925s] [01m[K/usr/include/c++/9/bits/shared_ptr.h:234:2:[m[K [01;31m[Kerror: [m[Kforming pointer to reference type ‘[01m[Kstd::shared_ptr<geometry_msgs::msg::PointStamped_<std::allocator<void> >&>::element_type[m[K’ {aka ‘[01m[Kgeometry_msgs::msg::PointStamped_<std::allocator<void> >&[m[K’}
[21.925s]   234 |  [01;31m[Kshared_ptr[m[K(const shared_ptr<_Yp>& __r, element_type* __p) noexcept
[21.925s]       |  [01;31m[K^~~~~~~~~~[m[K
[21.925s] In file included from [01m[K/usr/include/c++/9/bits/shared_ptr.h:52[m[K,
[21.925s]                  from [01m[K/usr/include/c++/9/memory:81[m[K,
[21.925s]                  from [01m[K/home/rsa2021/comp3431-team-neo/starter_code/src/comp3431-rsa/point_pubsub/src/publisher_member_function.cpp:2[m[K:
[21.926s] /usr/include/c++/9/bits/shared_ptr_base.h: In instantiation of ‘[01m[Kconstexpr std::__shared_ptr<_Tp, _Lp>::__shared_ptr() [with _Tp = geometry_msgs::msg::PointStamped_<std::allocator<void> >&; __gnu_cxx::_Lock_policy _Lp = __gnu_cxx::_S_atomic][m[K’:
[21.928s] [01m[K/usr/include/c++/9/bits/shared_ptr_base.h:1287:9:[m[K   required from ‘[01m[Kvoid std::__shared_ptr<_Tp, _Lp>::reset() [with _Tp = geometry_msgs::msg::PointStamped_<std::allocator<void> >&; __gnu_cxx::_Lock_policy _Lp = __gnu_cxx::_S_atomic][m[K’
[21.928s] [01m[K/opt/ros/foxy/include/rclcpp/message_memory_strategy.hpp:109:5:[m[K   required from ‘[01m[Kvoid rclcpp::message_memory_strategy::MessageMemoryStrategy<MessageT, Alloc>::return_message(std::shared_ptr<_Tp>&) [with MessageT = geometry_msgs::msg::PointStamped_<std::allocator<void> >&; Alloc = std::allocator<void>][m[K’
[21.928s] [01m[K/opt/ros/foxy/include/rclcpp/message_memory_strategy.hpp:107:16:[m[K   required from here
[21.928s] [01m[K/usr/include/c++/9/bits/shared_ptr_base.h:1119:32:[m[K [01;31m[Kerror: [m[Kusing invalid field ‘[01m[Kstd::__shared_ptr<_Tp, _Lp>::_M_ptr[m[K’
[21.929s]  1119 |       : _M_ptr(0), _M_refcount([01;31m[K)[m[K
[21.929s]       |                                [01;31m[K^[m[K
[21.929s] /usr/include/c++/9/bits/shared_ptr_base.h: In instantiation of ‘[01m[Kvoid std::__shared_ptr<_Tp, _Lp>::swap(std::__shared_ptr<_Tp, _Lp>&) [with _Tp = geometry_msgs::msg::PointStamped_<std::allocator<void> >&; __gnu_cxx::_Lock_policy _Lp = __gnu_cxx::_S_atomic][m[K’:
[21.929s] [01m[K/usr/include/c++/9/bits/shared_ptr_base.h:1287:24:[m[K   required from ‘[01m[Kvoid std::__shared_ptr<_Tp, _Lp>::reset() [with _Tp = geometry_msgs::msg::PointStamped_<std::allocator<void> >&; __gnu_cxx::_Lock_policy _Lp = __gnu_cxx::_S_atomic][m[K’
[21.930s] [01m[K/opt/ros/foxy/include/rclcpp/message_memory_strategy.hpp:109:5:[m[K   required from ‘[01m[Kvoid rclcpp::message_memory_strategy::MessageMemoryStrategy<MessageT, Alloc>::return_message(std::shared_ptr<_Tp>&) [with MessageT = geometry_msgs::msg::PointStamped_<std::allocator<void> >&; Alloc = std::allocator<void>][m[K’
[21.930s] [01m[K/opt/ros/foxy/include/rclcpp/message_memory_strategy.hpp:107:16:[m[K   required from here
[21.930s] [01m[K/usr/include/c++/9/bits/shared_ptr_base.h:1326:12:[m[K [01;31m[Kerror: [m[Kusing invalid field ‘[01m[Kstd::__shared_ptr<_Tp, _Lp>::_M_ptr[m[K’
[21.930s]  1326 |  std::swap([01;31m[K_M_ptr[m[K, __other._M_ptr);
[21.930s]       |            [01;31m[K^~~~~~[m[K
[21.931s] [01m[K/usr/include/c++/9/bits/shared_ptr_base.h:1326:28:[m[K [01;31m[Kerror: [m[K‘[01m[Kclass std::__shared_ptr<geometry_msgs::msg::PointStamped_<std::allocator<void> >&, __gnu_cxx::_S_atomic>[m[K’ has no member named ‘[01m[K_M_ptr[m[K’
[21.931s]  1326 |  std::swap(_M_ptr, [01;31m[K__other._M_ptr[m[K);
[21.933s]       |                    [01;31m[K~~~~~~~~^~~~~~[m[K
[21.984s] In file included from [01m[K/usr/include/c++/9/future:48[m[K,
[21.984s]                  from [01m[K/opt/ros/foxy/include/rclcpp/executors.hpp:18[m[K,
[21.986s]                  from [01m[K/opt/ros/foxy/include/rclcpp/rclcpp.hpp:146[m[K,
[21.987s]                  from [01m[K/home/rsa2021/comp3431-team-neo/starter_code/src/comp3431-rsa/point_pubsub/src/publisher_member_function.cpp:4[m[K:
[21.987s] [01m[K/usr/include/c++/9/bits/std_function.h:[m[K At global scope:
[21.988s] [01m[K/usr/include/c++/9/bits/std_function.h:667:7:[m[K [01;31m[Kerror: [m[K‘[01m[Kstd::function<_Res(_ArgTypes ...)>::function(_Functor) [with _Functor = rclcpp::create_subscription_factory(CallbackT&&, const rclcpp::SubscriptionOptionsWithAllocator<AllocatorT>&, typename MessageMemoryStrategyT::SharedPtr, std::shared_ptr<rclcpp::topic_statistics::SubscriptionTopicStatistics<CallbackMessageT> >) [with MessageT = geometry_msgs::msg::PointStamped_<std::allocator<void> >; CallbackT = std::_Bind<visualization_msgs::msg::Marker_<std::allocator<void> > (PointTf::*(PointTf*, std::_Placeholder<1>))(geometry_msgs::msg::PointStamped_<std::allocator<void> >&)>; AllocatorT = std::allocator<void>; CallbackMessageT = geometry_msgs::msg::PointStamped_<std::allocator<void> >&; SubscriptionT = rclcpp::Subscription<geometry_msgs::msg::PointStamped_<std::allocator<void> >&, std::allocator<void>, rclcpp::message_memory_strategy::MessageMemoryStrategy<geometry_msgs::msg::PointStamped_<std::allocator<void> >&, std::allocator<void> > >; MessageMemoryStrategyT = rclcpp::message_memory_strategy::MessageMemoryStrategy<geometry_msgs::msg::PointStamped_<std::allocator<void> >&, std::allocator<void> >; typename MessageMemoryStrategyT::SharedPtr = std::shared_ptr<rclcpp::message_memory_strategy::MessageMemoryStrategy<geometry_msgs::msg::PointStamped_<std::allocator<void> >&, std::allocator<void> > >]::<lambda(rclcpp::node_interfaces::NodeBaseInterface*, const string&, const rclcpp::QoS&)>; <template-parameter-2-2> = void; <template-parameter-2-3> = void; _Res = std::shared_ptr<rclcpp::SubscriptionBase>; _ArgTypes = {rclcpp::node_interfaces::NodeBaseInterface*, const std::__cxx11::basic_string<char, std::char_traits<char>, std::allocator<char> >&, const rclcpp::QoS&}][m[K’, declared using local type ‘[01m[Krclcpp::create_subscription_factory(CallbackT&&, const rclcpp::SubscriptionOptionsWithAllocator<AllocatorT>&, typename MessageMemoryStrategyT::SharedPtr, std::shared_ptr<rclcpp::topic_statistics::SubscriptionTopicStatistics<CallbackMessageT> >) [with MessageT = geometry_msgs::msg::PointStamped_<std::allocator<void> >; CallbackT = std::_Bind<visualization_msgs::msg::Marker_<std::allocator<void> > (PointTf::*(PointTf*, std::_Placeholder<1>))(geometry_msgs::msg::PointStamped_<std::allocator<void> >&)>; AllocatorT = std::allocator<void>; CallbackMessageT = geometry_msgs::msg::PointStamped_<std::allocator<void> >&; SubscriptionT = rclcpp::Subscription<geometry_msgs::msg::PointStamped_<std::allocator<void> >&, std::allocator<void>, rclcpp::message_memory_strategy::MessageMemoryStrategy<geometry_msgs::msg::PointStamped_<std::allocator<void> >&, std::allocator<void> > >; MessageMemoryStrategyT = rclcpp::message_memory_strategy::MessageMemoryStrategy<geometry_msgs::msg::PointStamped_<std::allocator<void> >&, std::allocator<void> >; typename MessageMemoryStrategyT::SharedPtr = std::shared_ptr<rclcpp::message_memory_strategy::MessageMemoryStrategy<geometry_msgs::msg::PointStamped_<std::allocator<void> >&, std::allocator<void> > >]::<lambda(rclcpp::node_interfaces::NodeBaseInterface*, const string&, const rclcpp::QoS&)>[m[K’, is used but never defined [[01;31m[K-fpermissive[m[K]
[21.988s]   667 |       [01;31m[Kfunction<_Res(_ArgTypes...)>[m[K::
[21.988s]       |       [01;31m[K^~~~~~~~~~~~~~~~~~~~~~~~~~~~[m[K
[22.651s] make[2]: *** [CMakeFiles/point_tf.dir/build.make:63: CMakeFiles/point_tf.dir/src/publisher_member_function.cpp.o] Error 1
[22.662s] make[1]: *** [CMakeFiles/Makefile2:78: CMakeFiles/point_tf.dir/all] Error 2
[22.665s] make: *** [Makefile:141: all] Error 2
[22.670s] Invoked command in '/home/rsa2021/comp3431-team-neo/starter_code/build/point_pubsub' returned '2': CMAKE_PREFIX_PATH=${CMAKE_PREFIX_PATH}:/opt/ros/foxy /usr/bin/cmake --build /home/rsa2021/comp3431-team-neo/starter_code/build/point_pubsub -- -j3 -l3
