[0.186s] Invoking command in '/home/rsa2021/comp3431-team-neo/starter_code/build/point_pubsub': CMAKE_PREFIX_PATH=${CMAKE_PREFIX_PATH}:/opt/ros/foxy /usr/bin/cmake --build /home/rsa2021/comp3431-team-neo/starter_code/build/point_pubsub -- -j3 -l3
[1.754s] [ 50%] [32mBuilding CXX object CMakeFiles/point_tf.dir/src/publisher_member_function.cpp.o[0m
[29.071s] [01m[K/home/rsa2021/comp3431-team-neo/starter_code/src/comp3431-rsa/point_pubsub/src/publisher_member_function.cpp:[m[K In constructor ‘[01m[KPointTf::PointTf()[m[K’:
[29.083s] [01m[K/home/rsa2021/comp3431-team-neo/starter_code/src/comp3431-rsa/point_pubsub/src/publisher_member_function.cpp:27:8:[m[K [01;31m[Kerror: [m[Kno match for ‘[01m[Koperator=[m[K’ (operand types are ‘[01m[Krclcpp::Publisher<geometry_msgs::msg::PointStamped_<std::allocator<void> > >::SharedPtr[m[K’ {aka ‘[01m[Kstd::shared_ptr<rclcpp::Publisher<geometry_msgs::msg::PointStamped_<std::allocator<void> > > >[m[K’} and ‘[01m[Kstd::shared_ptr<rclcpp::Subscription<geometry_msgs::msg::PointStamped_<std::allocator<void> >, std::allocator<void>, rclcpp::message_memory_strategy::MessageMemoryStrategy<geometry_msgs::msg::PointStamped_<std::allocator<void> >, std::allocator<void> > > >[m[K’)
[29.084s]    27 |       }[01;31m[K)[m[K;
[29.085s]       |        [01;31m[K^[m[K
[29.085s] In file included from [01m[K/usr/include/c++/9/memory:81[m[K,
[29.086s]                  from [01m[K/home/rsa2021/comp3431-team-neo/starter_code/src/comp3431-rsa/point_pubsub/src/publisher_member_function.cpp:2[m[K:
[29.102s] [01m[K/usr/include/c++/9/bits/shared_ptr.h:309:19:[m[K [01;36m[Knote: [m[Kcandidate: ‘[01m[Kstd::shared_ptr<_Tp>& std::shared_ptr<_Tp>::operator=(const std::shared_ptr<_Tp>&) [with _Tp = rclcpp::Publisher<geometry_msgs::msg::PointStamped_<std::allocator<void> > >][m[K’
[29.103s]   309 |       shared_ptr& [01;36m[Koperator[m[K=(const shared_ptr&) noexcept = default;
[29.103s]       |                   [01;36m[K^~~~~~~~[m[K
[29.109s] [01m[K/usr/include/c++/9/bits/shared_ptr.h:309:29:[m[K [01;36m[Knote: [m[K  no known conversion for argument 1 from ‘[01m[Kstd::shared_ptr<rclcpp::Subscription<geometry_msgs::msg::PointStamped_<std::allocator<void> >, std::allocator<void>, rclcpp::message_memory_strategy::MessageMemoryStrategy<geometry_msgs::msg::PointStamped_<std::allocator<void> >, std::allocator<void> > > >[m[K’ to ‘[01m[Kconst std::shared_ptr<rclcpp::Publisher<geometry_msgs::msg::PointStamped_<std::allocator<void> > > >&[m[K’
[29.109s]   309 |       shared_ptr& operator=([01;36m[Kconst shared_ptr&[m[K) noexcept = default;
[29.109s]       |                             [01;36m[K^~~~~~~~~~~~~~~~~[m[K
[29.109s] [01m[K/usr/include/c++/9/bits/shared_ptr.h:313:2:[m[K [01;36m[Knote: [m[Kcandidate: ‘[01m[Ktemplate<class _Yp> std::shared_ptr<_Tp>::_Assignable<const std::shared_ptr<_Yp>&> std::shared_ptr<_Tp>::operator=(const std::shared_ptr<_Yp>&) [with _Yp = _Yp; _Tp = rclcpp::Publisher<geometry_msgs::msg::PointStamped_<std::allocator<void> > >][m[K’
[29.110s]   313 |  [01;36m[Koperator[m[K=(const shared_ptr<_Yp>& __r) noexcept
[29.110s]       |  [01;36m[K^~~~~~~~[m[K
[29.110s] [01m[K/usr/include/c++/9/bits/shared_ptr.h:313:2:[m[K [01;36m[Knote: [m[K  template argument deduction/substitution failed:
[29.110s] /usr/include/c++/9/bits/shared_ptr.h: In substitution of ‘[01m[Ktemplate<class _Tp> template<class _Arg> using _Assignable = typename std::enable_if<std::is_assignable<std::__shared_ptr<_Tp>&, _Arg>::value, std::shared_ptr<_Tp>&>::type [with _Arg = const std::shared_ptr<rclcpp::Subscription<geometry_msgs::msg::PointStamped_<std::allocator<void> >, std::allocator<void>, rclcpp::message_memory_strategy::MessageMemoryStrategy<geometry_msgs::msg::PointStamped_<std::allocator<void> >, std::allocator<void> > > >&; _Tp = rclcpp::Publisher<geometry_msgs::msg::PointStamped_<std::allocator<void> > >][m[K’:
[29.111s] [01m[K/usr/include/c++/9/bits/shared_ptr.h:313:2:[m[K   required by substitution of ‘[01m[Ktemplate<class _Yp> std::shared_ptr<rclcpp::Publisher<geometry_msgs::msg::PointStamped_<std::allocator<void> > > >::_Assignable<const std::shared_ptr<_Tp>&> std::shared_ptr<rclcpp::Publisher<geometry_msgs::msg::PointStamped_<std::allocator<void> > > >::operator=<_Yp>(const std::shared_ptr<_Tp>&) [with _Yp = rclcpp::Subscription<geometry_msgs::msg::PointStamped_<std::allocator<void> >, std::allocator<void>, rclcpp::message_memory_strategy::MessageMemoryStrategy<geometry_msgs::msg::PointStamped_<std::allocator<void> >, std::allocator<void> > >][m[K’
[29.111s] [01m[K/home/rsa2021/comp3431-team-neo/starter_code/src/comp3431-rsa/point_pubsub/src/publisher_member_function.cpp:27:8:[m[K   required from here
[29.111s] [01m[K/usr/include/c++/9/bits/shared_ptr.h:111:8:[m[K [01;31m[Kerror: [m[Kno type named ‘[01m[Ktype[m[K’ in ‘[01m[Kstruct std::enable_if<false, std::shared_ptr<rclcpp::Publisher<geometry_msgs::msg::PointStamped_<std::allocator<void> > > >&>[m[K’
[29.111s]   111 |  using [01;31m[K_Assignable[m[K = typename enable_if<
[29.111s]       |        [01;31m[K^~~~~~~~~~~[m[K
[29.120s] [01m[K/usr/include/c++/9/bits/shared_ptr.h:324:2:[m[K [01;36m[Knote: [m[Kcandidate: ‘[01m[Ktemplate<class _Yp> std::shared_ptr<_Tp>::_Assignable<std::auto_ptr<_Up> > std::shared_ptr<_Tp>::operator=(std::auto_ptr<_Up>&&) [with _Yp = _Yp; _Tp = rclcpp::Publisher<geometry_msgs::msg::PointStamped_<std::allocator<void> > >][m[K’
[29.120s]   324 |  [01;36m[Koperator[m[K=(auto_ptr<_Yp>&& __r)
[29.120s]       |  [01;36m[K^~~~~~~~[m[K
[29.120s] [01m[K/usr/include/c++/9/bits/shared_ptr.h:324:2:[m[K [01;36m[Knote: [m[K  template argument deduction/substitution failed:
[29.120s] [01m[K/home/rsa2021/comp3431-team-neo/starter_code/src/comp3431-rsa/point_pubsub/src/publisher_member_function.cpp:27:8:[m[K [01;36m[Knote: [m[K  ‘[01m[Kstd::shared_ptr<rclcpp::Subscription<geometry_msgs::msg::PointStamped_<std::allocator<void> >, std::allocator<void>, rclcpp::message_memory_strategy::MessageMemoryStrategy<geometry_msgs::msg::PointStamped_<std::allocator<void> >, std::allocator<void> > > >[m[K’ is not derived from ‘[01m[Kstd::auto_ptr<_Up>[m[K’
[29.121s]    27 |       }[01;36m[K)[m[K;
[29.121s]       |        [01;36m[K^[m[K
[29.121s] In file included from [01m[K/usr/include/c++/9/memory:81[m[K,
[29.121s]                  from [01m[K/home/rsa2021/comp3431-team-neo/starter_code/src/comp3431-rsa/point_pubsub/src/publisher_member_function.cpp:2[m[K:
[29.121s] [01m[K/usr/include/c++/9/bits/shared_ptr.h:333:7:[m[K [01;36m[Knote: [m[Kcandidate: ‘[01m[Kstd::shared_ptr<_Tp>& std::shared_ptr<_Tp>::operator=(std::shared_ptr<_Tp>&&) [with _Tp = rclcpp::Publisher<geometry_msgs::msg::PointStamped_<std::allocator<void> > >][m[K’
[29.122s]   333 |       [01;36m[Koperator[m[K=(shared_ptr&& __r) noexcept
[29.122s]       |       [01;36m[K^~~~~~~~[m[K
[29.122s] [01m[K/usr/include/c++/9/bits/shared_ptr.h:333:30:[m[K [01;36m[Knote: [m[K  no known conversion for argument 1 from ‘[01m[Kstd::shared_ptr<rclcpp::Subscription<geometry_msgs::msg::PointStamped_<std::allocator<void> >, std::allocator<void>, rclcpp::message_memory_strategy::MessageMemoryStrategy<geometry_msgs::msg::PointStamped_<std::allocator<void> >, std::allocator<void> > > >[m[K’ to ‘[01m[Kstd::shared_ptr<rclcpp::Publisher<geometry_msgs::msg::PointStamped_<std::allocator<void> > > >&&[m[K’
[29.122s]   333 |       operator=([01;36m[Kshared_ptr&& __r[m[K) noexcept
[29.122s]       |                 [01;36m[K~~~~~~~~~~~~~^~~[m[K
[29.123s] [01m[K/usr/include/c++/9/bits/shared_ptr.h:341:2:[m[K [01;36m[Knote: [m[Kcandidate: ‘[01m[Ktemplate<class _Yp> std::shared_ptr<_Tp>::_Assignable<std::shared_ptr<_Yp> > std::shared_ptr<_Tp>::operator=(std::shared_ptr<_Yp>&&) [with _Yp = _Yp; _Tp = rclcpp::Publisher<geometry_msgs::msg::PointStamped_<std::allocator<void> > >][m[K’
[29.123s]   341 |  [01;36m[Koperator[m[K=(shared_ptr<_Yp>&& __r) noexcept
[29.123s]       |  [01;36m[K^~~~~~~~[m[K
[29.123s] [01m[K/usr/include/c++/9/bits/shared_ptr.h:341:2:[m[K [01;36m[Knote: [m[K  template argument deduction/substitution failed:
[29.136s] /usr/include/c++/9/bits/shared_ptr.h: In substitution of ‘[01m[Ktemplate<class _Tp> template<class _Arg> using _Assignable = typename std::enable_if<std::is_assignable<std::__shared_ptr<_Tp>&, _Arg>::value, std::shared_ptr<_Tp>&>::type [with _Arg = std::shared_ptr<rclcpp::Subscription<geometry_msgs::msg::PointStamped_<std::allocator<void> >, std::allocator<void>, rclcpp::message_memory_strategy::MessageMemoryStrategy<geometry_msgs::msg::PointStamped_<std::allocator<void> >, std::allocator<void> > > >; _Tp = rclcpp::Publisher<geometry_msgs::msg::PointStamped_<std::allocator<void> > >][m[K’:
[29.137s] [01m[K/usr/include/c++/9/bits/shared_ptr.h:341:2:[m[K   required by substitution of ‘[01m[Ktemplate<class _Yp> std::shared_ptr<rclcpp::Publisher<geometry_msgs::msg::PointStamped_<std::allocator<void> > > >::_Assignable<std::shared_ptr<_Tp> > std::shared_ptr<rclcpp::Publisher<geometry_msgs::msg::PointStamped_<std::allocator<void> > > >::operator=<_Yp>(std::shared_ptr<_Tp>&&) [with _Yp = rclcpp::Subscription<geometry_msgs::msg::PointStamped_<std::allocator<void> >, std::allocator<void>, rclcpp::message_memory_strategy::MessageMemoryStrategy<geometry_msgs::msg::PointStamped_<std::allocator<void> >, std::allocator<void> > >][m[K’
[29.137s] [01m[K/home/rsa2021/comp3431-team-neo/starter_code/src/comp3431-rsa/point_pubsub/src/publisher_member_function.cpp:27:8:[m[K   required from here
[29.138s] [01m[K/usr/include/c++/9/bits/shared_ptr.h:111:8:[m[K [01;31m[Kerror: [m[Kno type named ‘[01m[Ktype[m[K’ in ‘[01m[Kstruct std::enable_if<false, std::shared_ptr<rclcpp::Publisher<geometry_msgs::msg::PointStamped_<std::allocator<void> > > >&>[m[K’
[29.144s]   111 |  using [01;31m[K_Assignable[m[K = typename enable_if<
[29.144s]       |        [01;31m[K^~~~~~~~~~~[m[K
[29.145s] [01m[K/usr/include/c++/9/bits/shared_ptr.h:349:2:[m[K [01;36m[Knote: [m[Kcandidate: ‘[01m[Ktemplate<class _Yp, class _Del> std::shared_ptr<_Tp>::_Assignable<std::unique_ptr<_Up, _Ep> > std::shared_ptr<_Tp>::operator=(std::unique_ptr<_Up, _Ep>&&) [with _Yp = _Yp; _Del = _Del; _Tp = rclcpp::Publisher<geometry_msgs::msg::PointStamped_<std::allocator<void> > >][m[K’
[29.156s]   349 |  [01;36m[Koperator[m[K=(unique_ptr<_Yp, _Del>&& __r)
[29.157s]       |  [01;36m[K^~~~~~~~[m[K
[29.157s] [01m[K/usr/include/c++/9/bits/shared_ptr.h:349:2:[m[K [01;36m[Knote: [m[K  template argument deduction/substitution failed:
[29.157s] [01m[K/home/rsa2021/comp3431-team-neo/starter_code/src/comp3431-rsa/point_pubsub/src/publisher_member_function.cpp:27:8:[m[K [01;36m[Knote: [m[K  ‘[01m[Kstd::shared_ptr<rclcpp::Subscription<geometry_msgs::msg::PointStamped_<std::allocator<void> >, std::allocator<void>, rclcpp::message_memory_strategy::MessageMemoryStrategy<geometry_msgs::msg::PointStamped_<std::allocator<void> >, std::allocator<void> > > >[m[K’ is not derived from ‘[01m[Kstd::unique_ptr<_Tp, _Dp>[m[K’
[29.158s]    27 |       }[01;36m[K)[m[K;
[29.158s]       |        [01;36m[K^[m[K
[42.991s] make[2]: *** [CMakeFiles/point_tf.dir/build.make:63: CMakeFiles/point_tf.dir/src/publisher_member_function.cpp.o] Error 1
[43.022s] make[1]: *** [CMakeFiles/Makefile2:78: CMakeFiles/point_tf.dir/all] Error 2
[43.022s] make: *** [Makefile:141: all] Error 2
[43.155s] Invoked command in '/home/rsa2021/comp3431-team-neo/starter_code/build/point_pubsub' returned '2': CMAKE_PREFIX_PATH=${CMAKE_PREFIX_PATH}:/opt/ros/foxy /usr/bin/cmake --build /home/rsa2021/comp3431-team-neo/starter_code/build/point_pubsub -- -j3 -l3
