[4.588s] DEBUG:colcon:Command line arguments: ['/usr/bin/colcon', 'build']
[4.592s] DEBUG:colcon:Parsed command line arguments: Namespace(ament_cmake_args=None, base_paths=['.'], build_base='build', catkin_cmake_args=None, catkin_skip_building_tests=False, cmake_args=None, cmake_clean_cache=False, cmake_clean_first=False, cmake_force_configure=False, cmake_target=None, cmake_target_skip_unavailable=False, continue_on_error=False, event_handlers=None, executor='parallel', ignore_user_meta=False, install_base='install', log_base=None, log_level=None, main=<bound method BuildVerb.main of <colcon_core.verb.build.BuildVerb object at 0x7f5f8517ca90>>, merge_install=False, metas=['./colcon.meta'], packages_above=None, packages_above_and_dependencies=None, packages_above_depth=None, packages_end=None, packages_ignore=None, packages_ignore_regex=None, packages_select=None, packages_select_build_failed=False, packages_select_by_dep=None, packages_select_regex=None, packages_select_test_failures=False, packages_skip=None, packages_skip_build_finished=False, packages_skip_by_dep=None, packages_skip_regex=None, packages_skip_test_passed=False, packages_skip_up_to=None, packages_start=None, packages_up_to=None, packages_up_to_regex=None, parallel_workers=3, paths=None, symlink_install=False, test_result_base=None, verb_extension=<colcon_core.verb.build.BuildVerb object at 0x7f5f8517ca90>, verb_name='build', verb_parser=<colcon_defaults.argument_parser.defaults.DefaultArgumentsDecorator object at 0x7f5f8518a040>)
[4.680s] Level 1:colcon.colcon_core.package_discovery:discover_packages(colcon_meta) check parameters
[4.680s] Level 1:colcon.colcon_core.package_discovery:discover_packages(recursive) check parameters
[4.680s] Level 1:colcon.colcon_core.package_discovery:discover_packages(ignore) check parameters
[4.680s] Level 1:colcon.colcon_core.package_discovery:discover_packages(path) check parameters
[4.680s] Level 1:colcon.colcon_core.package_discovery:discover_packages(colcon_meta) discover
[4.681s] Level 1:colcon.colcon_core.package_discovery:discover_packages(recursive) discover
[4.681s] INFO:colcon.colcon_core.package_discovery:Crawling recursively for packages in '/home/rsa2021/comp3431-team-neo/image_pipeline/image_publisher'
[4.681s] Level 1:colcon.colcon_core.package_identification:_identify(.) by extensions ['ignore', 'ignore_ament_install']
[4.682s] Level 1:colcon.colcon_core.package_identification:_identify(.) by extension 'ignore'
[4.682s] Level 1:colcon.colcon_core.package_identification:_identify(.) by extension 'ignore_ament_install'
[4.682s] Level 1:colcon.colcon_core.package_identification:_identify(.) by extensions ['colcon_pkg']
[4.682s] Level 1:colcon.colcon_core.package_identification:_identify(.) by extension 'colcon_pkg'
[4.682s] Level 1:colcon.colcon_core.package_identification:_identify(.) by extensions ['colcon_meta']
[4.682s] Level 1:colcon.colcon_core.package_identification:_identify(.) by extension 'colcon_meta'
[4.682s] Level 1:colcon.colcon_core.package_identification:_identify(.) by extensions ['ros']
[4.682s] Level 1:colcon.colcon_core.package_identification:_identify(.) by extension 'ros'
[5.070s] DEBUG:colcon.colcon_core.package_identification:Package '.' with type 'ros.ament_cmake' and name 'image_publisher'
[5.070s] Level 1:colcon.colcon_core.package_discovery:discover_packages(recursive) using defaults
[5.070s] Level 1:colcon.colcon_core.package_discovery:discover_packages(ignore) discover
[5.071s] Level 1:colcon.colcon_core.package_discovery:discover_packages(ignore) using defaults
[5.072s] Level 1:colcon.colcon_core.package_discovery:discover_packages(path) discover
[5.073s] Level 1:colcon.colcon_core.package_discovery:discover_packages(path) using defaults
[5.379s] Level 5:colcon.colcon_core.verb:set package 'image_publisher' build argument 'cmake_args' from command line to 'None'
[5.379s] Level 5:colcon.colcon_core.verb:set package 'image_publisher' build argument 'cmake_target' from command line to 'None'
[5.379s] Level 5:colcon.colcon_core.verb:set package 'image_publisher' build argument 'cmake_target_skip_unavailable' from command line to 'False'
[5.380s] Level 5:colcon.colcon_core.verb:set package 'image_publisher' build argument 'cmake_clean_cache' from command line to 'False'
[5.380s] Level 5:colcon.colcon_core.verb:set package 'image_publisher' build argument 'cmake_clean_first' from command line to 'False'
[5.380s] Level 5:colcon.colcon_core.verb:set package 'image_publisher' build argument 'cmake_force_configure' from command line to 'False'
[5.380s] Level 5:colcon.colcon_core.verb:set package 'image_publisher' build argument 'ament_cmake_args' from command line to 'None'
[5.380s] Level 5:colcon.colcon_core.verb:set package 'image_publisher' build argument 'catkin_cmake_args' from command line to 'None'
[5.380s] Level 5:colcon.colcon_core.verb:set package 'image_publisher' build argument 'catkin_skip_building_tests' from command line to 'False'
[5.380s] DEBUG:colcon.colcon_core.verb:Building package 'image_publisher' with the following arguments: {'ament_cmake_args': None, 'build_base': '/home/rsa2021/comp3431-team-neo/image_pipeline/image_publisher/build/image_publisher', 'catkin_cmake_args': None, 'catkin_skip_building_tests': False, 'cmake_args': None, 'cmake_clean_cache': False, 'cmake_clean_first': False, 'cmake_force_configure': False, 'cmake_target': None, 'cmake_target_skip_unavailable': False, 'install_base': '/home/rsa2021/comp3431-team-neo/image_pipeline/image_publisher/install/image_publisher', 'merge_install': False, 'path': '/home/rsa2021/comp3431-team-neo/image_pipeline/image_publisher', 'symlink_install': False, 'test_result_base': None}
[5.381s] INFO:colcon.colcon_core.executor:Executing jobs using 'parallel' executor
[5.391s] DEBUG:colcon.colcon_parallel_executor.executor.parallel:run_until_complete
[5.399s] INFO:colcon.colcon_ros.task.ament_cmake.build:Building ROS package in '/home/rsa2021/comp3431-team-neo/image_pipeline/image_publisher' with build type 'ament_cmake'
[5.400s] INFO:colcon.colcon_cmake.task.cmake.build:Building CMake package in '/home/rsa2021/comp3431-team-neo/image_pipeline/image_publisher'
[5.454s] INFO:colcon.colcon_core.plugin_system:Skipping extension 'colcon_core.shell.bat': Not used on non-Windows systems
[5.455s] INFO:colcon.colcon_core.shell:Skip shell extension 'powershell' for command environment: Not usable outside of PowerShell
[5.456s] DEBUG:colcon.colcon_core.shell:Skip shell extension 'dsv' for command environment
[5.488s] DEBUG:colcon.colcon_core.shell:Ignoring prefix path '/opt/ros/foxy'
[5.716s] DEBUG:colcon.colcon_core.event_handler.log_command:Invoking command in '/home/rsa2021/comp3431-team-neo/image_pipeline/image_publisher/build/image_publisher': CMAKE_PREFIX_PATH=/opt/ros/foxy /usr/bin/cmake /home/rsa2021/comp3431-team-neo/image_pipeline/image_publisher -DCMAKE_INSTALL_PREFIX=/home/rsa2021/comp3431-team-neo/image_pipeline/image_publisher/install/image_publisher
[24.420s] DEBUG:colcon.colcon_core.event_handler.log_command:Invoked command in '/home/rsa2021/comp3431-team-neo/image_pipeline/image_publisher/build/image_publisher' returned '0': CMAKE_PREFIX_PATH=/opt/ros/foxy /usr/bin/cmake /home/rsa2021/comp3431-team-neo/image_pipeline/image_publisher -DCMAKE_INSTALL_PREFIX=/home/rsa2021/comp3431-team-neo/image_pipeline/image_publisher/install/image_publisher
[24.442s] DEBUG:colcon.colcon_core.event_handler.log_command:Invoking command in '/home/rsa2021/comp3431-team-neo/image_pipeline/image_publisher/build/image_publisher': CMAKE_PREFIX_PATH=/opt/ros/foxy /usr/bin/cmake --build /home/rsa2021/comp3431-team-neo/image_pipeline/image_publisher/build/image_publisher -- -j3 -l3
[77.039s] DEBUG:colcon.colcon_core.event_handler.log_command:Invoked command in '/home/rsa2021/comp3431-team-neo/image_pipeline/image_publisher/build/image_publisher' returned '0': CMAKE_PREFIX_PATH=/opt/ros/foxy /usr/bin/cmake --build /home/rsa2021/comp3431-team-neo/image_pipeline/image_publisher/build/image_publisher -- -j3 -l3
[77.386s] DEBUG:colcon.colcon_core.event_handler.log_command:Invoking command in '/home/rsa2021/comp3431-team-neo/image_pipeline/image_publisher/build/image_publisher': CMAKE_PREFIX_PATH=/opt/ros/foxy /usr/bin/cmake --install /home/rsa2021/comp3431-team-neo/image_pipeline/image_publisher/build/image_publisher
[77.527s] Level 1:colcon.colcon_core.environment:create_environment_scripts_only(image_publisher)
[77.553s] DEBUG:colcon.colcon_core.event_handler.log_command:Invoked command in '/home/rsa2021/comp3431-team-neo/image_pipeline/image_publisher/build/image_publisher' returned '0': CMAKE_PREFIX_PATH=/opt/ros/foxy /usr/bin/cmake --install /home/rsa2021/comp3431-team-neo/image_pipeline/image_publisher/build/image_publisher
[77.648s] Level 1:colcon.colcon_core.environment:checking '/home/rsa2021/comp3431-team-neo/image_pipeline/image_publisher/install/image_publisher' for CMake module files
[77.656s] Level 1:colcon.colcon_core.environment:checking '/home/rsa2021/comp3431-team-neo/image_pipeline/image_publisher/install/image_publisher' for CMake config files
[77.657s] Level 1:colcon.colcon_core.shell:create_environment_hook('image_publisher', 'cmake_prefix_path')
[77.661s] INFO:colcon.colcon_core.shell:Creating environment hook '/home/rsa2021/comp3431-team-neo/image_pipeline/image_publisher/install/image_publisher/share/image_publisher/hook/cmake_prefix_path.ps1'
[77.707s] INFO:colcon.colcon_core.shell:Creating environment descriptor '/home/rsa2021/comp3431-team-neo/image_pipeline/image_publisher/install/image_publisher/share/image_publisher/hook/cmake_prefix_path.dsv'
[77.709s] INFO:colcon.colcon_core.shell:Creating environment hook '/home/rsa2021/comp3431-team-neo/image_pipeline/image_publisher/install/image_publisher/share/image_publisher/hook/cmake_prefix_path.sh'
[77.727s] Level 1:colcon.colcon_core.environment:checking '/home/rsa2021/comp3431-team-neo/image_pipeline/image_publisher/install/image_publisher/lib'
[77.728s] Level 1:colcon.colcon_core.shell:create_environment_hook('image_publisher', 'ld_library_path_lib')
[77.729s] INFO:colcon.colcon_core.shell:Creating environment hook '/home/rsa2021/comp3431-team-neo/image_pipeline/image_publisher/install/image_publisher/share/image_publisher/hook/ld_library_path_lib.ps1'
[77.730s] INFO:colcon.colcon_core.shell:Creating environment descriptor '/home/rsa2021/comp3431-team-neo/image_pipeline/image_publisher/install/image_publisher/share/image_publisher/hook/ld_library_path_lib.dsv'
[77.733s] INFO:colcon.colcon_core.shell:Creating environment hook '/home/rsa2021/comp3431-team-neo/image_pipeline/image_publisher/install/image_publisher/share/image_publisher/hook/ld_library_path_lib.sh'
[77.737s] Level 1:colcon.colcon_core.environment:checking '/home/rsa2021/comp3431-team-neo/image_pipeline/image_publisher/install/image_publisher/bin'
[77.737s] Level 1:colcon.colcon_core.environment:checking '/home/rsa2021/comp3431-team-neo/image_pipeline/image_publisher/install/image_publisher/lib/pkgconfig/image_publisher.pc'
[77.737s] Level 1:colcon.colcon_core.environment:checking '/home/rsa2021/comp3431-team-neo/image_pipeline/image_publisher/install/image_publisher/lib/python3.8/site-packages'
[77.739s] INFO:colcon.colcon_core.shell:Creating package script '/home/rsa2021/comp3431-team-neo/image_pipeline/image_publisher/install/image_publisher/share/image_publisher/package.ps1'
[77.742s] INFO:colcon.colcon_core.shell:Creating package descriptor '/home/rsa2021/comp3431-team-neo/image_pipeline/image_publisher/install/image_publisher/share/image_publisher/package.dsv'
[77.769s] INFO:colcon.colcon_core.shell:Creating package script '/home/rsa2021/comp3431-team-neo/image_pipeline/image_publisher/install/image_publisher/share/image_publisher/package.sh'
[77.777s] INFO:colcon.colcon_core.shell:Creating package script '/home/rsa2021/comp3431-team-neo/image_pipeline/image_publisher/install/image_publisher/share/image_publisher/package.bash'
[77.794s] INFO:colcon.colcon_core.shell:Creating package script '/home/rsa2021/comp3431-team-neo/image_pipeline/image_publisher/install/image_publisher/share/image_publisher/package.zsh'
[77.805s] Level 1:colcon.colcon_core.environment:create_file_with_runtime_dependencies(/home/rsa2021/comp3431-team-neo/image_pipeline/image_publisher/install/image_publisher/share/colcon-core/packages/image_publisher)
[78.011s] Level 1:colcon.colcon_core.environment:create_environment_scripts_only(image_publisher)
[78.020s] Level 1:colcon.colcon_core.environment:checking '/home/rsa2021/comp3431-team-neo/image_pipeline/image_publisher/install/image_publisher' for CMake module files
[78.021s] Level 1:colcon.colcon_core.environment:checking '/home/rsa2021/comp3431-team-neo/image_pipeline/image_publisher/install/image_publisher' for CMake config files
[78.023s] Level 1:colcon.colcon_core.shell:create_environment_hook('image_publisher', 'cmake_prefix_path')
[78.115s] INFO:colcon.colcon_core.shell:Creating environment hook '/home/rsa2021/comp3431-team-neo/image_pipeline/image_publisher/install/image_publisher/share/image_publisher/hook/cmake_prefix_path.ps1'
[78.118s] INFO:colcon.colcon_core.shell:Creating environment descriptor '/home/rsa2021/comp3431-team-neo/image_pipeline/image_publisher/install/image_publisher/share/image_publisher/hook/cmake_prefix_path.dsv'
[78.120s] INFO:colcon.colcon_core.shell:Creating environment hook '/home/rsa2021/comp3431-team-neo/image_pipeline/image_publisher/install/image_publisher/share/image_publisher/hook/cmake_prefix_path.sh'
[78.124s] Level 1:colcon.colcon_core.environment:checking '/home/rsa2021/comp3431-team-neo/image_pipeline/image_publisher/install/image_publisher/lib'
[78.124s] Level 1:colcon.colcon_core.shell:create_environment_hook('image_publisher', 'ld_library_path_lib')
[78.126s] INFO:colcon.colcon_core.shell:Creating environment hook '/home/rsa2021/comp3431-team-neo/image_pipeline/image_publisher/install/image_publisher/share/image_publisher/hook/ld_library_path_lib.ps1'
[78.128s] INFO:colcon.colcon_core.shell:Creating environment descriptor '/home/rsa2021/comp3431-team-neo/image_pipeline/image_publisher/install/image_publisher/share/image_publisher/hook/ld_library_path_lib.dsv'
[78.139s] INFO:colcon.colcon_core.shell:Creating environment hook '/home/rsa2021/comp3431-team-neo/image_pipeline/image_publisher/install/image_publisher/share/image_publisher/hook/ld_library_path_lib.sh'
[78.142s] Level 1:colcon.colcon_core.environment:checking '/home/rsa2021/comp3431-team-neo/image_pipeline/image_publisher/install/image_publisher/bin'
[78.143s] Level 1:colcon.colcon_core.environment:checking '/home/rsa2021/comp3431-team-neo/image_pipeline/image_publisher/install/image_publisher/lib/pkgconfig/image_publisher.pc'
[78.143s] Level 1:colcon.colcon_core.environment:checking '/home/rsa2021/comp3431-team-neo/image_pipeline/image_publisher/install/image_publisher/lib/python3.8/site-packages'
[78.150s] INFO:colcon.colcon_core.shell:Creating package script '/home/rsa2021/comp3431-team-neo/image_pipeline/image_publisher/install/image_publisher/share/image_publisher/package.ps1'
[78.153s] INFO:colcon.colcon_core.shell:Creating package descriptor '/home/rsa2021/comp3431-team-neo/image_pipeline/image_publisher/install/image_publisher/share/image_publisher/package.dsv'
[78.155s] INFO:colcon.colcon_core.shell:Creating package script '/home/rsa2021/comp3431-team-neo/image_pipeline/image_publisher/install/image_publisher/share/image_publisher/package.sh'
[78.156s] INFO:colcon.colcon_core.shell:Creating package script '/home/rsa2021/comp3431-team-neo/image_pipeline/image_publisher/install/image_publisher/share/image_publisher/package.bash'
[78.158s] INFO:colcon.colcon_core.shell:Creating package script '/home/rsa2021/comp3431-team-neo/image_pipeline/image_publisher/install/image_publisher/share/image_publisher/package.zsh'
[78.159s] Level 1:colcon.colcon_core.environment:create_file_with_runtime_dependencies(/home/rsa2021/comp3431-team-neo/image_pipeline/image_publisher/install/image_publisher/share/colcon-core/packages/image_publisher)
[78.161s] DEBUG:colcon.colcon_parallel_executor.executor.parallel:closing loop
[78.161s] DEBUG:colcon.colcon_parallel_executor.executor.parallel:loop closed
[78.162s] DEBUG:colcon.colcon_parallel_executor.executor.parallel:run_until_complete finished with '0'
[78.162s] DEBUG:colcon.colcon_core.event_reactor:joining thread
[78.315s] INFO:colcon.colcon_core.plugin_system:Skipping extension 'colcon_notification.desktop_notification.terminal_notifier': Not used on non-Darwin systems
[78.315s] INFO:colcon.colcon_core.plugin_system:Skipping extension 'colcon_notification.desktop_notification.win32': Not used on non-Windows systems
[78.316s] INFO:colcon.colcon_notification.desktop_notification:Sending desktop notification using 'notify2'
[79.408s] DEBUG:colcon.colcon_core.event_reactor:joined thread
[79.409s] INFO:colcon.colcon_core.shell:Creating prefix script '/home/rsa2021/comp3431-team-neo/image_pipeline/image_publisher/install/local_setup.ps1'
[79.412s] INFO:colcon.colcon_core.shell:Creating prefix util module '/home/rsa2021/comp3431-team-neo/image_pipeline/image_publisher/install/_local_setup_util_ps1.py'
[79.422s] INFO:colcon.colcon_core.shell:Creating prefix chain script '/home/rsa2021/comp3431-team-neo/image_pipeline/image_publisher/install/setup.ps1'
[79.429s] INFO:colcon.colcon_core.shell:Creating prefix script '/home/rsa2021/comp3431-team-neo/image_pipeline/image_publisher/install/local_setup.sh'
[79.432s] INFO:colcon.colcon_core.shell:Creating prefix util module '/home/rsa2021/comp3431-team-neo/image_pipeline/image_publisher/install/_local_setup_util_sh.py'
[79.433s] INFO:colcon.colcon_core.shell:Creating prefix chain script '/home/rsa2021/comp3431-team-neo/image_pipeline/image_publisher/install/setup.sh'
[79.445s] INFO:colcon.colcon_core.shell:Creating prefix script '/home/rsa2021/comp3431-team-neo/image_pipeline/image_publisher/install/local_setup.bash'
[79.451s] INFO:colcon.colcon_core.shell:Creating prefix chain script '/home/rsa2021/comp3431-team-neo/image_pipeline/image_publisher/install/setup.bash'
[79.455s] INFO:colcon.colcon_core.shell:Creating prefix script '/home/rsa2021/comp3431-team-neo/image_pipeline/image_publisher/install/local_setup.zsh'
[79.457s] INFO:colcon.colcon_core.shell:Creating prefix chain script '/home/rsa2021/comp3431-team-neo/image_pipeline/image_publisher/install/setup.zsh'
