[0.096s] Invoking command in '/home/rsa2021/comp3431-team-neo/starter_code/build/point_pubsub': CMAKE_PREFIX_PATH=${CMAKE_PREFIX_PATH}:/opt/ros/foxy /usr/bin/cmake --build /home/rsa2021/comp3431-team-neo/starter_code/build/point_pubsub -- -j3 -l3
[0.428s] [35m[1mScanning dependencies of target point_tf[0m
[0.671s] [ 50%] [32mBuilding CXX object CMakeFiles/point_tf.dir/src/publisher_member_function.cpp.o[0m
[16.287s] [01m[K/home/rsa2021/comp3431-team-neo/starter_code/src/comp3431-rsa/point_pubsub/src/publisher_member_function.cpp:84:38:[m[K [01;31m[Kerror: [m[K‘[01m[Kms[m[K’ is not a member of ‘[01m[Kgeometry_msgs[m[K’; did you mean ‘[01m[Kmsg[m[K’?
[16.289s]    84 |     rclcpp::Publisher<geometry_msgs::[01;31m[Kms[m[K::PointStamped::SharedPtr subscriber_;
[16.290s]       |                                      [01;31m[K^~[m[K
[16.290s]       |                                      [32m[Kmsg[m[K
[16.290s] [01m[K/home/rsa2021/comp3431-team-neo/starter_code/src/comp3431-rsa/point_pubsub/src/publisher_member_function.cpp:84:38:[m[K [01;31m[Kerror: [m[K‘[01m[Kms[m[K’ is not a member of ‘[01m[Kgeometry_msgs[m[K’; did you mean ‘[01m[Kmsg[m[K’?
[16.290s]    84 |     rclcpp::Publisher<geometry_msgs::[01;31m[Kms[m[K::PointStamped::SharedPtr subscriber_;
[16.290s]       |                                      [01;31m[K^~[m[K
[16.290s]       |                                      [32m[Kmsg[m[K
[16.290s] [01m[K/home/rsa2021/comp3431-team-neo/starter_code/src/comp3431-rsa/point_pubsub/src/publisher_member_function.cpp:84:66:[m[K [01;31m[Kerror: [m[Ktemplate argument 1 is invalid
[16.290s]    84 |     rclcpp::Publisher<geometry_msgs::ms::PointStamped::SharedPtr [01;31m[Ksubscriber_[m[K;
[16.290s]       |                                                                  [01;31m[K^~~~~~~~~~~[m[K
[16.304s] [01m[K/home/rsa2021/comp3431-team-neo/starter_code/src/comp3431-rsa/point_pubsub/src/publisher_member_function.cpp:[m[K In constructor ‘[01m[KPointTf::PointTf()[m[K’:
[16.304s] [01m[K/home/rsa2021/comp3431-team-neo/starter_code/src/comp3431-rsa/point_pubsub/src/publisher_member_function.cpp:23:5:[m[K [01;31m[Kerror: [m[K‘[01m[Ksubscriber_[m[K’ was not declared in this scope
[16.304s]    23 |     [01;31m[Ksubscriber_[m[K = this->create_subscription<geometry_msgs::msg::PointStamped>(
[16.305s]       |     [01;31m[K^~~~~~~~~~~[m[K
[16.309s] [01m[K/home/rsa2021/comp3431-team-neo/starter_code/src/comp3431-rsa/point_pubsub/src/publisher_member_function.cpp:25:46:[m[K [01;31m[Kerror: [m[Kexpected ‘[01m[K,[m[K’ or ‘[01m[K...[m[K’ before ‘[01m[K>[m[K’ token
[16.310s]    25 |       [this](geometry_msgs::msg::PointStamped[01;31m[K>[m[K::SharedPtr point) {
[16.310s]       |                                              [01;31m[K^[m[K
[16.312s] [01m[K/home/rsa2021/comp3431-team-neo/starter_code/src/comp3431-rsa/point_pubsub/src/publisher_member_function.cpp:[m[K In lambda function:
[16.313s] [01m[K/home/rsa2021/comp3431-team-neo/starter_code/src/comp3431-rsa/point_pubsub/src/publisher_member_function.cpp:26:38:[m[K [01;31m[Kerror: [m[K‘[01m[Kpoint[m[K’ was not declared in this scope
[16.313s]    26 |         publisher_->publish(convert(*[01;31m[Kpoint[m[K));
[16.313s]       |                                      [01;31m[K^~~~~[m[K
[19.339s] In file included from [01m[K/opt/ros/foxy/include/rclcpp/node_interfaces/node_topics_interface.hpp:32[m[K,
[19.339s]                  from [01m[K/opt/ros/foxy/include/rclcpp/node.hpp:55[m[K,
[19.339s]                  from [01m[K/opt/ros/foxy/include/rclcpp/executors/single_threaded_executor.hpp:28[m[K,
[19.339s]                  from [01m[K/opt/ros/foxy/include/rclcpp/executors.hpp:22[m[K,
[19.339s]                  from [01m[K/opt/ros/foxy/include/rclcpp/rclcpp.hpp:146[m[K,
[19.340s]                  from [01m[K/home/rsa2021/comp3431-team-neo/starter_code/src/comp3431-rsa/point_pubsub/src/publisher_member_function.cpp:4[m[K:
[19.340s] /opt/ros/foxy/include/rclcpp/subscription_factory.hpp: In instantiation of ‘[01m[Krclcpp::SubscriptionFactory rclcpp::create_subscription_factory(CallbackT&&, const rclcpp::SubscriptionOptionsWithAllocator<AllocatorT>&, typename MessageMemoryStrategyT::SharedPtr, std::shared_ptr<rclcpp::topic_statistics::SubscriptionTopicStatistics<CallbackMessageT> >) [with MessageT = geometry_msgs::msg::PointStamped_<std::allocator<void> >; CallbackT = PointTf::PointTf()::<lambda(geometry_msgs::msg::PointStamped)>; AllocatorT = std::allocator<void>; CallbackMessageT = geometry_msgs::msg::PointStamped_<std::allocator<void> >; SubscriptionT = rclcpp::Subscription<geometry_msgs::msg::PointStamped_<std::allocator<void> >, std::allocator<void>, rclcpp::message_memory_strategy::MessageMemoryStrategy<geometry_msgs::msg::PointStamped_<std::allocator<void> >, std::allocator<void> > >; MessageMemoryStrategyT = rclcpp::message_memory_strategy::MessageMemoryStrategy<geometry_msgs::msg::PointStamped_<std::allocator<void> >, std::allocator<void> >; typename MessageMemoryStrategyT::SharedPtr = std::shared_ptr<rclcpp::message_memory_strategy::MessageMemoryStrategy<geometry_msgs::msg::PointStamped_<std::allocator<void> >, std::allocator<void> > >][m[K’:
[19.340s] [01m[K/opt/ros/foxy/include/rclcpp/create_subscription.hpp:144:63:[m[K   required from ‘[01m[Kstd::shared_ptr<SubscriptionT> rclcpp::create_subscription(NodeT&&, const string&, const rclcpp::QoS&, CallbackT&&, const rclcpp::SubscriptionOptionsWithAllocator<AllocatorT>&, typename MessageMemoryStrategyT::SharedPtr) [with MessageT = geometry_msgs::msg::PointStamped_<std::allocator<void> >; CallbackT = PointTf::PointTf()::<lambda(geometry_msgs::msg::PointStamped)>; AllocatorT = std::allocator<void>; CallbackMessageT = geometry_msgs::msg::PointStamped_<std::allocator<void> >; SubscriptionT = rclcpp::Subscription<geometry_msgs::msg::PointStamped_<std::allocator<void> >, std::allocator<void>, rclcpp::message_memory_strategy::MessageMemoryStrategy<geometry_msgs::msg::PointStamped_<std::allocator<void> >, std::allocator<void> > >; MessageMemoryStrategyT = rclcpp::message_memory_strategy::MessageMemoryStrategy<geometry_msgs::msg::PointStamped_<std::allocator<void> >, std::allocator<void> >; NodeT = rclcpp::Node&; std::string = std::__cxx11::basic_string<char>; typename MessageMemoryStrategyT::SharedPtr = std::shared_ptr<rclcpp::message_memory_strategy::MessageMemoryStrategy<geometry_msgs::msg::PointStamped_<std::allocator<void> >, std::allocator<void> > >][m[K’
[19.340s] [01m[K/opt/ros/foxy/include/rclcpp/node_impl.hpp:98:47:[m[K   required from ‘[01m[Kstd::shared_ptr<SubscriptionT> rclcpp::Node::create_subscription(const string&, const rclcpp::QoS&, CallbackT&&, const rclcpp::SubscriptionOptionsWithAllocator<AllocatorT>&, typename MessageMemoryStrategyT::SharedPtr) [with MessageT = geometry_msgs::msg::PointStamped_<std::allocator<void> >; CallbackT = PointTf::PointTf()::<lambda(geometry_msgs::msg::PointStamped)>; AllocatorT = std::allocator<void>; CallbackMessageT = geometry_msgs::msg::PointStamped_<std::allocator<void> >; SubscriptionT = rclcpp::Subscription<geometry_msgs::msg::PointStamped_<std::allocator<void> >, std::allocator<void>, rclcpp::message_memory_strategy::MessageMemoryStrategy<geometry_msgs::msg::PointStamped_<std::allocator<void> >, std::allocator<void> > >; MessageMemoryStrategyT = rclcpp::message_memory_strategy::MessageMemoryStrategy<geometry_msgs::msg::PointStamped_<std::allocator<void> >, std::allocator<void> >; std::string = std::__cxx11::basic_string<char>; typename MessageMemoryStrategyT::SharedPtr = std::shared_ptr<rclcpp::message_memory_strategy::MessageMemoryStrategy<geometry_msgs::msg::PointStamped_<std::allocator<void> >, std::allocator<void> > >][m[K’
[19.341s] [01m[K/home/rsa2021/comp3431-team-neo/starter_code/src/comp3431-rsa/point_pubsub/src/publisher_member_function.cpp:27:8:[m[K   required from here
[19.341s] [01m[K/opt/ros/foxy/include/rclcpp/subscription_factory.hpp:97:3:[m[K [01;31m[Kerror: [m[Kno matching function for call to ‘[01m[Krclcpp::AnySubscriptionCallback<geometry_msgs::msg::PointStamped_<std::allocator<void> >, std::allocator<void> >::set(PointTf::PointTf()::<lambda(geometry_msgs::msg::PointStamped)>)[m[K’
[19.342s]    97 |   [01;31m[Kany_subscription_callback[m[K.set(std::forward<CallbackT>(callback));
[19.342s]       |   [01;31m[K^~~~~~~~~~~~~~~~~~~~~~~~~[m[K
[19.346s] In file included from [01m[K/opt/ros/foxy/include/rclcpp/subscription_base.hpp:29[m[K,
[19.346s]                  from [01m[K/opt/ros/foxy/include/rclcpp/callback_group.hpp:26[m[K,
[19.349s]                  from [01m[K/opt/ros/foxy/include/rclcpp/any_executable.hpp:20[m[K,
[19.352s]                  from [01m[K/opt/ros/foxy/include/rclcpp/memory_strategy.hpp:24[m[K,
[19.353s]                  from [01m[K/opt/ros/foxy/include/rclcpp/memory_strategies.hpp:18[m[K,
[19.353s]                  from [01m[K/opt/ros/foxy/include/rclcpp/executor_options.hpp:20[m[K,
[19.353s]                  from [01m[K/opt/ros/foxy/include/rclcpp/executor.hpp:33[m[K,
[19.353s]                  from [01m[K/opt/ros/foxy/include/rclcpp/executors/multi_threaded_executor.hpp:25[m[K,
[19.353s]                  from [01m[K/opt/ros/foxy/include/rclcpp/executors.hpp:21[m[K,
[19.353s]                  from [01m[K/opt/ros/foxy/include/rclcpp/rclcpp.hpp:146[m[K,
[19.353s]                  from [01m[K/home/rsa2021/comp3431-team-neo/starter_code/src/comp3431-rsa/point_pubsub/src/publisher_member_function.cpp:4[m[K:
[19.354s] [01m[K/opt/ros/foxy/include/rclcpp/any_subscription_callback.hpp:83:8:[m[K [01;36m[Knote: [m[Kcandidate: ‘[01m[Ktemplate<class CallbackT, typename std::enable_if<rclcpp::function_traits::same_arguments<CallbackT, std::function<void(std::shared_ptr<geometry_msgs::msg::PointStamped_<std::allocator<void> > >)> >::value, void>::type* <anonymous> > void rclcpp::AnySubscriptionCallback<MessageT, Alloc>::set(CallbackT) [with CallbackT = CallbackT; typename std::enable_if<rclcpp::function_traits::same_arguments<CallbackT, std::function<void(std::shared_ptr<_Tp>)> >::value>::type* <anonymous> = <enumerator>; MessageT = geometry_msgs::msg::PointStamped_<std::allocator<void> >; Alloc = std::allocator<void>][m[K’
[19.354s]    83 |   void [01;36m[Kset[m[K(CallbackT callback)
[19.354s]       |        [01;36m[K^~~[m[K
[19.354s] [01m[K/opt/ros/foxy/include/rclcpp/any_subscription_callback.hpp:83:8:[m[K [01;36m[Knote: [m[K  template argument deduction/substitution failed:
[19.358s] [01m[K/opt/ros/foxy/include/rclcpp/any_subscription_callback.hpp:81:17:[m[K [01;31m[Kerror: [m[Kno type named ‘[01m[Ktype[m[K’ in ‘[01m[Kstruct std::enable_if<false, void>[m[K’
[19.359s]    81 |     >::type * = [01;31m[Knullptr[m[K
[19.359s]       |                 [01;31m[K^~~~~~~[m[K
[19.361s] [01m[K/opt/ros/foxy/include/rclcpp/any_subscription_callback.hpp:97:8:[m[K [01;36m[Knote: [m[Kcandidate: ‘[01m[Ktemplate<class CallbackT, typename std::enable_if<rclcpp::function_traits::same_arguments<CallbackT, std::function<void(std::shared_ptr<geometry_msgs::msg::PointStamped_<std::allocator<void> > >, const rclcpp::MessageInfo&)> >::value, void>::type* <anonymous> > void rclcpp::AnySubscriptionCallback<MessageT, Alloc>::set(CallbackT) [with CallbackT = CallbackT; typename std::enable_if<rclcpp::function_traits::same_arguments<CallbackT, std::function<void(std::shared_ptr<_Tp>, const rclcpp::MessageInfo&)> >::value>::type* <anonymous> = <enumerator>; MessageT = geometry_msgs::msg::PointStamped_<std::allocator<void> >; Alloc = std::allocator<void>][m[K’
[19.361s]    97 |   void [01;36m[Kset[m[K(CallbackT callback)
[19.361s]       |        [01;36m[K^~~[m[K
[19.361s] [01m[K/opt/ros/foxy/include/rclcpp/any_subscription_callback.hpp:97:8:[m[K [01;36m[Knote: [m[K  template argument deduction/substitution failed:
[19.362s] [01m[K/opt/ros/foxy/include/rclcpp/any_subscription_callback.hpp:95:17:[m[K [01;31m[Kerror: [m[Kno type named ‘[01m[Ktype[m[K’ in ‘[01m[Kstruct std::enable_if<false, void>[m[K’
[19.363s]    95 |     >::type * = [01;31m[Knullptr[m[K
[19.363s]       |                 [01;31m[K^~~~~~~[m[K
[19.364s] [01m[K/opt/ros/foxy/include/rclcpp/any_subscription_callback.hpp:111:8:[m[K [01;36m[Knote: [m[Kcandidate: ‘[01m[Ktemplate<class CallbackT, typename std::enable_if<rclcpp::function_traits::same_arguments<CallbackT, std::function<void(std::shared_ptr<const geometry_msgs::msg::PointStamped_<std::allocator<void> > >)> >::value, void>::type* <anonymous> > void rclcpp::AnySubscriptionCallback<MessageT, Alloc>::set(CallbackT) [with CallbackT = CallbackT; typename std::enable_if<rclcpp::function_traits::same_arguments<CallbackT, std::function<void(std::shared_ptr<const _Tp>)> >::value>::type* <anonymous> = <enumerator>; MessageT = geometry_msgs::msg::PointStamped_<std::allocator<void> >; Alloc = std::allocator<void>][m[K’
[19.365s]   111 |   void [01;36m[Kset[m[K(CallbackT callback)
[19.366s]       |        [01;36m[K^~~[m[K
[19.366s] [01m[K/opt/ros/foxy/include/rclcpp/any_subscription_callback.hpp:111:8:[m[K [01;36m[Knote: [m[K  template argument deduction/substitution failed:
[19.371s] [01m[K/opt/ros/foxy/include/rclcpp/any_subscription_callback.hpp:109:17:[m[K [01;31m[Kerror: [m[Kno type named ‘[01m[Ktype[m[K’ in ‘[01m[Kstruct std::enable_if<false, void>[m[K’
[19.372s]   109 |     >::type * = [01;31m[Knullptr[m[K
[19.372s]       |                 [01;31m[K^~~~~~~[m[K
[19.372s] [01m[K/opt/ros/foxy/include/rclcpp/any_subscription_callback.hpp:125:8:[m[K [01;36m[Knote: [m[Kcandidate: ‘[01m[Ktemplate<class CallbackT, typename std::enable_if<rclcpp::function_traits::same_arguments<CallbackT, std::function<void(std::shared_ptr<const geometry_msgs::msg::PointStamped_<std::allocator<void> > >, const rclcpp::MessageInfo&)> >::value, void>::type* <anonymous> > void rclcpp::AnySubscriptionCallback<MessageT, Alloc>::set(CallbackT) [with CallbackT = CallbackT; typename std::enable_if<rclcpp::function_traits::same_arguments<CallbackT, std::function<void(std::shared_ptr<const _Tp>, const rclcpp::MessageInfo&)> >::value>::type* <anonymous> = <enumerator>; MessageT = geometry_msgs::msg::PointStamped_<std::allocator<void> >; Alloc = std::allocator<void>][m[K’
[19.372s]   125 |   void [01;36m[Kset[m[K(CallbackT callback)
[19.372s]       |        [01;36m[K^~~[m[K
[19.372s] [01m[K/opt/ros/foxy/include/rclcpp/any_subscription_callback.hpp:125:8:[m[K [01;36m[Knote: [m[K  template argument deduction/substitution failed:
[19.373s] [01m[K/opt/ros/foxy/include/rclcpp/any_subscription_callback.hpp:123:17:[m[K [01;31m[Kerror: [m[Kno type named ‘[01m[Ktype[m[K’ in ‘[01m[Kstruct std::enable_if<false, void>[m[K’
[19.373s]   123 |     >::type * = [01;31m[Knullptr[m[K
[19.373s]       |                 [01;31m[K^~~~~~~[m[K
[19.373s] [01m[K/opt/ros/foxy/include/rclcpp/any_subscription_callback.hpp:139:8:[m[K [01;36m[Knote: [m[Kcandidate: ‘[01m[Ktemplate<class CallbackT, typename std::enable_if<rclcpp::function_traits::same_arguments<CallbackT, std::function<void(std::unique_ptr<geometry_msgs::msg::PointStamped_<std::allocator<void> >, std::default_delete<geometry_msgs::msg::PointStamped_<std::allocator<void> > > >)> >::value, void>::type* <anonymous> > void rclcpp::AnySubscriptionCallback<MessageT, Alloc>::set(CallbackT) [with CallbackT = CallbackT; typename std::enable_if<rclcpp::function_traits::same_arguments<CallbackT, std::function<void(std::unique_ptr<MessageT, typename std::conditional<std::is_same<typename std::allocator_traits<typename std::allocator_traits<_Alloc>::rebind_traits<MessageT>::allocator_type>::rebind_alloc<MessageT>, typename std::allocator<void>::rebind<_Tp1>::other>::value, std::default_delete<_Tp>, rclcpp::allocator::AllocatorDeleter<typename std::allocator_traits<_Alloc>::rebind_traits<MessageT>::allocator_type> >::type>)> >::value>::type* <anonymous> = <enumerator>; MessageT = geometry_msgs::msg::PointStamped_<std::allocator<void> >; Alloc = std::allocator<void>][m[K’
[19.374s]   139 |   void [01;36m[Kset[m[K(CallbackT callback)
[19.374s]       |        [01;36m[K^~~[m[K
[19.374s] [01m[K/opt/ros/foxy/include/rclcpp/any_subscription_callback.hpp:139:8:[m[K [01;36m[Knote: [m[K  template argument deduction/substitution failed:
[19.374s] [01m[K/opt/ros/foxy/include/rclcpp/any_subscription_callback.hpp:137:17:[m[K [01;31m[Kerror: [m[Kno type named ‘[01m[Ktype[m[K’ in ‘[01m[Kstruct std::enable_if<false, void>[m[K’
[19.374s]   137 |     >::type * = [01;31m[Knullptr[m[K
[19.374s]       |                 [01;31m[K^~~~~~~[m[K
[19.379s] [01m[K/opt/ros/foxy/include/rclcpp/any_subscription_callback.hpp:153:8:[m[K [01;36m[Knote: [m[Kcandidate: ‘[01m[Ktemplate<class CallbackT, typename std::enable_if<rclcpp::function_traits::same_arguments<CallbackT, std::function<void(std::unique_ptr<geometry_msgs::msg::PointStamped_<std::allocator<void> >, std::default_delete<geometry_msgs::msg::PointStamped_<std::allocator<void> > > >, const rclcpp::MessageInfo&)> >::value, void>::type* <anonymous> > void rclcpp::AnySubscriptionCallback<MessageT, Alloc>::set(CallbackT) [with CallbackT = CallbackT; typename std::enable_if<rclcpp::function_traits::same_arguments<CallbackT, std::function<void(std::unique_ptr<MessageT, typename std::conditional<std::is_same<typename std::allocator_traits<typename std::allocator_traits<_Alloc>::rebind_traits<MessageT>::allocator_type>::rebind_alloc<MessageT>, typename std::allocator<void>::rebind<_Tp1>::other>::value, std::default_delete<_Tp>, rclcpp::allocator::AllocatorDeleter<typename std::allocator_traits<_Alloc>::rebind_traits<MessageT>::allocator_type> >::type>, const rclcpp::MessageInfo&)> >::value>::type* <anonymous> = <enumerator>; MessageT = geometry_msgs::msg::PointStamped_<std::allocator<void> >; Alloc = std::allocator<void>][m[K’
[19.380s]   153 |   void [01;36m[Kset[m[K(CallbackT callback)
[19.380s]       |        [01;36m[K^~~[m[K
[19.380s] [01m[K/opt/ros/foxy/include/rclcpp/any_subscription_callback.hpp:153:8:[m[K [01;36m[Knote: [m[K  template argument deduction/substitution failed:
[19.380s] [01m[K/opt/ros/foxy/include/rclcpp/any_subscription_callback.hpp:151:17:[m[K [01;31m[Kerror: [m[Kno type named ‘[01m[Ktype[m[K’ in ‘[01m[Kstruct std::enable_if<false, void>[m[K’
[19.380s]   151 |     >::type * = [01;31m[Knullptr[m[K
[19.380s]       |                 [01;31m[K^~~~~~~[m[K
[23.365s] In file included from [01m[K/usr/include/c++/9/future:48[m[K,
[23.366s]                  from [01m[K/opt/ros/foxy/include/rclcpp/executors.hpp:18[m[K,
[23.367s]                  from [01m[K/opt/ros/foxy/include/rclcpp/rclcpp.hpp:146[m[K,
[23.368s]                  from [01m[K/home/rsa2021/comp3431-team-neo/starter_code/src/comp3431-rsa/point_pubsub/src/publisher_member_function.cpp:4[m[K:
[23.369s] [01m[K/usr/include/c++/9/bits/std_function.h:[m[K At global scope:
[23.370s] [01m[K/usr/include/c++/9/bits/std_function.h:667:7:[m[K [01;31m[Kerror: [m[K‘[01m[Kstd::function<_Res(_ArgTypes ...)>::function(_Functor) [with _Functor = rclcpp::create_subscription_factory(CallbackT&&, const rclcpp::SubscriptionOptionsWithAllocator<AllocatorT>&, typename MessageMemoryStrategyT::SharedPtr, std::shared_ptr<rclcpp::topic_statistics::SubscriptionTopicStatistics<CallbackMessageT> >) [with MessageT = geometry_msgs::msg::PointStamped_<std::allocator<void> >; CallbackT = PointTf::PointTf()::<lambda(geometry_msgs::msg::PointStamped)>; AllocatorT = std::allocator<void>; CallbackMessageT = geometry_msgs::msg::PointStamped_<std::allocator<void> >; SubscriptionT = rclcpp::Subscription<geometry_msgs::msg::PointStamped_<std::allocator<void> >, std::allocator<void>, rclcpp::message_memory_strategy::MessageMemoryStrategy<geometry_msgs::msg::PointStamped_<std::allocator<void> >, std::allocator<void> > >; MessageMemoryStrategyT = rclcpp::message_memory_strategy::MessageMemoryStrategy<geometry_msgs::msg::PointStamped_<std::allocator<void> >, std::allocator<void> >; typename MessageMemoryStrategyT::SharedPtr = std::shared_ptr<rclcpp::message_memory_strategy::MessageMemoryStrategy<geometry_msgs::msg::PointStamped_<std::allocator<void> >, std::allocator<void> > >]::<lambda(rclcpp::node_interfaces::NodeBaseInterface*, const string&, const rclcpp::QoS&)>; <template-parameter-2-2> = void; <template-parameter-2-3> = void; _Res = std::shared_ptr<rclcpp::SubscriptionBase>; _ArgTypes = {rclcpp::node_interfaces::NodeBaseInterface*, const std::__cxx11::basic_string<char, std::char_traits<char>, std::allocator<char> >&, const rclcpp::QoS&}][m[K’, declared using local type ‘[01m[Krclcpp::create_subscription_factory(CallbackT&&, const rclcpp::SubscriptionOptionsWithAllocator<AllocatorT>&, typename MessageMemoryStrategyT::SharedPtr, std::shared_ptr<rclcpp::topic_statistics::SubscriptionTopicStatistics<CallbackMessageT> >) [with MessageT = geometry_msgs::msg::PointStamped_<std::allocator<void> >; CallbackT = PointTf::PointTf()::<lambda(geometry_msgs::msg::PointStamped)>; AllocatorT = std::allocator<void>; CallbackMessageT = geometry_msgs::msg::PointStamped_<std::allocator<void> >; SubscriptionT = rclcpp::Subscription<geometry_msgs::msg::PointStamped_<std::allocator<void> >, std::allocator<void>, rclcpp::message_memory_strategy::MessageMemoryStrategy<geometry_msgs::msg::PointStamped_<std::allocator<void> >, std::allocator<void> > >; MessageMemoryStrategyT = rclcpp::message_memory_strategy::MessageMemoryStrategy<geometry_msgs::msg::PointStamped_<std::allocator<void> >, std::allocator<void> >; typename MessageMemoryStrategyT::SharedPtr = std::shared_ptr<rclcpp::message_memory_strategy::MessageMemoryStrategy<geometry_msgs::msg::PointStamped_<std::allocator<void> >, std::allocator<void> > >]::<lambda(rclcpp::node_interfaces::NodeBaseInterface*, const string&, const rclcpp::QoS&)>[m[K’, is used but never defined [[01;31m[K-fpermissive[m[K]
[23.377s]   667 |       [01;31m[Kfunction<_Res(_ArgTypes...)>[m[K::
[23.377s]       |       [01;31m[K^~~~~~~~~~~~~~~~~~~~~~~~~~~~[m[K
[24.260s] make[2]: *** [CMakeFiles/point_tf.dir/build.make:63: CMakeFiles/point_tf.dir/src/publisher_member_function.cpp.o] Error 1
[24.270s] make[1]: *** [CMakeFiles/Makefile2:78: CMakeFiles/point_tf.dir/all] Error 2
[24.273s] make: *** [Makefile:141: all] Error 2
[24.467s] Invoked command in '/home/rsa2021/comp3431-team-neo/starter_code/build/point_pubsub' returned '2': CMAKE_PREFIX_PATH=${CMAKE_PREFIX_PATH}:/opt/ros/foxy /usr/bin/cmake --build /home/rsa2021/comp3431-team-neo/starter_code/build/point_pubsub -- -j3 -l3
