[0.038s] Invoking command in '/home/rsa2021/comp3431-team-neo/starter_code/build/point_pubsub': CMAKE_PREFIX_PATH=${CMAKE_PREFIX_PATH}:/opt/ros/foxy /usr/bin/cmake --build /home/rsa2021/comp3431-team-neo/starter_code/build/point_pubsub -- -j3 -l3
[0.300s] [35m[1mScanning dependencies of target point_tf[0m
[0.410s] [ 50%] [32mBuilding CXX object CMakeFiles/point_tf.dir/src/publisher_member_function.cpp.o[0m
[5.063s] [01m[K/home/rsa2021/comp3431-team-neo/starter_code/src/comp3431-rsa/point_pubsub/src/publisher_member_function.cpp:[m[K In constructor ‘[01m[KPointTf::PointTf()[m[K’:
[5.064s] [01m[K/home/rsa2021/comp3431-team-neo/starter_code/src/comp3431-rsa/point_pubsub/src/publisher_member_function.cpp:25:46:[m[K [01;31m[Kerror: [m[Kexpected ‘[01m[K,[m[K’ or ‘[01m[K...[m[K’ before ‘[01m[K>[m[K’ token
[5.064s]    25 |       [this](geometry_msgs::msg::PointStamped[01;31m[K>[m[K::SharedPtr point) {
[5.064s]       |                                              [01;31m[K^[m[K
[5.071s] [01m[K/home/rsa2021/comp3431-team-neo/starter_code/src/comp3431-rsa/point_pubsub/src/publisher_member_function.cpp:[m[K In lambda function:
[5.072s] [01m[K/home/rsa2021/comp3431-team-neo/starter_code/src/comp3431-rsa/point_pubsub/src/publisher_member_function.cpp:26:38:[m[K [01;31m[Kerror: [m[K‘[01m[Kpoint[m[K’ was not declared in this scope
[5.072s]    26 |         publisher_->publish(convert(*[01;31m[Kpoint[m[K));
[5.072s]       |                                      [01;31m[K^~~~~[m[K
[5.154s] [01m[K/home/rsa2021/comp3431-team-neo/starter_code/src/comp3431-rsa/point_pubsub/src/publisher_member_function.cpp:[m[K In constructor ‘[01m[KPointTf::PointTf()[m[K’:
[5.154s] [01m[K/home/rsa2021/comp3431-team-neo/starter_code/src/comp3431-rsa/point_pubsub/src/publisher_member_function.cpp:27:8:[m[K [01;31m[Kerror: [m[Kno match for ‘[01m[Koperator=[m[K’ (operand types are ‘[01m[Krclcpp::Publisher<geometry_msgs::msg::PointStamped_<std::allocator<void> > >::SharedPtr[m[K’ {aka ‘[01m[Kstd::shared_ptr<rclcpp::Publisher<geometry_msgs::msg::PointStamped_<std::allocator<void> > > >[m[K’} and ‘[01m[Kstd::shared_ptr<rclcpp::Subscription<geometry_msgs::msg::PointStamped_<std::allocator<void> >, std::allocator<void>, rclcpp::message_memory_strategy::MessageMemoryStrategy<geometry_msgs::msg::PointStamped_<std::allocator<void> >, std::allocator<void> > > >[m[K’)
[5.154s]    27 |       }[01;31m[K)[m[K;
[5.154s]       |        [01;31m[K^[m[K
[5.155s] In file included from [01m[K/usr/include/c++/9/memory:81[m[K,
[5.155s]                  from [01m[K/home/rsa2021/comp3431-team-neo/starter_code/src/comp3431-rsa/point_pubsub/src/publisher_member_function.cpp:2[m[K:
[5.155s] [01m[K/usr/include/c++/9/bits/shared_ptr.h:309:19:[m[K [01;36m[Knote: [m[Kcandidate: ‘[01m[Kstd::shared_ptr<_Tp>& std::shared_ptr<_Tp>::operator=(const std::shared_ptr<_Tp>&) [with _Tp = rclcpp::Publisher<geometry_msgs::msg::PointStamped_<std::allocator<void> > >][m[K’
[5.155s]   309 |       shared_ptr& [01;36m[Koperator[m[K=(const shared_ptr&) noexcept = default;
[5.155s]       |                   [01;36m[K^~~~~~~~[m[K
[5.156s] [01m[K/usr/include/c++/9/bits/shared_ptr.h:309:29:[m[K [01;36m[Knote: [m[K  no known conversion for argument 1 from ‘[01m[Kstd::shared_ptr<rclcpp::Subscription<geometry_msgs::msg::PointStamped_<std::allocator<void> >, std::allocator<void>, rclcpp::message_memory_strategy::MessageMemoryStrategy<geometry_msgs::msg::PointStamped_<std::allocator<void> >, std::allocator<void> > > >[m[K’ to ‘[01m[Kconst std::shared_ptr<rclcpp::Publisher<geometry_msgs::msg::PointStamped_<std::allocator<void> > > >&[m[K’
[5.156s]   309 |       shared_ptr& operator=([01;36m[Kconst shared_ptr&[m[K) noexcept = default;
[5.156s]       |                             [01;36m[K^~~~~~~~~~~~~~~~~[m[K
[5.156s] [01m[K/usr/include/c++/9/bits/shared_ptr.h:313:2:[m[K [01;36m[Knote: [m[Kcandidate: ‘[01m[Ktemplate<class _Yp> std::shared_ptr<_Tp>::_Assignable<const std::shared_ptr<_Yp>&> std::shared_ptr<_Tp>::operator=(const std::shared_ptr<_Yp>&) [with _Yp = _Yp; _Tp = rclcpp::Publisher<geometry_msgs::msg::PointStamped_<std::allocator<void> > >][m[K’
[5.156s]   313 |  [01;36m[Koperator[m[K=(const shared_ptr<_Yp>& __r) noexcept
[5.156s]       |  [01;36m[K^~~~~~~~[m[K
[5.156s] [01m[K/usr/include/c++/9/bits/shared_ptr.h:313:2:[m[K [01;36m[Knote: [m[K  template argument deduction/substitution failed:
[5.156s] /usr/include/c++/9/bits/shared_ptr.h: In substitution of ‘[01m[Ktemplate<class _Tp> template<class _Arg> using _Assignable = typename std::enable_if<std::is_assignable<std::__shared_ptr<_Tp>&, _Arg>::value, std::shared_ptr<_Tp>&>::type [with _Arg = const std::shared_ptr<rclcpp::Subscription<geometry_msgs::msg::PointStamped_<std::allocator<void> >, std::allocator<void>, rclcpp::message_memory_strategy::MessageMemoryStrategy<geometry_msgs::msg::PointStamped_<std::allocator<void> >, std::allocator<void> > > >&; _Tp = rclcpp::Publisher<geometry_msgs::msg::PointStamped_<std::allocator<void> > >][m[K’:
[5.156s] [01m[K/usr/include/c++/9/bits/shared_ptr.h:313:2:[m[K   required by substitution of ‘[01m[Ktemplate<class _Yp> std::shared_ptr<rclcpp::Publisher<geometry_msgs::msg::PointStamped_<std::allocator<void> > > >::_Assignable<const std::shared_ptr<_Tp>&> std::shared_ptr<rclcpp::Publisher<geometry_msgs::msg::PointStamped_<std::allocator<void> > > >::operator=<_Yp>(const std::shared_ptr<_Tp>&) [with _Yp = rclcpp::Subscription<geometry_msgs::msg::PointStamped_<std::allocator<void> >, std::allocator<void>, rclcpp::message_memory_strategy::MessageMemoryStrategy<geometry_msgs::msg::PointStamped_<std::allocator<void> >, std::allocator<void> > >][m[K’
[5.156s] [01m[K/home/rsa2021/comp3431-team-neo/starter_code/src/comp3431-rsa/point_pubsub/src/publisher_member_function.cpp:27:8:[m[K   required from here
[5.156s] [01m[K/usr/include/c++/9/bits/shared_ptr.h:111:8:[m[K [01;31m[Kerror: [m[Kno type named ‘[01m[Ktype[m[K’ in ‘[01m[Kstruct std::enable_if<false, std::shared_ptr<rclcpp::Publisher<geometry_msgs::msg::PointStamped_<std::allocator<void> > > >&>[m[K’
[5.156s]   111 |  using [01;31m[K_Assignable[m[K = typename enable_if<
[5.156s]       |        [01;31m[K^~~~~~~~~~~[m[K
[5.157s] [01m[K/usr/include/c++/9/bits/shared_ptr.h:324:2:[m[K [01;36m[Knote: [m[Kcandidate: ‘[01m[Ktemplate<class _Yp> std::shared_ptr<_Tp>::_Assignable<std::auto_ptr<_Up> > std::shared_ptr<_Tp>::operator=(std::auto_ptr<_Up>&&) [with _Yp = _Yp; _Tp = rclcpp::Publisher<geometry_msgs::msg::PointStamped_<std::allocator<void> > >][m[K’
[5.157s]   324 |  [01;36m[Koperator[m[K=(auto_ptr<_Yp>&& __r)
[5.157s]       |  [01;36m[K^~~~~~~~[m[K
[5.157s] [01m[K/usr/include/c++/9/bits/shared_ptr.h:324:2:[m[K [01;36m[Knote: [m[K  template argument deduction/substitution failed:
[5.157s] [01m[K/home/rsa2021/comp3431-team-neo/starter_code/src/comp3431-rsa/point_pubsub/src/publisher_member_function.cpp:27:8:[m[K [01;36m[Knote: [m[K  ‘[01m[Kstd::shared_ptr<rclcpp::Subscription<geometry_msgs::msg::PointStamped_<std::allocator<void> >, std::allocator<void>, rclcpp::message_memory_strategy::MessageMemoryStrategy<geometry_msgs::msg::PointStamped_<std::allocator<void> >, std::allocator<void> > > >[m[K’ is not derived from ‘[01m[Kstd::auto_ptr<_Up>[m[K’
[5.157s]    27 |       }[01;36m[K)[m[K;
[5.157s]       |        [01;36m[K^[m[K
[5.157s] In file included from [01m[K/usr/include/c++/9/memory:81[m[K,
[5.157s]                  from [01m[K/home/rsa2021/comp3431-team-neo/starter_code/src/comp3431-rsa/point_pubsub/src/publisher_member_function.cpp:2[m[K:
[5.157s] [01m[K/usr/include/c++/9/bits/shared_ptr.h:333:7:[m[K [01;36m[Knote: [m[Kcandidate: ‘[01m[Kstd::shared_ptr<_Tp>& std::shared_ptr<_Tp>::operator=(std::shared_ptr<_Tp>&&) [with _Tp = rclcpp::Publisher<geometry_msgs::msg::PointStamped_<std::allocator<void> > >][m[K’
[5.157s]   333 |       [01;36m[Koperator[m[K=(shared_ptr&& __r) noexcept
[5.157s]       |       [01;36m[K^~~~~~~~[m[K
[5.157s] [01m[K/usr/include/c++/9/bits/shared_ptr.h:333:30:[m[K [01;36m[Knote: [m[K  no known conversion for argument 1 from ‘[01m[Kstd::shared_ptr<rclcpp::Subscription<geometry_msgs::msg::PointStamped_<std::allocator<void> >, std::allocator<void>, rclcpp::message_memory_strategy::MessageMemoryStrategy<geometry_msgs::msg::PointStamped_<std::allocator<void> >, std::allocator<void> > > >[m[K’ to ‘[01m[Kstd::shared_ptr<rclcpp::Publisher<geometry_msgs::msg::PointStamped_<std::allocator<void> > > >&&[m[K’
[5.158s]   333 |       operator=([01;36m[Kshared_ptr&& __r[m[K) noexcept
[5.158s]       |                 [01;36m[K~~~~~~~~~~~~~^~~[m[K
[5.163s] [01m[K/usr/include/c++/9/bits/shared_ptr.h:341:2:[m[K [01;36m[Knote: [m[Kcandidate: ‘[01m[Ktemplate<class _Yp> std::shared_ptr<_Tp>::_Assignable<std::shared_ptr<_Yp> > std::shared_ptr<_Tp>::operator=(std::shared_ptr<_Yp>&&) [with _Yp = _Yp; _Tp = rclcpp::Publisher<geometry_msgs::msg::PointStamped_<std::allocator<void> > >][m[K’
[5.164s]   341 |  [01;36m[Koperator[m[K=(shared_ptr<_Yp>&& __r) noexcept
[5.164s]       |  [01;36m[K^~~~~~~~[m[K
[5.164s] [01m[K/usr/include/c++/9/bits/shared_ptr.h:341:2:[m[K [01;36m[Knote: [m[K  template argument deduction/substitution failed:
[5.164s] /usr/include/c++/9/bits/shared_ptr.h: In substitution of ‘[01m[Ktemplate<class _Tp> template<class _Arg> using _Assignable = typename std::enable_if<std::is_assignable<std::__shared_ptr<_Tp>&, _Arg>::value, std::shared_ptr<_Tp>&>::type [with _Arg = std::shared_ptr<rclcpp::Subscription<geometry_msgs::msg::PointStamped_<std::allocator<void> >, std::allocator<void>, rclcpp::message_memory_strategy::MessageMemoryStrategy<geometry_msgs::msg::PointStamped_<std::allocator<void> >, std::allocator<void> > > >; _Tp = rclcpp::Publisher<geometry_msgs::msg::PointStamped_<std::allocator<void> > >][m[K’:
[5.164s] [01m[K/usr/include/c++/9/bits/shared_ptr.h:341:2:[m[K   required by substitution of ‘[01m[Ktemplate<class _Yp> std::shared_ptr<rclcpp::Publisher<geometry_msgs::msg::PointStamped_<std::allocator<void> > > >::_Assignable<std::shared_ptr<_Tp> > std::shared_ptr<rclcpp::Publisher<geometry_msgs::msg::PointStamped_<std::allocator<void> > > >::operator=<_Yp>(std::shared_ptr<_Tp>&&) [with _Yp = rclcpp::Subscription<geometry_msgs::msg::PointStamped_<std::allocator<void> >, std::allocator<void>, rclcpp::message_memory_strategy::MessageMemoryStrategy<geometry_msgs::msg::PointStamped_<std::allocator<void> >, std::allocator<void> > >][m[K’
[5.164s] [01m[K/home/rsa2021/comp3431-team-neo/starter_code/src/comp3431-rsa/point_pubsub/src/publisher_member_function.cpp:27:8:[m[K   required from here
[5.164s] [01m[K/usr/include/c++/9/bits/shared_ptr.h:111:8:[m[K [01;31m[Kerror: [m[Kno type named ‘[01m[Ktype[m[K’ in ‘[01m[Kstruct std::enable_if<false, std::shared_ptr<rclcpp::Publisher<geometry_msgs::msg::PointStamped_<std::allocator<void> > > >&>[m[K’
[5.164s]   111 |  using [01;31m[K_Assignable[m[K = typename enable_if<
[5.164s]       |        [01;31m[K^~~~~~~~~~~[m[K
[5.164s] [01m[K/usr/include/c++/9/bits/shared_ptr.h:349:2:[m[K [01;36m[Knote: [m[Kcandidate: ‘[01m[Ktemplate<class _Yp, class _Del> std::shared_ptr<_Tp>::_Assignable<std::unique_ptr<_Up, _Ep> > std::shared_ptr<_Tp>::operator=(std::unique_ptr<_Up, _Ep>&&) [with _Yp = _Yp; _Del = _Del; _Tp = rclcpp::Publisher<geometry_msgs::msg::PointStamped_<std::allocator<void> > >][m[K’
[5.164s]   349 |  [01;36m[Koperator[m[K=(unique_ptr<_Yp, _Del>&& __r)
[5.165s]       |  [01;36m[K^~~~~~~~[m[K
[5.165s] [01m[K/usr/include/c++/9/bits/shared_ptr.h:349:2:[m[K [01;36m[Knote: [m[K  template argument deduction/substitution failed:
[5.165s] [01m[K/home/rsa2021/comp3431-team-neo/starter_code/src/comp3431-rsa/point_pubsub/src/publisher_member_function.cpp:27:8:[m[K [01;36m[Knote: [m[K  ‘[01m[Kstd::shared_ptr<rclcpp::Subscription<geometry_msgs::msg::PointStamped_<std::allocator<void> >, std::allocator<void>, rclcpp::message_memory_strategy::MessageMemoryStrategy<geometry_msgs::msg::PointStamped_<std::allocator<void> >, std::allocator<void> > > >[m[K’ is not derived from ‘[01m[Kstd::unique_ptr<_Tp, _Dp>[m[K’
[5.165s]    27 |       }[01;36m[K)[m[K;
[5.171s]       |        [01;36m[K^[m[K
[6.505s] In file included from [01m[K/opt/ros/foxy/include/rclcpp/node_interfaces/node_topics_interface.hpp:32[m[K,
[6.506s]                  from [01m[K/opt/ros/foxy/include/rclcpp/node.hpp:55[m[K,
[6.506s]                  from [01m[K/opt/ros/foxy/include/rclcpp/executors/single_threaded_executor.hpp:28[m[K,
[6.506s]                  from [01m[K/opt/ros/foxy/include/rclcpp/executors.hpp:22[m[K,
[6.507s]                  from [01m[K/opt/ros/foxy/include/rclcpp/rclcpp.hpp:146[m[K,
[6.507s]                  from [01m[K/home/rsa2021/comp3431-team-neo/starter_code/src/comp3431-rsa/point_pubsub/src/publisher_member_function.cpp:4[m[K:
[6.507s] /opt/ros/foxy/include/rclcpp/subscription_factory.hpp: In instantiation of ‘[01m[Krclcpp::SubscriptionFactory rclcpp::create_subscription_factory(CallbackT&&, const rclcpp::SubscriptionOptionsWithAllocator<AllocatorT>&, typename MessageMemoryStrategyT::SharedPtr, std::shared_ptr<rclcpp::topic_statistics::SubscriptionTopicStatistics<CallbackMessageT> >) [with MessageT = geometry_msgs::msg::PointStamped_<std::allocator<void> >; CallbackT = PointTf::PointTf()::<lambda(geometry_msgs::msg::PointStamped)>; AllocatorT = std::allocator<void>; CallbackMessageT = geometry_msgs::msg::PointStamped_<std::allocator<void> >; SubscriptionT = rclcpp::Subscription<geometry_msgs::msg::PointStamped_<std::allocator<void> >, std::allocator<void>, rclcpp::message_memory_strategy::MessageMemoryStrategy<geometry_msgs::msg::PointStamped_<std::allocator<void> >, std::allocator<void> > >; MessageMemoryStrategyT = rclcpp::message_memory_strategy::MessageMemoryStrategy<geometry_msgs::msg::PointStamped_<std::allocator<void> >, std::allocator<void> >; typename MessageMemoryStrategyT::SharedPtr = std::shared_ptr<rclcpp::message_memory_strategy::MessageMemoryStrategy<geometry_msgs::msg::PointStamped_<std::allocator<void> >, std::allocator<void> > >][m[K’:
[6.507s] [01m[K/opt/ros/foxy/include/rclcpp/create_subscription.hpp:144:63:[m[K   required from ‘[01m[Kstd::shared_ptr<SubscriptionT> rclcpp::create_subscription(NodeT&&, const string&, const rclcpp::QoS&, CallbackT&&, const rclcpp::SubscriptionOptionsWithAllocator<AllocatorT>&, typename MessageMemoryStrategyT::SharedPtr) [with MessageT = geometry_msgs::msg::PointStamped_<std::allocator<void> >; CallbackT = PointTf::PointTf()::<lambda(geometry_msgs::msg::PointStamped)>; AllocatorT = std::allocator<void>; CallbackMessageT = geometry_msgs::msg::PointStamped_<std::allocator<void> >; SubscriptionT = rclcpp::Subscription<geometry_msgs::msg::PointStamped_<std::allocator<void> >, std::allocator<void>, rclcpp::message_memory_strategy::MessageMemoryStrategy<geometry_msgs::msg::PointStamped_<std::allocator<void> >, std::allocator<void> > >; MessageMemoryStrategyT = rclcpp::message_memory_strategy::MessageMemoryStrategy<geometry_msgs::msg::PointStamped_<std::allocator<void> >, std::allocator<void> >; NodeT = rclcpp::Node&; std::string = std::__cxx11::basic_string<char>; typename MessageMemoryStrategyT::SharedPtr = std::shared_ptr<rclcpp::message_memory_strategy::MessageMemoryStrategy<geometry_msgs::msg::PointStamped_<std::allocator<void> >, std::allocator<void> > >][m[K’
[6.507s] [01m[K/opt/ros/foxy/include/rclcpp/node_impl.hpp:98:47:[m[K   required from ‘[01m[Kstd::shared_ptr<SubscriptionT> rclcpp::Node::create_subscription(const string&, const rclcpp::QoS&, CallbackT&&, const rclcpp::SubscriptionOptionsWithAllocator<AllocatorT>&, typename MessageMemoryStrategyT::SharedPtr) [with MessageT = geometry_msgs::msg::PointStamped_<std::allocator<void> >; CallbackT = PointTf::PointTf()::<lambda(geometry_msgs::msg::PointStamped)>; AllocatorT = std::allocator<void>; CallbackMessageT = geometry_msgs::msg::PointStamped_<std::allocator<void> >; SubscriptionT = rclcpp::Subscription<geometry_msgs::msg::PointStamped_<std::allocator<void> >, std::allocator<void>, rclcpp::message_memory_strategy::MessageMemoryStrategy<geometry_msgs::msg::PointStamped_<std::allocator<void> >, std::allocator<void> > >; MessageMemoryStrategyT = rclcpp::message_memory_strategy::MessageMemoryStrategy<geometry_msgs::msg::PointStamped_<std::allocator<void> >, std::allocator<void> >; std::string = std::__cxx11::basic_string<char>; typename MessageMemoryStrategyT::SharedPtr = std::shared_ptr<rclcpp::message_memory_strategy::MessageMemoryStrategy<geometry_msgs::msg::PointStamped_<std::allocator<void> >, std::allocator<void> > >][m[K’
[6.507s] [01m[K/home/rsa2021/comp3431-team-neo/starter_code/src/comp3431-rsa/point_pubsub/src/publisher_member_function.cpp:27:8:[m[K   required from here
[6.508s] [01m[K/opt/ros/foxy/include/rclcpp/subscription_factory.hpp:97:3:[m[K [01;31m[Kerror: [m[Kno matching function for call to ‘[01m[Krclcpp::AnySubscriptionCallback<geometry_msgs::msg::PointStamped_<std::allocator<void> >, std::allocator<void> >::set(PointTf::PointTf()::<lambda(geometry_msgs::msg::PointStamped)>)[m[K’
[6.508s]    97 |   [01;31m[Kany_subscription_callback[m[K.set(std::forward<CallbackT>(callback));
[6.508s]       |   [01;31m[K^~~~~~~~~~~~~~~~~~~~~~~~~[m[K
[6.508s] In file included from [01m[K/opt/ros/foxy/include/rclcpp/subscription_base.hpp:29[m[K,
[6.508s]                  from [01m[K/opt/ros/foxy/include/rclcpp/callback_group.hpp:26[m[K,
[6.508s]                  from [01m[K/opt/ros/foxy/include/rclcpp/any_executable.hpp:20[m[K,
[6.509s]                  from [01m[K/opt/ros/foxy/include/rclcpp/memory_strategy.hpp:24[m[K,
[6.510s]                  from [01m[K/opt/ros/foxy/include/rclcpp/memory_strategies.hpp:18[m[K,
[6.512s]                  from [01m[K/opt/ros/foxy/include/rclcpp/executor_options.hpp:20[m[K,
[6.513s]                  from [01m[K/opt/ros/foxy/include/rclcpp/executor.hpp:33[m[K,
[6.527s]                  from [01m[K/opt/ros/foxy/include/rclcpp/executors/multi_threaded_executor.hpp:25[m[K,
[6.527s]                  from [01m[K/opt/ros/foxy/include/rclcpp/executors.hpp:21[m[K,
[6.527s]                  from [01m[K/opt/ros/foxy/include/rclcpp/rclcpp.hpp:146[m[K,
[6.527s]                  from [01m[K/home/rsa2021/comp3431-team-neo/starter_code/src/comp3431-rsa/point_pubsub/src/publisher_member_function.cpp:4[m[K:
[6.528s] [01m[K/opt/ros/foxy/include/rclcpp/any_subscription_callback.hpp:83:8:[m[K [01;36m[Knote: [m[Kcandidate: ‘[01m[Ktemplate<class CallbackT, typename std::enable_if<rclcpp::function_traits::same_arguments<CallbackT, std::function<void(std::shared_ptr<geometry_msgs::msg::PointStamped_<std::allocator<void> > >)> >::value, void>::type* <anonymous> > void rclcpp::AnySubscriptionCallback<MessageT, Alloc>::set(CallbackT) [with CallbackT = CallbackT; typename std::enable_if<rclcpp::function_traits::same_arguments<CallbackT, std::function<void(std::shared_ptr<_Tp>)> >::value>::type* <anonymous> = <enumerator>; MessageT = geometry_msgs::msg::PointStamped_<std::allocator<void> >; Alloc = std::allocator<void>][m[K’
[6.528s]    83 |   void [01;36m[Kset[m[K(CallbackT callback)
[6.528s]       |        [01;36m[K^~~[m[K
[6.529s] [01m[K/opt/ros/foxy/include/rclcpp/any_subscription_callback.hpp:83:8:[m[K [01;36m[Knote: [m[K  template argument deduction/substitution failed:
[6.529s] [01m[K/opt/ros/foxy/include/rclcpp/any_subscription_callback.hpp:81:17:[m[K [01;31m[Kerror: [m[Kno type named ‘[01m[Ktype[m[K’ in ‘[01m[Kstruct std::enable_if<false, void>[m[K’
[6.529s]    81 |     >::type * = [01;31m[Knullptr[m[K
[6.529s]       |                 [01;31m[K^~~~~~~[m[K
[6.529s] [01m[K/opt/ros/foxy/include/rclcpp/any_subscription_callback.hpp:97:8:[m[K [01;36m[Knote: [m[Kcandidate: ‘[01m[Ktemplate<class CallbackT, typename std::enable_if<rclcpp::function_traits::same_arguments<CallbackT, std::function<void(std::shared_ptr<geometry_msgs::msg::PointStamped_<std::allocator<void> > >, const rclcpp::MessageInfo&)> >::value, void>::type* <anonymous> > void rclcpp::AnySubscriptionCallback<MessageT, Alloc>::set(CallbackT) [with CallbackT = CallbackT; typename std::enable_if<rclcpp::function_traits::same_arguments<CallbackT, std::function<void(std::shared_ptr<_Tp>, const rclcpp::MessageInfo&)> >::value>::type* <anonymous> = <enumerator>; MessageT = geometry_msgs::msg::PointStamped_<std::allocator<void> >; Alloc = std::allocator<void>][m[K’
[6.530s]    97 |   void [01;36m[Kset[m[K(CallbackT callback)
[6.530s]       |        [01;36m[K^~~[m[K
[6.530s] [01m[K/opt/ros/foxy/include/rclcpp/any_subscription_callback.hpp:97:8:[m[K [01;36m[Knote: [m[K  template argument deduction/substitution failed:
[6.530s] [01m[K/opt/ros/foxy/include/rclcpp/any_subscription_callback.hpp:95:17:[m[K [01;31m[Kerror: [m[Kno type named ‘[01m[Ktype[m[K’ in ‘[01m[Kstruct std::enable_if<false, void>[m[K’
[6.530s]    95 |     >::type * = [01;31m[Knullptr[m[K
[6.543s]       |                 [01;31m[K^~~~~~~[m[K
[6.543s] [01m[K/opt/ros/foxy/include/rclcpp/any_subscription_callback.hpp:111:8:[m[K [01;36m[Knote: [m[Kcandidate: ‘[01m[Ktemplate<class CallbackT, typename std::enable_if<rclcpp::function_traits::same_arguments<CallbackT, std::function<void(std::shared_ptr<const geometry_msgs::msg::PointStamped_<std::allocator<void> > >)> >::value, void>::type* <anonymous> > void rclcpp::AnySubscriptionCallback<MessageT, Alloc>::set(CallbackT) [with CallbackT = CallbackT; typename std::enable_if<rclcpp::function_traits::same_arguments<CallbackT, std::function<void(std::shared_ptr<const _Tp>)> >::value>::type* <anonymous> = <enumerator>; MessageT = geometry_msgs::msg::PointStamped_<std::allocator<void> >; Alloc = std::allocator<void>][m[K’
[6.543s]   111 |   void [01;36m[Kset[m[K(CallbackT callback)
[6.543s]       |        [01;36m[K^~~[m[K
[6.544s] [01m[K/opt/ros/foxy/include/rclcpp/any_subscription_callback.hpp:111:8:[m[K [01;36m[Knote: [m[K  template argument deduction/substitution failed:
[6.544s] [01m[K/opt/ros/foxy/include/rclcpp/any_subscription_callback.hpp:109:17:[m[K [01;31m[Kerror: [m[Kno type named ‘[01m[Ktype[m[K’ in ‘[01m[Kstruct std::enable_if<false, void>[m[K’
[6.544s]   109 |     >::type * = [01;31m[Knullptr[m[K
[6.544s]       |                 [01;31m[K^~~~~~~[m[K
[6.544s] [01m[K/opt/ros/foxy/include/rclcpp/any_subscription_callback.hpp:125:8:[m[K [01;36m[Knote: [m[Kcandidate: ‘[01m[Ktemplate<class CallbackT, typename std::enable_if<rclcpp::function_traits::same_arguments<CallbackT, std::function<void(std::shared_ptr<const geometry_msgs::msg::PointStamped_<std::allocator<void> > >, const rclcpp::MessageInfo&)> >::value, void>::type* <anonymous> > void rclcpp::AnySubscriptionCallback<MessageT, Alloc>::set(CallbackT) [with CallbackT = CallbackT; typename std::enable_if<rclcpp::function_traits::same_arguments<CallbackT, std::function<void(std::shared_ptr<const _Tp>, const rclcpp::MessageInfo&)> >::value>::type* <anonymous> = <enumerator>; MessageT = geometry_msgs::msg::PointStamped_<std::allocator<void> >; Alloc = std::allocator<void>][m[K’
[6.544s]   125 |   void [01;36m[Kset[m[K(CallbackT callback)
[6.544s]       |        [01;36m[K^~~[m[K
[6.544s] [01m[K/opt/ros/foxy/include/rclcpp/any_subscription_callback.hpp:125:8:[m[K [01;36m[Knote: [m[K  template argument deduction/substitution failed:
[6.544s] [01m[K/opt/ros/foxy/include/rclcpp/any_subscription_callback.hpp:123:17:[m[K [01;31m[Kerror: [m[Kno type named ‘[01m[Ktype[m[K’ in ‘[01m[Kstruct std::enable_if<false, void>[m[K’
[6.544s]   123 |     >::type * = [01;31m[Knullptr[m[K
[6.544s]       |                 [01;31m[K^~~~~~~[m[K
[6.544s] [01m[K/opt/ros/foxy/include/rclcpp/any_subscription_callback.hpp:139:8:[m[K [01;36m[Knote: [m[Kcandidate: ‘[01m[Ktemplate<class CallbackT, typename std::enable_if<rclcpp::function_traits::same_arguments<CallbackT, std::function<void(std::unique_ptr<geometry_msgs::msg::PointStamped_<std::allocator<void> >, std::default_delete<geometry_msgs::msg::PointStamped_<std::allocator<void> > > >)> >::value, void>::type* <anonymous> > void rclcpp::AnySubscriptionCallback<MessageT, Alloc>::set(CallbackT) [with CallbackT = CallbackT; typename std::enable_if<rclcpp::function_traits::same_arguments<CallbackT, std::function<void(std::unique_ptr<MessageT, typename std::conditional<std::is_same<typename std::allocator_traits<typename std::allocator_traits<_Alloc>::rebind_traits<MessageT>::allocator_type>::rebind_alloc<MessageT>, typename std::allocator<void>::rebind<_Tp1>::other>::value, std::default_delete<_Tp>, rclcpp::allocator::AllocatorDeleter<typename std::allocator_traits<_Alloc>::rebind_traits<MessageT>::allocator_type> >::type>)> >::value>::type* <anonymous> = <enumerator>; MessageT = geometry_msgs::msg::PointStamped_<std::allocator<void> >; Alloc = std::allocator<void>][m[K’
[6.544s]   139 |   void [01;36m[Kset[m[K(CallbackT callback)
[6.545s]       |        [01;36m[K^~~[m[K
[6.545s] [01m[K/opt/ros/foxy/include/rclcpp/any_subscription_callback.hpp:139:8:[m[K [01;36m[Knote: [m[K  template argument deduction/substitution failed:
[6.545s] [01m[K/opt/ros/foxy/include/rclcpp/any_subscription_callback.hpp:137:17:[m[K [01;31m[Kerror: [m[Kno type named ‘[01m[Ktype[m[K’ in ‘[01m[Kstruct std::enable_if<false, void>[m[K’
[6.545s]   137 |     >::type * = [01;31m[Knullptr[m[K
[6.545s]       |                 [01;31m[K^~~~~~~[m[K
[6.545s] [01m[K/opt/ros/foxy/include/rclcpp/any_subscription_callback.hpp:153:8:[m[K [01;36m[Knote: [m[Kcandidate: ‘[01m[Ktemplate<class CallbackT, typename std::enable_if<rclcpp::function_traits::same_arguments<CallbackT, std::function<void(std::unique_ptr<geometry_msgs::msg::PointStamped_<std::allocator<void> >, std::default_delete<geometry_msgs::msg::PointStamped_<std::allocator<void> > > >, const rclcpp::MessageInfo&)> >::value, void>::type* <anonymous> > void rclcpp::AnySubscriptionCallback<MessageT, Alloc>::set(CallbackT) [with CallbackT = CallbackT; typename std::enable_if<rclcpp::function_traits::same_arguments<CallbackT, std::function<void(std::unique_ptr<MessageT, typename std::conditional<std::is_same<typename std::allocator_traits<typename std::allocator_traits<_Alloc>::rebind_traits<MessageT>::allocator_type>::rebind_alloc<MessageT>, typename std::allocator<void>::rebind<_Tp1>::other>::value, std::default_delete<_Tp>, rclcpp::allocator::AllocatorDeleter<typename std::allocator_traits<_Alloc>::rebind_traits<MessageT>::allocator_type> >::type>, const rclcpp::MessageInfo&)> >::value>::type* <anonymous> = <enumerator>; MessageT = geometry_msgs::msg::PointStamped_<std::allocator<void> >; Alloc = std::allocator<void>][m[K’
[6.545s]   153 |   void [01;36m[Kset[m[K(CallbackT callback)
[6.545s]       |        [01;36m[K^~~[m[K
[6.545s] [01m[K/opt/ros/foxy/include/rclcpp/any_subscription_callback.hpp:153:8:[m[K [01;36m[Knote: [m[K  template argument deduction/substitution failed:
[6.545s] [01m[K/opt/ros/foxy/include/rclcpp/any_subscription_callback.hpp:151:17:[m[K [01;31m[Kerror: [m[Kno type named ‘[01m[Ktype[m[K’ in ‘[01m[Kstruct std::enable_if<false, void>[m[K’
[6.545s]   151 |     >::type * = [01;31m[Knullptr[m[K
[6.545s]       |                 [01;31m[K^~~~~~~[m[K
[12.524s] In file included from [01m[K/usr/include/c++/9/future:48[m[K,
[12.525s]                  from [01m[K/opt/ros/foxy/include/rclcpp/executors.hpp:18[m[K,
[12.525s]                  from [01m[K/opt/ros/foxy/include/rclcpp/rclcpp.hpp:146[m[K,
[12.525s]                  from [01m[K/home/rsa2021/comp3431-team-neo/starter_code/src/comp3431-rsa/point_pubsub/src/publisher_member_function.cpp:4[m[K:
[12.525s] [01m[K/usr/include/c++/9/bits/std_function.h:[m[K At global scope:
[12.525s] [01m[K/usr/include/c++/9/bits/std_function.h:667:7:[m[K [01;31m[Kerror: [m[K‘[01m[Kstd::function<_Res(_ArgTypes ...)>::function(_Functor) [with _Functor = rclcpp::create_subscription_factory(CallbackT&&, const rclcpp::SubscriptionOptionsWithAllocator<AllocatorT>&, typename MessageMemoryStrategyT::SharedPtr, std::shared_ptr<rclcpp::topic_statistics::SubscriptionTopicStatistics<CallbackMessageT> >) [with MessageT = geometry_msgs::msg::PointStamped_<std::allocator<void> >; CallbackT = PointTf::PointTf()::<lambda(geometry_msgs::msg::PointStamped)>; AllocatorT = std::allocator<void>; CallbackMessageT = geometry_msgs::msg::PointStamped_<std::allocator<void> >; SubscriptionT = rclcpp::Subscription<geometry_msgs::msg::PointStamped_<std::allocator<void> >, std::allocator<void>, rclcpp::message_memory_strategy::MessageMemoryStrategy<geometry_msgs::msg::PointStamped_<std::allocator<void> >, std::allocator<void> > >; MessageMemoryStrategyT = rclcpp::message_memory_strategy::MessageMemoryStrategy<geometry_msgs::msg::PointStamped_<std::allocator<void> >, std::allocator<void> >; typename MessageMemoryStrategyT::SharedPtr = std::shared_ptr<rclcpp::message_memory_strategy::MessageMemoryStrategy<geometry_msgs::msg::PointStamped_<std::allocator<void> >, std::allocator<void> > >]::<lambda(rclcpp::node_interfaces::NodeBaseInterface*, const string&, const rclcpp::QoS&)>; <template-parameter-2-2> = void; <template-parameter-2-3> = void; _Res = std::shared_ptr<rclcpp::SubscriptionBase>; _ArgTypes = {rclcpp::node_interfaces::NodeBaseInterface*, const std::__cxx11::basic_string<char, std::char_traits<char>, std::allocator<char> >&, const rclcpp::QoS&}][m[K’, declared using local type ‘[01m[Krclcpp::create_subscription_factory(CallbackT&&, const rclcpp::SubscriptionOptionsWithAllocator<AllocatorT>&, typename MessageMemoryStrategyT::SharedPtr, std::shared_ptr<rclcpp::topic_statistics::SubscriptionTopicStatistics<CallbackMessageT> >) [with MessageT = geometry_msgs::msg::PointStamped_<std::allocator<void> >; CallbackT = PointTf::PointTf()::<lambda(geometry_msgs::msg::PointStamped)>; AllocatorT = std::allocator<void>; CallbackMessageT = geometry_msgs::msg::PointStamped_<std::allocator<void> >; SubscriptionT = rclcpp::Subscription<geometry_msgs::msg::PointStamped_<std::allocator<void> >, std::allocator<void>, rclcpp::message_memory_strategy::MessageMemoryStrategy<geometry_msgs::msg::PointStamped_<std::allocator<void> >, std::allocator<void> > >; MessageMemoryStrategyT = rclcpp::message_memory_strategy::MessageMemoryStrategy<geometry_msgs::msg::PointStamped_<std::allocator<void> >, std::allocator<void> >; typename MessageMemoryStrategyT::SharedPtr = std::shared_ptr<rclcpp::message_memory_strategy::MessageMemoryStrategy<geometry_msgs::msg::PointStamped_<std::allocator<void> >, std::allocator<void> > >]::<lambda(rclcpp::node_interfaces::NodeBaseInterface*, const string&, const rclcpp::QoS&)>[m[K’, is used but never defined [[01;31m[K-fpermissive[m[K]
[12.525s]   667 |       [01;31m[Kfunction<_Res(_ArgTypes...)>[m[K::
[12.525s]       |       [01;31m[K^~~~~~~~~~~~~~~~~~~~~~~~~~~~[m[K
[13.204s] make[2]: *** [CMakeFiles/point_tf.dir/build.make:63: CMakeFiles/point_tf.dir/src/publisher_member_function.cpp.o] Error 1
[13.204s] make[1]: *** [CMakeFiles/Makefile2:78: CMakeFiles/point_tf.dir/all] Error 2
[13.205s] make: *** [Makefile:141: all] Error 2
[13.207s] Invoked command in '/home/rsa2021/comp3431-team-neo/starter_code/build/point_pubsub' returned '2': CMAKE_PREFIX_PATH=${CMAKE_PREFIX_PATH}:/opt/ros/foxy /usr/bin/cmake --build /home/rsa2021/comp3431-team-neo/starter_code/build/point_pubsub -- -j3 -l3
