[0.105s] Invoking command in '/home/rsa2021/comp3431-team-neo/starter_code/build/comp3431_starter': CMAKE_PREFIX_PATH=/opt/ros/foxy /usr/bin/cmake --build /home/rsa2021/comp3431-team-neo/starter_code/build/comp3431_starter -- -j3 -l3
[0.585s] [100%] Built target wallFollower
[0.646s] Invoked command in '/home/rsa2021/comp3431-team-neo/starter_code/build/comp3431_starter' returned '0': CMAKE_PREFIX_PATH=/opt/ros/foxy /usr/bin/cmake --build /home/rsa2021/comp3431-team-neo/starter_code/build/comp3431_starter -- -j3 -l3
[0.833s] Invoking command in '/home/rsa2021/comp3431-team-neo/starter_code/build/comp3431_starter': CMAKE_PREFIX_PATH=/opt/ros/foxy /usr/bin/cmake --install /home/rsa2021/comp3431-team-neo/starter_code/build/comp3431_starter
[0.872s] -- Install configuration: ""
[0.873s] -- Execute custom install script
[0.873s] -- Up-to-date symlink: /home/rsa2021/comp3431-team-neo/starter_code/install/comp3431_starter/share/ament_index/resource_index/package_run_dependencies/comp3431_starter
[0.873s] -- Up-to-date symlink: /home/rsa2021/comp3431-team-neo/starter_code/install/comp3431_starter/share/ament_index/resource_index/parent_prefix_path/comp3431_starter
[0.874s] -- Up-to-date symlink: /home/rsa2021/comp3431-team-neo/starter_code/install/comp3431_starter/share/comp3431_starter/environment/ament_prefix_path.sh
[0.874s] -- Up-to-date symlink: /home/rsa2021/comp3431-team-neo/starter_code/install/comp3431_starter/share/comp3431_starter/environment/ament_prefix_path.dsv
[0.875s] -- Up-to-date symlink: /home/rsa2021/comp3431-team-neo/starter_code/install/comp3431_starter/share/comp3431_starter/environment/path.sh
[0.875s] -- Up-to-date symlink: /home/rsa2021/comp3431-team-neo/starter_code/install/comp3431_starter/share/comp3431_starter/environment/path.dsv
[0.875s] -- Up-to-date symlink: /home/rsa2021/comp3431-team-neo/starter_code/install/comp3431_starter/share/comp3431_starter/local_setup.bash
[0.876s] -- Up-to-date symlink: /home/rsa2021/comp3431-team-neo/starter_code/install/comp3431_starter/share/comp3431_starter/local_setup.sh
[0.876s] -- Up-to-date symlink: /home/rsa2021/comp3431-team-neo/starter_code/install/comp3431_starter/share/comp3431_starter/local_setup.zsh
[0.877s] -- Up-to-date symlink: /home/rsa2021/comp3431-team-neo/starter_code/install/comp3431_starter/share/comp3431_starter/local_setup.dsv
[0.877s] -- Symlinking: /home/rsa2021/comp3431-team-neo/starter_code/install/comp3431_starter/share/comp3431_starter/package.dsv
[0.924s] -- Up-to-date symlink: /home/rsa2021/comp3431-team-neo/starter_code/install/comp3431_starter/share/ament_index/resource_index/packages/comp3431_starter
[0.925s] -- Up-to-date symlink: /home/rsa2021/comp3431-team-neo/starter_code/install/comp3431_starter/share/comp3431_starter/cmake/comp3431_starterConfig.cmake
[0.928s] -- Up-to-date symlink: /home/rsa2021/comp3431-team-neo/starter_code/install/comp3431_starter/share/comp3431_starter/cmake/comp3431_starterConfig-version.cmake
[0.930s] -- Up-to-date symlink: /home/rsa2021/comp3431-team-neo/starter_code/install/comp3431_starter/share/comp3431_starter/package.xml
[0.932s] -- Up-to-date symlink: /home/rsa2021/comp3431-team-neo/starter_code/install/comp3431_starter/lib/comp3431_starter/wallFollower
[0.944s] Invoked command in '/home/rsa2021/comp3431-team-neo/starter_code/build/comp3431_starter' returned '0': CMAKE_PREFIX_PATH=/opt/ros/foxy /usr/bin/cmake --install /home/rsa2021/comp3431-team-neo/starter_code/build/comp3431_starter
