[0.682s] Invoking command in '/home/rsa2021/comp3431-team-neo/starter_code/build/zbar_ros_interfaces': CMAKE_PREFIX_PATH=${CMAKE_PREFIX_PATH}:/opt/ros/foxy /usr/bin/cmake --build /home/rsa2021/comp3431-team-neo/starter_code/build/zbar_ros_interfaces -- -j3 -l3
[5.337s] [  3%] Built target zbar_ros_interfaces__cpp
[5.960s] [ 12%] Built target zbar_ros_interfaces__rosidl_generator_c
[6.604s] [ 22%] Built target zbar_ros_interfaces__rosidl_typesupport_fastrtps_cpp
[7.013s] [ 32%] Built target zbar_ros_interfaces__rosidl_typesupport_introspection_cpp
[7.574s] [ 41%] Built target zbar_ros_interfaces__rosidl_typesupport_introspection_c
[8.212s] [ 51%] Built target zbar_ros_interfaces__rosidl_typesupport_c
[8.348s] [ 61%] Built target zbar_ros_interfaces__rosidl_typesupport_fastrtps_c
[8.605s] [ 70%] Built target zbar_ros_interfaces__rosidl_typesupport_cpp
[8.756s] [ 70%] Built target zbar_ros_interfaces
[8.964s] [ 74%] Built target zbar_ros_interfaces__py
[9.151s] [ 80%] Built target zbar_ros_interfaces__python
[9.539s] [ 87%] Built target zbar_ros_interfaces__rosidl_typesupport_introspection_c__pyext
[9.712s] [ 93%] Built target zbar_ros_interfaces__rosidl_typesupport_c__pyext
[10.016s] [100%] Built target zbar_ros_interfaces__rosidl_typesupport_fastrtps_c__pyext
[10.111s] Invoked command in '/home/rsa2021/comp3431-team-neo/starter_code/build/zbar_ros_interfaces' returned '0': CMAKE_PREFIX_PATH=${CMAKE_PREFIX_PATH}:/opt/ros/foxy /usr/bin/cmake --build /home/rsa2021/comp3431-team-neo/starter_code/build/zbar_ros_interfaces -- -j3 -l3
[10.777s] Invoking command in '/home/rsa2021/comp3431-team-neo/starter_code/build/zbar_ros_interfaces': CMAKE_PREFIX_PATH=${CMAKE_PREFIX_PATH}:/opt/ros/foxy /usr/bin/cmake --install /home/rsa2021/comp3431-team-neo/starter_code/build/zbar_ros_interfaces
[10.998s] -- Install configuration: ""
[10.998s] -- Up-to-date: /home/rsa2021/comp3431-team-neo/starter_code/install/zbar_ros_interfaces/share/ament_index/resource_index/rosidl_interfaces/zbar_ros_interfaces
[10.999s] -- Up-to-date: /home/rsa2021/comp3431-team-neo/starter_code/install/zbar_ros_interfaces/include/zbar_ros_interfaces
[10.999s] -- Up-to-date: /home/rsa2021/comp3431-team-neo/starter_code/install/zbar_ros_interfaces/include/zbar_ros_interfaces/msg
[10.999s] -- Up-to-date: /home/rsa2021/comp3431-team-neo/starter_code/install/zbar_ros_interfaces/include/zbar_ros_interfaces/msg/symbol.h
[11.001s] -- Up-to-date: /home/rsa2021/comp3431-team-neo/starter_code/install/zbar_ros_interfaces/include/zbar_ros_interfaces/msg/detail
[11.002s] -- Up-to-date: /home/rsa2021/comp3431-team-neo/starter_code/install/zbar_ros_interfaces/include/zbar_ros_interfaces/msg/detail/symbol__struct.h
[11.003s] -- Up-to-date: /home/rsa2021/comp3431-team-neo/starter_code/install/zbar_ros_interfaces/include/zbar_ros_interfaces/msg/detail/symbol__functions.c
[11.003s] -- Up-to-date: /home/rsa2021/comp3431-team-neo/starter_code/install/zbar_ros_interfaces/include/zbar_ros_interfaces/msg/detail/symbol__type_support.h
[11.003s] -- Up-to-date: /home/rsa2021/comp3431-team-neo/starter_code/install/zbar_ros_interfaces/include/zbar_ros_interfaces/msg/detail/symbol__functions.h
[11.003s] -- Up-to-date: /home/rsa2021/comp3431-team-neo/starter_code/install/zbar_ros_interfaces/include/zbar_ros_interfaces/msg/rosidl_generator_c__visibility_control.h
[11.004s] -- Up-to-date: /home/rsa2021/comp3431-team-neo/starter_code/install/zbar_ros_interfaces/share/zbar_ros_interfaces/environment/library_path.sh
[11.004s] -- Up-to-date: /home/rsa2021/comp3431-team-neo/starter_code/install/zbar_ros_interfaces/share/zbar_ros_interfaces/environment/library_path.dsv
[11.004s] -- Up-to-date: /home/rsa2021/comp3431-team-neo/starter_code/install/zbar_ros_interfaces/lib/libzbar_ros_interfaces__rosidl_generator_c.so
[11.004s] -- Up-to-date: /home/rsa2021/comp3431-team-neo/starter_code/install/zbar_ros_interfaces/include/zbar_ros_interfaces
[11.004s] -- Up-to-date: /home/rsa2021/comp3431-team-neo/starter_code/install/zbar_ros_interfaces/include/zbar_ros_interfaces/msg
[11.004s] -- Up-to-date: /home/rsa2021/comp3431-team-neo/starter_code/install/zbar_ros_interfaces/include/zbar_ros_interfaces/msg/detail
[11.004s] -- Up-to-date: /home/rsa2021/comp3431-team-neo/starter_code/install/zbar_ros_interfaces/include/zbar_ros_interfaces/msg/detail/symbol__rosidl_typesupport_fastrtps_c.h
[11.004s] -- Up-to-date: /home/rsa2021/comp3431-team-neo/starter_code/install/zbar_ros_interfaces/include/zbar_ros_interfaces/msg/rosidl_typesupport_fastrtps_c__visibility_control.h
[11.005s] -- Up-to-date: /home/rsa2021/comp3431-team-neo/starter_code/install/zbar_ros_interfaces/lib/libzbar_ros_interfaces__rosidl_typesupport_fastrtps_c.so
[11.005s] -- Up-to-date: /home/rsa2021/comp3431-team-neo/starter_code/install/zbar_ros_interfaces/include/zbar_ros_interfaces
[11.005s] -- Up-to-date: /home/rsa2021/comp3431-team-neo/starter_code/install/zbar_ros_interfaces/include/zbar_ros_interfaces/msg
[11.005s] -- Up-to-date: /home/rsa2021/comp3431-team-neo/starter_code/install/zbar_ros_interfaces/include/zbar_ros_interfaces/msg/rosidl_typesupport_fastrtps_cpp__visibility_control.h
[11.005s] -- Up-to-date: /home/rsa2021/comp3431-team-neo/starter_code/install/zbar_ros_interfaces/include/zbar_ros_interfaces/msg/detail
[11.005s] -- Up-to-date: /home/rsa2021/comp3431-team-neo/starter_code/install/zbar_ros_interfaces/include/zbar_ros_interfaces/msg/detail/dds_fastrtps
[11.005s] -- Up-to-date: /home/rsa2021/comp3431-team-neo/starter_code/install/zbar_ros_interfaces/include/zbar_ros_interfaces/msg/detail/symbol__rosidl_typesupport_fastrtps_cpp.hpp
[11.005s] -- Up-to-date: /home/rsa2021/comp3431-team-neo/starter_code/install/zbar_ros_interfaces/lib/libzbar_ros_interfaces__rosidl_typesupport_fastrtps_cpp.so
[11.005s] -- Up-to-date: /home/rsa2021/comp3431-team-neo/starter_code/install/zbar_ros_interfaces/include/zbar_ros_interfaces
[11.006s] -- Up-to-date: /home/rsa2021/comp3431-team-neo/starter_code/install/zbar_ros_interfaces/include/zbar_ros_interfaces/msg
[11.006s] -- Up-to-date: /home/rsa2021/comp3431-team-neo/starter_code/install/zbar_ros_interfaces/include/zbar_ros_interfaces/msg/detail
[11.006s] -- Up-to-date: /home/rsa2021/comp3431-team-neo/starter_code/install/zbar_ros_interfaces/include/zbar_ros_interfaces/msg/detail/symbol__rosidl_typesupport_introspection_c.h
[11.006s] -- Up-to-date: /home/rsa2021/comp3431-team-neo/starter_code/install/zbar_ros_interfaces/include/zbar_ros_interfaces/msg/detail/symbol__type_support.c
[11.016s] -- Up-to-date: /home/rsa2021/comp3431-team-neo/starter_code/install/zbar_ros_interfaces/include/zbar_ros_interfaces/msg/rosidl_typesupport_introspection_c__visibility_control.h
[11.016s] -- Up-to-date: /home/rsa2021/comp3431-team-neo/starter_code/install/zbar_ros_interfaces/lib/libzbar_ros_interfaces__rosidl_typesupport_introspection_c.so
[11.016s] -- Up-to-date: /home/rsa2021/comp3431-team-neo/starter_code/install/zbar_ros_interfaces/lib/libzbar_ros_interfaces__rosidl_typesupport_c.so
[11.017s] -- Up-to-date: /home/rsa2021/comp3431-team-neo/starter_code/install/zbar_ros_interfaces/include/zbar_ros_interfaces
[11.017s] -- Up-to-date: /home/rsa2021/comp3431-team-neo/starter_code/install/zbar_ros_interfaces/include/zbar_ros_interfaces/msg
[11.017s] -- Up-to-date: /home/rsa2021/comp3431-team-neo/starter_code/install/zbar_ros_interfaces/include/zbar_ros_interfaces/msg/symbol.hpp
[11.017s] -- Up-to-date: /home/rsa2021/comp3431-team-neo/starter_code/install/zbar_ros_interfaces/include/zbar_ros_interfaces/msg/detail
[11.018s] -- Up-to-date: /home/rsa2021/comp3431-team-neo/starter_code/install/zbar_ros_interfaces/include/zbar_ros_interfaces/msg/detail/symbol__traits.hpp
[11.018s] -- Up-to-date: /home/rsa2021/comp3431-team-neo/starter_code/install/zbar_ros_interfaces/include/zbar_ros_interfaces/msg/detail/symbol__builder.hpp
[11.018s] -- Up-to-date: /home/rsa2021/comp3431-team-neo/starter_code/install/zbar_ros_interfaces/include/zbar_ros_interfaces/msg/detail/symbol__struct.hpp
[11.019s] -- Up-to-date: /home/rsa2021/comp3431-team-neo/starter_code/install/zbar_ros_interfaces/include/zbar_ros_interfaces
[11.035s] -- Up-to-date: /home/rsa2021/comp3431-team-neo/starter_code/install/zbar_ros_interfaces/include/zbar_ros_interfaces/msg
[11.044s] -- Up-to-date: /home/rsa2021/comp3431-team-neo/starter_code/install/zbar_ros_interfaces/include/zbar_ros_interfaces/msg/detail
[11.044s] -- Up-to-date: /home/rsa2021/comp3431-team-neo/starter_code/install/zbar_ros_interfaces/include/zbar_ros_interfaces/msg/detail/symbol__type_support.cpp
[11.044s] -- Up-to-date: /home/rsa2021/comp3431-team-neo/starter_code/install/zbar_ros_interfaces/include/zbar_ros_interfaces/msg/detail/symbol__rosidl_typesupport_introspection_cpp.hpp
[11.045s] -- Up-to-date: /home/rsa2021/comp3431-team-neo/starter_code/install/zbar_ros_interfaces/lib/libzbar_ros_interfaces__rosidl_typesupport_introspection_cpp.so
[11.045s] -- Up-to-date: /home/rsa2021/comp3431-team-neo/starter_code/install/zbar_ros_interfaces/lib/libzbar_ros_interfaces__rosidl_typesupport_cpp.so
[11.045s] -- Up-to-date: /home/rsa2021/comp3431-team-neo/starter_code/install/zbar_ros_interfaces/share/zbar_ros_interfaces/environment/pythonpath.sh
[11.045s] -- Up-to-date: /home/rsa2021/comp3431-team-neo/starter_code/install/zbar_ros_interfaces/share/zbar_ros_interfaces/environment/pythonpath.dsv
[11.045s] -- Up-to-date: /home/rsa2021/comp3431-team-neo/starter_code/install/zbar_ros_interfaces/lib/python3.8/site-packages/zbar_ros_interfaces/__init__.py
[11.054s] -- Up-to-date: /home/rsa2021/comp3431-team-neo/starter_code/install/zbar_ros_interfaces/lib/python3.8/site-packages/zbar_ros_interfaces/msg
[11.057s] -- Up-to-date: /home/rsa2021/comp3431-team-neo/starter_code/install/zbar_ros_interfaces/lib/python3.8/site-packages/zbar_ros_interfaces/msg/__init__.py
[11.057s] -- Up-to-date: /home/rsa2021/comp3431-team-neo/starter_code/install/zbar_ros_interfaces/lib/python3.8/site-packages/zbar_ros_interfaces/msg/_symbol.py
[11.058s] -- Up-to-date: /home/rsa2021/comp3431-team-neo/starter_code/install/zbar_ros_interfaces/lib/python3.8/site-packages/zbar_ros_interfaces/msg/_symbol_s.c
[11.068s] -- Up-to-date: /home/rsa2021/comp3431-team-neo/starter_code/install/zbar_ros_interfaces/lib/python3.8/site-packages/zbar_ros_interfaces/zbar_ros_interfaces_s__rosidl_typesupport_fastrtps_c.cpython-38-x86_64-linux-gnu.so
[11.073s] -- Up-to-date: /home/rsa2021/comp3431-team-neo/starter_code/install/zbar_ros_interfaces/lib/python3.8/site-packages/zbar_ros_interfaces/zbar_ros_interfaces_s__rosidl_typesupport_introspection_c.cpython-38-x86_64-linux-gnu.so
[11.081s] -- Up-to-date: /home/rsa2021/comp3431-team-neo/starter_code/install/zbar_ros_interfaces/lib/python3.8/site-packages/zbar_ros_interfaces/zbar_ros_interfaces_s__rosidl_typesupport_c.cpython-38-x86_64-linux-gnu.so
[11.085s] -- Up-to-date: /home/rsa2021/comp3431-team-neo/starter_code/install/zbar_ros_interfaces/lib/libzbar_ros_interfaces__python.so
[11.087s] -- Up-to-date: /home/rsa2021/comp3431-team-neo/starter_code/install/zbar_ros_interfaces/share/zbar_ros_interfaces/msg/Symbol.idl
[11.089s] -- Up-to-date: /home/rsa2021/comp3431-team-neo/starter_code/install/zbar_ros_interfaces/share/zbar_ros_interfaces/msg/Symbol.msg
[11.091s] -- Up-to-date: /home/rsa2021/comp3431-team-neo/starter_code/install/zbar_ros_interfaces/share/ament_index/resource_index/package_run_dependencies/zbar_ros_interfaces
[11.094s] -- Up-to-date: /home/rsa2021/comp3431-team-neo/starter_code/install/zbar_ros_interfaces/share/ament_index/resource_index/parent_prefix_path/zbar_ros_interfaces
[11.094s] -- Up-to-date: /home/rsa2021/comp3431-team-neo/starter_code/install/zbar_ros_interfaces/share/zbar_ros_interfaces/environment/ament_prefix_path.sh
[11.097s] -- Up-to-date: /home/rsa2021/comp3431-team-neo/starter_code/install/zbar_ros_interfaces/share/zbar_ros_interfaces/environment/ament_prefix_path.dsv
[11.101s] -- Up-to-date: /home/rsa2021/comp3431-team-neo/starter_code/install/zbar_ros_interfaces/share/zbar_ros_interfaces/environment/path.sh
[11.109s] -- Up-to-date: /home/rsa2021/comp3431-team-neo/starter_code/install/zbar_ros_interfaces/share/zbar_ros_interfaces/environment/path.dsv
[11.109s] -- Up-to-date: /home/rsa2021/comp3431-team-neo/starter_code/install/zbar_ros_interfaces/share/zbar_ros_interfaces/local_setup.bash
[11.110s] -- Up-to-date: /home/rsa2021/comp3431-team-neo/starter_code/install/zbar_ros_interfaces/share/zbar_ros_interfaces/local_setup.sh
[11.110s] -- Up-to-date: /home/rsa2021/comp3431-team-neo/starter_code/install/zbar_ros_interfaces/share/zbar_ros_interfaces/local_setup.zsh
[11.115s] -- Up-to-date: /home/rsa2021/comp3431-team-neo/starter_code/install/zbar_ros_interfaces/share/zbar_ros_interfaces/local_setup.dsv
[11.115s] -- Installing: /home/rsa2021/comp3431-team-neo/starter_code/install/zbar_ros_interfaces/share/zbar_ros_interfaces/package.dsv
[11.115s] -- Up-to-date: /home/rsa2021/comp3431-team-neo/starter_code/install/zbar_ros_interfaces/share/ament_index/resource_index/packages/zbar_ros_interfaces
[11.118s] -- Up-to-date: /home/rsa2021/comp3431-team-neo/starter_code/install/zbar_ros_interfaces/share/zbar_ros_interfaces/cmake/zbar_ros_interfaces__rosidl_generator_cExport.cmake
[11.118s] -- Up-to-date: /home/rsa2021/comp3431-team-neo/starter_code/install/zbar_ros_interfaces/share/zbar_ros_interfaces/cmake/zbar_ros_interfaces__rosidl_generator_cExport-noconfig.cmake
[11.130s] -- Up-to-date: /home/rsa2021/comp3431-team-neo/starter_code/install/zbar_ros_interfaces/share/zbar_ros_interfaces/cmake/zbar_ros_interfaces__rosidl_typesupport_introspection_cExport.cmake
[11.130s] -- Up-to-date: /home/rsa2021/comp3431-team-neo/starter_code/install/zbar_ros_interfaces/share/zbar_ros_interfaces/cmake/zbar_ros_interfaces__rosidl_typesupport_introspection_cExport-noconfig.cmake
[11.132s] -- Up-to-date: /home/rsa2021/comp3431-team-neo/starter_code/install/zbar_ros_interfaces/share/zbar_ros_interfaces/cmake/zbar_ros_interfaces__rosidl_typesupport_cExport.cmake
[11.132s] -- Up-to-date: /home/rsa2021/comp3431-team-neo/starter_code/install/zbar_ros_interfaces/share/zbar_ros_interfaces/cmake/zbar_ros_interfaces__rosidl_typesupport_cExport-noconfig.cmake
[11.137s] -- Up-to-date: /home/rsa2021/comp3431-team-neo/starter_code/install/zbar_ros_interfaces/share/zbar_ros_interfaces/cmake/zbar_ros_interfaces__rosidl_generator_cppExport.cmake
[11.142s] -- Up-to-date: /home/rsa2021/comp3431-team-neo/starter_code/install/zbar_ros_interfaces/share/zbar_ros_interfaces/cmake/zbar_ros_interfaces__rosidl_typesupport_introspection_cppExport.cmake
[11.142s] -- Up-to-date: /home/rsa2021/comp3431-team-neo/starter_code/install/zbar_ros_interfaces/share/zbar_ros_interfaces/cmake/zbar_ros_interfaces__rosidl_typesupport_introspection_cppExport-noconfig.cmake
[11.149s] -- Up-to-date: /home/rsa2021/comp3431-team-neo/starter_code/install/zbar_ros_interfaces/share/zbar_ros_interfaces/cmake/zbar_ros_interfaces__rosidl_typesupport_cppExport.cmake
[11.154s] -- Up-to-date: /home/rsa2021/comp3431-team-neo/starter_code/install/zbar_ros_interfaces/share/zbar_ros_interfaces/cmake/zbar_ros_interfaces__rosidl_typesupport_cppExport-noconfig.cmake
[11.157s] -- Up-to-date: /home/rsa2021/comp3431-team-neo/starter_code/install/zbar_ros_interfaces/share/zbar_ros_interfaces/cmake/rosidl_cmake-extras.cmake
[11.160s] -- Up-to-date: /home/rsa2021/comp3431-team-neo/starter_code/install/zbar_ros_interfaces/share/zbar_ros_interfaces/cmake/ament_cmake_export_dependencies-extras.cmake
[11.161s] -- Up-to-date: /home/rsa2021/comp3431-team-neo/starter_code/install/zbar_ros_interfaces/share/zbar_ros_interfaces/cmake/ament_cmake_export_libraries-extras.cmake
[11.161s] -- Up-to-date: /home/rsa2021/comp3431-team-neo/starter_code/install/zbar_ros_interfaces/share/zbar_ros_interfaces/cmake/ament_cmake_export_targets-extras.cmake
[11.166s] -- Up-to-date: /home/rsa2021/comp3431-team-neo/starter_code/install/zbar_ros_interfaces/share/zbar_ros_interfaces/cmake/ament_cmake_export_include_directories-extras.cmake
[11.167s] -- Up-to-date: /home/rsa2021/comp3431-team-neo/starter_code/install/zbar_ros_interfaces/share/zbar_ros_interfaces/cmake/rosidl_cmake_export_typesupport_libraries-extras.cmake
[11.167s] -- Up-to-date: /home/rsa2021/comp3431-team-neo/starter_code/install/zbar_ros_interfaces/share/zbar_ros_interfaces/cmake/rosidl_cmake_export_typesupport_targets-extras.cmake
[11.168s] -- Up-to-date: /home/rsa2021/comp3431-team-neo/starter_code/install/zbar_ros_interfaces/share/zbar_ros_interfaces/cmake/zbar_ros_interfacesConfig.cmake
[11.170s] -- Up-to-date: /home/rsa2021/comp3431-team-neo/starter_code/install/zbar_ros_interfaces/share/zbar_ros_interfaces/cmake/zbar_ros_interfacesConfig-version.cmake
[11.175s] -- Up-to-date: /home/rsa2021/comp3431-team-neo/starter_code/install/zbar_ros_interfaces/share/zbar_ros_interfaces/package.xml
[11.208s] Invoked command in '/home/rsa2021/comp3431-team-neo/starter_code/build/zbar_ros_interfaces' returned '0': CMAKE_PREFIX_PATH=${CMAKE_PREFIX_PATH}:/opt/ros/foxy /usr/bin/cmake --install /home/rsa2021/comp3431-team-neo/starter_code/build/zbar_ros_interfaces
