[0.047s] Invoking command in '/home/rsa2021/comp3431-team-neo/starter_code/build/point_pubsub': CMAKE_PREFIX_PATH=${CMAKE_PREFIX_PATH}:/opt/ros/foxy /usr/bin/cmake /home/rsa2021/comp3431-team-neo/starter_code/src/comp3431-rsa/point_pubsub -DCMAKE_INSTALL_PREFIX=/home/rsa2021/comp3431-team-neo/starter_code/install/point_pubsub
[0.985s] -- The C compiler identification is GNU 9.3.0
[1.643s] -- The CXX compiler identification is GNU 9.3.0
[1.711s] -- Check for working C compiler: /usr/bin/cc
[2.421s] -- Check for working C compiler: /usr/bin/cc -- works
[2.429s] -- Detecting C compiler ABI info
[2.956s] -- Detecting C compiler ABI info - done
[2.991s] -- Detecting C compile features
[2.992s] -- Detecting C compile features - done
[2.998s] -- Check for working CXX compiler: /usr/bin/c++
[3.393s] -- Check for working CXX compiler: /usr/bin/c++ -- works
[3.394s] -- Detecting CXX compiler ABI info
[4.025s] -- Detecting CXX compiler ABI info - done
[4.101s] -- Detecting CXX compile features
[4.105s] -- Detecting CXX compile features - done
[4.164s] -- Found ament_cmake: 0.9.8 (/opt/ros/foxy/share/ament_cmake/cmake)
[4.333s] -- Found PythonInterp: /usr/bin/python3 (found suitable version "3.8.10", minimum required is "3") 
[4.334s] -- Using PYTHON_EXECUTABLE: /usr/bin/python3
[5.212s] -- Found rclcpp: 2.3.1 (/opt/ros/foxy/share/rclcpp/cmake)
[5.578s] -- Using all available rosidl_typesupport_c: rosidl_typesupport_fastrtps_c;rosidl_typesupport_introspection_c
[5.642s] -- Found rosidl_adapter: 1.2.1 (/opt/ros/foxy/share/rosidl_adapter/cmake)
[6.192s] -- Found OpenSSL: /usr/lib/x86_64-linux-gnu/libcrypto.so (found version "1.1.1f")  
[6.294s] -- Found FastRTPS: /opt/ros/foxy/include  
[6.636s] -- Using all available rosidl_typesupport_cpp: rosidl_typesupport_fastrtps_cpp;rosidl_typesupport_introspection_cpp
[6.900s] -- Found rmw_implementation_cmake: 1.0.3 (/opt/ros/foxy/share/rmw_implementation_cmake/cmake)
[6.918s] -- Using RMW implementation 'rmw_fastrtps_cpp' as default
[6.934s] -- Looking for pthread.h
[7.294s] -- Looking for pthread.h - found
[7.294s] -- Performing Test CMAKE_HAVE_LIBC_PTHREAD
[7.720s] -- Performing Test CMAKE_HAVE_LIBC_PTHREAD - Failed
[7.720s] -- Looking for pthread_create in pthreads
[8.034s] -- Looking for pthread_create in pthreads - not found
[8.035s] -- Looking for pthread_create in pthread
[8.654s] -- Looking for pthread_create in pthread - found
[8.659s] -- Found Threads: TRUE  
[9.190s] -- Found visualization_msgs: 2.0.4 (/opt/ros/foxy/share/visualization_msgs/cmake)
[9.714s] -- Found ament_lint_auto: 0.9.6 (/opt/ros/foxy/share/ament_lint_auto/cmake)
[10.172s] -- Added test 'copyright' to check source files copyright and LICENSE
[10.180s] -- Added test 'cppcheck' to perform static code analysis on C / C++ code
[10.182s] -- Configured cppcheck include dirs: 
[10.182s] -- Configured cppcheck exclude dirs and/or files: 
[10.184s] -- Added test 'cpplint' to check C / C++ code against the Google style
[10.185s] -- Configured cpplint exclude dirs and/or files: 
[10.188s] -- Added test 'lint_cmake' to check CMake code style
[10.194s] -- Added test 'uncrustify' to check C / C++ code style
[10.194s] -- Configured uncrustify additional arguments: 
[10.203s] -- Added test 'xmllint' to check XML markup files
[10.216s] -- Configuring done
[10.251s] -- Generating done
[10.253s] -- Build files have been written to: /home/rsa2021/comp3431-team-neo/starter_code/build/point_pubsub
[10.287s] Invoked command in '/home/rsa2021/comp3431-team-neo/starter_code/build/point_pubsub' returned '0': CMAKE_PREFIX_PATH=${CMAKE_PREFIX_PATH}:/opt/ros/foxy /usr/bin/cmake /home/rsa2021/comp3431-team-neo/starter_code/src/comp3431-rsa/point_pubsub -DCMAKE_INSTALL_PREFIX=/home/rsa2021/comp3431-team-neo/starter_code/install/point_pubsub
[10.311s] Invoking command in '/home/rsa2021/comp3431-team-neo/starter_code/build/point_pubsub': CMAKE_PREFIX_PATH=${CMAKE_PREFIX_PATH}:/opt/ros/foxy /usr/bin/cmake --build /home/rsa2021/comp3431-team-neo/starter_code/build/point_pubsub -- -j3 -l3
[10.543s] [35m[1mScanning dependencies of target point_tf[0m
[11.027s] [ 50%] [32mBuilding CXX object CMakeFiles/point_tf.dir/src/publisher_member_function.cpp.o[0m
[17.295s] In file included from [01m[K/usr/include/c++/9/ext/alloc_traits.h:36[m[K,
[17.297s]                  from [01m[K/usr/include/c++/9/bits/stl_construct.h:61[m[K,
[17.297s]                  from [01m[K/usr/include/c++/9/memory:64[m[K,
[17.297s]                  from [01m[K/home/rsa2021/comp3431-team-neo/starter_code/src/comp3431-rsa/point_pubsub/src/publisher_member_function.cpp:2[m[K:
[17.297s] /usr/include/c++/9/bits/alloc_traits.h: In instantiation of ‘[01m[Kstruct std::allocator_traits<std::allocator<geometry_msgs::msg::PointStamped_<std::allocator<void> >&> >[m[K’:
[17.297s] [01m[K/opt/ros/foxy/include/rclcpp/message_memory_strategy.hpp:47:9:[m[K   required from ‘[01m[Kclass rclcpp::message_memory_strategy::MessageMemoryStrategy<geometry_msgs::msg::PointStamped_<std::allocator<void> >&, std::allocator<void> >[m[K’
[17.297s] [01m[K/opt/ros/foxy/include/rclcpp/node_impl.hpp:91:1:[m[K   required by substitution of ‘[01m[Ktemplate<class MessageT, class CallbackT, class AllocatorT, class CallbackMessageT, class SubscriptionT, class MessageMemoryStrategyT> std::shared_ptr<SubscriptionT> rclcpp::Node::create_subscription(const string&, const rclcpp::QoS&, CallbackT&&, const rclcpp::SubscriptionOptionsWithAllocator<AllocatorT>&, typename MessageMemoryStrategyT::SharedPtr) [with MessageT = geometry_msgs::msg::PointStamped_<std::allocator<void> >; CallbackT = std::_Bind<visualization_msgs::msg::Marker_<std::allocator<void> > (PointTf::*(PointTf*, std::_Placeholder<1>))(geometry_msgs::msg::PointStamped_<std::allocator<void> >&)>; AllocatorT = std::allocator<void>; CallbackMessageT = geometry_msgs::msg::PointStamped_<std::allocator<void> >&; SubscriptionT = rclcpp::Subscription<geometry_msgs::msg::PointStamped_<std::allocator<void> >&, std::allocator<void>, rclcpp::message_memory_strategy::MessageMemoryStrategy<geometry_msgs::msg::PointStamped_<std::allocator<void> >&, std::allocator<void> > >; MessageMemoryStrategyT = rclcpp::message_memory_strategy::MessageMemoryStrategy<geometry_msgs::msg::PointStamped_<std::allocator<void> >&, std::allocator<void> >][m[K’
[17.298s] [01m[K/home/rsa2021/comp3431-team-neo/starter_code/src/comp3431-rsa/point_pubsub/src/publisher_member_function.cpp:30:63:[m[K   required from here
[17.298s] [01m[K/usr/include/c++/9/bits/alloc_traits.h:400:13:[m[K [01;31m[Kerror: [m[Kforming pointer to reference type ‘[01m[Kgeometry_msgs::msg::PointStamped_<std::allocator<void> >&[m[K’
[17.298s]   400 |       using [01;31m[Kpointer[m[K = _Tp*;
[17.298s]       |             [01;31m[K^~~~~~~[m[K
[17.298s] [01m[K/usr/include/c++/9/bits/alloc_traits.h:403:13:[m[K [01;31m[Kerror: [m[Kforming pointer to reference type ‘[01m[Kgeometry_msgs::msg::PointStamped_<std::allocator<void> >&[m[K’
[17.298s]   403 |       using [01;31m[Kconst_pointer[m[K = const _Tp*;
[17.298s]       |             [01;31m[K^~~~~~~~~~~~~[m[K
[17.306s] In file included from [01m[K/usr/include/c++/9/memory:80[m[K,
[17.306s]                  from [01m[K/home/rsa2021/comp3431-team-neo/starter_code/src/comp3431-rsa/point_pubsub/src/publisher_member_function.cpp:2[m[K:
[17.306s] /usr/include/c++/9/bits/unique_ptr.h: In instantiation of ‘[01m[Kstruct std::default_delete<geometry_msgs::msg::PointStamped_<std::allocator<void> >&>[m[K’:
[17.306s] [01m[K/opt/ros/foxy/include/rclcpp/message_memory_strategy.hpp:119:18:[m[K   required from ‘[01m[Kclass rclcpp::message_memory_strategy::MessageMemoryStrategy<geometry_msgs::msg::PointStamped_<std::allocator<void> >&, std::allocator<void> >[m[K’
[17.306s] [01m[K/opt/ros/foxy/include/rclcpp/node_impl.hpp:91:1:[m[K   required by substitution of ‘[01m[Ktemplate<class MessageT, class CallbackT, class AllocatorT, class CallbackMessageT, class SubscriptionT, class MessageMemoryStrategyT> std::shared_ptr<SubscriptionT> rclcpp::Node::create_subscription(const string&, const rclcpp::QoS&, CallbackT&&, const rclcpp::SubscriptionOptionsWithAllocator<AllocatorT>&, typename MessageMemoryStrategyT::SharedPtr) [with MessageT = geometry_msgs::msg::PointStamped_<std::allocator<void> >; CallbackT = std::_Bind<visualization_msgs::msg::Marker_<std::allocator<void> > (PointTf::*(PointTf*, std::_Placeholder<1>))(geometry_msgs::msg::PointStamped_<std::allocator<void> >&)>; AllocatorT = std::allocator<void>; CallbackMessageT = geometry_msgs::msg::PointStamped_<std::allocator<void> >&; SubscriptionT = rclcpp::Subscription<geometry_msgs::msg::PointStamped_<std::allocator<void> >&, std::allocator<void>, rclcpp::message_memory_strategy::MessageMemoryStrategy<geometry_msgs::msg::PointStamped_<std::allocator<void> >&, std::allocator<void> > >; MessageMemoryStrategyT = rclcpp::message_memory_strategy::MessageMemoryStrategy<geometry_msgs::msg::PointStamped_<std::allocator<void> >&, std::allocator<void> >][m[K’
[17.306s] [01m[K/home/rsa2021/comp3431-team-neo/starter_code/src/comp3431-rsa/point_pubsub/src/publisher_member_function.cpp:30:63:[m[K   required from here
[17.306s] [01m[K/usr/include/c++/9/bits/unique_ptr.h:71:9:[m[K [01;31m[Kerror: [m[Kforming pointer to reference type ‘[01m[Kgeometry_msgs::msg::PointStamped_<std::allocator<void> >&[m[K’
[17.307s]    71 |         [01;31m[Kdefault_delete[m[K(const default_delete<_Up>&) noexcept { }
[17.307s]       |         [01;31m[K^~~~~~~~~~~~~~[m[K
[17.307s] [01m[K/usr/include/c++/9/bits/unique_ptr.h:75:7:[m[K [01;31m[Kerror: [m[Kforming pointer to reference type ‘[01m[Kgeometry_msgs::msg::PointStamped_<std::allocator<void> >&[m[K’
[17.307s]    75 |       [01;31m[Koperator[m[K()(_Tp* __ptr) const
[17.307s]       |       [01;31m[K^~~~~~~~[m[K
[17.329s] In file included from [01m[K/opt/ros/foxy/include/rclcpp/subscription_base.hpp:29[m[K,
[17.330s]                  from [01m[K/opt/ros/foxy/include/rclcpp/callback_group.hpp:26[m[K,
[17.330s]                  from [01m[K/opt/ros/foxy/include/rclcpp/any_executable.hpp:20[m[K,
[17.330s]                  from [01m[K/opt/ros/foxy/include/rclcpp/memory_strategy.hpp:24[m[K,
[17.330s]                  from [01m[K/opt/ros/foxy/include/rclcpp/memory_strategies.hpp:18[m[K,
[17.330s]                  from [01m[K/opt/ros/foxy/include/rclcpp/executor_options.hpp:20[m[K,
[17.330s]                  from [01m[K/opt/ros/foxy/include/rclcpp/executor.hpp:33[m[K,
[17.330s]                  from [01m[K/opt/ros/foxy/include/rclcpp/executors/multi_threaded_executor.hpp:25[m[K,
[17.330s]                  from [01m[K/opt/ros/foxy/include/rclcpp/executors.hpp:21[m[K,
[17.330s]                  from [01m[K/opt/ros/foxy/include/rclcpp/rclcpp.hpp:146[m[K,
[17.331s]                  from [01m[K/home/rsa2021/comp3431-team-neo/starter_code/src/comp3431-rsa/point_pubsub/src/publisher_member_function.cpp:4[m[K:
[17.331s] /opt/ros/foxy/include/rclcpp/any_subscription_callback.hpp: In instantiation of ‘[01m[Kclass rclcpp::AnySubscriptionCallback<geometry_msgs::msg::PointStamped_<std::allocator<void> >&, std::allocator<void> >[m[K’:
[17.331s] [01m[K/opt/ros/foxy/include/rclcpp/subscription.hpp:327:57:[m[K   required from ‘[01m[Kclass rclcpp::Subscription<geometry_msgs::msg::PointStamped_<std::allocator<void> >&, std::allocator<void>, rclcpp::message_memory_strategy::MessageMemoryStrategy<geometry_msgs::msg::PointStamped_<std::allocator<void> >&, std::allocator<void> > >[m[K’
[17.331s] [01m[K/usr/include/c++/9/type_traits:1320:45:[m[K   required by substitution of ‘[01m[Ktemplate<class _From1, class _To1, class> static std::true_type std::__is_convertible_helper<rclcpp::Subscription<geometry_msgs::msg::PointStamped_<std::allocator<void> >&, std::allocator<void>, rclcpp::message_memory_strategy::MessageMemoryStrategy<geometry_msgs::msg::PointStamped_<std::allocator<void> >&, std::allocator<void> > >*, rclcpp::Publisher<geometry_msgs::msg::PointStamped_<std::allocator<void> > >*, false>::__test<_From1, _To1, <template-parameter-1-3> >(int) [with _From1 = rclcpp::Subscription<geometry_msgs::msg::PointStamped_<std::allocator<void> >&, std::allocator<void>, rclcpp::message_memory_strategy::MessageMemoryStrategy<geometry_msgs::msg::PointStamped_<std::allocator<void> >&, std::allocator<void> > >*; _To1 = rclcpp::Publisher<geometry_msgs::msg::PointStamped_<std::allocator<void> > >*; <template-parameter-1-3> = <missing>][m[K’
[17.331s] [01m[K/usr/include/c++/9/type_traits:1329:42:[m[K   required from ‘[01m[Kstruct std::__is_convertible_helper<rclcpp::Subscription<geometry_msgs::msg::PointStamped_<std::allocator<void> >&, std::allocator<void>, rclcpp::message_memory_strategy::MessageMemoryStrategy<geometry_msgs::msg::PointStamped_<std::allocator<void> >&, std::allocator<void> > >*, rclcpp::Publisher<geometry_msgs::msg::PointStamped_<std::allocator<void> > >*, false>[m[K’
[17.331s] [01m[K/usr/include/c++/9/type_traits:1335:12:[m[K   required from ‘[01m[Kstruct std::is_convertible<rclcpp::Subscription<geometry_msgs::msg::PointStamped_<std::allocator<void> >&, std::allocator<void>, rclcpp::message_memory_strategy::MessageMemoryStrategy<geometry_msgs::msg::PointStamped_<std::allocator<void> >&, std::allocator<void> > >*, rclcpp::Publisher<geometry_msgs::msg::PointStamped_<std::allocator<void> > >*>[m[K’
[17.331s] [01m[K/usr/include/c++/9/bits/shared_ptr_base.h:927:12:[m[K   [ skipping 2 instantiation contexts, use -ftemplate-backtrace-limit=0 to disable ]
[17.331s] [01m[K/usr/include/c++/9/bits/shared_ptr_base.h:1099:8:[m[K   required by substitution of ‘[01m[Ktemplate<class _Tp, __gnu_cxx::_Lock_policy _Lp> template<class _Yp> using _Assignable = std::__shared_ptr<_Tp, _Lp>::_Compatible<_Yp, std::__shared_ptr<_Tp, _Lp>&> [with _Yp = rclcpp::Subscription<geometry_msgs::msg::PointStamped_<std::allocator<void> >&, std::allocator<void>, rclcpp::message_memory_strategy::MessageMemoryStrategy<geometry_msgs::msg::PointStamped_<std::allocator<void> >&, std::allocator<void> > >; _Tp = rclcpp::Publisher<geometry_msgs::msg::PointStamped_<std::allocator<void> > >; __gnu_cxx::_Lock_policy _Lp = __gnu_cxx::_S_atomic][m[K’
[17.331s] [01m[K/usr/include/c++/9/bits/shared_ptr_base.h:1271:2:[m[K   required by substitution of ‘[01m[Ktemplate<class _Yp> std::__shared_ptr<rclcpp::Publisher<geometry_msgs::msg::PointStamped_<std::allocator<void> > >, __gnu_cxx::_S_atomic>::_Assignable<_Yp> std::__shared_ptr<rclcpp::Publisher<geometry_msgs::msg::PointStamped_<std::allocator<void> > >, __gnu_cxx::_S_atomic>::operator=<_Yp>(std::__shared_ptr<_Tp>&&) [with _Yp = rclcpp::Subscription<geometry_msgs::msg::PointStamped_<std::allocator<void> >&, std::allocator<void>, rclcpp::message_memory_strategy::MessageMemoryStrategy<geometry_msgs::msg::PointStamped_<std::allocator<void> >&, std::allocator<void> > >][m[K’
[17.331s] [01m[K/usr/include/c++/9/type_traits:1017:12:[m[K   required from ‘[01m[Kstruct std::is_assignable<std::__shared_ptr<rclcpp::Publisher<geometry_msgs::msg::PointStamped_<std::allocator<void> > >, __gnu_cxx::_S_atomic>&, std::shared_ptr<rclcpp::Subscription<geometry_msgs::msg::PointStamped_<std::allocator<void> >&, std::allocator<void>, rclcpp::message_memory_strategy::MessageMemoryStrategy<geometry_msgs::msg::PointStamped_<std::allocator<void> >&, std::allocator<void> > > > >[m[K’
[17.332s] [01m[K/usr/include/c++/9/bits/shared_ptr.h:111:8:[m[K   required by substitution of ‘[01m[Ktemplate<class _Tp> template<class _Arg> using _Assignable = typename std::enable_if<std::is_assignable<std::__shared_ptr<_Tp>&, _Arg>::value, std::shared_ptr<_Tp>&>::type [with _Arg = std::shared_ptr<rclcpp::Subscription<geometry_msgs::msg::PointStamped_<std::allocator<void> >&, std::allocator<void>, rclcpp::message_memory_strategy::MessageMemoryStrategy<geometry_msgs::msg::PointStamped_<std::allocator<void> >&, std::allocator<void> > > >; _Tp = rclcpp::Publisher<geometry_msgs::msg::PointStamped_<std::allocator<void> > >][m[K’
[17.332s] [01m[K/usr/include/c++/9/bits/shared_ptr.h:341:2:[m[K   required by substitution of ‘[01m[Ktemplate<class _Yp> std::shared_ptr<rclcpp::Publisher<geometry_msgs::msg::PointStamped_<std::allocator<void> > > >::_Assignable<std::shared_ptr<_Tp> > std::shared_ptr<rclcpp::Publisher<geometry_msgs::msg::PointStamped_<std::allocator<void> > > >::operator=<_Yp>(std::shared_ptr<_Tp>&&) [with _Yp = rclcpp::Subscription<geometry_msgs::msg::PointStamped_<std::allocator<void> >&, std::allocator<void>, rclcpp::message_memory_strategy::MessageMemoryStrategy<geometry_msgs::msg::PointStamped_<std::allocator<void> >&, std::allocator<void> > >][m[K’
[17.332s] [01m[K/home/rsa2021/comp3431-team-neo/starter_code/src/comp3431-rsa/point_pubsub/src/publisher_member_function.cpp:30:63:[m[K   required from here
[17.332s] [01m[K/opt/ros/foxy/include/rclcpp/any_subscription_callback.hpp:111:8:[m[K [01;31m[Kerror: [m[K‘[01m[Ktemplate<class CallbackT, typename std::enable_if<rclcpp::function_traits::same_arguments<CallbackT, std::function<void(std::shared_ptr<geometry_msgs::msg::PointStamped_<std::allocator<void> >&>)> >::value, void>::type* <anonymous> > void rclcpp::AnySubscriptionCallback<MessageT, Alloc>::set(CallbackT) [with CallbackT = CallbackT; typename std::enable_if<rclcpp::function_traits::same_arguments<CallbackT, std::function<void(std::shared_ptr<const _Tp>)> >::value>::type* <anonymous> = <enumerator>; MessageT = geometry_msgs::msg::PointStamped_<std::allocator<void> >&; Alloc = std::allocator<void>][m[K’ cannot be overloaded with ‘[01m[Ktemplate<class CallbackT, typename std::enable_if<rclcpp::function_traits::same_arguments<CallbackT, std::function<void(std::shared_ptr<geometry_msgs::msg::PointStamped_<std::allocator<void> >&>)> >::value, void>::type* <anonymous> > void rclcpp::AnySubscriptionCallback<MessageT, Alloc>::set(CallbackT) [with CallbackT = CallbackT; typename std::enable_if<rclcpp::function_traits::same_arguments<CallbackT, std::function<void(std::shared_ptr<_Tp>)> >::value>::type* <anonymous> = <enumerator>; MessageT = geometry_msgs::msg::PointStamped_<std::allocator<void> >&; Alloc = std::allocator<void>][m[K’
[17.332s]   111 |   void [01;31m[Kset[m[K(CallbackT callback)
[17.332s]       |        [01;31m[K^~~[m[K
[17.332s] [01m[K/opt/ros/foxy/include/rclcpp/any_subscription_callback.hpp:83:8:[m[K [01;36m[Knote: [m[Kprevious declaration ‘[01m[Ktemplate<class CallbackT, typename std::enable_if<rclcpp::function_traits::same_arguments<CallbackT, std::function<void(std::shared_ptr<geometry_msgs::msg::PointStamped_<std::allocator<void> >&>)> >::value, void>::type* <anonymous> > void rclcpp::AnySubscriptionCallback<MessageT, Alloc>::set(CallbackT) [with CallbackT = CallbackT; typename std::enable_if<rclcpp::function_traits::same_arguments<CallbackT, std::function<void(std::shared_ptr<_Tp>)> >::value>::type* <anonymous> = <enumerator>; MessageT = geometry_msgs::msg::PointStamped_<std::allocator<void> >&; Alloc = std::allocator<void>][m[K’
[17.332s]    83 |   void [01;36m[Kset[m[K(CallbackT callback)
[17.332s]       |        [01;36m[K^~~[m[K
[17.332s] [01m[K/opt/ros/foxy/include/rclcpp/any_subscription_callback.hpp:125:8:[m[K [01;31m[Kerror: [m[K‘[01m[Ktemplate<class CallbackT, typename std::enable_if<rclcpp::function_traits::same_arguments<CallbackT, std::function<void(std::shared_ptr<geometry_msgs::msg::PointStamped_<std::allocator<void> >&>, const rclcpp::MessageInfo&)> >::value, void>::type* <anonymous> > void rclcpp::AnySubscriptionCallback<MessageT, Alloc>::set(CallbackT) [with CallbackT = CallbackT; typename std::enable_if<rclcpp::function_traits::same_arguments<CallbackT, std::function<void(std::shared_ptr<const _Tp>, const rclcpp::MessageInfo&)> >::value>::type* <anonymous> = <enumerator>; MessageT = geometry_msgs::msg::PointStamped_<std::allocator<void> >&; Alloc = std::allocator<void>][m[K’ cannot be overloaded with ‘[01m[Ktemplate<class CallbackT, typename std::enable_if<rclcpp::function_traits::same_arguments<CallbackT, std::function<void(std::shared_ptr<geometry_msgs::msg::PointStamped_<std::allocator<void> >&>, const rclcpp::MessageInfo&)> >::value, void>::type* <anonymous> > void rclcpp::AnySubscriptionCallback<MessageT, Alloc>::set(CallbackT) [with CallbackT = CallbackT; typename std::enable_if<rclcpp::function_traits::same_arguments<CallbackT, std::function<void(std::shared_ptr<_Tp>, const rclcpp::MessageInfo&)> >::value>::type* <anonymous> = <enumerator>; MessageT = geometry_msgs::msg::PointStamped_<std::allocator<void> >&; Alloc = std::allocator<void>][m[K’
[17.333s]   125 |   void [01;31m[Kset[m[K(CallbackT callback)
[17.333s]       |        [01;31m[K^~~[m[K
[17.333s] [01m[K/opt/ros/foxy/include/rclcpp/any_subscription_callback.hpp:97:8:[m[K [01;36m[Knote: [m[Kprevious declaration ‘[01m[Ktemplate<class CallbackT, typename std::enable_if<rclcpp::function_traits::same_arguments<CallbackT, std::function<void(std::shared_ptr<geometry_msgs::msg::PointStamped_<std::allocator<void> >&>, const rclcpp::MessageInfo&)> >::value, void>::type* <anonymous> > void rclcpp::AnySubscriptionCallback<MessageT, Alloc>::set(CallbackT) [with CallbackT = CallbackT; typename std::enable_if<rclcpp::function_traits::same_arguments<CallbackT, std::function<void(std::shared_ptr<_Tp>, const rclcpp::MessageInfo&)> >::value>::type* <anonymous> = <enumerator>; MessageT = geometry_msgs::msg::PointStamped_<std::allocator<void> >&; Alloc = std::allocator<void>][m[K’
[17.333s]    97 |   void [01;36m[Kset[m[K(CallbackT callback)
[17.333s]       |        [01;36m[K^~~[m[K
[17.340s] [01m[K/home/rsa2021/comp3431-team-neo/starter_code/src/comp3431-rsa/point_pubsub/src/publisher_member_function.cpp:[m[K In constructor ‘[01m[KPointTf::PointTf()[m[K’:
[17.340s] [01m[K/home/rsa2021/comp3431-team-neo/starter_code/src/comp3431-rsa/point_pubsub/src/publisher_member_function.cpp:30:63:[m[K [01;31m[Kerror: [m[Kno match for ‘[01m[Koperator=[m[K’ (operand types are ‘[01m[Krclcpp::Publisher<geometry_msgs::msg::PointStamped_<std::allocator<void> > >::SharedPtr[m[K’ {aka ‘[01m[Kstd::shared_ptr<rclcpp::Publisher<geometry_msgs::msg::PointStamped_<std::allocator<void> > > >[m[K’} and ‘[01m[Kstd::shared_ptr<rclcpp::Subscription<geometry_msgs::msg::PointStamped_<std::allocator<void> >&, std::allocator<void>, rclcpp::message_memory_strategy::MessageMemoryStrategy<geometry_msgs::msg::PointStamped_<std::allocator<void> >&, std::allocator<void> > > >[m[K’)
[17.341s]    30 |       "/testPoint", 10, std::bind(&PointTf::convert, this, _1)[01;31m[K)[m[K
[17.341s]       |                                                               [01;31m[K^[m[K
[17.343s] In file included from [01m[K/usr/include/c++/9/memory:81[m[K,
[17.344s]                  from [01m[K/home/rsa2021/comp3431-team-neo/starter_code/src/comp3431-rsa/point_pubsub/src/publisher_member_function.cpp:2[m[K:
[17.344s] [01m[K/usr/include/c++/9/bits/shared_ptr.h:309:19:[m[K [01;36m[Knote: [m[Kcandidate: ‘[01m[Kstd::shared_ptr<_Tp>& std::shared_ptr<_Tp>::operator=(const std::shared_ptr<_Tp>&) [with _Tp = rclcpp::Publisher<geometry_msgs::msg::PointStamped_<std::allocator<void> > >][m[K’
[17.344s]   309 |       shared_ptr& [01;36m[Koperator[m[K=(const shared_ptr&) noexcept = default;
[17.345s]       |                   [01;36m[K^~~~~~~~[m[K
[17.345s] [01m[K/usr/include/c++/9/bits/shared_ptr.h:309:29:[m[K [01;36m[Knote: [m[K  no known conversion for argument 1 from ‘[01m[Kstd::shared_ptr<rclcpp::Subscription<geometry_msgs::msg::PointStamped_<std::allocator<void> >&, std::allocator<void>, rclcpp::message_memory_strategy::MessageMemoryStrategy<geometry_msgs::msg::PointStamped_<std::allocator<void> >&, std::allocator<void> > > >[m[K’ to ‘[01m[Kconst std::shared_ptr<rclcpp::Publisher<geometry_msgs::msg::PointStamped_<std::allocator<void> > > >&[m[K’
[17.345s]   309 |       shared_ptr& operator=([01;36m[Kconst shared_ptr&[m[K) noexcept = default;
[17.345s]       |                             [01;36m[K^~~~~~~~~~~~~~~~~[m[K
[17.345s] [01m[K/usr/include/c++/9/bits/shared_ptr.h:313:2:[m[K [01;36m[Knote: [m[Kcandidate: ‘[01m[Ktemplate<class _Yp> std::shared_ptr<_Tp>::_Assignable<const std::shared_ptr<_Yp>&> std::shared_ptr<_Tp>::operator=(const std::shared_ptr<_Yp>&) [with _Yp = _Yp; _Tp = rclcpp::Publisher<geometry_msgs::msg::PointStamped_<std::allocator<void> > >][m[K’
[17.345s]   313 |  [01;36m[Koperator[m[K=(const shared_ptr<_Yp>& __r) noexcept
[17.346s]       |  [01;36m[K^~~~~~~~[m[K
[17.346s] [01m[K/usr/include/c++/9/bits/shared_ptr.h:313:2:[m[K [01;36m[Knote: [m[K  template argument deduction/substitution failed:
[17.346s] /usr/include/c++/9/bits/shared_ptr.h: In substitution of ‘[01m[Ktemplate<class _Tp> template<class _Arg> using _Assignable = typename std::enable_if<std::is_assignable<std::__shared_ptr<_Tp>&, _Arg>::value, std::shared_ptr<_Tp>&>::type [with _Arg = const std::shared_ptr<rclcpp::Subscription<geometry_msgs::msg::PointStamped_<std::allocator<void> >&, std::allocator<void>, rclcpp::message_memory_strategy::MessageMemoryStrategy<geometry_msgs::msg::PointStamped_<std::allocator<void> >&, std::allocator<void> > > >&; _Tp = rclcpp::Publisher<geometry_msgs::msg::PointStamped_<std::allocator<void> > >][m[K’:
[17.347s] [01m[K/usr/include/c++/9/bits/shared_ptr.h:313:2:[m[K   required by substitution of ‘[01m[Ktemplate<class _Yp> std::shared_ptr<rclcpp::Publisher<geometry_msgs::msg::PointStamped_<std::allocator<void> > > >::_Assignable<const std::shared_ptr<_Tp>&> std::shared_ptr<rclcpp::Publisher<geometry_msgs::msg::PointStamped_<std::allocator<void> > > >::operator=<_Yp>(const std::shared_ptr<_Tp>&) [with _Yp = rclcpp::Subscription<geometry_msgs::msg::PointStamped_<std::allocator<void> >&, std::allocator<void>, rclcpp::message_memory_strategy::MessageMemoryStrategy<geometry_msgs::msg::PointStamped_<std::allocator<void> >&, std::allocator<void> > >][m[K’
[17.347s] [01m[K/home/rsa2021/comp3431-team-neo/starter_code/src/comp3431-rsa/point_pubsub/src/publisher_member_function.cpp:30:63:[m[K   required from here
[17.347s] [01m[K/usr/include/c++/9/bits/shared_ptr.h:111:8:[m[K [01;31m[Kerror: [m[Kno type named ‘[01m[Ktype[m[K’ in ‘[01m[Kstruct std::enable_if<false, std::shared_ptr<rclcpp::Publisher<geometry_msgs::msg::PointStamped_<std::allocator<void> > > >&>[m[K’
[17.347s]   111 |  using [01;31m[K_Assignable[m[K = typename enable_if<
[17.347s]       |        [01;31m[K^~~~~~~~~~~[m[K
[17.347s] [01m[K/usr/include/c++/9/bits/shared_ptr.h:324:2:[m[K [01;36m[Knote: [m[Kcandidate: ‘[01m[Ktemplate<class _Yp> std::shared_ptr<_Tp>::_Assignable<std::auto_ptr<_Up> > std::shared_ptr<_Tp>::operator=(std::auto_ptr<_Up>&&) [with _Yp = _Yp; _Tp = rclcpp::Publisher<geometry_msgs::msg::PointStamped_<std::allocator<void> > >][m[K’
[17.347s]   324 |  [01;36m[Koperator[m[K=(auto_ptr<_Yp>&& __r)
[17.347s]       |  [01;36m[K^~~~~~~~[m[K
[17.347s] [01m[K/usr/include/c++/9/bits/shared_ptr.h:324:2:[m[K [01;36m[Knote: [m[K  template argument deduction/substitution failed:
[17.347s] [01m[K/home/rsa2021/comp3431-team-neo/starter_code/src/comp3431-rsa/point_pubsub/src/publisher_member_function.cpp:30:63:[m[K [01;36m[Knote: [m[K  ‘[01m[Kstd::shared_ptr<rclcpp::Subscription<geometry_msgs::msg::PointStamped_<std::allocator<void> >&, std::allocator<void>, rclcpp::message_memory_strategy::MessageMemoryStrategy<geometry_msgs::msg::PointStamped_<std::allocator<void> >&, std::allocator<void> > > >[m[K’ is not derived from ‘[01m[Kstd::auto_ptr<_Up>[m[K’
[17.348s]    30 |       "/testPoint", 10, std::bind(&PointTf::convert, this, _1)[01;36m[K)[m[K
[17.348s]       |                                                               [01;36m[K^[m[K
[17.348s] In file included from [01m[K/usr/include/c++/9/memory:81[m[K,
[17.348s]                  from [01m[K/home/rsa2021/comp3431-team-neo/starter_code/src/comp3431-rsa/point_pubsub/src/publisher_member_function.cpp:2[m[K:
[17.348s] [01m[K/usr/include/c++/9/bits/shared_ptr.h:333:7:[m[K [01;36m[Knote: [m[Kcandidate: ‘[01m[Kstd::shared_ptr<_Tp>& std::shared_ptr<_Tp>::operator=(std::shared_ptr<_Tp>&&) [with _Tp = rclcpp::Publisher<geometry_msgs::msg::PointStamped_<std::allocator<void> > >][m[K’
[17.348s]   333 |       [01;36m[Koperator[m[K=(shared_ptr&& __r) noexcept
[17.348s]       |       [01;36m[K^~~~~~~~[m[K
[17.361s] [01m[K/usr/include/c++/9/bits/shared_ptr.h:333:30:[m[K [01;36m[Knote: [m[K  no known conversion for argument 1 from ‘[01m[Kstd::shared_ptr<rclcpp::Subscription<geometry_msgs::msg::PointStamped_<std::allocator<void> >&, std::allocator<void>, rclcpp::message_memory_strategy::MessageMemoryStrategy<geometry_msgs::msg::PointStamped_<std::allocator<void> >&, std::allocator<void> > > >[m[K’ to ‘[01m[Kstd::shared_ptr<rclcpp::Publisher<geometry_msgs::msg::PointStamped_<std::allocator<void> > > >&&[m[K’
[17.361s]   333 |       operator=([01;36m[Kshared_ptr&& __r[m[K) noexcept
[17.362s]       |                 [01;36m[K~~~~~~~~~~~~~^~~[m[K
[17.362s] [01m[K/usr/include/c++/9/bits/shared_ptr.h:341:2:[m[K [01;36m[Knote: [m[Kcandidate: ‘[01m[Ktemplate<class _Yp> std::shared_ptr<_Tp>::_Assignable<std::shared_ptr<_Yp> > std::shared_ptr<_Tp>::operator=(std::shared_ptr<_Yp>&&) [with _Yp = _Yp; _Tp = rclcpp::Publisher<geometry_msgs::msg::PointStamped_<std::allocator<void> > >][m[K’
[17.362s]   341 |  [01;36m[Koperator[m[K=(shared_ptr<_Yp>&& __r) noexcept
[17.362s]       |  [01;36m[K^~~~~~~~[m[K
[17.363s] [01m[K/usr/include/c++/9/bits/shared_ptr.h:341:2:[m[K [01;36m[Knote: [m[K  substitution of deduced template arguments resulted in errors seen above
[17.363s] [01m[K/usr/include/c++/9/bits/shared_ptr.h:349:2:[m[K [01;36m[Knote: [m[Kcandidate: ‘[01m[Ktemplate<class _Yp, class _Del> std::shared_ptr<_Tp>::_Assignable<std::unique_ptr<_Up, _Ep> > std::shared_ptr<_Tp>::operator=(std::unique_ptr<_Up, _Ep>&&) [with _Yp = _Yp; _Del = _Del; _Tp = rclcpp::Publisher<geometry_msgs::msg::PointStamped_<std::allocator<void> > >][m[K’
[17.363s]   349 |  [01;36m[Koperator[m[K=(unique_ptr<_Yp, _Del>&& __r)
[17.363s]       |  [01;36m[K^~~~~~~~[m[K
[17.363s] [01m[K/usr/include/c++/9/bits/shared_ptr.h:349:2:[m[K [01;36m[Knote: [m[K  template argument deduction/substitution failed:
[17.364s] [01m[K/home/rsa2021/comp3431-team-neo/starter_code/src/comp3431-rsa/point_pubsub/src/publisher_member_function.cpp:30:63:[m[K [01;36m[Knote: [m[K  ‘[01m[Kstd::shared_ptr<rclcpp::Subscription<geometry_msgs::msg::PointStamped_<std::allocator<void> >&, std::allocator<void>, rclcpp::message_memory_strategy::MessageMemoryStrategy<geometry_msgs::msg::PointStamped_<std::allocator<void> >&, std::allocator<void> > > >[m[K’ is not derived from ‘[01m[Kstd::unique_ptr<_Tp, _Dp>[m[K’
[17.364s]    30 |       "/testPoint", 10, std::bind(&PointTf::convert, this, _1)[01;36m[K)[m[K
[17.364s]       |                                                               [01;36m[K^[m[K
[18.633s] In file included from [01m[K/opt/ros/foxy/include/rclcpp/node_interfaces/node_topics_interface.hpp:32[m[K,
[18.633s]                  from [01m[K/opt/ros/foxy/include/rclcpp/node.hpp:55[m[K,
[18.634s]                  from [01m[K/opt/ros/foxy/include/rclcpp/executors/single_threaded_executor.hpp:28[m[K,
[18.634s]                  from [01m[K/opt/ros/foxy/include/rclcpp/executors.hpp:22[m[K,
[18.635s]                  from [01m[K/opt/ros/foxy/include/rclcpp/rclcpp.hpp:146[m[K,
[18.635s]                  from [01m[K/home/rsa2021/comp3431-team-neo/starter_code/src/comp3431-rsa/point_pubsub/src/publisher_member_function.cpp:4[m[K:
[18.636s] /opt/ros/foxy/include/rclcpp/subscription_factory.hpp: In instantiation of ‘[01m[Krclcpp::SubscriptionFactory rclcpp::create_subscription_factory(CallbackT&&, const rclcpp::SubscriptionOptionsWithAllocator<AllocatorT>&, typename MessageMemoryStrategyT::SharedPtr, std::shared_ptr<rclcpp::topic_statistics::SubscriptionTopicStatistics<CallbackMessageT> >) [with MessageT = geometry_msgs::msg::PointStamped_<std::allocator<void> >; CallbackT = std::_Bind<visualization_msgs::msg::Marker_<std::allocator<void> > (PointTf::*(PointTf*, std::_Placeholder<1>))(geometry_msgs::msg::PointStamped_<std::allocator<void> >&)>; AllocatorT = std::allocator<void>; CallbackMessageT = geometry_msgs::msg::PointStamped_<std::allocator<void> >&; SubscriptionT = rclcpp::Subscription<geometry_msgs::msg::PointStamped_<std::allocator<void> >&, std::allocator<void>, rclcpp::message_memory_strategy::MessageMemoryStrategy<geometry_msgs::msg::PointStamped_<std::allocator<void> >&, std::allocator<void> > >; MessageMemoryStrategyT = rclcpp::message_memory_strategy::MessageMemoryStrategy<geometry_msgs::msg::PointStamped_<std::allocator<void> >&, std::allocator<void> >; typename MessageMemoryStrategyT::SharedPtr = std::shared_ptr<rclcpp::message_memory_strategy::MessageMemoryStrategy<geometry_msgs::msg::PointStamped_<std::allocator<void> >&, std::allocator<void> > >][m[K’:
[18.637s] [01m[K/opt/ros/foxy/include/rclcpp/create_subscription.hpp:144:63:[m[K   required from ‘[01m[Kstd::shared_ptr<SubscriptionT> rclcpp::create_subscription(NodeT&&, const string&, const rclcpp::QoS&, CallbackT&&, const rclcpp::SubscriptionOptionsWithAllocator<AllocatorT>&, typename MessageMemoryStrategyT::SharedPtr) [with MessageT = geometry_msgs::msg::PointStamped_<std::allocator<void> >; CallbackT = std::_Bind<visualization_msgs::msg::Marker_<std::allocator<void> > (PointTf::*(PointTf*, std::_Placeholder<1>))(geometry_msgs::msg::PointStamped_<std::allocator<void> >&)>; AllocatorT = std::allocator<void>; CallbackMessageT = geometry_msgs::msg::PointStamped_<std::allocator<void> >&; SubscriptionT = rclcpp::Subscription<geometry_msgs::msg::PointStamped_<std::allocator<void> >&, std::allocator<void>, rclcpp::message_memory_strategy::MessageMemoryStrategy<geometry_msgs::msg::PointStamped_<std::allocator<void> >&, std::allocator<void> > >; MessageMemoryStrategyT = rclcpp::message_memory_strategy::MessageMemoryStrategy<geometry_msgs::msg::PointStamped_<std::allocator<void> >&, std::allocator<void> >; NodeT = rclcpp::Node&; std::string = std::__cxx11::basic_string<char>; typename MessageMemoryStrategyT::SharedPtr = std::shared_ptr<rclcpp::message_memory_strategy::MessageMemoryStrategy<geometry_msgs::msg::PointStamped_<std::allocator<void> >&, std::allocator<void> > >][m[K’
[18.649s] [01m[K/opt/ros/foxy/include/rclcpp/node_impl.hpp:98:47:[m[K   required from ‘[01m[Kstd::shared_ptr<SubscriptionT> rclcpp::Node::create_subscription(const string&, const rclcpp::QoS&, CallbackT&&, const rclcpp::SubscriptionOptionsWithAllocator<AllocatorT>&, typename MessageMemoryStrategyT::SharedPtr) [with MessageT = geometry_msgs::msg::PointStamped_<std::allocator<void> >; CallbackT = std::_Bind<visualization_msgs::msg::Marker_<std::allocator<void> > (PointTf::*(PointTf*, std::_Placeholder<1>))(geometry_msgs::msg::PointStamped_<std::allocator<void> >&)>; AllocatorT = std::allocator<void>; CallbackMessageT = geometry_msgs::msg::PointStamped_<std::allocator<void> >&; SubscriptionT = rclcpp::Subscription<geometry_msgs::msg::PointStamped_<std::allocator<void> >&, std::allocator<void>, rclcpp::message_memory_strategy::MessageMemoryStrategy<geometry_msgs::msg::PointStamped_<std::allocator<void> >&, std::allocator<void> > >; MessageMemoryStrategyT = rclcpp::message_memory_strategy::MessageMemoryStrategy<geometry_msgs::msg::PointStamped_<std::allocator<void> >&, std::allocator<void> >; std::string = std::__cxx11::basic_string<char>; typename MessageMemoryStrategyT::SharedPtr = std::shared_ptr<rclcpp::message_memory_strategy::MessageMemoryStrategy<geometry_msgs::msg::PointStamped_<std::allocator<void> >&, std::allocator<void> > >][m[K’
[18.649s] [01m[K/home/rsa2021/comp3431-team-neo/starter_code/src/comp3431-rsa/point_pubsub/src/publisher_member_function.cpp:30:63:[m[K   required from here
[18.650s] [01m[K/opt/ros/foxy/include/rclcpp/subscription_factory.hpp:97:3:[m[K [01;31m[Kerror: [m[Kno matching function for call to ‘[01m[Krclcpp::AnySubscriptionCallback<geometry_msgs::msg::PointStamped_<std::allocator<void> >&, std::allocator<void> >::set(std::_Bind<visualization_msgs::msg::Marker_<std::allocator<void> > (PointTf::*(PointTf*, std::_Placeholder<1>))(geometry_msgs::msg::PointStamped_<std::allocator<void> >&)>)[m[K’
[18.650s]    97 |   [01;31m[Kany_subscription_callback[m[K.set(std::forward<CallbackT>(callback));
[18.655s]       |   [01;31m[K^~~~~~~~~~~~~~~~~~~~~~~~~[m[K
[18.655s] In file included from [01m[K/opt/ros/foxy/include/rclcpp/subscription_base.hpp:29[m[K,
[18.655s]                  from [01m[K/opt/ros/foxy/include/rclcpp/callback_group.hpp:26[m[K,
[18.655s]                  from [01m[K/opt/ros/foxy/include/rclcpp/any_executable.hpp:20[m[K,
[18.655s]                  from [01m[K/opt/ros/foxy/include/rclcpp/memory_strategy.hpp:24[m[K,
[18.656s]                  from [01m[K/opt/ros/foxy/include/rclcpp/memory_strategies.hpp:18[m[K,
[18.656s]                  from [01m[K/opt/ros/foxy/include/rclcpp/executor_options.hpp:20[m[K,
[18.656s]                  from [01m[K/opt/ros/foxy/include/rclcpp/executor.hpp:33[m[K,
[18.656s]                  from [01m[K/opt/ros/foxy/include/rclcpp/executors/multi_threaded_executor.hpp:25[m[K,
[18.657s]                  from [01m[K/opt/ros/foxy/include/rclcpp/executors.hpp:21[m[K,
[18.657s]                  from [01m[K/opt/ros/foxy/include/rclcpp/rclcpp.hpp:146[m[K,
[18.657s]                  from [01m[K/home/rsa2021/comp3431-team-neo/starter_code/src/comp3431-rsa/point_pubsub/src/publisher_member_function.cpp:4[m[K:
[18.657s] [01m[K/opt/ros/foxy/include/rclcpp/any_subscription_callback.hpp:83:8:[m[K [01;36m[Knote: [m[Kcandidate: ‘[01m[Ktemplate<class CallbackT, typename std::enable_if<rclcpp::function_traits::same_arguments<CallbackT, std::function<void(std::shared_ptr<geometry_msgs::msg::PointStamped_<std::allocator<void> >&>)> >::value, void>::type* <anonymous> > void rclcpp::AnySubscriptionCallback<MessageT, Alloc>::set(CallbackT) [with CallbackT = CallbackT; typename std::enable_if<rclcpp::function_traits::same_arguments<CallbackT, std::function<void(std::shared_ptr<_Tp>)> >::value>::type* <anonymous> = <enumerator>; MessageT = geometry_msgs::msg::PointStamped_<std::allocator<void> >&; Alloc = std::allocator<void>][m[K’
[18.657s]    83 |   void [01;36m[Kset[m[K(CallbackT callback)
[18.657s]       |        [01;36m[K^~~[m[K
[18.658s] [01m[K/opt/ros/foxy/include/rclcpp/any_subscription_callback.hpp:83:8:[m[K [01;36m[Knote: [m[K  template argument deduction/substitution failed:
[18.658s] [01m[K/opt/ros/foxy/include/rclcpp/any_subscription_callback.hpp:81:17:[m[K [01;31m[Kerror: [m[Kno type named ‘[01m[Ktype[m[K’ in ‘[01m[Kstruct std::enable_if<false, void>[m[K’
[18.658s]    81 |     >::type * = [01;31m[Knullptr[m[K
[18.659s]       |                 [01;31m[K^~~~~~~[m[K
[18.659s] [01m[K/opt/ros/foxy/include/rclcpp/any_subscription_callback.hpp:97:8:[m[K [01;36m[Knote: [m[Kcandidate: ‘[01m[Ktemplate<class CallbackT, typename std::enable_if<rclcpp::function_traits::same_arguments<CallbackT, std::function<void(std::shared_ptr<geometry_msgs::msg::PointStamped_<std::allocator<void> >&>, const rclcpp::MessageInfo&)> >::value, void>::type* <anonymous> > void rclcpp::AnySubscriptionCallback<MessageT, Alloc>::set(CallbackT) [with CallbackT = CallbackT; typename std::enable_if<rclcpp::function_traits::same_arguments<CallbackT, std::function<void(std::shared_ptr<_Tp>, const rclcpp::MessageInfo&)> >::value>::type* <anonymous> = <enumerator>; MessageT = geometry_msgs::msg::PointStamped_<std::allocator<void> >&; Alloc = std::allocator<void>][m[K’
[18.659s]    97 |   void [01;36m[Kset[m[K(CallbackT callback)
[18.659s]       |        [01;36m[K^~~[m[K
[18.659s] [01m[K/opt/ros/foxy/include/rclcpp/any_subscription_callback.hpp:97:8:[m[K [01;36m[Knote: [m[K  template argument deduction/substitution failed:
[18.660s] [01m[K/opt/ros/foxy/include/rclcpp/any_subscription_callback.hpp:95:17:[m[K [01;31m[Kerror: [m[Kno type named ‘[01m[Ktype[m[K’ in ‘[01m[Kstruct std::enable_if<false, void>[m[K’
[18.660s]    95 |     >::type * = [01;31m[Knullptr[m[K
[18.660s]       |                 [01;31m[K^~~~~~~[m[K
[18.660s] [01m[K/opt/ros/foxy/include/rclcpp/any_subscription_callback.hpp:139:8:[m[K [01;36m[Knote: [m[Kcandidate: ‘[01m[Ktemplate<class CallbackT, typename std::enable_if<rclcpp::function_traits::same_arguments<CallbackT, std::function<void(std::unique_ptr<geometry_msgs::msg::PointStamped_<std::allocator<void> >&, std::default_delete<geometry_msgs::msg::PointStamped_<std::allocator<void> >&> >)> >::value, void>::type* <anonymous> > void rclcpp::AnySubscriptionCallback<MessageT, Alloc>::set(CallbackT) [with CallbackT = CallbackT; typename std::enable_if<rclcpp::function_traits::same_arguments<CallbackT, std::function<void(std::unique_ptr<MessageT, typename std::conditional<std::is_same<typename std::allocator_traits<typename std::allocator_traits<_Alloc>::rebind_traits<MessageT>::allocator_type>::rebind_alloc<MessageT>, typename std::allocator<void>::rebind<_Tp1>::other>::value, std::default_delete<_Tp>, rclcpp::allocator::AllocatorDeleter<typename std::allocator_traits<_Alloc>::rebind_traits<MessageT>::allocator_type> >::type>)> >::value>::type* <anonymous> = <enumerator>; MessageT = geometry_msgs::msg::PointStamped_<std::allocator<void> >&; Alloc = std::allocator<void>][m[K’
[18.661s]   139 |   void [01;36m[Kset[m[K(CallbackT callback)
[18.669s]       |        [01;36m[K^~~[m[K
[18.670s] [01m[K/opt/ros/foxy/include/rclcpp/any_subscription_callback.hpp:139:8:[m[K [01;36m[Knote: [m[K  template argument deduction/substitution failed:
[18.670s] [01m[K/opt/ros/foxy/include/rclcpp/any_subscription_callback.hpp:137:17:[m[K [01;31m[Kerror: [m[Kno type named ‘[01m[Ktype[m[K’ in ‘[01m[Kstruct std::enable_if<false, void>[m[K’
[18.670s]   137 |     >::type * = [01;31m[Knullptr[m[K
[18.670s]       |                 [01;31m[K^~~~~~~[m[K
[18.670s] [01m[K/opt/ros/foxy/include/rclcpp/any_subscription_callback.hpp:153:8:[m[K [01;36m[Knote: [m[Kcandidate: ‘[01m[Ktemplate<class CallbackT, typename std::enable_if<rclcpp::function_traits::same_arguments<CallbackT, std::function<void(std::unique_ptr<geometry_msgs::msg::PointStamped_<std::allocator<void> >&, std::default_delete<geometry_msgs::msg::PointStamped_<std::allocator<void> >&> >, const rclcpp::MessageInfo&)> >::value, void>::type* <anonymous> > void rclcpp::AnySubscriptionCallback<MessageT, Alloc>::set(CallbackT) [with CallbackT = CallbackT; typename std::enable_if<rclcpp::function_traits::same_arguments<CallbackT, std::function<void(std::unique_ptr<MessageT, typename std::conditional<std::is_same<typename std::allocator_traits<typename std::allocator_traits<_Alloc>::rebind_traits<MessageT>::allocator_type>::rebind_alloc<MessageT>, typename std::allocator<void>::rebind<_Tp1>::other>::value, std::default_delete<_Tp>, rclcpp::allocator::AllocatorDeleter<typename std::allocator_traits<_Alloc>::rebind_traits<MessageT>::allocator_type> >::type>, const rclcpp::MessageInfo&)> >::value>::type* <anonymous> = <enumerator>; MessageT = geometry_msgs::msg::PointStamped_<std::allocator<void> >&; Alloc = std::allocator<void>][m[K’
[18.670s]   153 |   void [01;36m[Kset[m[K(CallbackT callback)
[18.670s]       |        [01;36m[K^~~[m[K
[18.670s] [01m[K/opt/ros/foxy/include/rclcpp/any_subscription_callback.hpp:153:8:[m[K [01;36m[Knote: [m[K  template argument deduction/substitution failed:
[18.670s] [01m[K/opt/ros/foxy/include/rclcpp/any_subscription_callback.hpp:151:17:[m[K [01;31m[Kerror: [m[Kno type named ‘[01m[Ktype[m[K’ in ‘[01m[Kstruct std::enable_if<false, void>[m[K’
[18.670s]   151 |     >::type * = [01;31m[Knullptr[m[K
[18.670s]       |                 [01;31m[K^~~~~~~[m[K
[22.606s] In file included from [01m[K/usr/include/x86_64-linux-gnu/c++/9/bits/c++allocator.h:33[m[K,
[22.611s]                  from [01m[K/usr/include/c++/9/bits/allocator.h:46[m[K,
[22.611s]                  from [01m[K/usr/include/c++/9/memory:63[m[K,
[22.615s]                  from [01m[K/home/rsa2021/comp3431-team-neo/starter_code/src/comp3431-rsa/point_pubsub/src/publisher_member_function.cpp:2[m[K:
[22.615s] /usr/include/c++/9/ext/new_allocator.h: In instantiation of ‘[01m[Kclass __gnu_cxx::new_allocator<geometry_msgs::msg::PointStamped_<std::allocator<void> >&>[m[K’:
[22.615s] [01m[K/usr/include/c++/9/bits/allocator.h:112:11:[m[K   required from ‘[01m[Kclass std::allocator<geometry_msgs::msg::PointStamped_<std::allocator<void> >&>[m[K’
[22.615s] [01m[K/usr/include/c++/9/bits/shared_ptr_base.h:1365:63:[m[K   required by substitution of ‘[01m[Ktemplate<class _Yp> struct std::__shared_ptr<std::allocator<geometry_msgs::msg::PointStamped_<std::allocator<void> >&>, __gnu_cxx::_S_atomic>::__has_esft_base<_Yp, std::__void_t<decltype (__enable_shared_from_this_base(declval<const std::__shared_count<__gnu_cxx::_S_atomic>&>(), declval<_Yp*>()))> > [with _Yp = std::allocator<geometry_msgs::msg::PointStamped_<std::allocator<void> >&>][m[K’
[22.615s] [01m[K/usr/include/c++/9/bits/shared_ptr_base.h:1387:21:[m[K   required by substitution of ‘[01m[Ktemplate<class _Yp, class _Yp2> typename std::enable_if<(! std::__shared_ptr<std::allocator<geometry_msgs::msg::PointStamped_<std::allocator<void> >&>, __gnu_cxx::_S_atomic>::__has_esft_base<_Yp2, void>::value), void>::type std::__shared_ptr<std::allocator<geometry_msgs::msg::PointStamped_<std::allocator<void> >&>, __gnu_cxx::_S_atomic>::_M_enable_shared_from_this_with<_Yp, _Yp2>(_Yp*) [with _Yp = std::allocator<geometry_msgs::msg::PointStamped_<std::allocator<void> >&>; _Yp2 = std::allocator<geometry_msgs::msg::PointStamped_<std::allocator<void> >&>][m[K’
[22.616s] [01m[K/usr/include/c++/9/bits/shared_ptr_base.h:1345:4:[m[K   required from ‘[01m[Kstd::__shared_ptr<_Tp, _Lp>::__shared_ptr(std::_Sp_alloc_shared_tag<_Tp>, _Args&& ...) [with _Alloc = std::allocator<std::allocator<geometry_msgs::msg::PointStamped_<std::allocator<void> >&> >; _Args = {std::allocator<void>&}; _Tp = std::allocator<geometry_msgs::msg::PointStamped_<std::allocator<void> >&>; __gnu_cxx::_Lock_policy _Lp = __gnu_cxx::_S_atomic][m[K’
[22.616s] [01m[K/usr/include/c++/9/bits/shared_ptr.h:359:59:[m[K   [ skipping 2 instantiation contexts, use -ftemplate-backtrace-limit=0 to disable ]
[22.616s] [01m[K/usr/include/c++/9/bits/shared_ptr.h:717:39:[m[K   required from ‘[01m[Kstd::shared_ptr<_Tp> std::make_shared(_Args&& ...) [with _Tp = std::allocator<geometry_msgs::msg::PointStamped_<std::allocator<void> >&>; _Args = {std::allocator<void>&}][m[K’
[22.616s] [01m[K/opt/ros/foxy/include/rclcpp/any_subscription_callback.hpp:68:56:[m[K   required from ‘[01m[Krclcpp::AnySubscriptionCallback<MessageT, Alloc>::AnySubscriptionCallback(std::shared_ptr<_Tp>) [with MessageT = geometry_msgs::msg::PointStamped_<std::allocator<void> >&; Alloc = std::allocator<void>][m[K’
[22.616s] [01m[K/opt/ros/foxy/include/rclcpp/subscription_factory.hpp:96:57:[m[K   required from ‘[01m[Krclcpp::SubscriptionFactory rclcpp::create_subscription_factory(CallbackT&&, const rclcpp::SubscriptionOptionsWithAllocator<AllocatorT>&, typename MessageMemoryStrategyT::SharedPtr, std::shared_ptr<rclcpp::topic_statistics::SubscriptionTopicStatistics<CallbackMessageT> >) [with MessageT = geometry_msgs::msg::PointStamped_<std::allocator<void> >; CallbackT = std::_Bind<visualization_msgs::msg::Marker_<std::allocator<void> > (PointTf::*(PointTf*, std::_Placeholder<1>))(geometry_msgs::msg::PointStamped_<std::allocator<void> >&)>; AllocatorT = std::allocator<void>; CallbackMessageT = geometry_msgs::msg::PointStamped_<std::allocator<void> >&; SubscriptionT = rclcpp::Subscription<geometry_msgs::msg::PointStamped_<std::allocator<void> >&, std::allocator<void>, rclcpp::message_memory_strategy::MessageMemoryStrategy<geometry_msgs::msg::PointStamped_<std::allocator<void> >&, std::allocator<void> > >; MessageMemoryStrategyT = rclcpp::message_memory_strategy::MessageMemoryStrategy<geometry_msgs::msg::PointStamped_<std::allocator<void> >&, std::allocator<void> >; typename MessageMemoryStrategyT::SharedPtr = std::shared_ptr<rclcpp::message_memory_strategy::MessageMemoryStrategy<geometry_msgs::msg::PointStamped_<std::allocator<void> >&, std::allocator<void> > >][m[K’
[22.616s] [01m[K/opt/ros/foxy/include/rclcpp/create_subscription.hpp:144:63:[m[K   required from ‘[01m[Kstd::shared_ptr<SubscriptionT> rclcpp::create_subscription(NodeT&&, const string&, const rclcpp::QoS&, CallbackT&&, const rclcpp::SubscriptionOptionsWithAllocator<AllocatorT>&, typename MessageMemoryStrategyT::SharedPtr) [with MessageT = geometry_msgs::msg::PointStamped_<std::allocator<void> >; CallbackT = std::_Bind<visualization_msgs::msg::Marker_<std::allocator<void> > (PointTf::*(PointTf*, std::_Placeholder<1>))(geometry_msgs::msg::PointStamped_<std::allocator<void> >&)>; AllocatorT = std::allocator<void>; CallbackMessageT = geometry_msgs::msg::PointStamped_<std::allocator<void> >&; SubscriptionT = rclcpp::Subscription<geometry_msgs::msg::PointStamped_<std::allocator<void> >&, std::allocator<void>, rclcpp::message_memory_strategy::MessageMemoryStrategy<geometry_msgs::msg::PointStamped_<std::allocator<void> >&, std::allocator<void> > >; MessageMemoryStrategyT = rclcpp::message_memory_strategy::MessageMemoryStrategy<geometry_msgs::msg::PointStamped_<std::allocator<void> >&, std::allocator<void> >; NodeT = rclcpp::Node&; std::string = std::__cxx11::basic_string<char>; typename MessageMemoryStrategyT::SharedPtr = std::shared_ptr<rclcpp::message_memory_strategy::MessageMemoryStrategy<geometry_msgs::msg::PointStamped_<std::allocator<void> >&, std::allocator<void> > >][m[K’
[22.616s] [01m[K/opt/ros/foxy/include/rclcpp/node_impl.hpp:98:47:[m[K   required from ‘[01m[Kstd::shared_ptr<SubscriptionT> rclcpp::Node::create_subscription(const string&, const rclcpp::QoS&, CallbackT&&, const rclcpp::SubscriptionOptionsWithAllocator<AllocatorT>&, typename MessageMemoryStrategyT::SharedPtr) [with MessageT = geometry_msgs::msg::PointStamped_<std::allocator<void> >; CallbackT = std::_Bind<visualization_msgs::msg::Marker_<std::allocator<void> > (PointTf::*(PointTf*, std::_Placeholder<1>))(geometry_msgs::msg::PointStamped_<std::allocator<void> >&)>; AllocatorT = std::allocator<void>; CallbackMessageT = geometry_msgs::msg::PointStamped_<std::allocator<void> >&; SubscriptionT = rclcpp::Subscription<geometry_msgs::msg::PointStamped_<std::allocator<void> >&, std::allocator<void>, rclcpp::message_memory_strategy::MessageMemoryStrategy<geometry_msgs::msg::PointStamped_<std::allocator<void> >&, std::allocator<void> > >; MessageMemoryStrategyT = rclcpp::message_memory_strategy::MessageMemoryStrategy<geometry_msgs::msg::PointStamped_<std::allocator<void> >&, std::allocator<void> >; std::string = std::__cxx11::basic_string<char>; typename MessageMemoryStrategyT::SharedPtr = std::shared_ptr<rclcpp::message_memory_strategy::MessageMemoryStrategy<geometry_msgs::msg::PointStamped_<std::allocator<void> >&, std::allocator<void> > >][m[K’
[22.617s] [01m[K/home/rsa2021/comp3431-team-neo/starter_code/src/comp3431-rsa/point_pubsub/src/publisher_member_function.cpp:30:63:[m[K   required from here
[22.617s] [01m[K/usr/include/c++/9/ext/new_allocator.h:63:26:[m[K [01;31m[Kerror: [m[Kforming pointer to reference type ‘[01m[Kgeometry_msgs::msg::PointStamped_<std::allocator<void> >&[m[K’
[22.618s]    63 |       typedef _Tp*       [01;31m[Kpointer[m[K;
[22.618s]       |                          [01;31m[K^~~~~~~[m[K
[22.618s] [01m[K/usr/include/c++/9/ext/new_allocator.h:64:26:[m[K [01;31m[Kerror: [m[Kforming pointer to reference type ‘[01m[Kgeometry_msgs::msg::PointStamped_<std::allocator<void> >&[m[K’
[22.618s]    64 |       typedef const _Tp* [01;31m[Kconst_pointer[m[K;
[22.618s]       |                          [01;31m[K^~~~~~~~~~~~~[m[K
[22.618s] In file included from [01m[K/usr/include/c++/9/memory:63[m[K,
[22.619s]                  from [01m[K/home/rsa2021/comp3431-team-neo/starter_code/src/comp3431-rsa/point_pubsub/src/publisher_member_function.cpp:2[m[K:
[22.619s] /usr/include/c++/9/bits/allocator.h: In instantiation of ‘[01m[Kclass std::allocator<geometry_msgs::msg::PointStamped_<std::allocator<void> >&>[m[K’:
[22.619s] [01m[K/usr/include/c++/9/bits/shared_ptr_base.h:1365:63:[m[K   required by substitution of ‘[01m[Ktemplate<class _Yp> struct std::__shared_ptr<std::allocator<geometry_msgs::msg::PointStamped_<std::allocator<void> >&>, __gnu_cxx::_S_atomic>::__has_esft_base<_Yp, std::__void_t<decltype (__enable_shared_from_this_base(declval<const std::__shared_count<__gnu_cxx::_S_atomic>&>(), declval<_Yp*>()))> > [with _Yp = std::allocator<geometry_msgs::msg::PointStamped_<std::allocator<void> >&>][m[K’
[22.619s] [01m[K/usr/include/c++/9/bits/shared_ptr_base.h:1387:21:[m[K   required by substitution of ‘[01m[Ktemplate<class _Yp, class _Yp2> typename std::enable_if<(! std::__shared_ptr<std::allocator<geometry_msgs::msg::PointStamped_<std::allocator<void> >&>, __gnu_cxx::_S_atomic>::__has_esft_base<_Yp2, void>::value), void>::type std::__shared_ptr<std::allocator<geometry_msgs::msg::PointStamped_<std::allocator<void> >&>, __gnu_cxx::_S_atomic>::_M_enable_shared_from_this_with<_Yp, _Yp2>(_Yp*) [with _Yp = std::allocator<geometry_msgs::msg::PointStamped_<std::allocator<void> >&>; _Yp2 = std::allocator<geometry_msgs::msg::PointStamped_<std::allocator<void> >&>][m[K’
[22.619s] [01m[K/usr/include/c++/9/bits/shared_ptr_base.h:1345:4:[m[K   required from ‘[01m[Kstd::__shared_ptr<_Tp, _Lp>::__shared_ptr(std::_Sp_alloc_shared_tag<_Tp>, _Args&& ...) [with _Alloc = std::allocator<std::allocator<geometry_msgs::msg::PointStamped_<std::allocator<void> >&> >; _Args = {std::allocator<void>&}; _Tp = std::allocator<geometry_msgs::msg::PointStamped_<std::allocator<void> >&>; __gnu_cxx::_Lock_policy _Lp = __gnu_cxx::_S_atomic][m[K’
[22.619s] [01m[K/usr/include/c++/9/bits/shared_ptr.h:359:59:[m[K   required from ‘[01m[Kstd::shared_ptr<_Tp>::shared_ptr(std::_Sp_alloc_shared_tag<_Tp>, _Args&& ...) [with _Alloc = std::allocator<std::allocator<geometry_msgs::msg::PointStamped_<std::allocator<void> >&> >; _Args = {std::allocator<void>&}; _Tp = std::allocator<geometry_msgs::msg::PointStamped_<std::allocator<void> >&>][m[K’
[22.619s] [01m[K/usr/include/c++/9/bits/shared_ptr.h:701:14:[m[K   required from ‘[01m[Kstd::shared_ptr<_Tp> std::allocate_shared(const _Alloc&, _Args&& ...) [with _Tp = std::allocator<geometry_msgs::msg::PointStamped_<std::allocator<void> >&>; _Alloc = std::allocator<std::allocator<geometry_msgs::msg::PointStamped_<std::allocator<void> >&> >; _Args = {std::allocator<void>&}][m[K’
[22.619s] [01m[K/usr/include/c++/9/bits/shared_ptr.h:717:39:[m[K   required from ‘[01m[Kstd::shared_ptr<_Tp> std::make_shared(_Args&& ...) [with _Tp = std::allocator<geometry_msgs::msg::PointStamped_<std::allocator<void> >&>; _Args = {std::allocator<void>&}][m[K’
[22.619s] [01m[K/opt/ros/foxy/include/rclcpp/any_subscription_callback.hpp:68:56:[m[K   required from ‘[01m[Krclcpp::AnySubscriptionCallback<MessageT, Alloc>::AnySubscriptionCallback(std::shared_ptr<_Tp>) [with MessageT = geometry_msgs::msg::PointStamped_<std::allocator<void> >&; Alloc = std::allocator<void>][m[K’
[22.619s] [01m[K/opt/ros/foxy/include/rclcpp/subscription_factory.hpp:96:57:[m[K   required from ‘[01m[Krclcpp::SubscriptionFactory rclcpp::create_subscription_factory(CallbackT&&, const rclcpp::SubscriptionOptionsWithAllocator<AllocatorT>&, typename MessageMemoryStrategyT::SharedPtr, std::shared_ptr<rclcpp::topic_statistics::SubscriptionTopicStatistics<CallbackMessageT> >) [with MessageT = geometry_msgs::msg::PointStamped_<std::allocator<void> >; CallbackT = std::_Bind<visualization_msgs::msg::Marker_<std::allocator<void> > (PointTf::*(PointTf*, std::_Placeholder<1>))(geometry_msgs::msg::PointStamped_<std::allocator<void> >&)>; AllocatorT = std::allocator<void>; CallbackMessageT = geometry_msgs::msg::PointStamped_<std::allocator<void> >&; SubscriptionT = rclcpp::Subscription<geometry_msgs::msg::PointStamped_<std::allocator<void> >&, std::allocator<void>, rclcpp::message_memory_strategy::MessageMemoryStrategy<geometry_msgs::msg::PointStamped_<std::allocator<void> >&, std::allocator<void> > >; MessageMemoryStrategyT = rclcpp::message_memory_strategy::MessageMemoryStrategy<geometry_msgs::msg::PointStamped_<std::allocator<void> >&, std::allocator<void> >; typename MessageMemoryStrategyT::SharedPtr = std::shared_ptr<rclcpp::message_memory_strategy::MessageMemoryStrategy<geometry_msgs::msg::PointStamped_<std::allocator<void> >&, std::allocator<void> > >][m[K’
[22.620s] [01m[K/opt/ros/foxy/include/rclcpp/create_subscription.hpp:144:63:[m[K   required from ‘[01m[Kstd::shared_ptr<SubscriptionT> rclcpp::create_subscription(NodeT&&, const string&, const rclcpp::QoS&, CallbackT&&, const rclcpp::SubscriptionOptionsWithAllocator<AllocatorT>&, typename MessageMemoryStrategyT::SharedPtr) [with MessageT = geometry_msgs::msg::PointStamped_<std::allocator<void> >; CallbackT = std::_Bind<visualization_msgs::msg::Marker_<std::allocator<void> > (PointTf::*(PointTf*, std::_Placeholder<1>))(geometry_msgs::msg::PointStamped_<std::allocator<void> >&)>; AllocatorT = std::allocator<void>; CallbackMessageT = geometry_msgs::msg::PointStamped_<std::allocator<void> >&; SubscriptionT = rclcpp::Subscription<geometry_msgs::msg::PointStamped_<std::allocator<void> >&, std::allocator<void>, rclcpp::message_memory_strategy::MessageMemoryStrategy<geometry_msgs::msg::PointStamped_<std::allocator<void> >&, std::allocator<void> > >; MessageMemoryStrategyT = rclcpp::message_memory_strategy::MessageMemoryStrategy<geometry_msgs::msg::PointStamped_<std::allocator<void> >&, std::allocator<void> >; NodeT = rclcpp::Node&; std::string = std::__cxx11::basic_string<char>; typename MessageMemoryStrategyT::SharedPtr = std::shared_ptr<rclcpp::message_memory_strategy::MessageMemoryStrategy<geometry_msgs::msg::PointStamped_<std::allocator<void> >&, std::allocator<void> > >][m[K’
[22.620s] [01m[K/opt/ros/foxy/include/rclcpp/node_impl.hpp:98:47:[m[K   required from ‘[01m[Kstd::shared_ptr<SubscriptionT> rclcpp::Node::create_subscription(const string&, const rclcpp::QoS&, CallbackT&&, const rclcpp::SubscriptionOptionsWithAllocator<AllocatorT>&, typename MessageMemoryStrategyT::SharedPtr) [with MessageT = geometry_msgs::msg::PointStamped_<std::allocator<void> >; CallbackT = std::_Bind<visualization_msgs::msg::Marker_<std::allocator<void> > (PointTf::*(PointTf*, std::_Placeholder<1>))(geometry_msgs::msg::PointStamped_<std::allocator<void> >&)>; AllocatorT = std::allocator<void>; CallbackMessageT = geometry_msgs::msg::PointStamped_<std::allocator<void> >&; SubscriptionT = rclcpp::Subscription<geometry_msgs::msg::PointStamped_<std::allocator<void> >&, std::allocator<void>, rclcpp::message_memory_strategy::MessageMemoryStrategy<geometry_msgs::msg::PointStamped_<std::allocator<void> >&, std::allocator<void> > >; MessageMemoryStrategyT = rclcpp::message_memory_strategy::MessageMemoryStrategy<geometry_msgs::msg::PointStamped_<std::allocator<void> >&, std::allocator<void> >; std::string = std::__cxx11::basic_string<char>; typename MessageMemoryStrategyT::SharedPtr = std::shared_ptr<rclcpp::message_memory_strategy::MessageMemoryStrategy<geometry_msgs::msg::PointStamped_<std::allocator<void> >&, std::allocator<void> > >][m[K’
[22.620s] [01m[K/home/rsa2021/comp3431-team-neo/starter_code/src/comp3431-rsa/point_pubsub/src/publisher_member_function.cpp:30:63:[m[K   required from here
[22.620s] [01m[K/usr/include/c++/9/bits/allocator.h:117:26:[m[K [01;31m[Kerror: [m[Kforming pointer to reference type ‘[01m[Kgeometry_msgs::msg::PointStamped_<std::allocator<void> >&[m[K’
[22.620s]   117 |       typedef _Tp*       [01;31m[Kpointer[m[K;
[22.620s]       |                          [01;31m[K^~~~~~~[m[K
[22.633s] [01m[K/usr/include/c++/9/bits/allocator.h:118:26:[m[K [01;31m[Kerror: [m[Kforming pointer to reference type ‘[01m[Kgeometry_msgs::msg::PointStamped_<std::allocator<void> >&[m[K’
[22.633s]   118 |       typedef const _Tp* [01;31m[Kconst_pointer[m[K;
[22.633s]       |                          [01;31m[K^~~~~~~~~~~~~[m[K
[24.841s] In file included from [01m[K/usr/include/c++/9/bits/shared_ptr.h:52[m[K,
[24.853s]                  from [01m[K/usr/include/c++/9/memory:81[m[K,
[24.853s]                  from [01m[K/home/rsa2021/comp3431-team-neo/starter_code/src/comp3431-rsa/point_pubsub/src/publisher_member_function.cpp:2[m[K:
[24.854s] /usr/include/c++/9/bits/shared_ptr_base.h: In instantiation of ‘[01m[Kclass std::__shared_ptr_access<geometry_msgs::msg::PointStamped_<std::allocator<void> >&, __gnu_cxx::_S_atomic, false, false>[m[K’:
[24.855s] [01m[K/usr/include/c++/9/bits/shared_ptr_base.h:1080:11:[m[K   required from ‘[01m[Kclass std::__shared_ptr<geometry_msgs::msg::PointStamped_<std::allocator<void> >&, __gnu_cxx::_S_atomic>[m[K’
[24.855s] [01m[K/opt/ros/foxy/include/rclcpp/message_memory_strategy.hpp:85:37:[m[K   recursively required from ‘[01m[Kstd::shared_ptr<_Tp> rclcpp::message_memory_strategy::MessageMemoryStrategy<MessageT, Alloc>::borrow_message() [with MessageT = geometry_msgs::msg::PointStamped_<std::allocator<void> >&; Alloc = std::allocator<void>][m[K’
[24.855s] [01m[K/opt/ros/foxy/include/rclcpp/message_memory_strategy.hpp:85:37:[m[K   required from here
[24.855s] [01m[K/usr/include/c++/9/bits/shared_ptr_base.h:1012:7:[m[K [01;31m[Kerror: [m[Kforming pointer to reference type ‘[01m[Kstd::__shared_ptr_access<geometry_msgs::msg::PointStamped_<std::allocator<void> >&, __gnu_cxx::_S_atomic, false, false>::element_type[m[K’ {aka ‘[01m[Kgeometry_msgs::msg::PointStamped_<std::allocator<void> >&[m[K’}
[24.855s]  1012 |       [01;31m[Koperator[m[K->() const noexcept
[24.855s]       |       [01;31m[K^~~~~~~~[m[K
[24.855s] [01m[K/usr/include/c++/9/bits/shared_ptr_base.h:1020:7:[m[K [01;31m[Kerror: [m[Kforming pointer to reference type ‘[01m[Kstd::__shared_ptr_access<geometry_msgs::msg::PointStamped_<std::allocator<void> >&, __gnu_cxx::_S_atomic, false, false>::element_type[m[K’ {aka ‘[01m[Kgeometry_msgs::msg::PointStamped_<std::allocator<void> >&[m[K’}
[24.855s]  1020 |       [01;31m[K_M_get[m[K() const noexcept
[24.855s]       |       [01;31m[K^~~~~~[m[K
[24.856s] /usr/include/c++/9/bits/shared_ptr_base.h: In instantiation of ‘[01m[Kclass std::__shared_ptr<geometry_msgs::msg::PointStamped_<std::allocator<void> >&, __gnu_cxx::_S_atomic>[m[K’:
[24.856s] [01m[K/opt/ros/foxy/include/rclcpp/message_memory_strategy.hpp:85:37:[m[K   recursively required from ‘[01m[Kstd::shared_ptr<_Tp> rclcpp::message_memory_strategy::MessageMemoryStrategy<MessageT, Alloc>::borrow_message() [with MessageT = geometry_msgs::msg::PointStamped_<std::allocator<void> >&; Alloc = std::allocator<void>][m[K’
[24.856s] [01m[K/opt/ros/foxy/include/rclcpp/message_memory_strategy.hpp:85:37:[m[K   required from here
[24.859s] [01m[K/usr/include/c++/9/bits/shared_ptr_base.h:1094:8:[m[K [01;31m[Kerror: [m[Kforming pointer to reference type ‘[01m[Kgeometry_msgs::msg::PointStamped_<std::allocator<void> >&[m[K’
[24.860s]  1094 |  using [01;31m[K_Compatible[m[K = typename
[24.861s]       |        [01;31m[K^~~~~~~~~~~[m[K
[24.861s] [01m[K/usr/include/c++/9/bits/shared_ptr_base.h:1104:8:[m[K [01;31m[Kerror: [m[Kforming pointer to reference type ‘[01m[Kgeometry_msgs::msg::PointStamped_<std::allocator<void> >&[m[K’
[24.861s]  1104 |  using [01;31m[K_UniqCompatible[m[K = typename enable_if<__and_<
[24.862s]       |        [01;31m[K^~~~~~~~~~~~~~~[m[K
[24.862s] [01m[K/usr/include/c++/9/bits/shared_ptr_base.h:1162:2:[m[K [01;31m[Kerror: [m[Kforming pointer to reference type ‘[01m[Kstd::__shared_ptr<geometry_msgs::msg::PointStamped_<std::allocator<void> >&, __gnu_cxx::_S_atomic>::element_type[m[K’ {aka ‘[01m[Kgeometry_msgs::msg::PointStamped_<std::allocator<void> >&[m[K’}
[24.862s]  1162 |  [01;31m[K__shared_ptr[m[K(const __shared_ptr<_Yp, _Lp>& __r,
[24.862s]       |  [01;31m[K^~~~~~~~~~~~[m[K
[24.866s] /usr/include/c++/9/bits/shared_ptr_base.h: In substitution of ‘[01m[Ktemplate<class _Tp, __gnu_cxx::_Lock_policy _Lp> template<class _Yp, class _Res> using _Compatible = typename std::enable_if<std::__sp_compatible_with<_Yp*, _Tp*>::value, _Res>::type [with _Yp = _Yp; _Res = void; _Tp = geometry_msgs::msg::PointStamped_<std::allocator<void> >&; __gnu_cxx::_Lock_policy _Lp = __gnu_cxx::_S_atomic][m[K’:
[24.869s] [01m[K/usr/include/c++/9/bits/shared_ptr_base.h:1172:2:[m[K   required from ‘[01m[Kclass std::__shared_ptr<geometry_msgs::msg::PointStamped_<std::allocator<void> >&, __gnu_cxx::_S_atomic>[m[K’
[24.871s] [01m[K/opt/ros/foxy/include/rclcpp/message_memory_strategy.hpp:85:37:[m[K   recursively required from ‘[01m[Kstd::shared_ptr<_Tp> rclcpp::message_memory_strategy::MessageMemoryStrategy<MessageT, Alloc>::borrow_message() [with MessageT = geometry_msgs::msg::PointStamped_<std::allocator<void> >&; Alloc = std::allocator<void>][m[K’
[24.871s] [01m[K/opt/ros/foxy/include/rclcpp/message_memory_strategy.hpp:85:37:[m[K   required from here
[24.871s] [01m[K/usr/include/c++/9/bits/shared_ptr_base.h:1094:8:[m[K [01;31m[Kerror: [m[Kforming pointer to reference type ‘[01m[Kgeometry_msgs::msg::PointStamped_<std::allocator<void> >&[m[K’
[24.871s]  1094 |  using [01;31m[K_Compatible[m[K = typename
[24.871s]       |        [01;31m[K^~~~~~~~~~~[m[K
[24.872s] /usr/include/c++/9/bits/shared_ptr_base.h: In substitution of ‘[01m[Ktemplate<class _Tp, __gnu_cxx::_Lock_policy _Lp> template<class _Yp, class _Del, class _Res, class _Ptr> using _UniqCompatible = typename std::enable_if<std::__and_<std::__sp_compatible_with<_Yp*, _Tp*>, std::is_convertible<_Ptr, typename std::remove_extent<_Up>::type*> >::value, _Res>::type [with _Yp = _Yp; _Del = _Del; _Res = void; _Ptr = typename std::unique_ptr<_Tp, _Dp>::pointer; _Tp = geometry_msgs::msg::PointStamped_<std::allocator<void> >&; __gnu_cxx::_Lock_policy _Lp = __gnu_cxx::_S_atomic][m[K’:
[24.872s] [01m[K/usr/include/c++/9/bits/shared_ptr_base.h:1203:2:[m[K   required from ‘[01m[Kclass std::__shared_ptr<geometry_msgs::msg::PointStamped_<std::allocator<void> >&, __gnu_cxx::_S_atomic>[m[K’
[24.890s] [01m[K/opt/ros/foxy/include/rclcpp/message_memory_strategy.hpp:85:37:[m[K   recursively required from ‘[01m[Kstd::shared_ptr<_Tp> rclcpp::message_memory_strategy::MessageMemoryStrategy<MessageT, Alloc>::borrow_message() [with MessageT = geometry_msgs::msg::PointStamped_<std::allocator<void> >&; Alloc = std::allocator<void>][m[K’
[24.903s] [01m[K/opt/ros/foxy/include/rclcpp/message_memory_strategy.hpp:85:37:[m[K   required from here
[24.905s] [01m[K/usr/include/c++/9/bits/shared_ptr_base.h:1104:8:[m[K [01;31m[Kerror: [m[Kforming pointer to reference type ‘[01m[Kgeometry_msgs::msg::PointStamped_<std::allocator<void> >&[m[K’
[24.905s]  1104 |  using [01;31m[K_UniqCompatible[m[K = typename enable_if<__and_<
[24.905s]       |        [01;31m[K^~~~~~~~~~~~~~~[m[K
[24.905s] /usr/include/c++/9/bits/shared_ptr_base.h: In instantiation of ‘[01m[Kclass std::__shared_ptr<geometry_msgs::msg::PointStamped_<std::allocator<void> >&, __gnu_cxx::_S_atomic>[m[K’:
[24.905s] [01m[K/opt/ros/foxy/include/rclcpp/message_memory_strategy.hpp:85:37:[m[K   recursively required from ‘[01m[Kstd::shared_ptr<_Tp> rclcpp::message_memory_strategy::MessageMemoryStrategy<MessageT, Alloc>::borrow_message() [with MessageT = geometry_msgs::msg::PointStamped_<std::allocator<void> >&; Alloc = std::allocator<void>][m[K’
[24.905s] [01m[K/opt/ros/foxy/include/rclcpp/message_memory_strategy.hpp:85:37:[m[K   required from here
[24.905s] [01m[K/usr/include/c++/9/bits/shared_ptr_base.h:1219:2:[m[K [01;31m[Kerror: [m[Kforming pointer to reference type ‘[01m[Kgeometry_msgs::msg::PointStamped_<std::allocator<void> >&[m[K’
[24.905s]  1219 |  [01;31m[K__shared_ptr[m[K(unique_ptr<_Tp1, _Del>&& __r, __sp_array_delete)
[24.906s]       |  [01;31m[K^~~~~~~~~~~~[m[K
[24.906s] [01m[K/usr/include/c++/9/bits/shared_ptr_base.h:1309:7:[m[K [01;31m[Kerror: [m[Kforming pointer to reference type ‘[01m[Kstd::__shared_ptr<geometry_msgs::msg::PointStamped_<std::allocator<void> >&, __gnu_cxx::_S_atomic>::element_type[m[K’ {aka ‘[01m[Kgeometry_msgs::msg::PointStamped_<std::allocator<void> >&[m[K’}
[24.906s]  1309 |       [01;31m[Kget[m[K() const noexcept
[24.906s]       |       [01;31m[K^~~[m[K
[24.906s] [01m[K/usr/include/c++/9/bits/shared_ptr_base.h:1404:24:[m[K [01;31m[Kerror: [m[Kforming pointer to reference type ‘[01m[Kstd::__shared_ptr<geometry_msgs::msg::PointStamped_<std::allocator<void> >&, __gnu_cxx::_S_atomic>::element_type[m[K’ {aka ‘[01m[Kgeometry_msgs::msg::PointStamped_<std::allocator<void> >&[m[K’}
[24.906s]  1404 |       element_type*    [01;31m[K_M_ptr[m[K;         // Contained pointer.
[24.906s]       |                        [01;31m[K^~~~~~[m[K
[24.906s] In file included from [01m[K/usr/include/c++/9/memory:81[m[K,
[24.907s]                  from [01m[K/home/rsa2021/comp3431-team-neo/starter_code/src/comp3431-rsa/point_pubsub/src/publisher_member_function.cpp:2[m[K:
[24.907s] /usr/include/c++/9/bits/shared_ptr.h: In instantiation of ‘[01m[Kclass std::shared_ptr<geometry_msgs::msg::PointStamped_<std::allocator<void> >&>[m[K’:
[24.913s] [01m[K/opt/ros/foxy/include/rclcpp/message_memory_strategy.hpp:85:37:[m[K   recursively required from ‘[01m[Kstd::shared_ptr<_Tp> rclcpp::message_memory_strategy::MessageMemoryStrategy<MessageT, Alloc>::borrow_message() [with MessageT = geometry_msgs::msg::PointStamped_<std::allocator<void> >&; Alloc = std::allocator<void>][m[K’
[24.913s] [01m[K/opt/ros/foxy/include/rclcpp/message_memory_strategy.hpp:85:37:[m[K   required from here
[24.913s] [01m[K/usr/include/c++/9/bits/shared_ptr.h:234:2:[m[K [01;31m[Kerror: [m[Kforming pointer to reference type ‘[01m[Kstd::shared_ptr<geometry_msgs::msg::PointStamped_<std::allocator<void> >&>::element_type[m[K’ {aka ‘[01m[Kgeometry_msgs::msg::PointStamped_<std::allocator<void> >&[m[K’}
[24.913s]   234 |  [01;31m[Kshared_ptr[m[K(const shared_ptr<_Yp>& __r, element_type* __p) noexcept
[24.914s]       |  [01;31m[K^~~~~~~~~~[m[K
[24.989s] In file included from [01m[K/usr/include/c++/9/bits/shared_ptr.h:52[m[K,
[24.989s]                  from [01m[K/usr/include/c++/9/memory:81[m[K,
[24.990s]                  from [01m[K/home/rsa2021/comp3431-team-neo/starter_code/src/comp3431-rsa/point_pubsub/src/publisher_member_function.cpp:2[m[K:
[24.990s] /usr/include/c++/9/bits/shared_ptr_base.h: In instantiation of ‘[01m[Kconstexpr std::__shared_ptr<_Tp, _Lp>::__shared_ptr() [with _Tp = geometry_msgs::msg::PointStamped_<std::allocator<void> >&; __gnu_cxx::_Lock_policy _Lp = __gnu_cxx::_S_atomic][m[K’:
[24.990s] [01m[K/usr/include/c++/9/bits/shared_ptr_base.h:1287:9:[m[K   required from ‘[01m[Kvoid std::__shared_ptr<_Tp, _Lp>::reset() [with _Tp = geometry_msgs::msg::PointStamped_<std::allocator<void> >&; __gnu_cxx::_Lock_policy _Lp = __gnu_cxx::_S_atomic][m[K’
[24.990s] [01m[K/opt/ros/foxy/include/rclcpp/message_memory_strategy.hpp:109:5:[m[K   required from ‘[01m[Kvoid rclcpp::message_memory_strategy::MessageMemoryStrategy<MessageT, Alloc>::return_message(std::shared_ptr<_Tp>&) [with MessageT = geometry_msgs::msg::PointStamped_<std::allocator<void> >&; Alloc = std::allocator<void>][m[K’
[24.991s] [01m[K/opt/ros/foxy/include/rclcpp/message_memory_strategy.hpp:107:16:[m[K   required from here
[24.991s] [01m[K/usr/include/c++/9/bits/shared_ptr_base.h:1119:32:[m[K [01;31m[Kerror: [m[Kusing invalid field ‘[01m[Kstd::__shared_ptr<_Tp, _Lp>::_M_ptr[m[K’
[24.991s]  1119 |       : _M_ptr(0), _M_refcount([01;31m[K)[m[K
[24.991s]       |                                [01;31m[K^[m[K
[24.991s] /usr/include/c++/9/bits/shared_ptr_base.h: In instantiation of ‘[01m[Kvoid std::__shared_ptr<_Tp, _Lp>::swap(std::__shared_ptr<_Tp, _Lp>&) [with _Tp = geometry_msgs::msg::PointStamped_<std::allocator<void> >&; __gnu_cxx::_Lock_policy _Lp = __gnu_cxx::_S_atomic][m[K’:
[24.991s] [01m[K/usr/include/c++/9/bits/shared_ptr_base.h:1287:24:[m[K   required from ‘[01m[Kvoid std::__shared_ptr<_Tp, _Lp>::reset() [with _Tp = geometry_msgs::msg::PointStamped_<std::allocator<void> >&; __gnu_cxx::_Lock_policy _Lp = __gnu_cxx::_S_atomic][m[K’
[25.003s] [01m[K/opt/ros/foxy/include/rclcpp/message_memory_strategy.hpp:109:5:[m[K   required from ‘[01m[Kvoid rclcpp::message_memory_strategy::MessageMemoryStrategy<MessageT, Alloc>::return_message(std::shared_ptr<_Tp>&) [with MessageT = geometry_msgs::msg::PointStamped_<std::allocator<void> >&; Alloc = std::allocator<void>][m[K’
[25.004s] [01m[K/opt/ros/foxy/include/rclcpp/message_memory_strategy.hpp:107:16:[m[K   required from here
[25.005s] [01m[K/usr/include/c++/9/bits/shared_ptr_base.h:1326:12:[m[K [01;31m[Kerror: [m[Kusing invalid field ‘[01m[Kstd::__shared_ptr<_Tp, _Lp>::_M_ptr[m[K’
[25.036s]  1326 |  std::swap([01;31m[K_M_ptr[m[K, __other._M_ptr);
[25.036s]       |            [01;31m[K^~~~~~[m[K
[25.036s] [01m[K/usr/include/c++/9/bits/shared_ptr_base.h:1326:28:[m[K [01;31m[Kerror: [m[K‘[01m[Kclass std::__shared_ptr<geometry_msgs::msg::PointStamped_<std::allocator<void> >&, __gnu_cxx::_S_atomic>[m[K’ has no member named ‘[01m[K_M_ptr[m[K’
[25.039s]  1326 |  std::swap(_M_ptr, [01;31m[K__other._M_ptr[m[K);
[25.041s]       |                    [01;31m[K~~~~~~~~^~~~~~[m[K
[25.211s] In file included from [01m[K/usr/include/c++/9/future:48[m[K,
[25.212s]                  from [01m[K/opt/ros/foxy/include/rclcpp/executors.hpp:18[m[K,
[25.212s]                  from [01m[K/opt/ros/foxy/include/rclcpp/rclcpp.hpp:146[m[K,
[25.212s]                  from [01m[K/home/rsa2021/comp3431-team-neo/starter_code/src/comp3431-rsa/point_pubsub/src/publisher_member_function.cpp:4[m[K:
[25.212s] [01m[K/usr/include/c++/9/bits/std_function.h:[m[K At global scope:
[25.213s] [01m[K/usr/include/c++/9/bits/std_function.h:667:7:[m[K [01;31m[Kerror: [m[K‘[01m[Kstd::function<_Res(_ArgTypes ...)>::function(_Functor) [with _Functor = rclcpp::create_subscription_factory(CallbackT&&, const rclcpp::SubscriptionOptionsWithAllocator<AllocatorT>&, typename MessageMemoryStrategyT::SharedPtr, std::shared_ptr<rclcpp::topic_statistics::SubscriptionTopicStatistics<CallbackMessageT> >) [with MessageT = geometry_msgs::msg::PointStamped_<std::allocator<void> >; CallbackT = std::_Bind<visualization_msgs::msg::Marker_<std::allocator<void> > (PointTf::*(PointTf*, std::_Placeholder<1>))(geometry_msgs::msg::PointStamped_<std::allocator<void> >&)>; AllocatorT = std::allocator<void>; CallbackMessageT = geometry_msgs::msg::PointStamped_<std::allocator<void> >&; SubscriptionT = rclcpp::Subscription<geometry_msgs::msg::PointStamped_<std::allocator<void> >&, std::allocator<void>, rclcpp::message_memory_strategy::MessageMemoryStrategy<geometry_msgs::msg::PointStamped_<std::allocator<void> >&, std::allocator<void> > >; MessageMemoryStrategyT = rclcpp::message_memory_strategy::MessageMemoryStrategy<geometry_msgs::msg::PointStamped_<std::allocator<void> >&, std::allocator<void> >; typename MessageMemoryStrategyT::SharedPtr = std::shared_ptr<rclcpp::message_memory_strategy::MessageMemoryStrategy<geometry_msgs::msg::PointStamped_<std::allocator<void> >&, std::allocator<void> > >]::<lambda(rclcpp::node_interfaces::NodeBaseInterface*, const string&, const rclcpp::QoS&)>; <template-parameter-2-2> = void; <template-parameter-2-3> = void; _Res = std::shared_ptr<rclcpp::SubscriptionBase>; _ArgTypes = {rclcpp::node_interfaces::NodeBaseInterface*, const std::__cxx11::basic_string<char, std::char_traits<char>, std::allocator<char> >&, const rclcpp::QoS&}][m[K’, declared using local type ‘[01m[Krclcpp::create_subscription_factory(CallbackT&&, const rclcpp::SubscriptionOptionsWithAllocator<AllocatorT>&, typename MessageMemoryStrategyT::SharedPtr, std::shared_ptr<rclcpp::topic_statistics::SubscriptionTopicStatistics<CallbackMessageT> >) [with MessageT = geometry_msgs::msg::PointStamped_<std::allocator<void> >; CallbackT = std::_Bind<visualization_msgs::msg::Marker_<std::allocator<void> > (PointTf::*(PointTf*, std::_Placeholder<1>))(geometry_msgs::msg::PointStamped_<std::allocator<void> >&)>; AllocatorT = std::allocator<void>; CallbackMessageT = geometry_msgs::msg::PointStamped_<std::allocator<void> >&; SubscriptionT = rclcpp::Subscription<geometry_msgs::msg::PointStamped_<std::allocator<void> >&, std::allocator<void>, rclcpp::message_memory_strategy::MessageMemoryStrategy<geometry_msgs::msg::PointStamped_<std::allocator<void> >&, std::allocator<void> > >; MessageMemoryStrategyT = rclcpp::message_memory_strategy::MessageMemoryStrategy<geometry_msgs::msg::PointStamped_<std::allocator<void> >&, std::allocator<void> >; typename MessageMemoryStrategyT::SharedPtr = std::shared_ptr<rclcpp::message_memory_strategy::MessageMemoryStrategy<geometry_msgs::msg::PointStamped_<std::allocator<void> >&, std::allocator<void> > >]::<lambda(rclcpp::node_interfaces::NodeBaseInterface*, const string&, const rclcpp::QoS&)>[m[K’, is used but never defined [[01;31m[K-fpermissive[m[K]
[25.213s]   667 |       [01;31m[Kfunction<_Res(_ArgTypes...)>[m[K::
[25.213s]       |       [01;31m[K^~~~~~~~~~~~~~~~~~~~~~~~~~~~[m[K
[26.498s] make[2]: *** [CMakeFiles/point_tf.dir/build.make:63: CMakeFiles/point_tf.dir/src/publisher_member_function.cpp.o] Error 1
[26.499s] make[1]: *** [CMakeFiles/Makefile2:78: CMakeFiles/point_tf.dir/all] Error 2
[26.500s] make: *** [Makefile:141: all] Error 2
[26.685s] Invoked command in '/home/rsa2021/comp3431-team-neo/starter_code/build/point_pubsub' returned '2': CMAKE_PREFIX_PATH=${CMAKE_PREFIX_PATH}:/opt/ros/foxy /usr/bin/cmake --build /home/rsa2021/comp3431-team-neo/starter_code/build/point_pubsub -- -j3 -l3
