[2.212s] DEBUG:colcon:Command line arguments: ['/usr/bin/colcon', 'build', '--packages-select', 'point_pubsub']
[2.213s] DEBUG:colcon:Parsed command line arguments: Namespace(ament_cmake_args=None, base_paths=['.'], build_base='build', catkin_cmake_args=None, catkin_skip_building_tests=False, cmake_args=None, cmake_clean_cache=False, cmake_clean_first=False, cmake_force_configure=False, cmake_target=None, cmake_target_skip_unavailable=False, continue_on_error=False, event_handlers=None, executor='parallel', ignore_user_meta=False, install_base='install', log_base=None, log_level=None, main=<bound method BuildVerb.main of <colcon_core.verb.build.BuildVerb object at 0x7f075a70fc10>>, merge_install=False, metas=['./colcon.meta'], packages_above=None, packages_above_and_dependencies=None, packages_above_depth=None, packages_end=None, packages_ignore=None, packages_ignore_regex=None, packages_select=['point_pubsub'], packages_select_build_failed=False, packages_select_by_dep=None, packages_select_regex=None, packages_select_test_failures=False, packages_skip=None, packages_skip_build_finished=False, packages_skip_by_dep=None, packages_skip_regex=None, packages_skip_test_passed=False, packages_skip_up_to=None, packages_start=None, packages_up_to=None, packages_up_to_regex=None, parallel_workers=3, paths=None, symlink_install=False, test_result_base=None, verb_extension=<colcon_core.verb.build.BuildVerb object at 0x7f075a70fc10>, verb_name='build', verb_parser=<colcon_defaults.argument_parser.defaults.DefaultArgumentsDecorator object at 0x7f075a71c1c0>)
[2.253s] Level 1:colcon.colcon_core.package_discovery:discover_packages(colcon_meta) check parameters
[2.253s] Level 1:colcon.colcon_core.package_discovery:discover_packages(recursive) check parameters
[2.253s] Level 1:colcon.colcon_core.package_discovery:discover_packages(ignore) check parameters
[2.253s] Level 1:colcon.colcon_core.package_discovery:discover_packages(path) check parameters
[2.253s] Level 1:colcon.colcon_core.package_discovery:discover_packages(colcon_meta) discover
[2.253s] Level 1:colcon.colcon_core.package_discovery:discover_packages(recursive) discover
[2.253s] INFO:colcon.colcon_core.package_discovery:Crawling recursively for packages in '/home/rsa2021/comp3431-team-neo/starter_code'
[2.254s] Level 1:colcon.colcon_core.package_identification:_identify(.) by extensions ['ignore', 'ignore_ament_install']
[2.254s] Level 1:colcon.colcon_core.package_identification:_identify(.) by extension 'ignore'
[2.254s] Level 1:colcon.colcon_core.package_identification:_identify(.) by extension 'ignore_ament_install'
[2.254s] Level 1:colcon.colcon_core.package_identification:_identify(.) by extensions ['colcon_pkg']
[2.254s] Level 1:colcon.colcon_core.package_identification:_identify(.) by extension 'colcon_pkg'
[2.255s] Level 1:colcon.colcon_core.package_identification:_identify(.) by extensions ['colcon_meta']
[2.255s] Level 1:colcon.colcon_core.package_identification:_identify(.) by extension 'colcon_meta'
[2.255s] Level 1:colcon.colcon_core.package_identification:_identify(.) by extensions ['ros']
[2.255s] Level 1:colcon.colcon_core.package_identification:_identify(.) by extension 'ros'
[2.320s] Level 1:colcon.colcon_core.package_identification:_identify(.) by extensions ['cmake', 'python']
[2.320s] Level 1:colcon.colcon_core.package_identification:_identify(.) by extension 'cmake'
[2.320s] Level 1:colcon.colcon_core.package_identification:_identify(.) by extension 'python'
[2.320s] Level 1:colcon.colcon_core.package_identification:_identify(.) by extensions ['python_setup_py']
[2.320s] Level 1:colcon.colcon_core.package_identification:_identify(.) by extension 'python_setup_py'
[2.320s] Level 1:colcon.colcon_core.package_identification:_identify(build) by extensions ['ignore', 'ignore_ament_install']
[2.320s] Level 1:colcon.colcon_core.package_identification:_identify(build) by extension 'ignore'
[2.321s] Level 1:colcon.colcon_core.package_identification:_identify(build) ignored
[2.321s] Level 1:colcon.colcon_core.package_identification:_identify(install) by extensions ['ignore', 'ignore_ament_install']
[2.321s] Level 1:colcon.colcon_core.package_identification:_identify(install) by extension 'ignore'
[2.321s] Level 1:colcon.colcon_core.package_identification:_identify(install) ignored
[2.321s] Level 1:colcon.colcon_core.package_identification:_identify(log) by extensions ['ignore', 'ignore_ament_install']
[2.321s] Level 1:colcon.colcon_core.package_identification:_identify(log) by extension 'ignore'
[2.321s] Level 1:colcon.colcon_core.package_identification:_identify(log) ignored
[2.321s] Level 1:colcon.colcon_core.package_identification:_identify(src) by extensions ['ignore', 'ignore_ament_install']
[2.321s] Level 1:colcon.colcon_core.package_identification:_identify(src) by extension 'ignore'
[2.321s] Level 1:colcon.colcon_core.package_identification:_identify(src) by extension 'ignore_ament_install'
[2.322s] Level 1:colcon.colcon_core.package_identification:_identify(src) by extensions ['colcon_pkg']
[2.322s] Level 1:colcon.colcon_core.package_identification:_identify(src) by extension 'colcon_pkg'
[2.322s] Level 1:colcon.colcon_core.package_identification:_identify(src) by extensions ['colcon_meta']
[2.322s] Level 1:colcon.colcon_core.package_identification:_identify(src) by extension 'colcon_meta'
[2.322s] Level 1:colcon.colcon_core.package_identification:_identify(src) by extensions ['ros']
[2.322s] Level 1:colcon.colcon_core.package_identification:_identify(src) by extension 'ros'
[2.322s] Level 1:colcon.colcon_core.package_identification:_identify(src) by extensions ['cmake', 'python']
[2.322s] Level 1:colcon.colcon_core.package_identification:_identify(src) by extension 'cmake'
[2.322s] Level 1:colcon.colcon_core.package_identification:_identify(src) by extension 'python'
[2.322s] Level 1:colcon.colcon_core.package_identification:_identify(src) by extensions ['python_setup_py']
[2.322s] Level 1:colcon.colcon_core.package_identification:_identify(src) by extension 'python_setup_py'
[2.322s] Level 1:colcon.colcon_core.package_identification:_identify(src/comp3431-rsa) by extensions ['ignore', 'ignore_ament_install']
[2.323s] Level 1:colcon.colcon_core.package_identification:_identify(src/comp3431-rsa) by extension 'ignore'
[2.323s] Level 1:colcon.colcon_core.package_identification:_identify(src/comp3431-rsa) by extension 'ignore_ament_install'
[2.323s] Level 1:colcon.colcon_core.package_identification:_identify(src/comp3431-rsa) by extensions ['colcon_pkg']
[2.323s] Level 1:colcon.colcon_core.package_identification:_identify(src/comp3431-rsa) by extension 'colcon_pkg'
[2.323s] Level 1:colcon.colcon_core.package_identification:_identify(src/comp3431-rsa) by extensions ['colcon_meta']
[2.323s] Level 1:colcon.colcon_core.package_identification:_identify(src/comp3431-rsa) by extension 'colcon_meta'
[2.323s] Level 1:colcon.colcon_core.package_identification:_identify(src/comp3431-rsa) by extensions ['ros']
[2.323s] Level 1:colcon.colcon_core.package_identification:_identify(src/comp3431-rsa) by extension 'ros'
[2.323s] Level 1:colcon.colcon_core.package_identification:_identify(src/comp3431-rsa) by extensions ['cmake', 'python']
[2.323s] Level 1:colcon.colcon_core.package_identification:_identify(src/comp3431-rsa) by extension 'cmake'
[2.323s] Level 1:colcon.colcon_core.package_identification:_identify(src/comp3431-rsa) by extension 'python'
[2.323s] Level 1:colcon.colcon_core.package_identification:_identify(src/comp3431-rsa) by extensions ['python_setup_py']
[2.323s] Level 1:colcon.colcon_core.package_identification:_identify(src/comp3431-rsa) by extension 'python_setup_py'
[2.323s] Level 1:colcon.colcon_core.package_identification:_identify(src/comp3431-rsa/comp3431_starter) by extensions ['ignore', 'ignore_ament_install']
[2.324s] Level 1:colcon.colcon_core.package_identification:_identify(src/comp3431-rsa/comp3431_starter) by extension 'ignore'
[2.324s] Level 1:colcon.colcon_core.package_identification:_identify(src/comp3431-rsa/comp3431_starter) by extension 'ignore_ament_install'
[2.324s] Level 1:colcon.colcon_core.package_identification:_identify(src/comp3431-rsa/comp3431_starter) by extensions ['colcon_pkg']
[2.324s] Level 1:colcon.colcon_core.package_identification:_identify(src/comp3431-rsa/comp3431_starter) by extension 'colcon_pkg'
[2.324s] Level 1:colcon.colcon_core.package_identification:_identify(src/comp3431-rsa/comp3431_starter) by extensions ['colcon_meta']
[2.324s] Level 1:colcon.colcon_core.package_identification:_identify(src/comp3431-rsa/comp3431_starter) by extension 'colcon_meta'
[2.324s] Level 1:colcon.colcon_core.package_identification:_identify(src/comp3431-rsa/comp3431_starter) by extensions ['ros']
[2.324s] Level 1:colcon.colcon_core.package_identification:_identify(src/comp3431-rsa/comp3431_starter) by extension 'ros'
[2.344s] DEBUG:colcon.colcon_core.package_identification:Package 'src/comp3431-rsa/comp3431_starter' with type 'ros.ament_cmake' and name 'comp3431_starter'
[2.344s] Level 1:colcon.colcon_core.package_identification:_identify(src/comp3431-rsa/point_pubsub) by extensions ['ignore', 'ignore_ament_install']
[2.345s] Level 1:colcon.colcon_core.package_identification:_identify(src/comp3431-rsa/point_pubsub) by extension 'ignore'
[2.345s] Level 1:colcon.colcon_core.package_identification:_identify(src/comp3431-rsa/point_pubsub) by extension 'ignore_ament_install'
[2.345s] Level 1:colcon.colcon_core.package_identification:_identify(src/comp3431-rsa/point_pubsub) by extensions ['colcon_pkg']
[2.345s] Level 1:colcon.colcon_core.package_identification:_identify(src/comp3431-rsa/point_pubsub) by extension 'colcon_pkg'
[2.345s] Level 1:colcon.colcon_core.package_identification:_identify(src/comp3431-rsa/point_pubsub) by extensions ['colcon_meta']
[2.345s] Level 1:colcon.colcon_core.package_identification:_identify(src/comp3431-rsa/point_pubsub) by extension 'colcon_meta'
[2.346s] Level 1:colcon.colcon_core.package_identification:_identify(src/comp3431-rsa/point_pubsub) by extensions ['ros']
[2.346s] Level 1:colcon.colcon_core.package_identification:_identify(src/comp3431-rsa/point_pubsub) by extension 'ros'
[2.350s] DEBUG:colcon.colcon_core.package_identification:Package 'src/comp3431-rsa/point_pubsub' with type 'ros.ament_cmake' and name 'point_pubsub'
[2.351s] Level 1:colcon.colcon_core.package_discovery:discover_packages(recursive) using defaults
[2.361s] Level 1:colcon.colcon_core.package_discovery:discover_packages(ignore) discover
[2.361s] Level 1:colcon.colcon_core.package_discovery:discover_packages(ignore) using defaults
[2.361s] Level 1:colcon.colcon_core.package_discovery:discover_packages(path) discover
[2.361s] Level 1:colcon.colcon_core.package_discovery:discover_packages(path) using defaults
[2.465s] INFO:colcon.colcon_core.package_selection:Skipping not selected package 'comp3431_starter' in 'src/comp3431-rsa/comp3431_starter'
[2.487s] Level 5:colcon.colcon_core.verb:set package 'point_pubsub' build argument 'cmake_args' from command line to 'None'
[2.488s] Level 5:colcon.colcon_core.verb:set package 'point_pubsub' build argument 'cmake_target' from command line to 'None'
[2.488s] Level 5:colcon.colcon_core.verb:set package 'point_pubsub' build argument 'cmake_target_skip_unavailable' from command line to 'False'
[2.488s] Level 5:colcon.colcon_core.verb:set package 'point_pubsub' build argument 'cmake_clean_cache' from command line to 'False'
[2.488s] Level 5:colcon.colcon_core.verb:set package 'point_pubsub' build argument 'cmake_clean_first' from command line to 'False'
[2.488s] Level 5:colcon.colcon_core.verb:set package 'point_pubsub' build argument 'cmake_force_configure' from command line to 'False'
[2.488s] Level 5:colcon.colcon_core.verb:set package 'point_pubsub' build argument 'ament_cmake_args' from command line to 'None'
[2.488s] Level 5:colcon.colcon_core.verb:set package 'point_pubsub' build argument 'catkin_cmake_args' from command line to 'None'
[2.488s] Level 5:colcon.colcon_core.verb:set package 'point_pubsub' build argument 'catkin_skip_building_tests' from command line to 'False'
[2.488s] DEBUG:colcon.colcon_core.verb:Building package 'point_pubsub' with the following arguments: {'ament_cmake_args': None, 'build_base': '/home/rsa2021/comp3431-team-neo/starter_code/build/point_pubsub', 'catkin_cmake_args': None, 'catkin_skip_building_tests': False, 'cmake_args': None, 'cmake_clean_cache': False, 'cmake_clean_first': False, 'cmake_force_configure': False, 'cmake_target': None, 'cmake_target_skip_unavailable': False, 'install_base': '/home/rsa2021/comp3431-team-neo/starter_code/install/point_pubsub', 'merge_install': False, 'path': '/home/rsa2021/comp3431-team-neo/starter_code/src/comp3431-rsa/point_pubsub', 'symlink_install': False, 'test_result_base': None}
[2.492s] INFO:colcon.colcon_core.executor:Executing jobs using 'parallel' executor
[2.507s] DEBUG:colcon.colcon_parallel_executor.executor.parallel:run_until_complete
[2.507s] INFO:colcon.colcon_ros.task.ament_cmake.build:Building ROS package in '/home/rsa2021/comp3431-team-neo/starter_code/src/comp3431-rsa/point_pubsub' with build type 'ament_cmake'
[2.508s] INFO:colcon.colcon_cmake.task.cmake.build:Building CMake package in '/home/rsa2021/comp3431-team-neo/starter_code/src/comp3431-rsa/point_pubsub'
[2.558s] INFO:colcon.colcon_core.plugin_system:Skipping extension 'colcon_core.shell.bat': Not used on non-Windows systems
[2.559s] INFO:colcon.colcon_core.shell:Skip shell extension 'powershell' for command environment: Not usable outside of PowerShell
[2.559s] DEBUG:colcon.colcon_core.shell:Skip shell extension 'dsv' for command environment
[2.568s] DEBUG:colcon.colcon_core.shell:Ignoring prefix path '/opt/ros/foxy'
[2.640s] DEBUG:colcon.colcon_core.event_handler.log_command:Invoking command in '/home/rsa2021/comp3431-team-neo/starter_code/build/point_pubsub': CMAKE_PREFIX_PATH=${CMAKE_PREFIX_PATH}:/opt/ros/foxy /usr/bin/cmake --build /home/rsa2021/comp3431-team-neo/starter_code/build/point_pubsub -- -j3 -l3
[30.430s] DEBUG:colcon.colcon_core.event_handler.log_command:Invoked command in '/home/rsa2021/comp3431-team-neo/starter_code/build/point_pubsub' returned '0': CMAKE_PREFIX_PATH=${CMAKE_PREFIX_PATH}:/opt/ros/foxy /usr/bin/cmake --build /home/rsa2021/comp3431-team-neo/starter_code/build/point_pubsub -- -j3 -l3
[30.821s] DEBUG:colcon.colcon_core.event_handler.log_command:Invoking command in '/home/rsa2021/comp3431-team-neo/starter_code/build/point_pubsub': CMAKE_PREFIX_PATH=${CMAKE_PREFIX_PATH}:/opt/ros/foxy /usr/bin/cmake --install /home/rsa2021/comp3431-team-neo/starter_code/build/point_pubsub
[30.918s] Level 1:colcon.colcon_core.environment:create_environment_scripts_only(point_pubsub)
[30.923s] DEBUG:colcon.colcon_core.event_handler.log_command:Invoked command in '/home/rsa2021/comp3431-team-neo/starter_code/build/point_pubsub' returned '0': CMAKE_PREFIX_PATH=${CMAKE_PREFIX_PATH}:/opt/ros/foxy /usr/bin/cmake --install /home/rsa2021/comp3431-team-neo/starter_code/build/point_pubsub
[30.977s] Level 1:colcon.colcon_core.environment:checking '/home/rsa2021/comp3431-team-neo/starter_code/install/point_pubsub' for CMake module files
[30.987s] Level 1:colcon.colcon_core.environment:checking '/home/rsa2021/comp3431-team-neo/starter_code/install/point_pubsub' for CMake config files
[30.988s] Level 1:colcon.colcon_core.shell:create_environment_hook('point_pubsub', 'cmake_prefix_path')
[30.989s] INFO:colcon.colcon_core.shell:Creating environment hook '/home/rsa2021/comp3431-team-neo/starter_code/install/point_pubsub/share/point_pubsub/hook/cmake_prefix_path.ps1'
[30.991s] INFO:colcon.colcon_core.shell:Creating environment descriptor '/home/rsa2021/comp3431-team-neo/starter_code/install/point_pubsub/share/point_pubsub/hook/cmake_prefix_path.dsv'
[30.992s] INFO:colcon.colcon_core.shell:Creating environment hook '/home/rsa2021/comp3431-team-neo/starter_code/install/point_pubsub/share/point_pubsub/hook/cmake_prefix_path.sh'
[31.002s] Level 1:colcon.colcon_core.environment:checking '/home/rsa2021/comp3431-team-neo/starter_code/install/point_pubsub/lib'
[31.004s] Level 1:colcon.colcon_core.environment:checking '/home/rsa2021/comp3431-team-neo/starter_code/install/point_pubsub/bin'
[31.005s] Level 1:colcon.colcon_core.environment:checking '/home/rsa2021/comp3431-team-neo/starter_code/install/point_pubsub/lib/pkgconfig/point_pubsub.pc'
[31.008s] Level 1:colcon.colcon_core.environment:checking '/home/rsa2021/comp3431-team-neo/starter_code/install/point_pubsub/lib/python3.8/site-packages'
[31.015s] INFO:colcon.colcon_core.shell:Creating package script '/home/rsa2021/comp3431-team-neo/starter_code/install/point_pubsub/share/point_pubsub/package.ps1'
[31.018s] INFO:colcon.colcon_core.shell:Creating package descriptor '/home/rsa2021/comp3431-team-neo/starter_code/install/point_pubsub/share/point_pubsub/package.dsv'
[31.020s] INFO:colcon.colcon_core.shell:Creating package script '/home/rsa2021/comp3431-team-neo/starter_code/install/point_pubsub/share/point_pubsub/package.sh'
[31.036s] INFO:colcon.colcon_core.shell:Creating package script '/home/rsa2021/comp3431-team-neo/starter_code/install/point_pubsub/share/point_pubsub/package.bash'
[31.037s] INFO:colcon.colcon_core.shell:Creating package script '/home/rsa2021/comp3431-team-neo/starter_code/install/point_pubsub/share/point_pubsub/package.zsh'
[31.039s] Level 1:colcon.colcon_core.environment:create_file_with_runtime_dependencies(/home/rsa2021/comp3431-team-neo/starter_code/install/point_pubsub/share/colcon-core/packages/point_pubsub)
[31.206s] Level 1:colcon.colcon_core.environment:create_environment_scripts_only(point_pubsub)
[31.210s] Level 1:colcon.colcon_core.environment:checking '/home/rsa2021/comp3431-team-neo/starter_code/install/point_pubsub' for CMake module files
[31.211s] Level 1:colcon.colcon_core.environment:checking '/home/rsa2021/comp3431-team-neo/starter_code/install/point_pubsub' for CMake config files
[31.211s] Level 1:colcon.colcon_core.shell:create_environment_hook('point_pubsub', 'cmake_prefix_path')
[31.212s] INFO:colcon.colcon_core.shell:Creating environment hook '/home/rsa2021/comp3431-team-neo/starter_code/install/point_pubsub/share/point_pubsub/hook/cmake_prefix_path.ps1'
[31.213s] INFO:colcon.colcon_core.shell:Creating environment descriptor '/home/rsa2021/comp3431-team-neo/starter_code/install/point_pubsub/share/point_pubsub/hook/cmake_prefix_path.dsv'
[31.214s] INFO:colcon.colcon_core.shell:Creating environment hook '/home/rsa2021/comp3431-team-neo/starter_code/install/point_pubsub/share/point_pubsub/hook/cmake_prefix_path.sh'
[31.215s] Level 1:colcon.colcon_core.environment:checking '/home/rsa2021/comp3431-team-neo/starter_code/install/point_pubsub/lib'
[31.215s] Level 1:colcon.colcon_core.environment:checking '/home/rsa2021/comp3431-team-neo/starter_code/install/point_pubsub/bin'
[31.216s] Level 1:colcon.colcon_core.environment:checking '/home/rsa2021/comp3431-team-neo/starter_code/install/point_pubsub/lib/pkgconfig/point_pubsub.pc'
[31.216s] Level 1:colcon.colcon_core.environment:checking '/home/rsa2021/comp3431-team-neo/starter_code/install/point_pubsub/lib/python3.8/site-packages'
[31.216s] INFO:colcon.colcon_core.shell:Creating package script '/home/rsa2021/comp3431-team-neo/starter_code/install/point_pubsub/share/point_pubsub/package.ps1'
[31.218s] INFO:colcon.colcon_core.shell:Creating package descriptor '/home/rsa2021/comp3431-team-neo/starter_code/install/point_pubsub/share/point_pubsub/package.dsv'
[31.219s] INFO:colcon.colcon_core.shell:Creating package script '/home/rsa2021/comp3431-team-neo/starter_code/install/point_pubsub/share/point_pubsub/package.sh'
[31.219s] INFO:colcon.colcon_core.shell:Creating package script '/home/rsa2021/comp3431-team-neo/starter_code/install/point_pubsub/share/point_pubsub/package.bash'
[31.220s] INFO:colcon.colcon_core.shell:Creating package script '/home/rsa2021/comp3431-team-neo/starter_code/install/point_pubsub/share/point_pubsub/package.zsh'
[31.221s] Level 1:colcon.colcon_core.environment:create_file_with_runtime_dependencies(/home/rsa2021/comp3431-team-neo/starter_code/install/point_pubsub/share/colcon-core/packages/point_pubsub)
[31.223s] DEBUG:colcon.colcon_parallel_executor.executor.parallel:closing loop
[31.231s] DEBUG:colcon.colcon_parallel_executor.executor.parallel:loop closed
[31.232s] DEBUG:colcon.colcon_parallel_executor.executor.parallel:run_until_complete finished with '0'
[31.235s] DEBUG:colcon.colcon_core.event_reactor:joining thread
[31.293s] INFO:colcon.colcon_core.plugin_system:Skipping extension 'colcon_notification.desktop_notification.terminal_notifier': Not used on non-Darwin systems
[31.293s] INFO:colcon.colcon_core.plugin_system:Skipping extension 'colcon_notification.desktop_notification.win32': Not used on non-Windows systems
[31.293s] INFO:colcon.colcon_notification.desktop_notification:Sending desktop notification using 'notify2'
[31.359s] DEBUG:colcon.colcon_core.event_reactor:joined thread
[31.362s] INFO:colcon.colcon_core.shell:Creating prefix script '/home/rsa2021/comp3431-team-neo/starter_code/install/local_setup.ps1'
[31.371s] INFO:colcon.colcon_core.shell:Creating prefix util module '/home/rsa2021/comp3431-team-neo/starter_code/install/_local_setup_util_ps1.py'
[31.395s] INFO:colcon.colcon_core.shell:Creating prefix chain script '/home/rsa2021/comp3431-team-neo/starter_code/install/setup.ps1'
[31.432s] INFO:colcon.colcon_core.shell:Creating prefix script '/home/rsa2021/comp3431-team-neo/starter_code/install/local_setup.sh'
[31.447s] INFO:colcon.colcon_core.shell:Creating prefix util module '/home/rsa2021/comp3431-team-neo/starter_code/install/_local_setup_util_sh.py'
[31.453s] INFO:colcon.colcon_core.shell:Creating prefix chain script '/home/rsa2021/comp3431-team-neo/starter_code/install/setup.sh'
[31.465s] INFO:colcon.colcon_core.shell:Creating prefix script '/home/rsa2021/comp3431-team-neo/starter_code/install/local_setup.bash'
[31.467s] INFO:colcon.colcon_core.shell:Creating prefix chain script '/home/rsa2021/comp3431-team-neo/starter_code/install/setup.bash'
[31.486s] INFO:colcon.colcon_core.shell:Creating prefix script '/home/rsa2021/comp3431-team-neo/starter_code/install/local_setup.zsh'
[31.508s] INFO:colcon.colcon_core.shell:Creating prefix chain script '/home/rsa2021/comp3431-team-neo/starter_code/install/setup.zsh'
