[0.089s] Invoking command in '/home/rsa2021/comp3431-team-neo/starter_code/build/point_pubsub': CMAKE_PREFIX_PATH=${CMAKE_PREFIX_PATH}:/opt/ros/foxy /usr/bin/cmake --build /home/rsa2021/comp3431-team-neo/starter_code/build/point_pubsub -- -j3 -l3
[2.872s] -- Found ament_cmake: 0.9.8 (/opt/ros/foxy/share/ament_cmake/cmake)
[3.116s] -- Using PYTHON_EXECUTABLE: /usr/bin/python3
[4.767s] -- Found rclcpp: 2.3.1 (/opt/ros/foxy/share/rclcpp/cmake)
[5.115s] -- Using all available rosidl_typesupport_c: rosidl_typesupport_fastrtps_c;rosidl_typesupport_introspection_c
[5.142s] -- Found rosidl_adapter: 1.2.1 (/opt/ros/foxy/share/rosidl_adapter/cmake)
[5.758s] -- Using all available rosidl_typesupport_cpp: rosidl_typesupport_fastrtps_cpp;rosidl_typesupport_introspection_cpp
[6.030s] -- Found rmw_implementation_cmake: 1.0.3 (/opt/ros/foxy/share/rmw_implementation_cmake/cmake)
[6.050s] -- Using RMW implementation 'rmw_fastrtps_cpp' as default
[6.688s] -- Found visualization_msgs: 2.0.4 (/opt/ros/foxy/share/visualization_msgs/cmake)
[7.716s] -- Found ament_lint_auto: 0.9.6 (/opt/ros/foxy/share/ament_lint_auto/cmake)
[9.765s] -- Added test 'copyright' to check source files copyright and LICENSE
[9.779s] -- Added test 'cppcheck' to perform static code analysis on C / C++ code
[9.782s] -- Configured cppcheck include dirs: 
[9.782s] -- Configured cppcheck exclude dirs and/or files: 
[9.808s] -- Added test 'cpplint' to check C / C++ code against the Google style
[9.809s] -- Configured cpplint exclude dirs and/or files: 
[9.817s] -- Added test 'lint_cmake' to check CMake code style
[9.824s] -- Added test 'uncrustify' to check C / C++ code style
[9.825s] -- Configured uncrustify additional arguments: 
[9.829s] -- Added test 'xmllint' to check XML markup files
[9.855s] -- Configuring done
[10.010s] -- Generating done
[10.064s] -- Build files have been written to: /home/rsa2021/comp3431-team-neo/starter_code/build/point_pubsub
[10.517s] [ 50%] [32mBuilding CXX object CMakeFiles/point_tf.dir/src/publisher_member_function.cpp.o[0m
[36.551s] [01m[K/home/rsa2021/comp3431-team-neo/starter_code/src/comp3431-rsa/point_pubsub/src/publisher_member_function.cpp:[m[K In constructor ‘[01m[KPointTf::PointTf()[m[K’:
[36.551s] [01m[K/home/rsa2021/comp3431-team-neo/starter_code/src/comp3431-rsa/point_pubsub/src/publisher_member_function.cpp:27:8:[m[K [01;31m[Kerror: [m[Kno match for ‘[01m[Koperator=[m[K’ (operand types are ‘[01m[Krclcpp::Publisher<geometry_msgs::msg::PointStamped_<std::allocator<void> > >::SharedPtr[m[K’ {aka ‘[01m[Kstd::shared_ptr<rclcpp::Publisher<geometry_msgs::msg::PointStamped_<std::allocator<void> > > >[m[K’} and ‘[01m[Kstd::shared_ptr<rclcpp::Subscription<geometry_msgs::msg::PointStamped_<std::allocator<void> >, std::allocator<void>, rclcpp::message_memory_strategy::MessageMemoryStrategy<geometry_msgs::msg::PointStamped_<std::allocator<void> >, std::allocator<void> > > >[m[K’)
[36.552s]    27 |       }[01;31m[K)[m[K;
[36.552s]       |        [01;31m[K^[m[K
[36.553s] In file included from [01m[K/usr/include/c++/9/memory:81[m[K,
[36.554s]                  from [01m[K/home/rsa2021/comp3431-team-neo/starter_code/src/comp3431-rsa/point_pubsub/src/publisher_member_function.cpp:2[m[K:
[36.554s] [01m[K/usr/include/c++/9/bits/shared_ptr.h:309:19:[m[K [01;36m[Knote: [m[Kcandidate: ‘[01m[Kstd::shared_ptr<_Tp>& std::shared_ptr<_Tp>::operator=(const std::shared_ptr<_Tp>&) [with _Tp = rclcpp::Publisher<geometry_msgs::msg::PointStamped_<std::allocator<void> > >][m[K’
[36.554s]   309 |       shared_ptr& [01;36m[Koperator[m[K=(const shared_ptr&) noexcept = default;
[36.555s]       |                   [01;36m[K^~~~~~~~[m[K
[36.555s] [01m[K/usr/include/c++/9/bits/shared_ptr.h:309:29:[m[K [01;36m[Knote: [m[K  no known conversion for argument 1 from ‘[01m[Kstd::shared_ptr<rclcpp::Subscription<geometry_msgs::msg::PointStamped_<std::allocator<void> >, std::allocator<void>, rclcpp::message_memory_strategy::MessageMemoryStrategy<geometry_msgs::msg::PointStamped_<std::allocator<void> >, std::allocator<void> > > >[m[K’ to ‘[01m[Kconst std::shared_ptr<rclcpp::Publisher<geometry_msgs::msg::PointStamped_<std::allocator<void> > > >&[m[K’
[36.555s]   309 |       shared_ptr& operator=([01;36m[Kconst shared_ptr&[m[K) noexcept = default;
[36.556s]       |                             [01;36m[K^~~~~~~~~~~~~~~~~[m[K
[36.556s] [01m[K/usr/include/c++/9/bits/shared_ptr.h:313:2:[m[K [01;36m[Knote: [m[Kcandidate: ‘[01m[Ktemplate<class _Yp> std::shared_ptr<_Tp>::_Assignable<const std::shared_ptr<_Yp>&> std::shared_ptr<_Tp>::operator=(const std::shared_ptr<_Yp>&) [with _Yp = _Yp; _Tp = rclcpp::Publisher<geometry_msgs::msg::PointStamped_<std::allocator<void> > >][m[K’
[36.556s]   313 |  [01;36m[Koperator[m[K=(const shared_ptr<_Yp>& __r) noexcept
[36.556s]       |  [01;36m[K^~~~~~~~[m[K
[36.556s] [01m[K/usr/include/c++/9/bits/shared_ptr.h:313:2:[m[K [01;36m[Knote: [m[K  template argument deduction/substitution failed:
[36.563s] /usr/include/c++/9/bits/shared_ptr.h: In substitution of ‘[01m[Ktemplate<class _Tp> template<class _Arg> using _Assignable = typename std::enable_if<std::is_assignable<std::__shared_ptr<_Tp>&, _Arg>::value, std::shared_ptr<_Tp>&>::type [with _Arg = const std::shared_ptr<rclcpp::Subscription<geometry_msgs::msg::PointStamped_<std::allocator<void> >, std::allocator<void>, rclcpp::message_memory_strategy::MessageMemoryStrategy<geometry_msgs::msg::PointStamped_<std::allocator<void> >, std::allocator<void> > > >&; _Tp = rclcpp::Publisher<geometry_msgs::msg::PointStamped_<std::allocator<void> > >][m[K’:
[36.568s] [01m[K/usr/include/c++/9/bits/shared_ptr.h:313:2:[m[K   required by substitution of ‘[01m[Ktemplate<class _Yp> std::shared_ptr<rclcpp::Publisher<geometry_msgs::msg::PointStamped_<std::allocator<void> > > >::_Assignable<const std::shared_ptr<_Tp>&> std::shared_ptr<rclcpp::Publisher<geometry_msgs::msg::PointStamped_<std::allocator<void> > > >::operator=<_Yp>(const std::shared_ptr<_Tp>&) [with _Yp = rclcpp::Subscription<geometry_msgs::msg::PointStamped_<std::allocator<void> >, std::allocator<void>, rclcpp::message_memory_strategy::MessageMemoryStrategy<geometry_msgs::msg::PointStamped_<std::allocator<void> >, std::allocator<void> > >][m[K’
[36.568s] [01m[K/home/rsa2021/comp3431-team-neo/starter_code/src/comp3431-rsa/point_pubsub/src/publisher_member_function.cpp:27:8:[m[K   required from here
[36.568s] [01m[K/usr/include/c++/9/bits/shared_ptr.h:111:8:[m[K [01;31m[Kerror: [m[Kno type named ‘[01m[Ktype[m[K’ in ‘[01m[Kstruct std::enable_if<false, std::shared_ptr<rclcpp::Publisher<geometry_msgs::msg::PointStamped_<std::allocator<void> > > >&>[m[K’
[36.568s]   111 |  using [01;31m[K_Assignable[m[K = typename enable_if<
[36.568s]       |        [01;31m[K^~~~~~~~~~~[m[K
[36.569s] [01m[K/usr/include/c++/9/bits/shared_ptr.h:324:2:[m[K [01;36m[Knote: [m[Kcandidate: ‘[01m[Ktemplate<class _Yp> std::shared_ptr<_Tp>::_Assignable<std::auto_ptr<_Up> > std::shared_ptr<_Tp>::operator=(std::auto_ptr<_Up>&&) [with _Yp = _Yp; _Tp = rclcpp::Publisher<geometry_msgs::msg::PointStamped_<std::allocator<void> > >][m[K’
[36.569s]   324 |  [01;36m[Koperator[m[K=(auto_ptr<_Yp>&& __r)
[36.569s]       |  [01;36m[K^~~~~~~~[m[K
[36.569s] [01m[K/usr/include/c++/9/bits/shared_ptr.h:324:2:[m[K [01;36m[Knote: [m[K  template argument deduction/substitution failed:
[36.569s] [01m[K/home/rsa2021/comp3431-team-neo/starter_code/src/comp3431-rsa/point_pubsub/src/publisher_member_function.cpp:27:8:[m[K [01;36m[Knote: [m[K  ‘[01m[Kstd::shared_ptr<rclcpp::Subscription<geometry_msgs::msg::PointStamped_<std::allocator<void> >, std::allocator<void>, rclcpp::message_memory_strategy::MessageMemoryStrategy<geometry_msgs::msg::PointStamped_<std::allocator<void> >, std::allocator<void> > > >[m[K’ is not derived from ‘[01m[Kstd::auto_ptr<_Up>[m[K’
[36.569s]    27 |       }[01;36m[K)[m[K;
[36.569s]       |        [01;36m[K^[m[K
[36.569s] In file included from [01m[K/usr/include/c++/9/memory:81[m[K,
[36.569s]                  from [01m[K/home/rsa2021/comp3431-team-neo/starter_code/src/comp3431-rsa/point_pubsub/src/publisher_member_function.cpp:2[m[K:
[36.569s] [01m[K/usr/include/c++/9/bits/shared_ptr.h:333:7:[m[K [01;36m[Knote: [m[Kcandidate: ‘[01m[Kstd::shared_ptr<_Tp>& std::shared_ptr<_Tp>::operator=(std::shared_ptr<_Tp>&&) [with _Tp = rclcpp::Publisher<geometry_msgs::msg::PointStamped_<std::allocator<void> > >][m[K’
[36.575s]   333 |       [01;36m[Koperator[m[K=(shared_ptr&& __r) noexcept
[36.575s]       |       [01;36m[K^~~~~~~~[m[K
[36.575s] [01m[K/usr/include/c++/9/bits/shared_ptr.h:333:30:[m[K [01;36m[Knote: [m[K  no known conversion for argument 1 from ‘[01m[Kstd::shared_ptr<rclcpp::Subscription<geometry_msgs::msg::PointStamped_<std::allocator<void> >, std::allocator<void>, rclcpp::message_memory_strategy::MessageMemoryStrategy<geometry_msgs::msg::PointStamped_<std::allocator<void> >, std::allocator<void> > > >[m[K’ to ‘[01m[Kstd::shared_ptr<rclcpp::Publisher<geometry_msgs::msg::PointStamped_<std::allocator<void> > > >&&[m[K’
[36.575s]   333 |       operator=([01;36m[Kshared_ptr&& __r[m[K) noexcept
[36.576s]       |                 [01;36m[K~~~~~~~~~~~~~^~~[m[K
[36.576s] [01m[K/usr/include/c++/9/bits/shared_ptr.h:341:2:[m[K [01;36m[Knote: [m[Kcandidate: ‘[01m[Ktemplate<class _Yp> std::shared_ptr<_Tp>::_Assignable<std::shared_ptr<_Yp> > std::shared_ptr<_Tp>::operator=(std::shared_ptr<_Yp>&&) [with _Yp = _Yp; _Tp = rclcpp::Publisher<geometry_msgs::msg::PointStamped_<std::allocator<void> > >][m[K’
[36.576s]   341 |  [01;36m[Koperator[m[K=(shared_ptr<_Yp>&& __r) noexcept
[36.576s]       |  [01;36m[K^~~~~~~~[m[K
[36.576s] [01m[K/usr/include/c++/9/bits/shared_ptr.h:341:2:[m[K [01;36m[Knote: [m[K  template argument deduction/substitution failed:
[36.576s] /usr/include/c++/9/bits/shared_ptr.h: In substitution of ‘[01m[Ktemplate<class _Tp> template<class _Arg> using _Assignable = typename std::enable_if<std::is_assignable<std::__shared_ptr<_Tp>&, _Arg>::value, std::shared_ptr<_Tp>&>::type [with _Arg = std::shared_ptr<rclcpp::Subscription<geometry_msgs::msg::PointStamped_<std::allocator<void> >, std::allocator<void>, rclcpp::message_memory_strategy::MessageMemoryStrategy<geometry_msgs::msg::PointStamped_<std::allocator<void> >, std::allocator<void> > > >; _Tp = rclcpp::Publisher<geometry_msgs::msg::PointStamped_<std::allocator<void> > >][m[K’:
[36.576s] [01m[K/usr/include/c++/9/bits/shared_ptr.h:341:2:[m[K   required by substitution of ‘[01m[Ktemplate<class _Yp> std::shared_ptr<rclcpp::Publisher<geometry_msgs::msg::PointStamped_<std::allocator<void> > > >::_Assignable<std::shared_ptr<_Tp> > std::shared_ptr<rclcpp::Publisher<geometry_msgs::msg::PointStamped_<std::allocator<void> > > >::operator=<_Yp>(std::shared_ptr<_Tp>&&) [with _Yp = rclcpp::Subscription<geometry_msgs::msg::PointStamped_<std::allocator<void> >, std::allocator<void>, rclcpp::message_memory_strategy::MessageMemoryStrategy<geometry_msgs::msg::PointStamped_<std::allocator<void> >, std::allocator<void> > >][m[K’
[36.576s] [01m[K/home/rsa2021/comp3431-team-neo/starter_code/src/comp3431-rsa/point_pubsub/src/publisher_member_function.cpp:27:8:[m[K   required from here
[36.576s] [01m[K/usr/include/c++/9/bits/shared_ptr.h:111:8:[m[K [01;31m[Kerror: [m[Kno type named ‘[01m[Ktype[m[K’ in ‘[01m[Kstruct std::enable_if<false, std::shared_ptr<rclcpp::Publisher<geometry_msgs::msg::PointStamped_<std::allocator<void> > > >&>[m[K’
[36.576s]   111 |  using [01;31m[K_Assignable[m[K = typename enable_if<
[36.577s]       |        [01;31m[K^~~~~~~~~~~[m[K
[36.577s] [01m[K/usr/include/c++/9/bits/shared_ptr.h:349:2:[m[K [01;36m[Knote: [m[Kcandidate: ‘[01m[Ktemplate<class _Yp, class _Del> std::shared_ptr<_Tp>::_Assignable<std::unique_ptr<_Up, _Ep> > std::shared_ptr<_Tp>::operator=(std::unique_ptr<_Up, _Ep>&&) [with _Yp = _Yp; _Del = _Del; _Tp = rclcpp::Publisher<geometry_msgs::msg::PointStamped_<std::allocator<void> > >][m[K’
[36.577s]   349 |  [01;36m[Koperator[m[K=(unique_ptr<_Yp, _Del>&& __r)
[36.577s]       |  [01;36m[K^~~~~~~~[m[K
[36.577s] [01m[K/usr/include/c++/9/bits/shared_ptr.h:349:2:[m[K [01;36m[Knote: [m[K  template argument deduction/substitution failed:
[36.577s] [01m[K/home/rsa2021/comp3431-team-neo/starter_code/src/comp3431-rsa/point_pubsub/src/publisher_member_function.cpp:27:8:[m[K [01;36m[Knote: [m[K  ‘[01m[Kstd::shared_ptr<rclcpp::Subscription<geometry_msgs::msg::PointStamped_<std::allocator<void> >, std::allocator<void>, rclcpp::message_memory_strategy::MessageMemoryStrategy<geometry_msgs::msg::PointStamped_<std::allocator<void> >, std::allocator<void> > > >[m[K’ is not derived from ‘[01m[Kstd::unique_ptr<_Tp, _Dp>[m[K’
[36.577s]    27 |       }[01;36m[K)[m[K;
[36.577s]       |        [01;36m[K^[m[K
[48.685s] make[2]: *** [CMakeFiles/point_tf.dir/build.make:63: CMakeFiles/point_tf.dir/src/publisher_member_function.cpp.o] Error 1
[48.695s] make[1]: *** [CMakeFiles/Makefile2:78: CMakeFiles/point_tf.dir/all] Error 2
[48.697s] make: *** [Makefile:141: all] Error 2
[48.774s] Invoked command in '/home/rsa2021/comp3431-team-neo/starter_code/build/point_pubsub' returned '2': CMAKE_PREFIX_PATH=${CMAKE_PREFIX_PATH}:/opt/ros/foxy /usr/bin/cmake --build /home/rsa2021/comp3431-team-neo/starter_code/build/point_pubsub -- -j3 -l3
