[0.307s] Invoking command in '/home/rsa2021/comp3431-team-neo/image_pipeline/image_publisher/build/image_publisher': CMAKE_PREFIX_PATH=/opt/ros/foxy /usr/bin/cmake /home/rsa2021/comp3431-team-neo/image_pipeline/image_publisher -DCMAKE_INSTALL_PREFIX=/home/rsa2021/comp3431-team-neo/image_pipeline/image_publisher/install/image_publisher
[3.750s] -- The C compiler identification is GNU 9.3.0
[5.786s] -- The CXX compiler identification is GNU 9.3.0
[5.865s] -- Check for working C compiler: /usr/bin/cc
[6.596s] -- Check for working C compiler: /usr/bin/cc -- works
[6.613s] -- Detecting C compiler ABI info
[7.085s] -- Detecting C compiler ABI info - done
[7.155s] -- Detecting C compile features
[7.160s] -- Detecting C compile features - done
[7.188s] -- Check for working CXX compiler: /usr/bin/c++
[7.874s] -- Check for working CXX compiler: /usr/bin/c++ -- works
[7.882s] -- Detecting CXX compiler ABI info
[8.375s] -- Detecting CXX compiler ABI info - done
[8.455s] -- Detecting CXX compile features
[8.457s] -- Detecting CXX compile features - done
[8.487s] -- Found ament_cmake_auto: 0.9.8 (/opt/ros/foxy/share/ament_cmake_auto/cmake)
[8.804s] -- Found PythonInterp: /usr/bin/python3 (found suitable version "3.8.10", minimum required is "3") 
[8.804s] -- Using PYTHON_EXECUTABLE: /usr/bin/python3
[10.954s] -- Using all available rosidl_typesupport_c: rosidl_typesupport_fastrtps_c;rosidl_typesupport_introspection_c
[11.020s] -- Found rosidl_adapter: 1.2.1 (/opt/ros/foxy/share/rosidl_adapter/cmake)
[11.961s] -- Found OpenSSL: /usr/lib/x86_64-linux-gnu/libcrypto.so (found version "1.1.1f")  
[12.158s] -- Found FastRTPS: /opt/ros/foxy/include  
[12.632s] -- Using all available rosidl_typesupport_cpp: rosidl_typesupport_fastrtps_cpp;rosidl_typesupport_introspection_cpp
[13.144s] -- Found rmw_implementation_cmake: 1.0.3 (/opt/ros/foxy/share/rmw_implementation_cmake/cmake)
[13.156s] -- Using RMW implementation 'rmw_fastrtps_cpp' as default
[13.184s] -- Looking for pthread.h
[13.915s] -- Looking for pthread.h - found
[13.916s] -- Performing Test CMAKE_HAVE_LIBC_PTHREAD
[14.552s] -- Performing Test CMAKE_HAVE_LIBC_PTHREAD - Failed
[14.559s] -- Looking for pthread_create in pthreads
[14.844s] -- Looking for pthread_create in pthreads - not found
[14.845s] -- Looking for pthread_create in pthread
[15.252s] -- Looking for pthread_create in pthread - found
[15.267s] -- Found Threads: TRUE  
[16.595s] -- Setting yaml-cpp_DIR to: '/opt/ros/foxy/share/yaml_cpp_vendor/cmake/../../../opt/yaml_cpp_vendor/lib/cmake/yaml-cpp'
[17.502s] -- Found OpenCV: /usr (found version "4.2.0") found components: core imgcodecs videoio 
[17.503s] -- opencv version 4.2.0
[18.214s] -- Found ament_lint_auto: 0.9.6 (/opt/ros/foxy/share/ament_lint_auto/cmake)
[18.386s] -- Added test 'copyright' to check source files copyright and LICENSE
[18.399s] -- Added test 'cppcheck' to perform static code analysis on C / C++ code
[18.399s] -- Configured cppcheck include dirs: /home/rsa2021/comp3431-team-neo/image_pipeline/image_publisher/include
[18.399s] -- Configured cppcheck exclude dirs and/or files: 
[18.411s] -- Added test 'cpplint' to check C / C++ code against the Google style
[18.411s] -- Configured cpplint exclude dirs and/or files: 
[18.416s] -- Added test 'flake8' to check Python code syntax and style conventions
[18.431s] -- Added test 'lint_cmake' to check CMake code style
[18.434s] -- Added test 'pep257' to check Python code against some of the style conventions in PEP 257
[18.452s] -- Added test 'uncrustify' to check C / C++ code style
[18.452s] -- Configured uncrustify additional arguments: 
[18.456s] -- Added test 'xmllint' to check XML markup files
[18.487s] -- Configuring done
[18.933s] -- Generating done
[18.937s] -- Build files have been written to: /home/rsa2021/comp3431-team-neo/image_pipeline/image_publisher/build/image_publisher
[19.018s] Invoked command in '/home/rsa2021/comp3431-team-neo/image_pipeline/image_publisher/build/image_publisher' returned '0': CMAKE_PREFIX_PATH=/opt/ros/foxy /usr/bin/cmake /home/rsa2021/comp3431-team-neo/image_pipeline/image_publisher -DCMAKE_INSTALL_PREFIX=/home/rsa2021/comp3431-team-neo/image_pipeline/image_publisher/install/image_publisher
[19.040s] Invoking command in '/home/rsa2021/comp3431-team-neo/image_pipeline/image_publisher/build/image_publisher': CMAKE_PREFIX_PATH=/opt/ros/foxy /usr/bin/cmake --build /home/rsa2021/comp3431-team-neo/image_pipeline/image_publisher/build/image_publisher -- -j3 -l3
[19.194s] [35m[1mScanning dependencies of target image_publisher[0m
[20.472s] [ 25%] [32mBuilding CXX object CMakeFiles/image_publisher.dir/src/image_publisher.cpp.o[0m
[54.127s] [ 50%] [32m[1mLinking CXX shared library libimage_publisher.so[0m
[56.137s] [ 50%] Built target image_publisher
[56.245s] [35m[1mScanning dependencies of target image_publisher_node[0m
[56.692s] [ 75%] [32mBuilding CXX object CMakeFiles/image_publisher_node.dir/src/image_publisher_node.cpp.o[0m
[67.990s] [100%] [32m[1mLinking CXX executable image_publisher_node[0m
[71.571s] [100%] Built target image_publisher_node
[71.637s] Invoked command in '/home/rsa2021/comp3431-team-neo/image_pipeline/image_publisher/build/image_publisher' returned '0': CMAKE_PREFIX_PATH=/opt/ros/foxy /usr/bin/cmake --build /home/rsa2021/comp3431-team-neo/image_pipeline/image_publisher/build/image_publisher -- -j3 -l3
[71.984s] Invoking command in '/home/rsa2021/comp3431-team-neo/image_pipeline/image_publisher/build/image_publisher': CMAKE_PREFIX_PATH=/opt/ros/foxy /usr/bin/cmake --install /home/rsa2021/comp3431-team-neo/image_pipeline/image_publisher/build/image_publisher
[72.043s] -- Install configuration: ""
[72.043s] -- Installing: /home/rsa2021/comp3431-team-neo/image_pipeline/image_publisher/install/image_publisher/include
[72.045s] -- Installing: /home/rsa2021/comp3431-team-neo/image_pipeline/image_publisher/install/image_publisher/include/image_publisher
[72.046s] -- Installing: /home/rsa2021/comp3431-team-neo/image_pipeline/image_publisher/install/image_publisher/include/image_publisher/visibility.h
[72.046s] -- Installing: /home/rsa2021/comp3431-team-neo/image_pipeline/image_publisher/install/image_publisher/include/image_publisher/image_publisher.hpp
[72.046s] -- Installing: /home/rsa2021/comp3431-team-neo/image_pipeline/image_publisher/install/image_publisher/share/image_publisher/environment/library_path.sh
[72.048s] -- Installing: /home/rsa2021/comp3431-team-neo/image_pipeline/image_publisher/install/image_publisher/share/image_publisher/environment/library_path.dsv
[72.048s] -- Installing: /home/rsa2021/comp3431-team-neo/image_pipeline/image_publisher/install/image_publisher/lib/libimage_publisher.so
[72.071s] -- Set runtime path of "/home/rsa2021/comp3431-team-neo/image_pipeline/image_publisher/install/image_publisher/lib/libimage_publisher.so" to ""
[72.074s] -- Installing: /home/rsa2021/comp3431-team-neo/image_pipeline/image_publisher/install/image_publisher/lib/image_publisher/image_publisher_node
[72.077s] -- Set runtime path of "/home/rsa2021/comp3431-team-neo/image_pipeline/image_publisher/install/image_publisher/lib/image_publisher/image_publisher_node" to ""
[72.077s] -- Installing: /home/rsa2021/comp3431-team-neo/image_pipeline/image_publisher/install/image_publisher/share/image_publisher/launch
[72.077s] -- Installing: /home/rsa2021/comp3431-team-neo/image_pipeline/image_publisher/install/image_publisher/share/image_publisher/launch/image_publisher_file.launch.py
[72.078s] -- Installing: /home/rsa2021/comp3431-team-neo/image_pipeline/image_publisher/install/image_publisher/share/image_publisher/launch/image_publisher_mono.launch.py
[72.078s] -- Installing: /home/rsa2021/comp3431-team-neo/image_pipeline/image_publisher/install/image_publisher/share/image_publisher/launch/image_publisher_stereo.launch.py
[72.078s] -- Installing: /home/rsa2021/comp3431-team-neo/image_pipeline/image_publisher/install/image_publisher/share/image_publisher/launch/splash.png
[72.085s] -- Installing: /home/rsa2021/comp3431-team-neo/image_pipeline/image_publisher/install/image_publisher/share/ament_index/resource_index/package_run_dependencies/image_publisher
[72.085s] -- Installing: /home/rsa2021/comp3431-team-neo/image_pipeline/image_publisher/install/image_publisher/share/ament_index/resource_index/parent_prefix_path/image_publisher
[72.085s] -- Installing: /home/rsa2021/comp3431-team-neo/image_pipeline/image_publisher/install/image_publisher/share/image_publisher/environment/ament_prefix_path.sh
[72.086s] -- Installing: /home/rsa2021/comp3431-team-neo/image_pipeline/image_publisher/install/image_publisher/share/image_publisher/environment/ament_prefix_path.dsv
[72.086s] -- Installing: /home/rsa2021/comp3431-team-neo/image_pipeline/image_publisher/install/image_publisher/share/image_publisher/environment/path.sh
[72.087s] -- Installing: /home/rsa2021/comp3431-team-neo/image_pipeline/image_publisher/install/image_publisher/share/image_publisher/environment/path.dsv
[72.087s] -- Installing: /home/rsa2021/comp3431-team-neo/image_pipeline/image_publisher/install/image_publisher/share/image_publisher/local_setup.bash
[72.088s] -- Installing: /home/rsa2021/comp3431-team-neo/image_pipeline/image_publisher/install/image_publisher/share/image_publisher/local_setup.sh
[72.089s] -- Installing: /home/rsa2021/comp3431-team-neo/image_pipeline/image_publisher/install/image_publisher/share/image_publisher/local_setup.zsh
[72.090s] -- Installing: /home/rsa2021/comp3431-team-neo/image_pipeline/image_publisher/install/image_publisher/share/image_publisher/local_setup.dsv
[72.099s] -- Installing: /home/rsa2021/comp3431-team-neo/image_pipeline/image_publisher/install/image_publisher/share/image_publisher/package.dsv
[72.111s] -- Installing: /home/rsa2021/comp3431-team-neo/image_pipeline/image_publisher/install/image_publisher/share/ament_index/resource_index/packages/image_publisher
[72.113s] -- Installing: /home/rsa2021/comp3431-team-neo/image_pipeline/image_publisher/install/image_publisher/share/ament_index/resource_index/rclcpp_components/image_publisher
[72.113s] -- Installing: /home/rsa2021/comp3431-team-neo/image_pipeline/image_publisher/install/image_publisher/share/image_publisher/cmake/ament_cmake_export_dependencies-extras.cmake
[72.114s] -- Installing: /home/rsa2021/comp3431-team-neo/image_pipeline/image_publisher/install/image_publisher/share/image_publisher/cmake/ament_cmake_export_include_directories-extras.cmake
[72.114s] -- Installing: /home/rsa2021/comp3431-team-neo/image_pipeline/image_publisher/install/image_publisher/share/image_publisher/cmake/ament_cmake_export_libraries-extras.cmake
[72.150s] -- Installing: /home/rsa2021/comp3431-team-neo/image_pipeline/image_publisher/install/image_publisher/share/image_publisher/cmake/image_publisherConfig.cmake
[72.151s] -- Installing: /home/rsa2021/comp3431-team-neo/image_pipeline/image_publisher/install/image_publisher/share/image_publisher/cmake/image_publisherConfig-version.cmake
[72.151s] -- Installing: /home/rsa2021/comp3431-team-neo/image_pipeline/image_publisher/install/image_publisher/share/image_publisher/package.xml
[72.151s] Invoked command in '/home/rsa2021/comp3431-team-neo/image_pipeline/image_publisher/build/image_publisher' returned '0': CMAKE_PREFIX_PATH=/opt/ros/foxy /usr/bin/cmake --install /home/rsa2021/comp3431-team-neo/image_pipeline/image_publisher/build/image_publisher
