[0.644s] DEBUG:colcon:Command line arguments: ['/usr/bin/colcon', 'build']
[0.644s] DEBUG:colcon:Parsed command line arguments: Namespace(ament_cmake_args=None, base_paths=['.'], build_base='build', catkin_cmake_args=None, catkin_skip_building_tests=False, cmake_args=None, cmake_clean_cache=False, cmake_clean_first=False, cmake_force_configure=False, cmake_target=None, cmake_target_skip_unavailable=False, continue_on_error=False, event_handlers=None, executor='parallel', ignore_user_meta=False, install_base='install', log_base=None, log_level=None, main=<bound method BuildVerb.main of <colcon_core.verb.build.BuildVerb object at 0x7f5cc4ec7a90>>, merge_install=False, metas=['./colcon.meta'], packages_above=None, packages_above_and_dependencies=None, packages_above_depth=None, packages_end=None, packages_ignore=None, packages_ignore_regex=None, packages_select=None, packages_select_build_failed=False, packages_select_by_dep=None, packages_select_regex=None, packages_select_test_failures=False, packages_skip=None, packages_skip_build_finished=False, packages_skip_by_dep=None, packages_skip_regex=None, packages_skip_test_passed=False, packages_skip_up_to=None, packages_start=None, packages_up_to=None, packages_up_to_regex=None, parallel_workers=3, paths=None, symlink_install=False, test_result_base=None, verb_extension=<colcon_core.verb.build.BuildVerb object at 0x7f5cc4ec7a90>, verb_name='build', verb_parser=<colcon_defaults.argument_parser.defaults.DefaultArgumentsDecorator object at 0x7f5cc4ed6040>)
[0.653s] Level 1:colcon.colcon_core.package_discovery:discover_packages(colcon_meta) check parameters
[0.653s] Level 1:colcon.colcon_core.package_discovery:discover_packages(recursive) check parameters
[0.653s] Level 1:colcon.colcon_core.package_discovery:discover_packages(ignore) check parameters
[0.653s] Level 1:colcon.colcon_core.package_discovery:discover_packages(path) check parameters
[0.653s] Level 1:colcon.colcon_core.package_discovery:discover_packages(colcon_meta) discover
[0.653s] Level 1:colcon.colcon_core.package_discovery:discover_packages(recursive) discover
[0.653s] INFO:colcon.colcon_core.package_discovery:Crawling recursively for packages in '/home/rsa2021/comp3431-team-neo/starter_code'
[0.653s] Level 1:colcon.colcon_core.package_identification:_identify(.) by extensions ['ignore', 'ignore_ament_install']
[0.653s] Level 1:colcon.colcon_core.package_identification:_identify(.) by extension 'ignore'
[0.653s] Level 1:colcon.colcon_core.package_identification:_identify(.) by extension 'ignore_ament_install'
[0.654s] Level 1:colcon.colcon_core.package_identification:_identify(.) by extensions ['colcon_pkg']
[0.654s] Level 1:colcon.colcon_core.package_identification:_identify(.) by extension 'colcon_pkg'
[0.654s] Level 1:colcon.colcon_core.package_identification:_identify(.) by extensions ['colcon_meta']
[0.654s] Level 1:colcon.colcon_core.package_identification:_identify(.) by extension 'colcon_meta'
[0.654s] Level 1:colcon.colcon_core.package_identification:_identify(.) by extensions ['ros']
[0.654s] Level 1:colcon.colcon_core.package_identification:_identify(.) by extension 'ros'
[0.678s] Level 1:colcon.colcon_core.package_identification:_identify(.) by extensions ['cmake', 'python']
[0.678s] Level 1:colcon.colcon_core.package_identification:_identify(.) by extension 'cmake'
[0.678s] Level 1:colcon.colcon_core.package_identification:_identify(.) by extension 'python'
[0.678s] Level 1:colcon.colcon_core.package_identification:_identify(.) by extensions ['python_setup_py']
[0.678s] Level 1:colcon.colcon_core.package_identification:_identify(.) by extension 'python_setup_py'
[0.679s] Level 1:colcon.colcon_core.package_identification:_identify(build) by extensions ['ignore', 'ignore_ament_install']
[0.679s] Level 1:colcon.colcon_core.package_identification:_identify(build) by extension 'ignore'
[0.679s] Level 1:colcon.colcon_core.package_identification:_identify(build) ignored
[0.679s] Level 1:colcon.colcon_core.package_identification:_identify(install) by extensions ['ignore', 'ignore_ament_install']
[0.679s] Level 1:colcon.colcon_core.package_identification:_identify(install) by extension 'ignore'
[0.680s] Level 1:colcon.colcon_core.package_identification:_identify(install) ignored
[0.680s] Level 1:colcon.colcon_core.package_identification:_identify(log) by extensions ['ignore', 'ignore_ament_install']
[0.680s] Level 1:colcon.colcon_core.package_identification:_identify(log) by extension 'ignore'
[0.680s] Level 1:colcon.colcon_core.package_identification:_identify(log) ignored
[0.680s] Level 1:colcon.colcon_core.package_identification:_identify(src) by extensions ['ignore', 'ignore_ament_install']
[0.680s] Level 1:colcon.colcon_core.package_identification:_identify(src) by extension 'ignore'
[0.680s] Level 1:colcon.colcon_core.package_identification:_identify(src) by extension 'ignore_ament_install'
[0.680s] Level 1:colcon.colcon_core.package_identification:_identify(src) by extensions ['colcon_pkg']
[0.681s] Level 1:colcon.colcon_core.package_identification:_identify(src) by extension 'colcon_pkg'
[0.681s] Level 1:colcon.colcon_core.package_identification:_identify(src) by extensions ['colcon_meta']
[0.681s] Level 1:colcon.colcon_core.package_identification:_identify(src) by extension 'colcon_meta'
[0.681s] Level 1:colcon.colcon_core.package_identification:_identify(src) by extensions ['ros']
[0.681s] Level 1:colcon.colcon_core.package_identification:_identify(src) by extension 'ros'
[0.681s] Level 1:colcon.colcon_core.package_identification:_identify(src) by extensions ['cmake', 'python']
[0.681s] Level 1:colcon.colcon_core.package_identification:_identify(src) by extension 'cmake'
[0.681s] Level 1:colcon.colcon_core.package_identification:_identify(src) by extension 'python'
[0.681s] Level 1:colcon.colcon_core.package_identification:_identify(src) by extensions ['python_setup_py']
[0.681s] Level 1:colcon.colcon_core.package_identification:_identify(src) by extension 'python_setup_py'
[0.682s] Level 1:colcon.colcon_core.package_identification:_identify(src/comp3431-rsa) by extensions ['ignore', 'ignore_ament_install']
[0.682s] Level 1:colcon.colcon_core.package_identification:_identify(src/comp3431-rsa) by extension 'ignore'
[0.682s] Level 1:colcon.colcon_core.package_identification:_identify(src/comp3431-rsa) by extension 'ignore_ament_install'
[0.682s] Level 1:colcon.colcon_core.package_identification:_identify(src/comp3431-rsa) by extensions ['colcon_pkg']
[0.682s] Level 1:colcon.colcon_core.package_identification:_identify(src/comp3431-rsa) by extension 'colcon_pkg'
[0.683s] Level 1:colcon.colcon_core.package_identification:_identify(src/comp3431-rsa) by extensions ['colcon_meta']
[0.683s] Level 1:colcon.colcon_core.package_identification:_identify(src/comp3431-rsa) by extension 'colcon_meta'
[0.683s] Level 1:colcon.colcon_core.package_identification:_identify(src/comp3431-rsa) by extensions ['ros']
[0.683s] Level 1:colcon.colcon_core.package_identification:_identify(src/comp3431-rsa) by extension 'ros'
[0.683s] Level 1:colcon.colcon_core.package_identification:_identify(src/comp3431-rsa) by extensions ['cmake', 'python']
[0.683s] Level 1:colcon.colcon_core.package_identification:_identify(src/comp3431-rsa) by extension 'cmake'
[0.683s] Level 1:colcon.colcon_core.package_identification:_identify(src/comp3431-rsa) by extension 'python'
[0.683s] Level 1:colcon.colcon_core.package_identification:_identify(src/comp3431-rsa) by extensions ['python_setup_py']
[0.683s] Level 1:colcon.colcon_core.package_identification:_identify(src/comp3431-rsa) by extension 'python_setup_py'
[0.683s] Level 1:colcon.colcon_core.package_identification:_identify(src/comp3431-rsa/comp3431_starter) by extensions ['ignore', 'ignore_ament_install']
[0.683s] Level 1:colcon.colcon_core.package_identification:_identify(src/comp3431-rsa/comp3431_starter) by extension 'ignore'
[0.684s] Level 1:colcon.colcon_core.package_identification:_identify(src/comp3431-rsa/comp3431_starter) by extension 'ignore_ament_install'
[0.684s] Level 1:colcon.colcon_core.package_identification:_identify(src/comp3431-rsa/comp3431_starter) by extensions ['colcon_pkg']
[0.684s] Level 1:colcon.colcon_core.package_identification:_identify(src/comp3431-rsa/comp3431_starter) by extension 'colcon_pkg'
[0.684s] Level 1:colcon.colcon_core.package_identification:_identify(src/comp3431-rsa/comp3431_starter) by extensions ['colcon_meta']
[0.684s] Level 1:colcon.colcon_core.package_identification:_identify(src/comp3431-rsa/comp3431_starter) by extension 'colcon_meta'
[0.684s] Level 1:colcon.colcon_core.package_identification:_identify(src/comp3431-rsa/comp3431_starter) by extensions ['ros']
[0.684s] Level 1:colcon.colcon_core.package_identification:_identify(src/comp3431-rsa/comp3431_starter) by extension 'ros'
[0.688s] DEBUG:colcon.colcon_core.package_identification:Package 'src/comp3431-rsa/comp3431_starter' with type 'ros.ament_cmake' and name 'comp3431_starter'
[0.689s] Level 1:colcon.colcon_core.package_identification:_identify(src/point_pubsub) by extensions ['ignore', 'ignore_ament_install']
[0.689s] Level 1:colcon.colcon_core.package_identification:_identify(src/point_pubsub) by extension 'ignore'
[0.689s] Level 1:colcon.colcon_core.package_identification:_identify(src/point_pubsub) by extension 'ignore_ament_install'
[0.689s] Level 1:colcon.colcon_core.package_identification:_identify(src/point_pubsub) by extensions ['colcon_pkg']
[0.689s] Level 1:colcon.colcon_core.package_identification:_identify(src/point_pubsub) by extension 'colcon_pkg'
[0.690s] Level 1:colcon.colcon_core.package_identification:_identify(src/point_pubsub) by extensions ['colcon_meta']
[0.690s] Level 1:colcon.colcon_core.package_identification:_identify(src/point_pubsub) by extension 'colcon_meta'
[0.690s] Level 1:colcon.colcon_core.package_identification:_identify(src/point_pubsub) by extensions ['ros']
[0.690s] Level 1:colcon.colcon_core.package_identification:_identify(src/point_pubsub) by extension 'ros'
[0.693s] DEBUG:colcon.colcon_core.package_identification:Package 'src/point_pubsub' with type 'ros.ament_cmake' and name 'point_pubsub'
[0.693s] Level 1:colcon.colcon_core.package_discovery:discover_packages(recursive) using defaults
[0.693s] Level 1:colcon.colcon_core.package_discovery:discover_packages(ignore) discover
[0.693s] Level 1:colcon.colcon_core.package_discovery:discover_packages(ignore) using defaults
[0.693s] Level 1:colcon.colcon_core.package_discovery:discover_packages(path) discover
[0.693s] Level 1:colcon.colcon_core.package_discovery:discover_packages(path) using defaults
[0.737s] Level 5:colcon.colcon_core.verb:set package 'comp3431_starter' build argument 'cmake_args' from command line to 'None'
[0.738s] Level 5:colcon.colcon_core.verb:set package 'comp3431_starter' build argument 'cmake_target' from command line to 'None'
[0.738s] Level 5:colcon.colcon_core.verb:set package 'comp3431_starter' build argument 'cmake_target_skip_unavailable' from command line to 'False'
[0.738s] Level 5:colcon.colcon_core.verb:set package 'comp3431_starter' build argument 'cmake_clean_cache' from command line to 'False'
[0.738s] Level 5:colcon.colcon_core.verb:set package 'comp3431_starter' build argument 'cmake_clean_first' from command line to 'False'
[0.738s] Level 5:colcon.colcon_core.verb:set package 'comp3431_starter' build argument 'cmake_force_configure' from command line to 'False'
[0.738s] Level 5:colcon.colcon_core.verb:set package 'comp3431_starter' build argument 'ament_cmake_args' from command line to 'None'
[0.738s] Level 5:colcon.colcon_core.verb:set package 'comp3431_starter' build argument 'catkin_cmake_args' from command line to 'None'
[0.738s] Level 5:colcon.colcon_core.verb:set package 'comp3431_starter' build argument 'catkin_skip_building_tests' from command line to 'False'
[0.739s] DEBUG:colcon.colcon_core.verb:Building package 'comp3431_starter' with the following arguments: {'ament_cmake_args': None, 'build_base': '/home/rsa2021/comp3431-team-neo/starter_code/build/comp3431_starter', 'catkin_cmake_args': None, 'catkin_skip_building_tests': False, 'cmake_args': None, 'cmake_clean_cache': False, 'cmake_clean_first': False, 'cmake_force_configure': False, 'cmake_target': None, 'cmake_target_skip_unavailable': False, 'install_base': '/home/rsa2021/comp3431-team-neo/starter_code/install/comp3431_starter', 'merge_install': False, 'path': '/home/rsa2021/comp3431-team-neo/starter_code/src/comp3431-rsa/comp3431_starter', 'symlink_install': False, 'test_result_base': None}
[0.744s] Level 5:colcon.colcon_core.verb:set package 'point_pubsub' build argument 'cmake_args' from command line to 'None'
[0.744s] Level 5:colcon.colcon_core.verb:set package 'point_pubsub' build argument 'cmake_target' from command line to 'None'
[0.744s] Level 5:colcon.colcon_core.verb:set package 'point_pubsub' build argument 'cmake_target_skip_unavailable' from command line to 'False'
[0.744s] Level 5:colcon.colcon_core.verb:set package 'point_pubsub' build argument 'cmake_clean_cache' from command line to 'False'
[0.744s] Level 5:colcon.colcon_core.verb:set package 'point_pubsub' build argument 'cmake_clean_first' from command line to 'False'
[0.744s] Level 5:colcon.colcon_core.verb:set package 'point_pubsub' build argument 'cmake_force_configure' from command line to 'False'
[0.744s] Level 5:colcon.colcon_core.verb:set package 'point_pubsub' build argument 'ament_cmake_args' from command line to 'None'
[0.744s] Level 5:colcon.colcon_core.verb:set package 'point_pubsub' build argument 'catkin_cmake_args' from command line to 'None'
[0.744s] Level 5:colcon.colcon_core.verb:set package 'point_pubsub' build argument 'catkin_skip_building_tests' from command line to 'False'
[0.744s] DEBUG:colcon.colcon_core.verb:Building package 'point_pubsub' with the following arguments: {'ament_cmake_args': None, 'build_base': '/home/rsa2021/comp3431-team-neo/starter_code/build/point_pubsub', 'catkin_cmake_args': None, 'catkin_skip_building_tests': False, 'cmake_args': None, 'cmake_clean_cache': False, 'cmake_clean_first': False, 'cmake_force_configure': False, 'cmake_target': None, 'cmake_target_skip_unavailable': False, 'install_base': '/home/rsa2021/comp3431-team-neo/starter_code/install/point_pubsub', 'merge_install': False, 'path': '/home/rsa2021/comp3431-team-neo/starter_code/src/point_pubsub', 'symlink_install': False, 'test_result_base': None}
[0.745s] INFO:colcon.colcon_core.executor:Executing jobs using 'parallel' executor
[0.748s] DEBUG:colcon.colcon_parallel_executor.executor.parallel:run_until_complete
[0.748s] INFO:colcon.colcon_ros.task.ament_cmake.build:Building ROS package in '/home/rsa2021/comp3431-team-neo/starter_code/src/comp3431-rsa/comp3431_starter' with build type 'ament_cmake'
[0.749s] INFO:colcon.colcon_cmake.task.cmake.build:Building CMake package in '/home/rsa2021/comp3431-team-neo/starter_code/src/comp3431-rsa/comp3431_starter'
[0.760s] INFO:colcon.colcon_core.plugin_system:Skipping extension 'colcon_core.shell.bat': Not used on non-Windows systems
[0.760s] INFO:colcon.colcon_core.shell:Skip shell extension 'powershell' for command environment: Not usable outside of PowerShell
[0.761s] DEBUG:colcon.colcon_core.shell:Skip shell extension 'dsv' for command environment
[0.765s] DEBUG:colcon.colcon_core.shell:Ignoring prefix path '/opt/ros/foxy'
[0.773s] INFO:colcon.colcon_ros.task.ament_cmake.build:Building ROS package in '/home/rsa2021/comp3431-team-neo/starter_code/src/point_pubsub' with build type 'ament_cmake'
[0.773s] INFO:colcon.colcon_cmake.task.cmake.build:Building CMake package in '/home/rsa2021/comp3431-team-neo/starter_code/src/point_pubsub'
[0.775s] INFO:colcon.colcon_core.shell:Skip shell extension 'powershell' for command environment: Not usable outside of PowerShell
[0.775s] DEBUG:colcon.colcon_core.shell:Skip shell extension 'dsv' for command environment
[0.777s] DEBUG:colcon.colcon_core.shell:Ignoring prefix path '/opt/ros/foxy'
[0.808s] DEBUG:colcon.colcon_core.event_handler.log_command:Invoking command in '/home/rsa2021/comp3431-team-neo/starter_code/build/comp3431_starter': CMAKE_PREFIX_PATH=/opt/ros/foxy /usr/bin/cmake --build /home/rsa2021/comp3431-team-neo/starter_code/build/comp3431_starter -- -j3 -l3
[0.839s] DEBUG:colcon.colcon_core.event_handler.log_command:Invoking command in '/home/rsa2021/comp3431-team-neo/starter_code/build/point_pubsub': CMAKE_PREFIX_PATH=/opt/ros/foxy /usr/bin/cmake --build /home/rsa2021/comp3431-team-neo/starter_code/build/point_pubsub -- -j3 -l3
[1.359s] DEBUG:colcon.colcon_core.event_handler.log_command:Invoked command in '/home/rsa2021/comp3431-team-neo/starter_code/build/comp3431_starter' returned '0': CMAKE_PREFIX_PATH=/opt/ros/foxy /usr/bin/cmake --build /home/rsa2021/comp3431-team-neo/starter_code/build/comp3431_starter -- -j3 -l3
[1.811s] DEBUG:colcon.colcon_core.event_handler.log_command:Invoking command in '/home/rsa2021/comp3431-team-neo/starter_code/build/comp3431_starter': CMAKE_PREFIX_PATH=/opt/ros/foxy /usr/bin/cmake --install /home/rsa2021/comp3431-team-neo/starter_code/build/comp3431_starter
[1.969s] Level 1:colcon.colcon_core.environment:create_environment_scripts_only(comp3431_starter)
[1.971s] DEBUG:colcon.colcon_core.event_handler.log_command:Invoked command in '/home/rsa2021/comp3431-team-neo/starter_code/build/comp3431_starter' returned '0': CMAKE_PREFIX_PATH=/opt/ros/foxy /usr/bin/cmake --install /home/rsa2021/comp3431-team-neo/starter_code/build/comp3431_starter
[1.976s] Level 1:colcon.colcon_core.environment:checking '/home/rsa2021/comp3431-team-neo/starter_code/install/comp3431_starter' for CMake module files
[1.991s] Level 1:colcon.colcon_core.environment:checking '/home/rsa2021/comp3431-team-neo/starter_code/install/comp3431_starter' for CMake config files
[2.000s] Level 1:colcon.colcon_core.shell:create_environment_hook('comp3431_starter', 'cmake_prefix_path')
[2.004s] INFO:colcon.colcon_core.shell:Creating environment hook '/home/rsa2021/comp3431-team-neo/starter_code/install/comp3431_starter/share/comp3431_starter/hook/cmake_prefix_path.ps1'
[2.006s] INFO:colcon.colcon_core.shell:Creating environment descriptor '/home/rsa2021/comp3431-team-neo/starter_code/install/comp3431_starter/share/comp3431_starter/hook/cmake_prefix_path.dsv'
[2.007s] INFO:colcon.colcon_core.shell:Creating environment hook '/home/rsa2021/comp3431-team-neo/starter_code/install/comp3431_starter/share/comp3431_starter/hook/cmake_prefix_path.sh'
[2.009s] Level 1:colcon.colcon_core.environment:checking '/home/rsa2021/comp3431-team-neo/starter_code/install/comp3431_starter/lib'
[2.010s] Level 1:colcon.colcon_core.environment:checking '/home/rsa2021/comp3431-team-neo/starter_code/install/comp3431_starter/bin'
[2.010s] Level 1:colcon.colcon_core.environment:checking '/home/rsa2021/comp3431-team-neo/starter_code/install/comp3431_starter/lib/pkgconfig/comp3431_starter.pc'
[2.010s] Level 1:colcon.colcon_core.environment:checking '/home/rsa2021/comp3431-team-neo/starter_code/install/comp3431_starter/lib/python3.8/site-packages'
[2.012s] INFO:colcon.colcon_core.shell:Creating package script '/home/rsa2021/comp3431-team-neo/starter_code/install/comp3431_starter/share/comp3431_starter/package.ps1'
[2.025s] INFO:colcon.colcon_core.shell:Creating package descriptor '/home/rsa2021/comp3431-team-neo/starter_code/install/comp3431_starter/share/comp3431_starter/package.dsv'
[2.026s] INFO:colcon.colcon_core.shell:Creating package script '/home/rsa2021/comp3431-team-neo/starter_code/install/comp3431_starter/share/comp3431_starter/package.sh'
[2.042s] INFO:colcon.colcon_core.shell:Creating package script '/home/rsa2021/comp3431-team-neo/starter_code/install/comp3431_starter/share/comp3431_starter/package.bash'
[2.046s] INFO:colcon.colcon_core.shell:Creating package script '/home/rsa2021/comp3431-team-neo/starter_code/install/comp3431_starter/share/comp3431_starter/package.zsh'
[2.057s] Level 1:colcon.colcon_core.environment:create_file_with_runtime_dependencies(/home/rsa2021/comp3431-team-neo/starter_code/install/comp3431_starter/share/colcon-core/packages/comp3431_starter)
[2.281s] Level 1:colcon.colcon_core.environment:create_environment_scripts_only(comp3431_starter)
[2.282s] Level 1:colcon.colcon_core.environment:checking '/home/rsa2021/comp3431-team-neo/starter_code/install/comp3431_starter' for CMake module files
[2.283s] Level 1:colcon.colcon_core.environment:checking '/home/rsa2021/comp3431-team-neo/starter_code/install/comp3431_starter' for CMake config files
[2.284s] Level 1:colcon.colcon_core.shell:create_environment_hook('comp3431_starter', 'cmake_prefix_path')
[2.285s] INFO:colcon.colcon_core.shell:Creating environment hook '/home/rsa2021/comp3431-team-neo/starter_code/install/comp3431_starter/share/comp3431_starter/hook/cmake_prefix_path.ps1'
[2.286s] INFO:colcon.colcon_core.shell:Creating environment descriptor '/home/rsa2021/comp3431-team-neo/starter_code/install/comp3431_starter/share/comp3431_starter/hook/cmake_prefix_path.dsv'
[2.287s] INFO:colcon.colcon_core.shell:Creating environment hook '/home/rsa2021/comp3431-team-neo/starter_code/install/comp3431_starter/share/comp3431_starter/hook/cmake_prefix_path.sh'
[2.288s] Level 1:colcon.colcon_core.environment:checking '/home/rsa2021/comp3431-team-neo/starter_code/install/comp3431_starter/lib'
[2.288s] Level 1:colcon.colcon_core.environment:checking '/home/rsa2021/comp3431-team-neo/starter_code/install/comp3431_starter/bin'
[2.288s] Level 1:colcon.colcon_core.environment:checking '/home/rsa2021/comp3431-team-neo/starter_code/install/comp3431_starter/lib/pkgconfig/comp3431_starter.pc'
[2.288s] Level 1:colcon.colcon_core.environment:checking '/home/rsa2021/comp3431-team-neo/starter_code/install/comp3431_starter/lib/python3.8/site-packages'
[2.289s] INFO:colcon.colcon_core.shell:Creating package script '/home/rsa2021/comp3431-team-neo/starter_code/install/comp3431_starter/share/comp3431_starter/package.ps1'
[2.293s] INFO:colcon.colcon_core.shell:Creating package descriptor '/home/rsa2021/comp3431-team-neo/starter_code/install/comp3431_starter/share/comp3431_starter/package.dsv'
[2.299s] INFO:colcon.colcon_core.shell:Creating package script '/home/rsa2021/comp3431-team-neo/starter_code/install/comp3431_starter/share/comp3431_starter/package.sh'
[2.300s] INFO:colcon.colcon_core.shell:Creating package script '/home/rsa2021/comp3431-team-neo/starter_code/install/comp3431_starter/share/comp3431_starter/package.bash'
[2.300s] INFO:colcon.colcon_core.shell:Creating package script '/home/rsa2021/comp3431-team-neo/starter_code/install/comp3431_starter/share/comp3431_starter/package.zsh'
[2.302s] Level 1:colcon.colcon_core.environment:create_file_with_runtime_dependencies(/home/rsa2021/comp3431-team-neo/starter_code/install/comp3431_starter/share/colcon-core/packages/comp3431_starter)
[9.731s] DEBUG:colcon.colcon_core.event_handler.log_command:Invoked command in '/home/rsa2021/comp3431-team-neo/starter_code/build/point_pubsub' returned '2': CMAKE_PREFIX_PATH=/opt/ros/foxy /usr/bin/cmake --build /home/rsa2021/comp3431-team-neo/starter_code/build/point_pubsub -- -j3 -l3
[9.820s] Level 1:colcon.colcon_core.environment:create_environment_scripts_only(point_pubsub)
[9.825s] Level 1:colcon.colcon_core.environment:checking '/home/rsa2021/comp3431-team-neo/starter_code/install/point_pubsub' for CMake module files
[9.827s] Level 1:colcon.colcon_core.environment:checking '/home/rsa2021/comp3431-team-neo/starter_code/install/point_pubsub' for CMake config files
[9.828s] Level 1:colcon.colcon_core.environment:checking '/home/rsa2021/comp3431-team-neo/starter_code/install/point_pubsub/bin'
[9.829s] Level 1:colcon.colcon_core.environment:checking '/home/rsa2021/comp3431-team-neo/starter_code/install/point_pubsub/lib/pkgconfig/point_pubsub.pc'
[9.829s] Level 1:colcon.colcon_core.environment:checking '/home/rsa2021/comp3431-team-neo/starter_code/install/point_pubsub/lib/python3.8/site-packages'
[9.832s] INFO:colcon.colcon_core.shell:Creating package script '/home/rsa2021/comp3431-team-neo/starter_code/install/point_pubsub/share/point_pubsub/package.ps1'
[9.837s] INFO:colcon.colcon_core.shell:Creating package descriptor '/home/rsa2021/comp3431-team-neo/starter_code/install/point_pubsub/share/point_pubsub/package.dsv'
[9.842s] INFO:colcon.colcon_core.shell:Creating package script '/home/rsa2021/comp3431-team-neo/starter_code/install/point_pubsub/share/point_pubsub/package.sh'
[9.849s] INFO:colcon.colcon_core.shell:Creating package script '/home/rsa2021/comp3431-team-neo/starter_code/install/point_pubsub/share/point_pubsub/package.bash'
[9.851s] INFO:colcon.colcon_core.shell:Creating package script '/home/rsa2021/comp3431-team-neo/starter_code/install/point_pubsub/share/point_pubsub/package.zsh'
[9.854s] Level 1:colcon.colcon_core.environment:create_file_with_runtime_dependencies(/home/rsa2021/comp3431-team-neo/starter_code/install/point_pubsub/share/colcon-core/packages/point_pubsub)
[9.861s] DEBUG:colcon.colcon_parallel_executor.executor.parallel:closing loop
[9.867s] DEBUG:colcon.colcon_parallel_executor.executor.parallel:loop closed
[9.867s] DEBUG:colcon.colcon_parallel_executor.executor.parallel:run_until_complete finished with '2'
[9.868s] DEBUG:colcon.colcon_core.event_reactor:joining thread
[9.892s] INFO:colcon.colcon_core.plugin_system:Skipping extension 'colcon_notification.desktop_notification.terminal_notifier': Not used on non-Darwin systems
[9.892s] INFO:colcon.colcon_core.plugin_system:Skipping extension 'colcon_notification.desktop_notification.win32': Not used on non-Windows systems
[9.893s] INFO:colcon.colcon_notification.desktop_notification:Sending desktop notification using 'notify2'
[9.954s] DEBUG:colcon.colcon_core.event_reactor:joined thread
[9.957s] INFO:colcon.colcon_core.shell:Creating prefix script '/home/rsa2021/comp3431-team-neo/starter_code/install/local_setup.ps1'
[9.961s] INFO:colcon.colcon_core.shell:Creating prefix util module '/home/rsa2021/comp3431-team-neo/starter_code/install/_local_setup_util_ps1.py'
[9.965s] INFO:colcon.colcon_core.shell:Creating prefix chain script '/home/rsa2021/comp3431-team-neo/starter_code/install/setup.ps1'
[9.969s] INFO:colcon.colcon_core.shell:Creating prefix script '/home/rsa2021/comp3431-team-neo/starter_code/install/local_setup.sh'
[9.980s] INFO:colcon.colcon_core.shell:Creating prefix util module '/home/rsa2021/comp3431-team-neo/starter_code/install/_local_setup_util_sh.py'
[9.984s] INFO:colcon.colcon_core.shell:Creating prefix chain script '/home/rsa2021/comp3431-team-neo/starter_code/install/setup.sh'
[9.988s] INFO:colcon.colcon_core.shell:Creating prefix script '/home/rsa2021/comp3431-team-neo/starter_code/install/local_setup.bash'
[9.990s] INFO:colcon.colcon_core.shell:Creating prefix chain script '/home/rsa2021/comp3431-team-neo/starter_code/install/setup.bash'
[9.997s] INFO:colcon.colcon_core.shell:Creating prefix script '/home/rsa2021/comp3431-team-neo/starter_code/install/local_setup.zsh'
[10.004s] INFO:colcon.colcon_core.shell:Creating prefix chain script '/home/rsa2021/comp3431-team-neo/starter_code/install/setup.zsh'
