[0.074s] Invoking command in '/home/rsa2021/comp3431-team-neo/starter_code/build/point_pubsub': CMAKE_PREFIX_PATH=${CMAKE_PREFIX_PATH}:/opt/ros/foxy /usr/bin/cmake --build /home/rsa2021/comp3431-team-neo/starter_code/build/point_pubsub -- -j3 -l3
[0.487s] [100%] Built target point_tf
[0.567s] Invoked command in '/home/rsa2021/comp3431-team-neo/starter_code/build/point_pubsub' returned '0': CMAKE_PREFIX_PATH=${CMAKE_PREFIX_PATH}:/opt/ros/foxy /usr/bin/cmake --build /home/rsa2021/comp3431-team-neo/starter_code/build/point_pubsub -- -j3 -l3
[0.964s] Invoking command in '/home/rsa2021/comp3431-team-neo/starter_code/build/point_pubsub': CMAKE_PREFIX_PATH=${CMAKE_PREFIX_PATH}:/opt/ros/foxy /usr/bin/cmake --install /home/rsa2021/comp3431-team-neo/starter_code/build/point_pubsub
[1.060s] -- Install configuration: ""
[1.074s] -- Up-to-date: /home/rsa2021/comp3431-team-neo/starter_code/install/point_pubsub/lib/point_pubsub/point_tf
[1.075s] -- Up-to-date: /home/rsa2021/comp3431-team-neo/starter_code/install/point_pubsub/share/ament_index/resource_index/package_run_dependencies/point_pubsub
[1.075s] -- Up-to-date: /home/rsa2021/comp3431-team-neo/starter_code/install/point_pubsub/share/ament_index/resource_index/parent_prefix_path/point_pubsub
[1.075s] -- Up-to-date: /home/rsa2021/comp3431-team-neo/starter_code/install/point_pubsub/share/point_pubsub/environment/ament_prefix_path.sh
[1.075s] -- Up-to-date: /home/rsa2021/comp3431-team-neo/starter_code/install/point_pubsub/share/point_pubsub/environment/ament_prefix_path.dsv
[1.075s] -- Up-to-date: /home/rsa2021/comp3431-team-neo/starter_code/install/point_pubsub/share/point_pubsub/environment/path.sh
[1.075s] -- Up-to-date: /home/rsa2021/comp3431-team-neo/starter_code/install/point_pubsub/share/point_pubsub/environment/path.dsv
[1.076s] -- Up-to-date: /home/rsa2021/comp3431-team-neo/starter_code/install/point_pubsub/share/point_pubsub/local_setup.bash
[1.076s] -- Up-to-date: /home/rsa2021/comp3431-team-neo/starter_code/install/point_pubsub/share/point_pubsub/local_setup.sh
[1.076s] -- Up-to-date: /home/rsa2021/comp3431-team-neo/starter_code/install/point_pubsub/share/point_pubsub/local_setup.zsh
[1.076s] -- Up-to-date: /home/rsa2021/comp3431-team-neo/starter_code/install/point_pubsub/share/point_pubsub/local_setup.dsv
[1.076s] -- Installing: /home/rsa2021/comp3431-team-neo/starter_code/install/point_pubsub/share/point_pubsub/package.dsv
[1.077s] -- Up-to-date: /home/rsa2021/comp3431-team-neo/starter_code/install/point_pubsub/share/ament_index/resource_index/packages/point_pubsub
[1.077s] -- Up-to-date: /home/rsa2021/comp3431-team-neo/starter_code/install/point_pubsub/share/point_pubsub/cmake/point_pubsubConfig.cmake
[1.087s] -- Up-to-date: /home/rsa2021/comp3431-team-neo/starter_code/install/point_pubsub/share/point_pubsub/cmake/point_pubsubConfig-version.cmake
[1.088s] -- Up-to-date: /home/rsa2021/comp3431-team-neo/starter_code/install/point_pubsub/share/point_pubsub/package.xml
[1.107s] Invoked command in '/home/rsa2021/comp3431-team-neo/starter_code/build/point_pubsub' returned '0': CMAKE_PREFIX_PATH=${CMAKE_PREFIX_PATH}:/opt/ros/foxy /usr/bin/cmake --install /home/rsa2021/comp3431-team-neo/starter_code/build/point_pubsub
