[0.217s] Invoking command in '/home/rsa2021/comp3431-team-neo/starter_code/build/comp3431_starter': CMAKE_PREFIX_PATH=${CMAKE_PREFIX_PATH}:/opt/ros/foxy /usr/bin/cmake --build /home/rsa2021/comp3431-team-neo/starter_code/build/comp3431_starter -- -j3 -l3
[1.591s] [100%] Built target wallFollower
[1.693s] Invoked command in '/home/rsa2021/comp3431-team-neo/starter_code/build/comp3431_starter' returned '0': CMAKE_PREFIX_PATH=${CMAKE_PREFIX_PATH}:/opt/ros/foxy /usr/bin/cmake --build /home/rsa2021/comp3431-team-neo/starter_code/build/comp3431_starter -- -j3 -l3
[2.094s] Invoking command in '/home/rsa2021/comp3431-team-neo/starter_code/build/comp3431_starter': CMAKE_PREFIX_PATH=${CMAKE_PREFIX_PATH}:/opt/ros/foxy /usr/bin/cmake --install /home/rsa2021/comp3431-team-neo/starter_code/build/comp3431_starter
[2.193s] -- Install configuration: ""
[2.205s] -- Execute custom install script
[2.218s] -- Up-to-date symlink: /home/rsa2021/comp3431-team-neo/starter_code/install/comp3431_starter/share/ament_index/resource_index/package_run_dependencies/comp3431_starter
[2.242s] -- Up-to-date symlink: /home/rsa2021/comp3431-team-neo/starter_code/install/comp3431_starter/share/ament_index/resource_index/parent_prefix_path/comp3431_starter
[2.247s] -- Up-to-date symlink: /home/rsa2021/comp3431-team-neo/starter_code/install/comp3431_starter/share/comp3431_starter/environment/ament_prefix_path.sh
[2.251s] -- Up-to-date symlink: /home/rsa2021/comp3431-team-neo/starter_code/install/comp3431_starter/share/comp3431_starter/environment/ament_prefix_path.dsv
[2.256s] -- Up-to-date symlink: /home/rsa2021/comp3431-team-neo/starter_code/install/comp3431_starter/share/comp3431_starter/environment/path.sh
[2.291s] -- Up-to-date symlink: /home/rsa2021/comp3431-team-neo/starter_code/install/comp3431_starter/share/comp3431_starter/environment/path.dsv
[2.301s] -- Up-to-date symlink: /home/rsa2021/comp3431-team-neo/starter_code/install/comp3431_starter/share/comp3431_starter/local_setup.bash
[2.317s] -- Up-to-date symlink: /home/rsa2021/comp3431-team-neo/starter_code/install/comp3431_starter/share/comp3431_starter/local_setup.sh
[2.331s] -- Up-to-date symlink: /home/rsa2021/comp3431-team-neo/starter_code/install/comp3431_starter/share/comp3431_starter/local_setup.zsh
[2.332s] -- Up-to-date symlink: /home/rsa2021/comp3431-team-neo/starter_code/install/comp3431_starter/share/comp3431_starter/local_setup.dsv
[2.332s] -- Symlinking: /home/rsa2021/comp3431-team-neo/starter_code/install/comp3431_starter/share/comp3431_starter/package.dsv
[2.448s] -- Up-to-date symlink: /home/rsa2021/comp3431-team-neo/starter_code/install/comp3431_starter/share/ament_index/resource_index/packages/comp3431_starter
[2.450s] -- Up-to-date symlink: /home/rsa2021/comp3431-team-neo/starter_code/install/comp3431_starter/share/comp3431_starter/cmake/comp3431_starterConfig.cmake
[2.453s] -- Up-to-date symlink: /home/rsa2021/comp3431-team-neo/starter_code/install/comp3431_starter/share/comp3431_starter/cmake/comp3431_starterConfig-version.cmake
[2.457s] -- Up-to-date symlink: /home/rsa2021/comp3431-team-neo/starter_code/install/comp3431_starter/share/comp3431_starter/package.xml
[2.468s] -- Up-to-date symlink: /home/rsa2021/comp3431-team-neo/starter_code/install/comp3431_starter/lib/comp3431_starter/wallFollower
[2.490s] Invoked command in '/home/rsa2021/comp3431-team-neo/starter_code/build/comp3431_starter' returned '0': CMAKE_PREFIX_PATH=${CMAKE_PREFIX_PATH}:/opt/ros/foxy /usr/bin/cmake --install /home/rsa2021/comp3431-team-neo/starter_code/build/comp3431_starter
