[0.840s] DEBUG:colcon:Command line arguments: ['/usr/bin/colcon', 'build', '--packages-select', 'point_pubsub']
[0.841s] DEBUG:colcon:Parsed command line arguments: Namespace(ament_cmake_args=None, base_paths=['.'], build_base='build', catkin_cmake_args=None, catkin_skip_building_tests=False, cmake_args=None, cmake_clean_cache=False, cmake_clean_first=False, cmake_force_configure=False, cmake_target=None, cmake_target_skip_unavailable=False, continue_on_error=False, event_handlers=None, executor='parallel', ignore_user_meta=False, install_base='install', log_base=None, log_level=None, main=<bound method BuildVerb.main of <colcon_core.verb.build.BuildVerb object at 0x7ff806709c40>>, merge_install=False, metas=['./colcon.meta'], packages_above=None, packages_above_and_dependencies=None, packages_above_depth=None, packages_end=None, packages_ignore=None, packages_ignore_regex=None, packages_select=['point_pubsub'], packages_select_build_failed=False, packages_select_by_dep=None, packages_select_regex=None, packages_select_test_failures=False, packages_skip=None, packages_skip_build_finished=False, packages_skip_by_dep=None, packages_skip_regex=None, packages_skip_test_passed=False, packages_skip_up_to=None, packages_start=None, packages_up_to=None, packages_up_to_regex=None, parallel_workers=3, paths=None, symlink_install=False, test_result_base=None, verb_extension=<colcon_core.verb.build.BuildVerb object at 0x7ff806709c40>, verb_name='build', verb_parser=<colcon_defaults.argument_parser.defaults.DefaultArgumentsDecorator object at 0x7ff8067171f0>)
[0.853s] Level 1:colcon.colcon_core.package_discovery:discover_packages(colcon_meta) check parameters
[0.853s] Level 1:colcon.colcon_core.package_discovery:discover_packages(recursive) check parameters
[0.853s] Level 1:colcon.colcon_core.package_discovery:discover_packages(ignore) check parameters
[0.853s] Level 1:colcon.colcon_core.package_discovery:discover_packages(path) check parameters
[0.853s] Level 1:colcon.colcon_core.package_discovery:discover_packages(colcon_meta) discover
[0.853s] Level 1:colcon.colcon_core.package_discovery:discover_packages(recursive) discover
[0.853s] INFO:colcon.colcon_core.package_discovery:Crawling recursively for packages in '/home/rsa2021/comp3431-team-neo/starter_code'
[0.854s] Level 1:colcon.colcon_core.package_identification:_identify(.) by extensions ['ignore', 'ignore_ament_install']
[0.854s] Level 1:colcon.colcon_core.package_identification:_identify(.) by extension 'ignore'
[0.854s] Level 1:colcon.colcon_core.package_identification:_identify(.) by extension 'ignore_ament_install'
[0.854s] Level 1:colcon.colcon_core.package_identification:_identify(.) by extensions ['colcon_pkg']
[0.854s] Level 1:colcon.colcon_core.package_identification:_identify(.) by extension 'colcon_pkg'
[0.854s] Level 1:colcon.colcon_core.package_identification:_identify(.) by extensions ['colcon_meta']
[0.854s] Level 1:colcon.colcon_core.package_identification:_identify(.) by extension 'colcon_meta'
[0.854s] Level 1:colcon.colcon_core.package_identification:_identify(.) by extensions ['ros']
[0.854s] Level 1:colcon.colcon_core.package_identification:_identify(.) by extension 'ros'
[0.986s] Level 1:colcon.colcon_core.package_identification:_identify(.) by extensions ['cmake', 'python']
[0.986s] Level 1:colcon.colcon_core.package_identification:_identify(.) by extension 'cmake'
[0.986s] Level 1:colcon.colcon_core.package_identification:_identify(.) by extension 'python'
[0.987s] Level 1:colcon.colcon_core.package_identification:_identify(.) by extensions ['python_setup_py']
[0.987s] Level 1:colcon.colcon_core.package_identification:_identify(.) by extension 'python_setup_py'
[0.987s] Level 1:colcon.colcon_core.package_identification:_identify(build) by extensions ['ignore', 'ignore_ament_install']
[0.987s] Level 1:colcon.colcon_core.package_identification:_identify(build) by extension 'ignore'
[0.987s] Level 1:colcon.colcon_core.package_identification:_identify(build) ignored
[0.988s] Level 1:colcon.colcon_core.package_identification:_identify(install) by extensions ['ignore', 'ignore_ament_install']
[0.989s] Level 1:colcon.colcon_core.package_identification:_identify(install) by extension 'ignore'
[0.989s] Level 1:colcon.colcon_core.package_identification:_identify(install) ignored
[0.990s] Level 1:colcon.colcon_core.package_identification:_identify(log) by extensions ['ignore', 'ignore_ament_install']
[0.990s] Level 1:colcon.colcon_core.package_identification:_identify(log) by extension 'ignore'
[0.990s] Level 1:colcon.colcon_core.package_identification:_identify(log) ignored
[0.990s] Level 1:colcon.colcon_core.package_identification:_identify(src) by extensions ['ignore', 'ignore_ament_install']
[0.991s] Level 1:colcon.colcon_core.package_identification:_identify(src) by extension 'ignore'
[0.991s] Level 1:colcon.colcon_core.package_identification:_identify(src) by extension 'ignore_ament_install'
[0.991s] Level 1:colcon.colcon_core.package_identification:_identify(src) by extensions ['colcon_pkg']
[0.991s] Level 1:colcon.colcon_core.package_identification:_identify(src) by extension 'colcon_pkg'
[0.991s] Level 1:colcon.colcon_core.package_identification:_identify(src) by extensions ['colcon_meta']
[0.991s] Level 1:colcon.colcon_core.package_identification:_identify(src) by extension 'colcon_meta'
[0.991s] Level 1:colcon.colcon_core.package_identification:_identify(src) by extensions ['ros']
[0.992s] Level 1:colcon.colcon_core.package_identification:_identify(src) by extension 'ros'
[0.992s] Level 1:colcon.colcon_core.package_identification:_identify(src) by extensions ['cmake', 'python']
[0.992s] Level 1:colcon.colcon_core.package_identification:_identify(src) by extension 'cmake'
[0.992s] Level 1:colcon.colcon_core.package_identification:_identify(src) by extension 'python'
[0.992s] Level 1:colcon.colcon_core.package_identification:_identify(src) by extensions ['python_setup_py']
[0.992s] Level 1:colcon.colcon_core.package_identification:_identify(src) by extension 'python_setup_py'
[0.993s] Level 1:colcon.colcon_core.package_identification:_identify(src/comp3431-rsa) by extensions ['ignore', 'ignore_ament_install']
[0.993s] Level 1:colcon.colcon_core.package_identification:_identify(src/comp3431-rsa) by extension 'ignore'
[0.993s] Level 1:colcon.colcon_core.package_identification:_identify(src/comp3431-rsa) by extension 'ignore_ament_install'
[0.993s] Level 1:colcon.colcon_core.package_identification:_identify(src/comp3431-rsa) by extensions ['colcon_pkg']
[0.994s] Level 1:colcon.colcon_core.package_identification:_identify(src/comp3431-rsa) by extension 'colcon_pkg'
[0.994s] Level 1:colcon.colcon_core.package_identification:_identify(src/comp3431-rsa) by extensions ['colcon_meta']
[0.994s] Level 1:colcon.colcon_core.package_identification:_identify(src/comp3431-rsa) by extension 'colcon_meta'
[0.994s] Level 1:colcon.colcon_core.package_identification:_identify(src/comp3431-rsa) by extensions ['ros']
[0.994s] Level 1:colcon.colcon_core.package_identification:_identify(src/comp3431-rsa) by extension 'ros'
[0.996s] Level 1:colcon.colcon_core.package_identification:_identify(src/comp3431-rsa) by extensions ['cmake', 'python']
[0.996s] Level 1:colcon.colcon_core.package_identification:_identify(src/comp3431-rsa) by extension 'cmake'
[0.997s] Level 1:colcon.colcon_core.package_identification:_identify(src/comp3431-rsa) by extension 'python'
[0.997s] Level 1:colcon.colcon_core.package_identification:_identify(src/comp3431-rsa) by extensions ['python_setup_py']
[0.997s] Level 1:colcon.colcon_core.package_identification:_identify(src/comp3431-rsa) by extension 'python_setup_py'
[0.998s] Level 1:colcon.colcon_core.package_identification:_identify(src/comp3431-rsa/comp3431_starter) by extensions ['ignore', 'ignore_ament_install']
[0.998s] Level 1:colcon.colcon_core.package_identification:_identify(src/comp3431-rsa/comp3431_starter) by extension 'ignore'
[0.998s] Level 1:colcon.colcon_core.package_identification:_identify(src/comp3431-rsa/comp3431_starter) by extension 'ignore_ament_install'
[0.999s] Level 1:colcon.colcon_core.package_identification:_identify(src/comp3431-rsa/comp3431_starter) by extensions ['colcon_pkg']
[0.999s] Level 1:colcon.colcon_core.package_identification:_identify(src/comp3431-rsa/comp3431_starter) by extension 'colcon_pkg'
[0.999s] Level 1:colcon.colcon_core.package_identification:_identify(src/comp3431-rsa/comp3431_starter) by extensions ['colcon_meta']
[0.999s] Level 1:colcon.colcon_core.package_identification:_identify(src/comp3431-rsa/comp3431_starter) by extension 'colcon_meta'
[0.999s] Level 1:colcon.colcon_core.package_identification:_identify(src/comp3431-rsa/comp3431_starter) by extensions ['ros']
[0.999s] Level 1:colcon.colcon_core.package_identification:_identify(src/comp3431-rsa/comp3431_starter) by extension 'ros'
[1.017s] DEBUG:colcon.colcon_core.package_identification:Package 'src/comp3431-rsa/comp3431_starter' with type 'ros.ament_cmake' and name 'comp3431_starter'
[1.020s] Level 1:colcon.colcon_core.package_identification:_identify(src/comp3431-rsa/point_pubsub) by extensions ['ignore', 'ignore_ament_install']
[1.020s] Level 1:colcon.colcon_core.package_identification:_identify(src/comp3431-rsa/point_pubsub) by extension 'ignore'
[1.020s] Level 1:colcon.colcon_core.package_identification:_identify(src/comp3431-rsa/point_pubsub) by extension 'ignore_ament_install'
[1.021s] Level 1:colcon.colcon_core.package_identification:_identify(src/comp3431-rsa/point_pubsub) by extensions ['colcon_pkg']
[1.021s] Level 1:colcon.colcon_core.package_identification:_identify(src/comp3431-rsa/point_pubsub) by extension 'colcon_pkg'
[1.021s] Level 1:colcon.colcon_core.package_identification:_identify(src/comp3431-rsa/point_pubsub) by extensions ['colcon_meta']
[1.021s] Level 1:colcon.colcon_core.package_identification:_identify(src/comp3431-rsa/point_pubsub) by extension 'colcon_meta'
[1.021s] Level 1:colcon.colcon_core.package_identification:_identify(src/comp3431-rsa/point_pubsub) by extensions ['ros']
[1.021s] Level 1:colcon.colcon_core.package_identification:_identify(src/comp3431-rsa/point_pubsub) by extension 'ros'
[1.025s] DEBUG:colcon.colcon_core.package_identification:Package 'src/comp3431-rsa/point_pubsub' with type 'ros.ament_cmake' and name 'point_pubsub'
[1.025s] Level 1:colcon.colcon_core.package_discovery:discover_packages(recursive) using defaults
[1.025s] Level 1:colcon.colcon_core.package_discovery:discover_packages(ignore) discover
[1.025s] Level 1:colcon.colcon_core.package_discovery:discover_packages(ignore) using defaults
[1.025s] Level 1:colcon.colcon_core.package_discovery:discover_packages(path) discover
[1.025s] Level 1:colcon.colcon_core.package_discovery:discover_packages(path) using defaults
[1.106s] INFO:colcon.colcon_core.package_selection:Skipping not selected package 'comp3431_starter' in 'src/comp3431-rsa/comp3431_starter'
[1.116s] Level 5:colcon.colcon_core.verb:set package 'point_pubsub' build argument 'cmake_args' from command line to 'None'
[1.116s] Level 5:colcon.colcon_core.verb:set package 'point_pubsub' build argument 'cmake_target' from command line to 'None'
[1.116s] Level 5:colcon.colcon_core.verb:set package 'point_pubsub' build argument 'cmake_target_skip_unavailable' from command line to 'False'
[1.116s] Level 5:colcon.colcon_core.verb:set package 'point_pubsub' build argument 'cmake_clean_cache' from command line to 'False'
[1.116s] Level 5:colcon.colcon_core.verb:set package 'point_pubsub' build argument 'cmake_clean_first' from command line to 'False'
[1.116s] Level 5:colcon.colcon_core.verb:set package 'point_pubsub' build argument 'cmake_force_configure' from command line to 'False'
[1.116s] Level 5:colcon.colcon_core.verb:set package 'point_pubsub' build argument 'ament_cmake_args' from command line to 'None'
[1.117s] Level 5:colcon.colcon_core.verb:set package 'point_pubsub' build argument 'catkin_cmake_args' from command line to 'None'
[1.117s] Level 5:colcon.colcon_core.verb:set package 'point_pubsub' build argument 'catkin_skip_building_tests' from command line to 'False'
[1.117s] DEBUG:colcon.colcon_core.verb:Building package 'point_pubsub' with the following arguments: {'ament_cmake_args': None, 'build_base': '/home/rsa2021/comp3431-team-neo/starter_code/build/point_pubsub', 'catkin_cmake_args': None, 'catkin_skip_building_tests': False, 'cmake_args': None, 'cmake_clean_cache': False, 'cmake_clean_first': False, 'cmake_force_configure': False, 'cmake_target': None, 'cmake_target_skip_unavailable': False, 'install_base': '/home/rsa2021/comp3431-team-neo/starter_code/install/point_pubsub', 'merge_install': False, 'path': '/home/rsa2021/comp3431-team-neo/starter_code/src/comp3431-rsa/point_pubsub', 'symlink_install': False, 'test_result_base': None}
[1.118s] INFO:colcon.colcon_core.executor:Executing jobs using 'parallel' executor
[1.125s] DEBUG:colcon.colcon_parallel_executor.executor.parallel:run_until_complete
[1.126s] INFO:colcon.colcon_ros.task.ament_cmake.build:Building ROS package in '/home/rsa2021/comp3431-team-neo/starter_code/src/comp3431-rsa/point_pubsub' with build type 'ament_cmake'
[1.126s] INFO:colcon.colcon_cmake.task.cmake.build:Building CMake package in '/home/rsa2021/comp3431-team-neo/starter_code/src/comp3431-rsa/point_pubsub'
[1.144s] INFO:colcon.colcon_core.plugin_system:Skipping extension 'colcon_core.shell.bat': Not used on non-Windows systems
[1.145s] INFO:colcon.colcon_core.shell:Skip shell extension 'powershell' for command environment: Not usable outside of PowerShell
[1.145s] DEBUG:colcon.colcon_core.shell:Skip shell extension 'dsv' for command environment
[1.151s] DEBUG:colcon.colcon_core.shell:Ignoring prefix path '/opt/ros/foxy'
[1.211s] DEBUG:colcon.colcon_core.event_handler.log_command:Invoking command in '/home/rsa2021/comp3431-team-neo/starter_code/build/point_pubsub': CMAKE_PREFIX_PATH=${CMAKE_PREFIX_PATH}:/opt/ros/foxy /usr/bin/cmake --build /home/rsa2021/comp3431-team-neo/starter_code/build/point_pubsub -- -j3 -l3
[16.754s] DEBUG:colcon.colcon_core.event_handler.log_command:Invoked command in '/home/rsa2021/comp3431-team-neo/starter_code/build/point_pubsub' returned '2': CMAKE_PREFIX_PATH=${CMAKE_PREFIX_PATH}:/opt/ros/foxy /usr/bin/cmake --build /home/rsa2021/comp3431-team-neo/starter_code/build/point_pubsub -- -j3 -l3
[16.925s] Level 1:colcon.colcon_core.environment:create_environment_scripts_only(point_pubsub)
[16.951s] Level 1:colcon.colcon_core.environment:checking '/home/rsa2021/comp3431-team-neo/starter_code/install/point_pubsub' for CMake module files
[16.965s] Level 1:colcon.colcon_core.environment:checking '/home/rsa2021/comp3431-team-neo/starter_code/install/point_pubsub' for CMake config files
[16.965s] Level 1:colcon.colcon_core.shell:create_environment_hook('point_pubsub', 'cmake_prefix_path')
[16.966s] INFO:colcon.colcon_core.shell:Creating environment hook '/home/rsa2021/comp3431-team-neo/starter_code/install/point_pubsub/share/point_pubsub/hook/cmake_prefix_path.ps1'
[16.972s] INFO:colcon.colcon_core.shell:Creating environment descriptor '/home/rsa2021/comp3431-team-neo/starter_code/install/point_pubsub/share/point_pubsub/hook/cmake_prefix_path.dsv'
[16.973s] INFO:colcon.colcon_core.shell:Creating environment hook '/home/rsa2021/comp3431-team-neo/starter_code/install/point_pubsub/share/point_pubsub/hook/cmake_prefix_path.sh'
[16.975s] Level 1:colcon.colcon_core.environment:checking '/home/rsa2021/comp3431-team-neo/starter_code/install/point_pubsub/lib'
[16.976s] Level 1:colcon.colcon_core.environment:checking '/home/rsa2021/comp3431-team-neo/starter_code/install/point_pubsub/bin'
[16.976s] Level 1:colcon.colcon_core.environment:checking '/home/rsa2021/comp3431-team-neo/starter_code/install/point_pubsub/lib/pkgconfig/point_pubsub.pc'
[16.976s] Level 1:colcon.colcon_core.environment:checking '/home/rsa2021/comp3431-team-neo/starter_code/install/point_pubsub/lib/python3.8/site-packages'
[16.978s] INFO:colcon.colcon_core.shell:Creating package script '/home/rsa2021/comp3431-team-neo/starter_code/install/point_pubsub/share/point_pubsub/package.ps1'
[16.986s] INFO:colcon.colcon_core.shell:Creating package descriptor '/home/rsa2021/comp3431-team-neo/starter_code/install/point_pubsub/share/point_pubsub/package.dsv'
[16.988s] INFO:colcon.colcon_core.shell:Creating package script '/home/rsa2021/comp3431-team-neo/starter_code/install/point_pubsub/share/point_pubsub/package.sh'
[17.002s] INFO:colcon.colcon_core.shell:Creating package script '/home/rsa2021/comp3431-team-neo/starter_code/install/point_pubsub/share/point_pubsub/package.bash'
[17.005s] INFO:colcon.colcon_core.shell:Creating package script '/home/rsa2021/comp3431-team-neo/starter_code/install/point_pubsub/share/point_pubsub/package.zsh'
[17.007s] Level 1:colcon.colcon_core.environment:create_file_with_runtime_dependencies(/home/rsa2021/comp3431-team-neo/starter_code/install/point_pubsub/share/colcon-core/packages/point_pubsub)
[17.022s] DEBUG:colcon.colcon_parallel_executor.executor.parallel:closing loop
[17.023s] DEBUG:colcon.colcon_parallel_executor.executor.parallel:loop closed
[17.023s] DEBUG:colcon.colcon_parallel_executor.executor.parallel:run_until_complete finished with '2'
[17.024s] DEBUG:colcon.colcon_core.event_reactor:joining thread
[17.053s] INFO:colcon.colcon_core.plugin_system:Skipping extension 'colcon_notification.desktop_notification.terminal_notifier': Not used on non-Darwin systems
[17.053s] INFO:colcon.colcon_core.plugin_system:Skipping extension 'colcon_notification.desktop_notification.win32': Not used on non-Windows systems
[17.053s] INFO:colcon.colcon_notification.desktop_notification:Sending desktop notification using 'notify2'
[17.128s] DEBUG:colcon.colcon_core.event_reactor:joined thread
[17.129s] INFO:colcon.colcon_core.shell:Creating prefix script '/home/rsa2021/comp3431-team-neo/starter_code/install/local_setup.ps1'
[17.131s] INFO:colcon.colcon_core.shell:Creating prefix util module '/home/rsa2021/comp3431-team-neo/starter_code/install/_local_setup_util_ps1.py'
[17.133s] INFO:colcon.colcon_core.shell:Creating prefix chain script '/home/rsa2021/comp3431-team-neo/starter_code/install/setup.ps1'
[17.142s] INFO:colcon.colcon_core.shell:Creating prefix script '/home/rsa2021/comp3431-team-neo/starter_code/install/local_setup.sh'
[17.143s] INFO:colcon.colcon_core.shell:Creating prefix util module '/home/rsa2021/comp3431-team-neo/starter_code/install/_local_setup_util_sh.py'
[17.144s] INFO:colcon.colcon_core.shell:Creating prefix chain script '/home/rsa2021/comp3431-team-neo/starter_code/install/setup.sh'
[17.158s] INFO:colcon.colcon_core.shell:Creating prefix script '/home/rsa2021/comp3431-team-neo/starter_code/install/local_setup.bash'
[17.169s] INFO:colcon.colcon_core.shell:Creating prefix chain script '/home/rsa2021/comp3431-team-neo/starter_code/install/setup.bash'
[17.176s] INFO:colcon.colcon_core.shell:Creating prefix script '/home/rsa2021/comp3431-team-neo/starter_code/install/local_setup.zsh'
[17.177s] INFO:colcon.colcon_core.shell:Creating prefix chain script '/home/rsa2021/comp3431-team-neo/starter_code/install/setup.zsh'
