[0.055s] Invoking command in '/home/rsa2021/comp3431-team-neo/starter_code/build/comp3431_starter': CMAKE_PREFIX_PATH=${CMAKE_PREFIX_PATH}:/opt/ros/foxy /usr/bin/cmake --build /home/rsa2021/comp3431-team-neo/starter_code/build/comp3431_starter -- -j3 -l3
[0.535s] [100%] Built target wallFollower
[0.574s] Invoked command in '/home/rsa2021/comp3431-team-neo/starter_code/build/comp3431_starter' returned '0': CMAKE_PREFIX_PATH=${CMAKE_PREFIX_PATH}:/opt/ros/foxy /usr/bin/cmake --build /home/rsa2021/comp3431-team-neo/starter_code/build/comp3431_starter -- -j3 -l3
[0.703s] Invoking command in '/home/rsa2021/comp3431-team-neo/starter_code/build/comp3431_starter': CMAKE_PREFIX_PATH=${CMAKE_PREFIX_PATH}:/opt/ros/foxy /usr/bin/cmake --install /home/rsa2021/comp3431-team-neo/starter_code/build/comp3431_starter
[0.744s] -- Install configuration: ""
[0.749s] -- Execute custom install script
[0.751s] -- Up-to-date symlink: /home/rsa2021/comp3431-team-neo/starter_code/install/comp3431_starter/share/ament_index/resource_index/package_run_dependencies/comp3431_starter
[0.751s] -- Up-to-date symlink: /home/rsa2021/comp3431-team-neo/starter_code/install/comp3431_starter/share/ament_index/resource_index/parent_prefix_path/comp3431_starter
[0.752s] -- Up-to-date symlink: /home/rsa2021/comp3431-team-neo/starter_code/install/comp3431_starter/share/comp3431_starter/environment/ament_prefix_path.sh
[0.753s] -- Up-to-date symlink: /home/rsa2021/comp3431-team-neo/starter_code/install/comp3431_starter/share/comp3431_starter/environment/ament_prefix_path.dsv
[0.754s] -- Up-to-date symlink: /home/rsa2021/comp3431-team-neo/starter_code/install/comp3431_starter/share/comp3431_starter/environment/path.sh
[0.754s] -- Up-to-date symlink: /home/rsa2021/comp3431-team-neo/starter_code/install/comp3431_starter/share/comp3431_starter/environment/path.dsv
[0.755s] -- Up-to-date symlink: /home/rsa2021/comp3431-team-neo/starter_code/install/comp3431_starter/share/comp3431_starter/local_setup.bash
[0.755s] -- Up-to-date symlink: /home/rsa2021/comp3431-team-neo/starter_code/install/comp3431_starter/share/comp3431_starter/local_setup.sh
[0.756s] -- Up-to-date symlink: /home/rsa2021/comp3431-team-neo/starter_code/install/comp3431_starter/share/comp3431_starter/local_setup.zsh
[0.757s] -- Up-to-date symlink: /home/rsa2021/comp3431-team-neo/starter_code/install/comp3431_starter/share/comp3431_starter/local_setup.dsv
[0.758s] -- Symlinking: /home/rsa2021/comp3431-team-neo/starter_code/install/comp3431_starter/share/comp3431_starter/package.dsv
[0.788s] -- Up-to-date symlink: /home/rsa2021/comp3431-team-neo/starter_code/install/comp3431_starter/share/ament_index/resource_index/packages/comp3431_starter
[0.789s] -- Up-to-date symlink: /home/rsa2021/comp3431-team-neo/starter_code/install/comp3431_starter/share/comp3431_starter/cmake/comp3431_starterConfig.cmake
[0.789s] -- Up-to-date symlink: /home/rsa2021/comp3431-team-neo/starter_code/install/comp3431_starter/share/comp3431_starter/cmake/comp3431_starterConfig-version.cmake
[0.790s] -- Up-to-date symlink: /home/rsa2021/comp3431-team-neo/starter_code/install/comp3431_starter/share/comp3431_starter/package.xml
[0.791s] -- Up-to-date symlink: /home/rsa2021/comp3431-team-neo/starter_code/install/comp3431_starter/lib/comp3431_starter/wallFollower
[0.800s] Invoked command in '/home/rsa2021/comp3431-team-neo/starter_code/build/comp3431_starter' returned '0': CMAKE_PREFIX_PATH=${CMAKE_PREFIX_PATH}:/opt/ros/foxy /usr/bin/cmake --install /home/rsa2021/comp3431-team-neo/starter_code/build/comp3431_starter
