[0.371s] Invoking command in '/home/rsa2021/comp3431-team-neo/starter_code/build/point_pubsub': CMAKE_PREFIX_PATH=${CMAKE_PREFIX_PATH}:/opt/ros/foxy /usr/bin/cmake --build /home/rsa2021/comp3431-team-neo/starter_code/build/point_pubsub -- -j3 -l3
[1.447s] -- Found ament_cmake: 0.9.8 (/opt/ros/foxy/share/ament_cmake/cmake)
[2.029s] -- Using PYTHON_EXECUTABLE: /usr/bin/python3
[5.695s] -- Found rclcpp: 2.3.1 (/opt/ros/foxy/share/rclcpp/cmake)
[5.984s] -- Using all available rosidl_typesupport_c: rosidl_typesupport_fastrtps_c;rosidl_typesupport_introspection_c
[6.001s] -- Found rosidl_adapter: 1.2.1 (/opt/ros/foxy/share/rosidl_adapter/cmake)
[6.789s] -- Using all available rosidl_typesupport_cpp: rosidl_typesupport_fastrtps_cpp;rosidl_typesupport_introspection_cpp
[7.319s] -- Found rmw_implementation_cmake: 1.0.3 (/opt/ros/foxy/share/rmw_implementation_cmake/cmake)
[7.351s] -- Using RMW implementation 'rmw_fastrtps_cpp' as default
[8.724s] -- Found visualization_msgs: 2.0.4 (/opt/ros/foxy/share/visualization_msgs/cmake)
[10.072s] -- Found tf2_ros: 0.13.10 (/opt/ros/foxy/share/tf2_ros/cmake)
[12.828s] -- Found ament_lint_auto: 0.9.6 (/opt/ros/foxy/share/ament_lint_auto/cmake)
[14.398s] -- Added test 'copyright' to check source files copyright and LICENSE
[14.418s] -- Added test 'cppcheck' to perform static code analysis on C / C++ code
[14.418s] -- Configured cppcheck include dirs: 
[14.418s] -- Configured cppcheck exclude dirs and/or files: 
[14.432s] -- Added test 'cpplint' to check C / C++ code against the Google style
[14.432s] -- Configured cpplint exclude dirs and/or files: 
[14.438s] -- Added test 'lint_cmake' to check CMake code style
[14.445s] -- Added test 'uncrustify' to check C / C++ code style
[14.445s] -- Configured uncrustify additional arguments: 
[14.446s] -- Added test 'xmllint' to check XML markup files
[14.492s] -- Configuring done
[14.841s] -- Generating done
[14.949s] -- Build files have been written to: /home/rsa2021/comp3431-team-neo/starter_code/build/point_pubsub
[15.271s] [35m[1mScanning dependencies of target point_tf[0m
[15.581s] [ 50%] [32mBuilding CXX object CMakeFiles/point_tf.dir/src/publisher_member_function.cpp.o[0m
[96.476s] [100%] [32m[1mLinking CXX executable point_tf[0m
[99.744s] [100%] Built target point_tf
[100.336s] Invoked command in '/home/rsa2021/comp3431-team-neo/starter_code/build/point_pubsub' returned '0': CMAKE_PREFIX_PATH=${CMAKE_PREFIX_PATH}:/opt/ros/foxy /usr/bin/cmake --build /home/rsa2021/comp3431-team-neo/starter_code/build/point_pubsub -- -j3 -l3
[101.255s] Invoking command in '/home/rsa2021/comp3431-team-neo/starter_code/build/point_pubsub': CMAKE_PREFIX_PATH=${CMAKE_PREFIX_PATH}:/opt/ros/foxy /usr/bin/cmake --install /home/rsa2021/comp3431-team-neo/starter_code/build/point_pubsub
[101.363s] -- Install configuration: ""
[101.383s] -- Installing: /home/rsa2021/comp3431-team-neo/starter_code/install/point_pubsub/lib/point_pubsub/point_tf
[101.419s] -- Set runtime path of "/home/rsa2021/comp3431-team-neo/starter_code/install/point_pubsub/lib/point_pubsub/point_tf" to ""
[101.440s] -- Installing: /home/rsa2021/comp3431-team-neo/starter_code/install/point_pubsub/share/ament_index/resource_index/package_run_dependencies/point_pubsub
[101.441s] -- Installing: /home/rsa2021/comp3431-team-neo/starter_code/install/point_pubsub/share/ament_index/resource_index/parent_prefix_path/point_pubsub
[101.449s] -- Installing: /home/rsa2021/comp3431-team-neo/starter_code/install/point_pubsub/share/point_pubsub/environment/ament_prefix_path.sh
[101.454s] -- Installing: /home/rsa2021/comp3431-team-neo/starter_code/install/point_pubsub/share/point_pubsub/environment/ament_prefix_path.dsv
[101.454s] -- Installing: /home/rsa2021/comp3431-team-neo/starter_code/install/point_pubsub/share/point_pubsub/environment/path.sh
[101.455s] -- Installing: /home/rsa2021/comp3431-team-neo/starter_code/install/point_pubsub/share/point_pubsub/environment/path.dsv
[101.466s] -- Installing: /home/rsa2021/comp3431-team-neo/starter_code/install/point_pubsub/share/point_pubsub/local_setup.bash
[101.466s] -- Installing: /home/rsa2021/comp3431-team-neo/starter_code/install/point_pubsub/share/point_pubsub/local_setup.sh
[101.470s] -- Installing: /home/rsa2021/comp3431-team-neo/starter_code/install/point_pubsub/share/point_pubsub/local_setup.zsh
[101.474s] -- Installing: /home/rsa2021/comp3431-team-neo/starter_code/install/point_pubsub/share/point_pubsub/local_setup.dsv
[101.475s] -- Installing: /home/rsa2021/comp3431-team-neo/starter_code/install/point_pubsub/share/point_pubsub/package.dsv
[101.486s] -- Installing: /home/rsa2021/comp3431-team-neo/starter_code/install/point_pubsub/share/ament_index/resource_index/packages/point_pubsub
[101.495s] -- Installing: /home/rsa2021/comp3431-team-neo/starter_code/install/point_pubsub/share/point_pubsub/cmake/point_pubsubConfig.cmake
[101.497s] -- Installing: /home/rsa2021/comp3431-team-neo/starter_code/install/point_pubsub/share/point_pubsub/cmake/point_pubsubConfig-version.cmake
[101.508s] -- Up-to-date: /home/rsa2021/comp3431-team-neo/starter_code/install/point_pubsub/share/point_pubsub/package.xml
[101.538s] Invoked command in '/home/rsa2021/comp3431-team-neo/starter_code/build/point_pubsub' returned '0': CMAKE_PREFIX_PATH=${CMAKE_PREFIX_PATH}:/opt/ros/foxy /usr/bin/cmake --install /home/rsa2021/comp3431-team-neo/starter_code/build/point_pubsub
